<?xml version="1.0" encoding="utf-8"?>
<TestRun id="36ea1fb5-bede-4dba-adc7-0d6596cd9012" name="brunocapuano@CPC-bruno-U7R9O 2026-04-14 11:56:07" runUser="NORTHAMERICA\brunocapuano" xmlns="http://microsoft.com/schemas/VisualStudio/TeamTest/2010">
  <Times creation="2026-04-14T11:56:07.2255075-04:00" queuing="2026-04-14T11:56:07.2255080-04:00" start="2026-04-14T11:55:52.7299129-04:00" finish="2026-04-14T12:00:53.1794260-04:00" />
  <TestSettings name="default" id="e4dda821-3f31-4b2c-b9b7-887458aca137">
    <Deployment runDeploymentRoot="brunocapuano_CPC-bruno-U7R9O_2026-04-14_11_56_07" />
  </TestSettings>
  <Results>
    <UnitTestResult executionId="9ed2729b-ae9f-4b4f-b928-8e86e9ddcb1e" testId="bd2ca6ba-df6f-12dd-067e-274cc39b68b5" testName="OpenClawNet.PlaywrightTests.AspireDashboardTests.WebUI_AfterChatInteraction_SessionsListUpdates" computerName="CPC-bruno-U7R9O" duration="00:00:00.6344086" startTime="2026-04-14T12:00:37.9555254-04:00" endTime="2026-04-14T12:00:38.6537987-04:00" testType="13cdc9d9-ddb5-4fa4-a97d-d965ccfc6d4b" outcome="Passed" testListId="8c84fa94-04c1-424b-9868-57a2d4851a1d" relativeResultsDirectory="9ed2729b-ae9f-4b4f-b928-8e86e9ddcb1e" />
    <UnitTestResult executionId="e383dc27-0324-4d18-bcdd-1365b8f20d4a" testId="3381394f-cf42-6c32-0b71-7c8182b3a909" testName="OpenClawNet.PlaywrightTests.BlazorNavigationTests.NavigateTo_Page_RendersWithoutError(path: &quot;/tools&quot;, expectedTitleFragment: &quot;Tools&quot;)" computerName="CPC-bruno-U7R9O" duration="00:00:00.6164867" startTime="2026-04-14T12:00:29.6443774-04:00" endTime="2026-04-14T12:00:30.3220523-04:00" testType="13cdc9d9-ddb5-4fa4-a97d-d965ccfc6d4b" outcome="Passed" testListId="8c84fa94-04c1-424b-9868-57a2d4851a1d" relativeResultsDirectory="e383dc27-0324-4d18-bcdd-1365b8f20d4a" />
    <UnitTestResult executionId="97b81718-d6c5-4c7a-9c07-d8b930d81090" testId="6461d291-bbc4-cef1-4fe2-7d3f9fb9f6bd" testName="OpenClawNet.PlaywrightTests.GatewayApiTests.Webhooks_GetList_ReturnsWebhookSessions" computerName="CPC-bruno-U7R9O" duration="00:00:26.9098362" startTime="2026-04-14T11:59:16.6970877-04:00" endTime="2026-04-14T11:59:43.6074442-04:00" testType="13cdc9d9-ddb5-4fa4-a97d-d965ccfc6d4b" outcome="Passed" testListId="8c84fa94-04c1-424b-9868-57a2d4851a1d" relativeResultsDirectory="97b81718-d6c5-4c7a-9c07-d8b930d81090" />
    <UnitTestResult executionId="a269225c-a60b-413f-b305-08636b74f354" testId="18de8cab-fe8f-8dc4-0e54-06deb643ca13" testName="OpenClawNet.PlaywrightTests.GatewayApiTests.Chat_FileQuestion_TriggersToolUse" computerName="CPC-bruno-U7R9O" duration="00:01:13.3152695" startTime="2026-04-14T11:57:25.2543661-04:00" endTime="2026-04-14T11:58:38.5695630-04:00" testType="13cdc9d9-ddb5-4fa4-a97d-d965ccfc6d4b" outcome="Passed" testListId="8c84fa94-04c1-424b-9868-57a2d4851a1d" relativeResultsDirectory="a269225c-a60b-413f-b305-08636b74f354" />
    <UnitTestResult executionId="62c1ce81-f6aa-4e1c-89e8-c6307316a74c" testId="5abd0a46-0b71-abfd-7f2c-6c86a08e3cae" testName="OpenClawNet.PlaywrightTests.GatewayApiTests.Health_GetEndpoint_ReturnsHealthy" computerName="CPC-bruno-U7R9O" duration="00:00:00.0134960" startTime="2026-04-14T11:59:16.6833047-04:00" endTime="2026-04-14T11:59:16.6968703-04:00" testType="13cdc9d9-ddb5-4fa4-a97d-d965ccfc6d4b" outcome="Passed" testListId="8c84fa94-04c1-424b-9868-57a2d4851a1d" relativeResultsDirectory="62c1ce81-f6aa-4e1c-89e8-c6307316a74c" />
    <UnitTestResult executionId="0d4e3572-c995-4c82-95bd-632a0afa2a1b" testId="dd53ce44-0998-f0de-e1e5-9191f55117da" testName="OpenClawNet.PlaywrightTests.GatewayApiTests.SignalR_ChatHub_EndpointIsReachable" computerName="CPC-bruno-U7R9O" duration="00:00:00.0176430" startTime="2026-04-14T11:57:25.0004480-04:00" endTime="2026-04-14T11:57:25.0187409-04:00" testType="13cdc9d9-ddb5-4fa4-a97d-d965ccfc6d4b" outcome="Passed" testListId="8c84fa94-04c1-424b-9868-57a2d4851a1d" relativeResultsDirectory="0d4e3572-c995-4c82-95bd-632a0afa2a1b" />
    <UnitTestResult executionId="821335ba-11b9-496b-919f-9657807ea26f" testId="f517f8b3-d991-6397-85df-ba4fa58e29c1" testName="OpenClawNet.PlaywrightTests.SettingsAndSkillsTests.SkillsPage_Loads_ShowsSkillsList" computerName="CPC-bruno-U7R9O" duration="00:00:00.6701675" startTime="2026-04-14T11:56:07.2060125-04:00" endTime="2026-04-14T11:56:07.9412625-04:00" testType="13cdc9d9-ddb5-4fa4-a97d-d965ccfc6d4b" outcome="Passed" testListId="8c84fa94-04c1-424b-9868-57a2d4851a1d" relativeResultsDirectory="821335ba-11b9-496b-919f-9657807ea26f" />
    <UnitTestResult executionId="2bdc4382-e2cd-480e-aa22-7737cc70b638" testId="08fdb781-0419-301e-94d1-9c4e4539d3c5" testName="OpenClawNet.PlaywrightTests.BlazorNavigationTests.WebApp_AllNavMenuItems_AreVisible" computerName="CPC-bruno-U7R9O" duration="00:00:00.6616462" startTime="2026-04-14T12:00:28.9228648-04:00" endTime="2026-04-14T12:00:29.6442027-04:00" testType="13cdc9d9-ddb5-4fa4-a97d-d965ccfc6d4b" outcome="Passed" testListId="8c84fa94-04c1-424b-9868-57a2d4851a1d" relativeResultsDirectory="2bdc4382-e2cd-480e-aa22-7737cc70b638" />
    <UnitTestResult executionId="2370b104-e6e5-4346-b7a5-dec97431041b" testId="f0ea856f-95b7-63a5-4f61-36b3f1d89c00" testName="OpenClawNet.PlaywrightTests.GatewayOnlyDemoTests.Gateway_HealthEndpoint_ReturnsDetailedStatus" computerName="CPC-bruno-U7R9O" duration="00:00:00.0106914" startTime="2026-04-14T11:56:09.5537286-04:00" endTime="2026-04-14T11:56:09.5652708-04:00" testType="13cdc9d9-ddb5-4fa4-a97d-d965ccfc6d4b" outcome="Passed" testListId="8c84fa94-04c1-424b-9868-57a2d4851a1d" relativeResultsDirectory="2370b104-e6e5-4346-b7a5-dec97431041b" />
    <UnitTestResult executionId="98c259fe-2ef7-429e-9e6b-a4490757205f" testId="c0efca36-ae7b-32a1-2ee4-021fff69c239" testName="OpenClawNet.PlaywrightTests.BlazorNavigationTests.ClickNavLink_NavigatesToCorrectPage(menuLabel: &quot;Jobs&quot;, expectedPath: &quot;/jobs&quot;)" computerName="CPC-bruno-U7R9O" duration="00:00:00.7126682" startTime="2026-04-14T12:00:23.5102115-04:00" endTime="2026-04-14T12:00:24.3206723-04:00" testType="13cdc9d9-ddb5-4fa4-a97d-d965ccfc6d4b" outcome="Passed" testListId="8c84fa94-04c1-424b-9868-57a2d4851a1d" relativeResultsDirectory="98c259fe-2ef7-429e-9e6b-a4490757205f" />
    <UnitTestResult executionId="8dad484e-f148-4447-905d-69055efc2584" testId="b8d48ff9-e9d7-780b-7a94-7985006fdabc" testName="OpenClawNet.PlaywrightTests.GatewayApiTests.OpenApi_GetSpec_ReturnsValidJson" computerName="CPC-bruno-U7R9O" duration="00:00:00.1226265" startTime="2026-04-14T11:57:25.0189234-04:00" endTime="2026-04-14T11:57:25.1422897-04:00" testType="13cdc9d9-ddb5-4fa4-a97d-d965ccfc6d4b" outcome="Passed" testListId="8c84fa94-04c1-424b-9868-57a2d4851a1d" relativeResultsDirectory="8dad484e-f148-4447-905d-69055efc2584" />
    <UnitTestResult executionId="f49977ad-4e52-4bbf-a537-a97665bea073" testId="18943b24-1d0e-6702-3b50-f5399419b99c" testName="OpenClawNet.PlaywrightTests.GatewayApiTests.Webhooks_GitPushPayload_CreatesSession" computerName="CPC-bruno-U7R9O" duration="00:00:08.8442176" startTime="2026-04-14T11:57:16.1319295-04:00" endTime="2026-04-14T11:57:24.9786940-04:00" testType="13cdc9d9-ddb5-4fa4-a97d-d965ccfc6d4b" outcome="Passed" testListId="8c84fa94-04c1-424b-9868-57a2d4851a1d" relativeResultsDirectory="f49977ad-4e52-4bbf-a537-a97665bea073" />
    <UnitTestResult executionId="d70aec05-8384-4887-ac5a-d0337c829a51" testId="cc2ae56d-a1c9-7f77-345e-3fb5f1f4a3ea" testName="OpenClawNet.PlaywrightTests.SettingsAndSkillsTests.SettingsPage_Loads_ShowsProviderSelector" computerName="CPC-bruno-U7R9O" duration="00:00:00.6621127" startTime="2026-04-14T11:56:08.0461183-04:00" endTime="2026-04-14T11:56:08.7856241-04:00" testType="13cdc9d9-ddb5-4fa4-a97d-d965ccfc6d4b" outcome="Passed" testListId="8c84fa94-04c1-424b-9868-57a2d4851a1d" relativeResultsDirectory="d70aec05-8384-4887-ac5a-d0337c829a51" />
    <UnitTestResult executionId="09e74cd6-577d-4fd9-bcae-9c580527f65e" testId="9be6035a-4a0f-d661-e4ae-2d34b0c4edca" testName="OpenClawNet.PlaywrightTests.BlazorNavigationTests.WebApp_HomePage_LoadsSuccessfully" computerName="CPC-bruno-U7R9O" duration="00:00:00.6377513" startTime="2026-04-14T12:00:37.2570268-04:00" endTime="2026-04-14T12:00:37.9552183-04:00" testType="13cdc9d9-ddb5-4fa4-a97d-d965ccfc6d4b" outcome="Passed" testListId="8c84fa94-04c1-424b-9868-57a2d4851a1d" relativeResultsDirectory="09e74cd6-577d-4fd9-bcae-9c580527f65e" />
    <UnitTestResult executionId="25c3b0f3-0ca6-42a3-8288-7e148819e011" testId="6307dc3a-2942-b10a-68a3-48ed8f19ae43" testName="OpenClawNet.PlaywrightTests.GatewayOnlyDemoTests.Gateway_ParallelSessions_AreIsolated" computerName="CPC-bruno-U7R9O" duration="00:00:44.9486431" startTime="2026-04-14T11:56:09.5655271-04:00" endTime="2026-04-14T11:56:54.5145920-04:00" testType="13cdc9d9-ddb5-4fa4-a97d-d965ccfc6d4b" outcome="Passed" testListId="8c84fa94-04c1-424b-9868-57a2d4851a1d" relativeResultsDirectory="25c3b0f3-0ca6-42a3-8288-7e148819e011" />
    <UnitTestResult executionId="667341c9-4ea2-41e5-8459-c4cdaf9b042d" testId="b3c8c01e-cc78-cd14-6d63-2b9c38eabaa8" testName="OpenClawNet.PlaywrightTests.BlazorNavigationTests.NavigateTo_Page_RendersWithoutError(path: &quot;/skills&quot;, expectedTitleFragment: &quot;Skills&quot;)" computerName="CPC-bruno-U7R9O" duration="00:00:00.6364262" startTime="2026-04-14T12:00:30.9915368-04:00" endTime="2026-04-14T12:00:31.6913837-04:00" testType="13cdc9d9-ddb5-4fa4-a97d-d965ccfc6d4b" outcome="Passed" testListId="8c84fa94-04c1-424b-9868-57a2d4851a1d" relativeResultsDirectory="667341c9-4ea2-41e5-8459-c4cdaf9b042d" />
    <UnitTestResult executionId="5436a4ca-5fa0-4d31-980f-dc2a10d8a7e6" testId="9f767c9e-5205-cd5a-1c1e-b21843843ab8" testName="OpenClawNet.PlaywrightTests.BlazorNavigationTests.NavigateTo_Page_RendersWithoutError(path: &quot;/jobs&quot;, expectedTitleFragment: &quot;Jobs&quot;)" computerName="CPC-bruno-U7R9O" duration="00:00:00.6068702" startTime="2026-04-14T12:00:35.1878783-04:00" endTime="2026-04-14T12:00:35.8550777-04:00" testType="13cdc9d9-ddb5-4fa4-a97d-d965ccfc6d4b" outcome="Passed" testListId="8c84fa94-04c1-424b-9868-57a2d4851a1d" relativeResultsDirectory="5436a4ca-5fa0-4d31-980f-dc2a10d8a7e6" />
    <UnitTestResult executionId="539597e7-d601-48d3-ba84-f13d979454d8" testId="6e9c8c1b-96d9-bff2-efa5-e078635ad8ce" testName="OpenClawNet.PlaywrightTests.BlazorNavigationTests.ClickNavLink_NavigatesToCorrectPage(menuLabel: &quot;Skills&quot;, expectedPath: &quot;/skills&quot;)" computerName="CPC-bruno-U7R9O" duration="00:00:00.8216429" startTime="2026-04-14T12:00:22.6040185-04:00" endTime="2026-04-14T12:00:23.5099490-04:00" testType="13cdc9d9-ddb5-4fa4-a97d-d965ccfc6d4b" outcome="Passed" testListId="8c84fa94-04c1-424b-9868-57a2d4851a1d" relativeResultsDirectory="539597e7-d601-48d3-ba84-f13d979454d8" />
    <UnitTestResult executionId="7db8024d-cea1-4a33-a974-f960dc83176e" testId="01280ded-0a55-f688-3bc1-cc56c144678f" testName="OpenClawNet.PlaywrightTests.ChatFlowTests.Chat_NewChatAndSendMessage_ShowsStreamingResponse" computerName="CPC-bruno-U7R9O" duration="00:00:02.0300978" startTime="2026-04-14T12:00:19.7522582-04:00" endTime="2026-04-14T12:00:21.8665909-04:00" testType="13cdc9d9-ddb5-4fa4-a97d-d965ccfc6d4b" outcome="Passed" testListId="8c84fa94-04c1-424b-9868-57a2d4851a1d" relativeResultsDirectory="7db8024d-cea1-4a33-a974-f960dc83176e" />
    <UnitTestResult executionId="56bdccee-764d-44c6-b052-4eaa8f70f782" testId="8c6f70ff-5227-be64-c665-3d493a26c6f6" testName="OpenClawNet.PlaywrightTests.SettingsAndSkillsTests.SettingsPage_GatewaySettingsApi_ReturnsCurrentSettings" computerName="CPC-bruno-U7R9O" duration="00:00:00.0190241" startTime="2026-04-14T11:56:07.9424531-04:00" endTime="2026-04-14T11:56:08.0455794-04:00" testType="13cdc9d9-ddb5-4fa4-a97d-d965ccfc6d4b" outcome="Passed" testListId="8c84fa94-04c1-424b-9868-57a2d4851a1d" relativeResultsDirectory="56bdccee-764d-44c6-b052-4eaa8f70f782" />
    <UnitTestResult executionId="863ade44-ce1e-4322-a12f-f85896b5e9b1" testId="656d65c0-1f8b-be04-2462-02c403d06a5a" testName="OpenClawNet.PlaywrightTests.BlazorNavigationTests.ClickNavLink_NavigatesToCorrectPage(menuLabel: &quot;Settings&quot;, expectedPath: &quot;/settings&quot;)" computerName="CPC-bruno-U7R9O" duration="00:00:00.7042279" startTime="2026-04-14T12:00:25.9529680-04:00" endTime="2026-04-14T12:00:26.7232982-04:00" testType="13cdc9d9-ddb5-4fa4-a97d-d965ccfc6d4b" outcome="Passed" testListId="8c84fa94-04c1-424b-9868-57a2d4851a1d" relativeResultsDirectory="863ade44-ce1e-4322-a12f-f85896b5e9b1" />
    <UnitTestResult executionId="8572f738-b72d-40f3-9db1-765cd389926a" testId="1b50bbfc-45c8-5ded-dcb0-b5edc73d614e" testName="OpenClawNet.PlaywrightTests.BlazorNavigationTests.ClickNavLink_NavigatesToCorrectPage(menuLabel: &quot;Health&quot;, expectedPath: &quot;/health&quot;)" computerName="CPC-bruno-U7R9O" duration="00:00:00.6631001" startTime="2026-04-14T12:00:28.1984253-04:00" endTime="2026-04-14T12:00:28.9226642-04:00" testType="13cdc9d9-ddb5-4fa4-a97d-d965ccfc6d4b" outcome="Passed" testListId="8c84fa94-04c1-424b-9868-57a2d4851a1d" relativeResultsDirectory="8572f738-b72d-40f3-9db1-765cd389926a" />
    <UnitTestResult executionId="63bb9e0b-9b08-40f4-80b9-d006c34328b5" testId="fde9438d-4d24-400b-cc21-5283e75b5d3e" testName="OpenClawNet.PlaywrightTests.GatewayApiTests.Sessions_CreateSession_ReturnsCreated" computerName="CPC-bruno-U7R9O" duration="00:00:00.0242955" startTime="2026-04-14T11:57:16.1101260-04:00" endTime="2026-04-14T11:57:16.1317536-04:00" testType="13cdc9d9-ddb5-4fa4-a97d-d965ccfc6d4b" outcome="Passed" testListId="8c84fa94-04c1-424b-9868-57a2d4851a1d" relativeResultsDirectory="63bb9e0b-9b08-40f4-80b9-d006c34328b5" />
    <UnitTestResult executionId="3b5bd69f-fc4b-4bb7-bf7e-d6327fc2e3ef" testId="9828de21-a8a7-f90e-655e-b817b2abc03c" testName="OpenClawNet.PlaywrightTests.GatewayApiTests.Sessions_ListSessions_ReturnsArray" computerName="CPC-bruno-U7R9O" duration="00:00:00.0276236" startTime="2026-04-14T11:59:43.6081306-04:00" endTime="2026-04-14T11:59:43.6360867-04:00" testType="13cdc9d9-ddb5-4fa4-a97d-d965ccfc6d4b" outcome="Passed" testListId="8c84fa94-04c1-424b-9868-57a2d4851a1d" relativeResultsDirectory="3b5bd69f-fc4b-4bb7-bf7e-d6327fc2e3ef" />
    <UnitTestResult executionId="af788381-d1c6-40d9-abaf-9c30bbf90f6c" testId="bc02abba-7006-e873-c02f-5054f2dfdfb9" testName="OpenClawNet.PlaywrightTests.GatewayApiTests.Sessions_GetById_ReturnsFullSession" computerName="CPC-bruno-U7R9O" duration="00:00:00.0707961" startTime="2026-04-14T11:57:25.1553504-04:00" endTime="2026-04-14T11:57:25.2269267-04:00" testType="13cdc9d9-ddb5-4fa4-a97d-d965ccfc6d4b" outcome="Passed" testListId="8c84fa94-04c1-424b-9868-57a2d4851a1d" relativeResultsDirectory="af788381-d1c6-40d9-abaf-9c30bbf90f6c" />
    <UnitTestResult executionId="3277ae43-f2f0-4fdd-b9e6-48867740bde8" testId="38a90175-22c6-cd27-09b9-6695497b09dc" testName="OpenClawNet.PlaywrightTests.GatewayApiTests.Skills_EnableDisable_TogglesState" computerName="CPC-bruno-U7R9O" duration="00:00:00.0074252" startTime="2026-04-14T11:59:43.6362531-04:00" endTime="2026-04-14T11:59:43.6442807-04:00" testType="13cdc9d9-ddb5-4fa4-a97d-d965ccfc6d4b" outcome="Passed" testListId="8c84fa94-04c1-424b-9868-57a2d4851a1d" relativeResultsDirectory="3277ae43-f2f0-4fdd-b9e6-48867740bde8" />
    <UnitTestResult executionId="7a044b50-5022-4556-a1e5-10637d430187" testId="d58b00fe-36c7-7815-7d30-bf925279aa06" testName="OpenClawNet.PlaywrightTests.BlazorNavigationTests.ClickNavLink_NavigatesToCorrectPage(menuLabel: &quot;Sessions&quot;, expectedPath: &quot;/sessions&quot;)" computerName="CPC-bruno-U7R9O" duration="00:00:00.6882852" startTime="2026-04-14T12:00:25.1612954-04:00" endTime="2026-04-14T12:00:25.9527751-04:00" testType="13cdc9d9-ddb5-4fa4-a97d-d965ccfc6d4b" outcome="Passed" testListId="8c84fa94-04c1-424b-9868-57a2d4851a1d" relativeResultsDirectory="7a044b50-5022-4556-a1e5-10637d430187" />
    <UnitTestResult executionId="f59c1572-0d6f-4bb6-8bb8-d08e71d4a071" testId="252f2a01-35e2-4e6c-4635-fcfae02c275b" testName="OpenClawNet.PlaywrightTests.BlazorNavigationTests.NavigateTo_Page_RendersWithoutError(path: &quot;/&quot;, expectedTitleFragment: &quot;Chat&quot;)" computerName="CPC-bruno-U7R9O" duration="00:00:00.6429049" startTime="2026-04-14T12:00:35.8552532-04:00" endTime="2026-04-14T12:00:36.5585492-04:00" testType="13cdc9d9-ddb5-4fa4-a97d-d965ccfc6d4b" outcome="Passed" testListId="8c84fa94-04c1-424b-9868-57a2d4851a1d" relativeResultsDirectory="f59c1572-0d6f-4bb6-8bb8-d08e71d4a071" />
    <UnitTestResult executionId="c0652e08-0c04-42d3-857f-e5c6d6723919" testId="c5aa837b-0f34-0463-b8a6-b03f4d812572" testName="OpenClawNet.PlaywrightTests.GatewayApiTests.Skills_GetList_ReturnsSkills" computerName="CPC-bruno-U7R9O" duration="00:00:00.0076881" startTime="2026-04-14T11:57:25.2271052-04:00" endTime="2026-04-14T11:57:25.2354096-04:00" testType="13cdc9d9-ddb5-4fa4-a97d-d965ccfc6d4b" outcome="Passed" testListId="8c84fa94-04c1-424b-9868-57a2d4851a1d" relativeResultsDirectory="c0652e08-0c04-42d3-857f-e5c6d6723919" />
    <UnitTestResult executionId="6779d7b2-4316-46a9-8ee6-4d0b3caf0424" testId="85ff5096-e103-1623-e366-93f8d0fc6ca2" testName="OpenClawNet.PlaywrightTests.GatewayApiTests.Tools_GetList_ReturnsRegisteredTools" computerName="CPC-bruno-U7R9O" duration="00:00:00.0202717" startTime="2026-04-14T11:57:24.9795177-04:00" endTime="2026-04-14T11:57:25.0002352-04:00" testType="13cdc9d9-ddb5-4fa4-a97d-d965ccfc6d4b" outcome="Passed" testListId="8c84fa94-04c1-424b-9868-57a2d4851a1d" relativeResultsDirectory="6779d7b2-4316-46a9-8ee6-4d0b3caf0424" />
    <UnitTestResult executionId="d4edcfef-3c78-4eb8-bb2b-21228a7f337d" testId="154eb555-3159-9ad9-b4e6-13dc674b4ce8" testName="OpenClawNet.PlaywrightTests.GatewayApiTests.Sessions_GetMessages_ReturnsHistory" computerName="CPC-bruno-U7R9O" duration="00:00:20.2045144" startTime="2026-04-14T11:58:47.7950913-04:00" endTime="2026-04-14T11:59:07.9998751-04:00" testType="13cdc9d9-ddb5-4fa4-a97d-d965ccfc6d4b" outcome="Passed" testListId="8c84fa94-04c1-424b-9868-57a2d4851a1d" relativeResultsDirectory="d4edcfef-3c78-4eb8-bb2b-21228a7f337d" />
    <UnitTestResult executionId="d91255d6-eb9c-4033-943c-8321962fd3de" testId="05850bc9-065b-3e45-3f2c-51f73f4ceaa2" testName="OpenClawNet.PlaywrightTests.BlazorNavigationTests.ClickNavLink_NavigatesToCorrectPage(menuLabel: &quot;Chat&quot;, expectedPath: &quot;/&quot;)" computerName="CPC-bruno-U7R9O" duration="00:00:00.6718604" startTime="2026-04-14T12:00:26.7234510-04:00" endTime="2026-04-14T12:00:27.4556726-04:00" testType="13cdc9d9-ddb5-4fa4-a97d-d965ccfc6d4b" outcome="Passed" testListId="8c84fa94-04c1-424b-9868-57a2d4851a1d" relativeResultsDirectory="d91255d6-eb9c-4033-943c-8321962fd3de" />
    <UnitTestResult executionId="8a01a7ad-3991-403f-be6a-25fae5480c3a" testId="d113af65-325b-050e-bc23-e2a56fd9b3f5" testName="OpenClawNet.PlaywrightTests.SettingsAndSkillsTests.SkillsPage_ShowsSkillDetails_WhenExpanded" computerName="CPC-bruno-U7R9O" duration="00:00:00.6396081" startTime="2026-04-14T11:56:08.7859325-04:00" endTime="2026-04-14T11:56:09.5001112-04:00" testType="13cdc9d9-ddb5-4fa4-a97d-d965ccfc6d4b" outcome="Passed" testListId="8c84fa94-04c1-424b-9868-57a2d4851a1d" relativeResultsDirectory="8a01a7ad-3991-403f-be6a-25fae5480c3a" />
    <UnitTestResult executionId="77950277-2f31-40c3-ac2e-399b3bb685ca" testId="266a6069-a9d0-5f8e-2b86-143f33fb400c" testName="OpenClawNet.PlaywrightTests.BlazorNavigationTests.NavigateTo_Page_RendersWithoutError(path: &quot;/settings&quot;, expectedTitleFragment: &quot;Settings&quot;)" computerName="CPC-bruno-U7R9O" duration="00:00:00.6206349" startTime="2026-04-14T12:00:31.6915289-04:00" endTime="2026-04-14T12:00:32.4695020-04:00" testType="13cdc9d9-ddb5-4fa4-a97d-d965ccfc6d4b" outcome="Passed" testListId="8c84fa94-04c1-424b-9868-57a2d4851a1d" relativeResultsDirectory="77950277-2f31-40c3-ac2e-399b3bb685ca" />
    <UnitTestResult executionId="c60e057d-fdd2-4f8a-bf58-0744e6c6a9b4" testId="75bd1c24-deb6-2652-453a-d145ca60c8d4" testName="OpenClawNet.PlaywrightTests.SettingsAndSkillsTests.SettingsPage_CanSelectDifferentProvider" computerName="CPC-bruno-U7R9O" duration="00:00:02.1862790" startTime="2026-04-14T11:56:04.8703776-04:00" endTime="2026-04-14T11:56:07.1824673-04:00" testType="13cdc9d9-ddb5-4fa4-a97d-d965ccfc6d4b" outcome="Passed" testListId="8c84fa94-04c1-424b-9868-57a2d4851a1d" relativeResultsDirectory="c60e057d-fdd2-4f8a-bf58-0744e6c6a9b4" />
    <UnitTestResult executionId="0414754e-d558-4cbf-b4f5-e1823df70eae" testId="2b26793d-e934-9cf7-df19-cf2e47c3fd7d" testName="OpenClawNet.PlaywrightTests.BlazorNavigationTests.ClickNavLink_NavigatesToCorrectPage(menuLabel: &quot;Tool Log&quot;, expectedPath: &quot;/tool-log&quot;)" computerName="CPC-bruno-U7R9O" duration="00:00:00.7504970" startTime="2026-04-14T12:00:24.3208552-04:00" endTime="2026-04-14T12:00:25.1611090-04:00" testType="13cdc9d9-ddb5-4fa4-a97d-d965ccfc6d4b" outcome="Passed" testListId="8c84fa94-04c1-424b-9868-57a2d4851a1d" relativeResultsDirectory="0414754e-d558-4cbf-b4f5-e1823df70eae" />
    <UnitTestResult executionId="447106d7-db84-4271-a548-49c9fbdb858f" testId="4a009d3c-5d94-e195-7599-091b3e3c49c0" testName="OpenClawNet.PlaywrightTests.BlazorNavigationTests.ClickNavLink_NavigatesToCorrectPage(menuLabel: &quot;Tools&quot;, expectedPath: &quot;/tools&quot;)" computerName="CPC-bruno-U7R9O" duration="00:00:00.6674937" startTime="2026-04-14T12:00:27.4558236-04:00" endTime="2026-04-14T12:00:28.1982728-04:00" testType="13cdc9d9-ddb5-4fa4-a97d-d965ccfc6d4b" outcome="Passed" testListId="8c84fa94-04c1-424b-9868-57a2d4851a1d" relativeResultsDirectory="447106d7-db84-4271-a548-49c9fbdb858f" />
    <UnitTestResult executionId="64e634ed-fc51-4602-8e53-d0acae0f34f8" testId="f70a4ba7-01b5-6526-299a-783e19c2e787" testName="OpenClawNet.PlaywrightTests.GatewayApiTests.Webhooks_PostEvent_CreatesSession" computerName="CPC-bruno-U7R9O" duration="00:00:09.2236061" startTime="2026-04-14T11:58:38.5702905-04:00" endTime="2026-04-14T11:58:47.7944176-04:00" testType="13cdc9d9-ddb5-4fa4-a97d-d965ccfc6d4b" outcome="Passed" testListId="8c84fa94-04c1-424b-9868-57a2d4851a1d" relativeResultsDirectory="64e634ed-fc51-4602-8e53-d0acae0f34f8" />
    <UnitTestResult executionId="064e9735-8243-427c-b464-e9a6d8f49ddf" testId="2f23a1ec-bdee-040a-02e0-a090799cafec" testName="OpenClawNet.PlaywrightTests.GatewayApiTests.Version_GetEndpoint_ReturnsVersionInfo" computerName="CPC-bruno-U7R9O" duration="00:00:00.0078487" startTime="2026-04-14T11:57:25.2457170-04:00" endTime="2026-04-14T11:57:25.2542079-04:00" testType="13cdc9d9-ddb5-4fa4-a97d-d965ccfc6d4b" outcome="Passed" testListId="8c84fa94-04c1-424b-9868-57a2d4851a1d" relativeResultsDirectory="064e9735-8243-427c-b464-e9a6d8f49ddf" />
    <UnitTestResult executionId="c12fdbb1-97d2-4161-9cb8-a0a5c7e1d886" testId="31bb4a38-f158-bac7-2391-9be93eac9d3a" testName="OpenClawNet.PlaywrightTests.GatewayApiTests.Settings_UpdateProvider_ChangesRuntime" computerName="CPC-bruno-U7R9O" duration="00:00:00.0119981" startTime="2026-04-14T11:57:25.1424777-04:00" endTime="2026-04-14T11:57:25.1551516-04:00" testType="13cdc9d9-ddb5-4fa4-a97d-d965ccfc6d4b" outcome="Passed" testListId="8c84fa94-04c1-424b-9868-57a2d4851a1d" relativeResultsDirectory="c12fdbb1-97d2-4161-9cb8-a0a5c7e1d886" />
    <UnitTestResult executionId="2f729d0d-3f1a-4ed7-b97d-3fd37d5a8a79" testId="64b3417f-6f61-88ca-0e3f-fdcac7ba7473" testName="OpenClawNet.PlaywrightTests.AspireDashboardTests.Dashboard_GatewayHealth_IsAccessibleFromWeb" computerName="CPC-bruno-U7R9O" duration="00:00:00.0088482" startTime="2026-04-14T12:00:38.6539627-04:00" endTime="2026-04-14T12:00:38.7445747-04:00" testType="13cdc9d9-ddb5-4fa4-a97d-d965ccfc6d4b" outcome="Passed" testListId="8c84fa94-04c1-424b-9868-57a2d4851a1d" relativeResultsDirectory="2f729d0d-3f1a-4ed7-b97d-3fd37d5a8a79" />
    <UnitTestResult executionId="e7ba9afb-32ac-403d-a04a-5ec28f370ed8" testId="a3caf36e-13ed-c447-9db7-b587cb5794ea" testName="OpenClawNet.PlaywrightTests.GatewayApiTests.Chat_SendMessage_ReturnsResponseWithContent" computerName="CPC-bruno-U7R9O" duration="00:00:36.1061039" startTime="2026-04-14T11:59:43.6444602-04:00" endTime="2026-04-14T12:00:19.7512690-04:00" testType="13cdc9d9-ddb5-4fa4-a97d-d965ccfc6d4b" outcome="Passed" testListId="8c84fa94-04c1-424b-9868-57a2d4851a1d" relativeResultsDirectory="e7ba9afb-32ac-403d-a04a-5ec28f370ed8" />
    <UnitTestResult executionId="084063cd-f774-49ea-8622-b16d2708458d" testId="a4254811-e835-571b-0e8a-a812a54a5f1b" testName="OpenClawNet.PlaywrightTests.GatewayApiTests.MultiTurn_CreateChatRenameDelete_FullLifecycle" computerName="CPC-bruno-U7R9O" duration="00:00:21.5906138" startTime="2026-04-14T11:56:54.5154485-04:00" endTime="2026-04-14T11:57:16.1065383-04:00" testType="13cdc9d9-ddb5-4fa4-a97d-d965ccfc6d4b" outcome="Passed" testListId="8c84fa94-04c1-424b-9868-57a2d4851a1d" relativeResultsDirectory="084063cd-f774-49ea-8622-b16d2708458d" />
    <UnitTestResult executionId="5c35db8c-da65-41d9-b9ed-2812b4dc35b1" testId="e70782c1-725f-afa8-c65e-1651bb66d144" testName="OpenClawNet.PlaywrightTests.ProviderSwitchTests.Settings_GetCurrentSettings_ReturnsProviderInfo" computerName="CPC-bruno-U7R9O" duration="00:00:00.0133296" startTime="2026-04-14T11:56:09.5034724-04:00" endTime="2026-04-14T11:56:09.5176177-04:00" testType="13cdc9d9-ddb5-4fa4-a97d-d965ccfc6d4b" outcome="Passed" testListId="8c84fa94-04c1-424b-9868-57a2d4851a1d" relativeResultsDirectory="5c35db8c-da65-41d9-b9ed-2812b4dc35b1" />
    <UnitTestResult executionId="351224fb-5699-4aa9-bc24-548afb773397" testId="670ea536-28e0-531f-f931-e9e3fc76d913" testName="OpenClawNet.PlaywrightTests.BlazorNavigationTests.NavigateTo_Page_RendersWithoutError(path: &quot;/tool-log&quot;, expectedTitleFragment: &quot;Tool Execution Log&quot;)" computerName="CPC-bruno-U7R9O" duration="00:00:00.6085334" startTime="2026-04-14T12:00:30.3222196-04:00" endTime="2026-04-14T12:00:30.9913732-04:00" testType="13cdc9d9-ddb5-4fa4-a97d-d965ccfc6d4b" outcome="Passed" testListId="8c84fa94-04c1-424b-9868-57a2d4851a1d" relativeResultsDirectory="351224fb-5699-4aa9-bc24-548afb773397" />
    <UnitTestResult executionId="bbd6197a-daee-40da-a884-0a2af96125bb" testId="7fd1090b-b167-0aaf-3066-daaf9326f3c3" testName="OpenClawNet.PlaywrightTests.BlazorNavigationTests.NavigateTo_Page_RendersWithoutError(path: &quot;/health&quot;, expectedTitleFragment: &quot;Health&quot;)" computerName="CPC-bruno-U7R9O" duration="00:00:02.6565553" startTime="2026-04-14T12:00:32.4696729-04:00" endTime="2026-04-14T12:00:35.1877102-04:00" testType="13cdc9d9-ddb5-4fa4-a97d-d965ccfc6d4b" outcome="Passed" testListId="8c84fa94-04c1-424b-9868-57a2d4851a1d" relativeResultsDirectory="bbd6197a-daee-40da-a884-0a2af96125bb" />
    <UnitTestResult executionId="900539f5-852a-49b3-a1d6-fa0668a44d8c" testId="8ec1f603-a043-6857-644e-0e9a765d9598" testName="OpenClawNet.PlaywrightTests.ProviderSwitchTests.Settings_PutSettings_UpdatesProvider" computerName="CPC-bruno-U7R9O" duration="00:00:00.0346201" startTime="2026-04-14T11:56:09.5179332-04:00" endTime="2026-04-14T11:56:09.5533284-04:00" testType="13cdc9d9-ddb5-4fa4-a97d-d965ccfc6d4b" outcome="Passed" testListId="8c84fa94-04c1-424b-9868-57a2d4851a1d" relativeResultsDirectory="900539f5-852a-49b3-a1d6-fa0668a44d8c" />
    <UnitTestResult executionId="75eb1f08-ad11-491e-8086-aedc40a1e6b7" testId="959a67af-80e8-a297-2a75-931a48b66206" testName="OpenClawNet.PlaywrightTests.ChatFlowTests.Chat_AfterSendingMessage_SessionAppearsInSessionsPanel" computerName="CPC-bruno-U7R9O" duration="00:00:00.6710810" startTime="2026-04-14T12:00:21.8672270-04:00" endTime="2026-04-14T12:00:22.6032633-04:00" testType="13cdc9d9-ddb5-4fa4-a97d-d965ccfc6d4b" outcome="Passed" testListId="8c84fa94-04c1-424b-9868-57a2d4851a1d" relativeResultsDirectory="75eb1f08-ad11-491e-8086-aedc40a1e6b7" />
    <UnitTestResult executionId="0977a006-f2c7-445f-a615-4a95abf75571" testId="b23b67f0-b3f5-ed98-311f-93592c26328f" testName="OpenClawNet.PlaywrightTests.GatewayApiTests.Webhooks_CodeReviewPayload_CreatesSession" computerName="CPC-bruno-U7R9O" duration="00:00:08.6815172" startTime="2026-04-14T11:59:08.0005970-04:00" endTime="2026-04-14T11:59:16.6825191-04:00" testType="13cdc9d9-ddb5-4fa4-a97d-d965ccfc6d4b" outcome="Passed" testListId="8c84fa94-04c1-424b-9868-57a2d4851a1d" relativeResultsDirectory="0977a006-f2c7-445f-a615-4a95abf75571" />
    <UnitTestResult executionId="0c8f6e7e-03c4-4dd3-92a7-45d8c7b24bff" testId="0a943528-492b-541d-fbfe-1e86d12c9a53" testName="OpenClawNet.PlaywrightTests.BlazorNavigationTests.NavigateTo_Page_RendersWithoutError(path: &quot;/sessions&quot;, expectedTitleFragment: &quot;Sessions&quot;)" computerName="CPC-bruno-U7R9O" duration="00:00:00.6366025" startTime="2026-04-14T12:00:36.5587644-04:00" endTime="2026-04-14T12:00:37.2568127-04:00" testType="13cdc9d9-ddb5-4fa4-a97d-d965ccfc6d4b" outcome="Passed" testListId="8c84fa94-04c1-424b-9868-57a2d4851a1d" relativeResultsDirectory="0c8f6e7e-03c4-4dd3-92a7-45d8c7b24bff" />
    <UnitTestResult executionId="498bc368-fe08-4166-a7b4-4e63a8443694" testId="5afa7c75-6233-6497-9e50-001f4be31e7a" testName="OpenClawNet.PlaywrightTests.GatewayApiTests.Skills_Reload_ReturnsSuccess" computerName="CPC-bruno-U7R9O" duration="00:00:00.0092898" startTime="2026-04-14T11:57:25.2356022-04:00" endTime="2026-04-14T11:57:25.2455662-04:00" testType="13cdc9d9-ddb5-4fa4-a97d-d965ccfc6d4b" outcome="Passed" testListId="8c84fa94-04c1-424b-9868-57a2d4851a1d" relativeResultsDirectory="498bc368-fe08-4166-a7b4-4e63a8443694" />
    <UnitTestResult executionId="87935187-737a-4c3d-a97b-a40776dea079" testId="97441e1d-857f-ac85-56f3-0882f43a09c2" testName="OpenClawNet.PlaywrightTests.AspireDashboardTests.Dashboard_WebAppHomePage_IsReachable" computerName="CPC-bruno-U7R9O" duration="00:00:00.6488908" startTime="2026-04-14T12:00:38.7447160-04:00" endTime="2026-04-14T12:00:39.4670567-04:00" testType="13cdc9d9-ddb5-4fa4-a97d-d965ccfc6d4b" outcome="Passed" testListId="8c84fa94-04c1-424b-9868-57a2d4851a1d" relativeResultsDirectory="87935187-737a-4c3d-a97b-a40776dea079" />
  </Results>
  <TestDefinitions>
    <UnitTest name="OpenClawNet.PlaywrightTests.GatewayOnlyDemoTests.Gateway_HealthEndpoint_ReturnsDetailedStatus" storage="c:\src\openclawnet-plan\tests\openclawnet.playwrighttests\bin\release\net10.0\openclawnet.playwrighttests.dll" id="f0ea856f-95b7-63a5-4f61-36b3f1d89c00">
      <Execution id="2370b104-e6e5-4346-b7a5-dec97431041b" />
      <TestMethod codeBase="C:\src\openclawnet-plan\tests\OpenClawNet.PlaywrightTests\bin\Release\net10.0\OpenClawNet.PlaywrightTests.dll" adapterTypeName="executor://xunit/VsTestRunner3/netcore/" className="OpenClawNet.PlaywrightTests.GatewayOnlyDemoTests" name="Gateway_HealthEndpoint_ReturnsDetailedStatus" />
    </UnitTest>
    <UnitTest name="OpenClawNet.PlaywrightTests.SettingsAndSkillsTests.SettingsPage_GatewaySettingsApi_ReturnsCurrentSettings" storage="c:\src\openclawnet-plan\tests\openclawnet.playwrighttests\bin\release\net10.0\openclawnet.playwrighttests.dll" id="8c6f70ff-5227-be64-c665-3d493a26c6f6">
      <Execution id="56bdccee-764d-44c6-b052-4eaa8f70f782" />
      <TestMethod codeBase="C:\src\openclawnet-plan\tests\OpenClawNet.PlaywrightTests\bin\Release\net10.0\OpenClawNet.PlaywrightTests.dll" adapterTypeName="executor://xunit/VsTestRunner3/netcore/" className="OpenClawNet.PlaywrightTests.SettingsAndSkillsTests" name="SettingsPage_GatewaySettingsApi_ReturnsCurrentSettings" />
    </UnitTest>
    <UnitTest name="OpenClawNet.PlaywrightTests.GatewayApiTests.Version_GetEndpoint_ReturnsVersionInfo" storage="c:\src\openclawnet-plan\tests\openclawnet.playwrighttests\bin\release\net10.0\openclawnet.playwrighttests.dll" id="2f23a1ec-bdee-040a-02e0-a090799cafec">
      <Execution id="064e9735-8243-427c-b464-e9a6d8f49ddf" />
      <TestMethod codeBase="C:\src\openclawnet-plan\tests\OpenClawNet.PlaywrightTests\bin\Release\net10.0\OpenClawNet.PlaywrightTests.dll" adapterTypeName="executor://xunit/VsTestRunner3/netcore/" className="OpenClawNet.PlaywrightTests.GatewayApiTests" name="Version_GetEndpoint_ReturnsVersionInfo" />
    </UnitTest>
    <UnitTest name="OpenClawNet.PlaywrightTests.AspireDashboardTests.WebUI_AfterChatInteraction_SessionsListUpdates" storage="c:\src\openclawnet-plan\tests\openclawnet.playwrighttests\bin\release\net10.0\openclawnet.playwrighttests.dll" id="bd2ca6ba-df6f-12dd-067e-274cc39b68b5">
      <Execution id="9ed2729b-ae9f-4b4f-b928-8e86e9ddcb1e" />
      <TestMethod codeBase="C:\src\openclawnet-plan\tests\OpenClawNet.PlaywrightTests\bin\Release\net10.0\OpenClawNet.PlaywrightTests.dll" adapterTypeName="executor://xunit/VsTestRunner3/netcore/" className="OpenClawNet.PlaywrightTests.AspireDashboardTests" name="WebUI_AfterChatInteraction_SessionsListUpdates" />
    </UnitTest>
    <UnitTest name="OpenClawNet.PlaywrightTests.BlazorNavigationTests.NavigateTo_Page_RendersWithoutError(path: &quot;/health&quot;, expectedTitleFragment: &quot;Health&quot;)" storage="c:\src\openclawnet-plan\tests\openclawnet.playwrighttests\bin\release\net10.0\openclawnet.playwrighttests.dll" id="7fd1090b-b167-0aaf-3066-daaf9326f3c3">
      <Execution id="bbd6197a-daee-40da-a884-0a2af96125bb" />
      <TestMethod codeBase="C:\src\openclawnet-plan\tests\OpenClawNet.PlaywrightTests\bin\Release\net10.0\OpenClawNet.PlaywrightTests.dll" adapterTypeName="executor://xunit/VsTestRunner3/netcore/" className="OpenClawNet.PlaywrightTests.BlazorNavigationTests" name="NavigateTo_Page_RendersWithoutError" />
    </UnitTest>
    <UnitTest name="OpenClawNet.PlaywrightTests.BlazorNavigationTests.NavigateTo_Page_RendersWithoutError(path: &quot;/tool-log&quot;, expectedTitleFragment: &quot;Tool Execution Log&quot;)" storage="c:\src\openclawnet-plan\tests\openclawnet.playwrighttests\bin\release\net10.0\openclawnet.playwrighttests.dll" id="670ea536-28e0-531f-f931-e9e3fc76d913">
      <Execution id="351224fb-5699-4aa9-bc24-548afb773397" />
      <TestMethod codeBase="C:\src\openclawnet-plan\tests\OpenClawNet.PlaywrightTests\bin\Release\net10.0\OpenClawNet.PlaywrightTests.dll" adapterTypeName="executor://xunit/VsTestRunner3/netcore/" className="OpenClawNet.PlaywrightTests.BlazorNavigationTests" name="NavigateTo_Page_RendersWithoutError" />
    </UnitTest>
    <UnitTest name="OpenClawNet.PlaywrightTests.BlazorNavigationTests.ClickNavLink_NavigatesToCorrectPage(menuLabel: &quot;Sessions&quot;, expectedPath: &quot;/sessions&quot;)" storage="c:\src\openclawnet-plan\tests\openclawnet.playwrighttests\bin\release\net10.0\openclawnet.playwrighttests.dll" id="d58b00fe-36c7-7815-7d30-bf925279aa06">
      <Execution id="7a044b50-5022-4556-a1e5-10637d430187" />
      <TestMethod codeBase="C:\src\openclawnet-plan\tests\OpenClawNet.PlaywrightTests\bin\Release\net10.0\OpenClawNet.PlaywrightTests.dll" adapterTypeName="executor://xunit/VsTestRunner3/netcore/" className="OpenClawNet.PlaywrightTests.BlazorNavigationTests" name="ClickNavLink_NavigatesToCorrectPage" />
    </UnitTest>
    <UnitTest name="OpenClawNet.PlaywrightTests.GatewayOnlyDemoTests.Gateway_ParallelSessions_AreIsolated" storage="c:\src\openclawnet-plan\tests\openclawnet.playwrighttests\bin\release\net10.0\openclawnet.playwrighttests.dll" id="6307dc3a-2942-b10a-68a3-48ed8f19ae43">
      <Execution id="25c3b0f3-0ca6-42a3-8288-7e148819e011" />
      <TestMethod codeBase="C:\src\openclawnet-plan\tests\OpenClawNet.PlaywrightTests\bin\Release\net10.0\OpenClawNet.PlaywrightTests.dll" adapterTypeName="executor://xunit/VsTestRunner3/netcore/" className="OpenClawNet.PlaywrightTests.GatewayOnlyDemoTests" name="Gateway_ParallelSessions_AreIsolated" />
    </UnitTest>
    <UnitTest name="OpenClawNet.PlaywrightTests.SettingsAndSkillsTests.SkillsPage_Loads_ShowsSkillsList" storage="c:\src\openclawnet-plan\tests\openclawnet.playwrighttests\bin\release\net10.0\openclawnet.playwrighttests.dll" id="f517f8b3-d991-6397-85df-ba4fa58e29c1">
      <Execution id="821335ba-11b9-496b-919f-9657807ea26f" />
      <TestMethod codeBase="C:\src\openclawnet-plan\tests\OpenClawNet.PlaywrightTests\bin\Release\net10.0\OpenClawNet.PlaywrightTests.dll" adapterTypeName="executor://xunit/VsTestRunner3/netcore/" className="OpenClawNet.PlaywrightTests.SettingsAndSkillsTests" name="SkillsPage_Loads_ShowsSkillsList" />
    </UnitTest>
    <UnitTest name="OpenClawNet.PlaywrightTests.BlazorNavigationTests.ClickNavLink_NavigatesToCorrectPage(menuLabel: &quot;Skills&quot;, expectedPath: &quot;/skills&quot;)" storage="c:\src\openclawnet-plan\tests\openclawnet.playwrighttests\bin\release\net10.0\openclawnet.playwrighttests.dll" id="6e9c8c1b-96d9-bff2-efa5-e078635ad8ce">
      <Execution id="539597e7-d601-48d3-ba84-f13d979454d8" />
      <TestMethod codeBase="C:\src\openclawnet-plan\tests\OpenClawNet.PlaywrightTests\bin\Release\net10.0\OpenClawNet.PlaywrightTests.dll" adapterTypeName="executor://xunit/VsTestRunner3/netcore/" className="OpenClawNet.PlaywrightTests.BlazorNavigationTests" name="ClickNavLink_NavigatesToCorrectPage" />
    </UnitTest>
    <UnitTest name="OpenClawNet.PlaywrightTests.BlazorNavigationTests.NavigateTo_Page_RendersWithoutError(path: &quot;/skills&quot;, expectedTitleFragment: &quot;Skills&quot;)" storage="c:\src\openclawnet-plan\tests\openclawnet.playwrighttests\bin\release\net10.0\openclawnet.playwrighttests.dll" id="b3c8c01e-cc78-cd14-6d63-2b9c38eabaa8">
      <Execution id="667341c9-4ea2-41e5-8459-c4cdaf9b042d" />
      <TestMethod codeBase="C:\src\openclawnet-plan\tests\OpenClawNet.PlaywrightTests\bin\Release\net10.0\OpenClawNet.PlaywrightTests.dll" adapterTypeName="executor://xunit/VsTestRunner3/netcore/" className="OpenClawNet.PlaywrightTests.BlazorNavigationTests" name="NavigateTo_Page_RendersWithoutError" />
    </UnitTest>
    <UnitTest name="OpenClawNet.PlaywrightTests.BlazorNavigationTests.NavigateTo_Page_RendersWithoutError(path: &quot;/settings&quot;, expectedTitleFragment: &quot;Settings&quot;)" storage="c:\src\openclawnet-plan\tests\openclawnet.playwrighttests\bin\release\net10.0\openclawnet.playwrighttests.dll" id="266a6069-a9d0-5f8e-2b86-143f33fb400c">
      <Execution id="77950277-2f31-40c3-ac2e-399b3bb685ca" />
      <TestMethod codeBase="C:\src\openclawnet-plan\tests\OpenClawNet.PlaywrightTests\bin\Release\net10.0\OpenClawNet.PlaywrightTests.dll" adapterTypeName="executor://xunit/VsTestRunner3/netcore/" className="OpenClawNet.PlaywrightTests.BlazorNavigationTests" name="NavigateTo_Page_RendersWithoutError" />
    </UnitTest>
    <UnitTest name="OpenClawNet.PlaywrightTests.GatewayApiTests.Chat_FileQuestion_TriggersToolUse" storage="c:\src\openclawnet-plan\tests\openclawnet.playwrighttests\bin\release\net10.0\openclawnet.playwrighttests.dll" id="18de8cab-fe8f-8dc4-0e54-06deb643ca13">
      <Execution id="a269225c-a60b-413f-b305-08636b74f354" />
      <TestMethod codeBase="C:\src\openclawnet-plan\tests\OpenClawNet.PlaywrightTests\bin\Release\net10.0\OpenClawNet.PlaywrightTests.dll" adapterTypeName="executor://xunit/VsTestRunner3/netcore/" className="OpenClawNet.PlaywrightTests.GatewayApiTests" name="Chat_FileQuestion_TriggersToolUse" />
    </UnitTest>
    <UnitTest name="OpenClawNet.PlaywrightTests.GatewayApiTests.Tools_GetList_ReturnsRegisteredTools" storage="c:\src\openclawnet-plan\tests\openclawnet.playwrighttests\bin\release\net10.0\openclawnet.playwrighttests.dll" id="85ff5096-e103-1623-e366-93f8d0fc6ca2">
      <Execution id="6779d7b2-4316-46a9-8ee6-4d0b3caf0424" />
      <TestMethod codeBase="C:\src\openclawnet-plan\tests\OpenClawNet.PlaywrightTests\bin\Release\net10.0\OpenClawNet.PlaywrightTests.dll" adapterTypeName="executor://xunit/VsTestRunner3/netcore/" className="OpenClawNet.PlaywrightTests.GatewayApiTests" name="Tools_GetList_ReturnsRegisteredTools" />
    </UnitTest>
    <UnitTest name="OpenClawNet.PlaywrightTests.SettingsAndSkillsTests.SkillsPage_ShowsSkillDetails_WhenExpanded" storage="c:\src\openclawnet-plan\tests\openclawnet.playwrighttests\bin\release\net10.0\openclawnet.playwrighttests.dll" id="d113af65-325b-050e-bc23-e2a56fd9b3f5">
      <Execution id="8a01a7ad-3991-403f-be6a-25fae5480c3a" />
      <TestMethod codeBase="C:\src\openclawnet-plan\tests\OpenClawNet.PlaywrightTests\bin\Release\net10.0\OpenClawNet.PlaywrightTests.dll" adapterTypeName="executor://xunit/VsTestRunner3/netcore/" className="OpenClawNet.PlaywrightTests.SettingsAndSkillsTests" name="SkillsPage_ShowsSkillDetails_WhenExpanded" />
    </UnitTest>
    <UnitTest name="OpenClawNet.PlaywrightTests.GatewayApiTests.MultiTurn_CreateChatRenameDelete_FullLifecycle" storage="c:\src\openclawnet-plan\tests\openclawnet.playwrighttests\bin\release\net10.0\openclawnet.playwrighttests.dll" id="a4254811-e835-571b-0e8a-a812a54a5f1b">
      <Execution id="084063cd-f774-49ea-8622-b16d2708458d" />
      <TestMethod codeBase="C:\src\openclawnet-plan\tests\OpenClawNet.PlaywrightTests\bin\Release\net10.0\OpenClawNet.PlaywrightTests.dll" adapterTypeName="executor://xunit/VsTestRunner3/netcore/" className="OpenClawNet.PlaywrightTests.GatewayApiTests" name="MultiTurn_CreateChatRenameDelete_FullLifecycle" />
    </UnitTest>
    <UnitTest name="OpenClawNet.PlaywrightTests.BlazorNavigationTests.WebApp_HomePage_LoadsSuccessfully" storage="c:\src\openclawnet-plan\tests\openclawnet.playwrighttests\bin\release\net10.0\openclawnet.playwrighttests.dll" id="9be6035a-4a0f-d661-e4ae-2d34b0c4edca">
      <Execution id="09e74cd6-577d-4fd9-bcae-9c580527f65e" />
      <TestMethod codeBase="C:\src\openclawnet-plan\tests\OpenClawNet.PlaywrightTests\bin\Release\net10.0\OpenClawNet.PlaywrightTests.dll" adapterTypeName="executor://xunit/VsTestRunner3/netcore/" className="OpenClawNet.PlaywrightTests.BlazorNavigationTests" name="WebApp_HomePage_LoadsSuccessfully" />
    </UnitTest>
    <UnitTest name="OpenClawNet.PlaywrightTests.GatewayApiTests.Skills_EnableDisable_TogglesState" storage="c:\src\openclawnet-plan\tests\openclawnet.playwrighttests\bin\release\net10.0\openclawnet.playwrighttests.dll" id="38a90175-22c6-cd27-09b9-6695497b09dc">
      <Execution id="3277ae43-f2f0-4fdd-b9e6-48867740bde8" />
      <TestMethod codeBase="C:\src\openclawnet-plan\tests\OpenClawNet.PlaywrightTests\bin\Release\net10.0\OpenClawNet.PlaywrightTests.dll" adapterTypeName="executor://xunit/VsTestRunner3/netcore/" className="OpenClawNet.PlaywrightTests.GatewayApiTests" name="Skills_EnableDisable_TogglesState" />
    </UnitTest>
    <UnitTest name="OpenClawNet.PlaywrightTests.GatewayApiTests.OpenApi_GetSpec_ReturnsValidJson" storage="c:\src\openclawnet-plan\tests\openclawnet.playwrighttests\bin\release\net10.0\openclawnet.playwrighttests.dll" id="b8d48ff9-e9d7-780b-7a94-7985006fdabc">
      <Execution id="8dad484e-f148-4447-905d-69055efc2584" />
      <TestMethod codeBase="C:\src\openclawnet-plan\tests\OpenClawNet.PlaywrightTests\bin\Release\net10.0\OpenClawNet.PlaywrightTests.dll" adapterTypeName="executor://xunit/VsTestRunner3/netcore/" className="OpenClawNet.PlaywrightTests.GatewayApiTests" name="OpenApi_GetSpec_ReturnsValidJson" />
    </UnitTest>
    <UnitTest name="OpenClawNet.PlaywrightTests.ProviderSwitchTests.Settings_PutSettings_UpdatesProvider" storage="c:\src\openclawnet-plan\tests\openclawnet.playwrighttests\bin\release\net10.0\openclawnet.playwrighttests.dll" id="8ec1f603-a043-6857-644e-0e9a765d9598">
      <Execution id="900539f5-852a-49b3-a1d6-fa0668a44d8c" />
      <TestMethod codeBase="C:\src\openclawnet-plan\tests\OpenClawNet.PlaywrightTests\bin\Release\net10.0\OpenClawNet.PlaywrightTests.dll" adapterTypeName="executor://xunit/VsTestRunner3/netcore/" className="OpenClawNet.PlaywrightTests.ProviderSwitchTests" name="Settings_PutSettings_UpdatesProvider" />
    </UnitTest>
    <UnitTest name="OpenClawNet.PlaywrightTests.GatewayApiTests.Skills_GetList_ReturnsSkills" storage="c:\src\openclawnet-plan\tests\openclawnet.playwrighttests\bin\release\net10.0\openclawnet.playwrighttests.dll" id="c5aa837b-0f34-0463-b8a6-b03f4d812572">
      <Execution id="c0652e08-0c04-42d3-857f-e5c6d6723919" />
      <TestMethod codeBase="C:\src\openclawnet-plan\tests\OpenClawNet.PlaywrightTests\bin\Release\net10.0\OpenClawNet.PlaywrightTests.dll" adapterTypeName="executor://xunit/VsTestRunner3/netcore/" className="OpenClawNet.PlaywrightTests.GatewayApiTests" name="Skills_GetList_ReturnsSkills" />
    </UnitTest>
    <UnitTest name="OpenClawNet.PlaywrightTests.BlazorNavigationTests.ClickNavLink_NavigatesToCorrectPage(menuLabel: &quot;Chat&quot;, expectedPath: &quot;/&quot;)" storage="c:\src\openclawnet-plan\tests\openclawnet.playwrighttests\bin\release\net10.0\openclawnet.playwrighttests.dll" id="05850bc9-065b-3e45-3f2c-51f73f4ceaa2">
      <Execution id="d91255d6-eb9c-4033-943c-8321962fd3de" />
      <TestMethod codeBase="C:\src\openclawnet-plan\tests\OpenClawNet.PlaywrightTests\bin\Release\net10.0\OpenClawNet.PlaywrightTests.dll" adapterTypeName="executor://xunit/VsTestRunner3/netcore/" className="OpenClawNet.PlaywrightTests.BlazorNavigationTests" name="ClickNavLink_NavigatesToCorrectPage" />
    </UnitTest>
    <UnitTest name="OpenClawNet.PlaywrightTests.GatewayApiTests.Sessions_CreateSession_ReturnsCreated" storage="c:\src\openclawnet-plan\tests\openclawnet.playwrighttests\bin\release\net10.0\openclawnet.playwrighttests.dll" id="fde9438d-4d24-400b-cc21-5283e75b5d3e">
      <Execution id="63bb9e0b-9b08-40f4-80b9-d006c34328b5" />
      <TestMethod codeBase="C:\src\openclawnet-plan\tests\OpenClawNet.PlaywrightTests\bin\Release\net10.0\OpenClawNet.PlaywrightTests.dll" adapterTypeName="executor://xunit/VsTestRunner3/netcore/" className="OpenClawNet.PlaywrightTests.GatewayApiTests" name="Sessions_CreateSession_ReturnsCreated" />
    </UnitTest>
    <UnitTest name="OpenClawNet.PlaywrightTests.BlazorNavigationTests.ClickNavLink_NavigatesToCorrectPage(menuLabel: &quot;Tool Log&quot;, expectedPath: &quot;/tool-log&quot;)" storage="c:\src\openclawnet-plan\tests\openclawnet.playwrighttests\bin\release\net10.0\openclawnet.playwrighttests.dll" id="2b26793d-e934-9cf7-df19-cf2e47c3fd7d">
      <Execution id="0414754e-d558-4cbf-b4f5-e1823df70eae" />
      <TestMethod codeBase="C:\src\openclawnet-plan\tests\OpenClawNet.PlaywrightTests\bin\Release\net10.0\OpenClawNet.PlaywrightTests.dll" adapterTypeName="executor://xunit/VsTestRunner3/netcore/" className="OpenClawNet.PlaywrightTests.BlazorNavigationTests" name="ClickNavLink_NavigatesToCorrectPage" />
    </UnitTest>
    <UnitTest name="OpenClawNet.PlaywrightTests.BlazorNavigationTests.ClickNavLink_NavigatesToCorrectPage(menuLabel: &quot;Health&quot;, expectedPath: &quot;/health&quot;)" storage="c:\src\openclawnet-plan\tests\openclawnet.playwrighttests\bin\release\net10.0\openclawnet.playwrighttests.dll" id="1b50bbfc-45c8-5ded-dcb0-b5edc73d614e">
      <Execution id="8572f738-b72d-40f3-9db1-765cd389926a" />
      <TestMethod codeBase="C:\src\openclawnet-plan\tests\OpenClawNet.PlaywrightTests\bin\Release\net10.0\OpenClawNet.PlaywrightTests.dll" adapterTypeName="executor://xunit/VsTestRunner3/netcore/" className="OpenClawNet.PlaywrightTests.BlazorNavigationTests" name="ClickNavLink_NavigatesToCorrectPage" />
    </UnitTest>
    <UnitTest name="OpenClawNet.PlaywrightTests.AspireDashboardTests.Dashboard_GatewayHealth_IsAccessibleFromWeb" storage="c:\src\openclawnet-plan\tests\openclawnet.playwrighttests\bin\release\net10.0\openclawnet.playwrighttests.dll" id="64b3417f-6f61-88ca-0e3f-fdcac7ba7473">
      <Execution id="2f729d0d-3f1a-4ed7-b97d-3fd37d5a8a79" />
      <TestMethod codeBase="C:\src\openclawnet-plan\tests\OpenClawNet.PlaywrightTests\bin\Release\net10.0\OpenClawNet.PlaywrightTests.dll" adapterTypeName="executor://xunit/VsTestRunner3/netcore/" className="OpenClawNet.PlaywrightTests.AspireDashboardTests" name="Dashboard_GatewayHealth_IsAccessibleFromWeb" />
    </UnitTest>
    <UnitTest name="OpenClawNet.PlaywrightTests.BlazorNavigationTests.NavigateTo_Page_RendersWithoutError(path: &quot;/tools&quot;, expectedTitleFragment: &quot;Tools&quot;)" storage="c:\src\openclawnet-plan\tests\openclawnet.playwrighttests\bin\release\net10.0\openclawnet.playwrighttests.dll" id="3381394f-cf42-6c32-0b71-7c8182b3a909">
      <Execution id="e383dc27-0324-4d18-bcdd-1365b8f20d4a" />
      <TestMethod codeBase="C:\src\openclawnet-plan\tests\OpenClawNet.PlaywrightTests\bin\Release\net10.0\OpenClawNet.PlaywrightTests.dll" adapterTypeName="executor://xunit/VsTestRunner3/netcore/" className="OpenClawNet.PlaywrightTests.BlazorNavigationTests" name="NavigateTo_Page_RendersWithoutError" />
    </UnitTest>
    <UnitTest name="OpenClawNet.PlaywrightTests.ProviderSwitchTests.Settings_GetCurrentSettings_ReturnsProviderInfo" storage="c:\src\openclawnet-plan\tests\openclawnet.playwrighttests\bin\release\net10.0\openclawnet.playwrighttests.dll" id="e70782c1-725f-afa8-c65e-1651bb66d144">
      <Execution id="5c35db8c-da65-41d9-b9ed-2812b4dc35b1" />
      <TestMethod codeBase="C:\src\openclawnet-plan\tests\OpenClawNet.PlaywrightTests\bin\Release\net10.0\OpenClawNet.PlaywrightTests.dll" adapterTypeName="executor://xunit/VsTestRunner3/netcore/" className="OpenClawNet.PlaywrightTests.ProviderSwitchTests" name="Settings_GetCurrentSettings_ReturnsProviderInfo" />
    </UnitTest>
    <UnitTest name="OpenClawNet.PlaywrightTests.GatewayApiTests.Webhooks_PostEvent_CreatesSession" storage="c:\src\openclawnet-plan\tests\openclawnet.playwrighttests\bin\release\net10.0\openclawnet.playwrighttests.dll" id="f70a4ba7-01b5-6526-299a-783e19c2e787">
      <Execution id="64e634ed-fc51-4602-8e53-d0acae0f34f8" />
      <TestMethod codeBase="C:\src\openclawnet-plan\tests\OpenClawNet.PlaywrightTests\bin\Release\net10.0\OpenClawNet.PlaywrightTests.dll" adapterTypeName="executor://xunit/VsTestRunner3/netcore/" className="OpenClawNet.PlaywrightTests.GatewayApiTests" name="Webhooks_PostEvent_CreatesSession" />
    </UnitTest>
    <UnitTest name="OpenClawNet.PlaywrightTests.BlazorNavigationTests.WebApp_AllNavMenuItems_AreVisible" storage="c:\src\openclawnet-plan\tests\openclawnet.playwrighttests\bin\release\net10.0\openclawnet.playwrighttests.dll" id="08fdb781-0419-301e-94d1-9c4e4539d3c5">
      <Execution id="2bdc4382-e2cd-480e-aa22-7737cc70b638" />
      <TestMethod codeBase="C:\src\openclawnet-plan\tests\OpenClawNet.PlaywrightTests\bin\Release\net10.0\OpenClawNet.PlaywrightTests.dll" adapterTypeName="executor://xunit/VsTestRunner3/netcore/" className="OpenClawNet.PlaywrightTests.BlazorNavigationTests" name="WebApp_AllNavMenuItems_AreVisible" />
    </UnitTest>
    <UnitTest name="OpenClawNet.PlaywrightTests.ChatFlowTests.Chat_AfterSendingMessage_SessionAppearsInSessionsPanel" storage="c:\src\openclawnet-plan\tests\openclawnet.playwrighttests\bin\release\net10.0\openclawnet.playwrighttests.dll" id="959a67af-80e8-a297-2a75-931a48b66206">
      <Execution id="75eb1f08-ad11-491e-8086-aedc40a1e6b7" />
      <TestMethod codeBase="C:\src\openclawnet-plan\tests\OpenClawNet.PlaywrightTests\bin\Release\net10.0\OpenClawNet.PlaywrightTests.dll" adapterTypeName="executor://xunit/VsTestRunner3/netcore/" className="OpenClawNet.PlaywrightTests.ChatFlowTests" name="Chat_AfterSendingMessage_SessionAppearsInSessionsPanel" />
    </UnitTest>
    <UnitTest name="OpenClawNet.PlaywrightTests.BlazorNavigationTests.ClickNavLink_NavigatesToCorrectPage(menuLabel: &quot;Jobs&quot;, expectedPath: &quot;/jobs&quot;)" storage="c:\src\openclawnet-plan\tests\openclawnet.playwrighttests\bin\release\net10.0\openclawnet.playwrighttests.dll" id="c0efca36-ae7b-32a1-2ee4-021fff69c239">
      <Execution id="98c259fe-2ef7-429e-9e6b-a4490757205f" />
      <TestMethod codeBase="C:\src\openclawnet-plan\tests\OpenClawNet.PlaywrightTests\bin\Release\net10.0\OpenClawNet.PlaywrightTests.dll" adapterTypeName="executor://xunit/VsTestRunner3/netcore/" className="OpenClawNet.PlaywrightTests.BlazorNavigationTests" name="ClickNavLink_NavigatesToCorrectPage" />
    </UnitTest>
    <UnitTest name="OpenClawNet.PlaywrightTests.GatewayApiTests.SignalR_ChatHub_EndpointIsReachable" storage="c:\src\openclawnet-plan\tests\openclawnet.playwrighttests\bin\release\net10.0\openclawnet.playwrighttests.dll" id="dd53ce44-0998-f0de-e1e5-9191f55117da">
      <Execution id="0d4e3572-c995-4c82-95bd-632a0afa2a1b" />
      <TestMethod codeBase="C:\src\openclawnet-plan\tests\OpenClawNet.PlaywrightTests\bin\Release\net10.0\OpenClawNet.PlaywrightTests.dll" adapterTypeName="executor://xunit/VsTestRunner3/netcore/" className="OpenClawNet.PlaywrightTests.GatewayApiTests" name="SignalR_ChatHub_EndpointIsReachable" />
    </UnitTest>
    <UnitTest name="OpenClawNet.PlaywrightTests.AspireDashboardTests.Dashboard_WebAppHomePage_IsReachable" storage="c:\src\openclawnet-plan\tests\openclawnet.playwrighttests\bin\release\net10.0\openclawnet.playwrighttests.dll" id="97441e1d-857f-ac85-56f3-0882f43a09c2">
      <Execution id="87935187-737a-4c3d-a97b-a40776dea079" />
      <TestMethod codeBase="C:\src\openclawnet-plan\tests\OpenClawNet.PlaywrightTests\bin\Release\net10.0\OpenClawNet.PlaywrightTests.dll" adapterTypeName="executor://xunit/VsTestRunner3/netcore/" className="OpenClawNet.PlaywrightTests.AspireDashboardTests" name="Dashboard_WebAppHomePage_IsReachable" />
    </UnitTest>
    <UnitTest name="OpenClawNet.PlaywrightTests.GatewayApiTests.Settings_UpdateProvider_ChangesRuntime" storage="c:\src\openclawnet-plan\tests\openclawnet.playwrighttests\bin\release\net10.0\openclawnet.playwrighttests.dll" id="31bb4a38-f158-bac7-2391-9be93eac9d3a">
      <Execution id="c12fdbb1-97d2-4161-9cb8-a0a5c7e1d886" />
      <TestMethod codeBase="C:\src\openclawnet-plan\tests\OpenClawNet.PlaywrightTests\bin\Release\net10.0\OpenClawNet.PlaywrightTests.dll" adapterTypeName="executor://xunit/VsTestRunner3/netcore/" className="OpenClawNet.PlaywrightTests.GatewayApiTests" name="Settings_UpdateProvider_ChangesRuntime" />
    </UnitTest>
    <UnitTest name="OpenClawNet.PlaywrightTests.SettingsAndSkillsTests.SettingsPage_Loads_ShowsProviderSelector" storage="c:\src\openclawnet-plan\tests\openclawnet.playwrighttests\bin\release\net10.0\openclawnet.playwrighttests.dll" id="cc2ae56d-a1c9-7f77-345e-3fb5f1f4a3ea">
      <Execution id="d70aec05-8384-4887-ac5a-d0337c829a51" />
      <TestMethod codeBase="C:\src\openclawnet-plan\tests\OpenClawNet.PlaywrightTests\bin\Release\net10.0\OpenClawNet.PlaywrightTests.dll" adapterTypeName="executor://xunit/VsTestRunner3/netcore/" className="OpenClawNet.PlaywrightTests.SettingsAndSkillsTests" name="SettingsPage_Loads_ShowsProviderSelector" />
    </UnitTest>
    <UnitTest name="OpenClawNet.PlaywrightTests.BlazorNavigationTests.ClickNavLink_NavigatesToCorrectPage(menuLabel: &quot;Tools&quot;, expectedPath: &quot;/tools&quot;)" storage="c:\src\openclawnet-plan\tests\openclawnet.playwrighttests\bin\release\net10.0\openclawnet.playwrighttests.dll" id="4a009d3c-5d94-e195-7599-091b3e3c49c0">
      <Execution id="447106d7-db84-4271-a548-49c9fbdb858f" />
      <TestMethod codeBase="C:\src\openclawnet-plan\tests\OpenClawNet.PlaywrightTests\bin\Release\net10.0\OpenClawNet.PlaywrightTests.dll" adapterTypeName="executor://xunit/VsTestRunner3/netcore/" className="OpenClawNet.PlaywrightTests.BlazorNavigationTests" name="ClickNavLink_NavigatesToCorrectPage" />
    </UnitTest>
    <UnitTest name="OpenClawNet.PlaywrightTests.GatewayApiTests.Chat_SendMessage_ReturnsResponseWithContent" storage="c:\src\openclawnet-plan\tests\openclawnet.playwrighttests\bin\release\net10.0\openclawnet.playwrighttests.dll" id="a3caf36e-13ed-c447-9db7-b587cb5794ea">
      <Execution id="e7ba9afb-32ac-403d-a04a-5ec28f370ed8" />
      <TestMethod codeBase="C:\src\openclawnet-plan\tests\OpenClawNet.PlaywrightTests\bin\Release\net10.0\OpenClawNet.PlaywrightTests.dll" adapterTypeName="executor://xunit/VsTestRunner3/netcore/" className="OpenClawNet.PlaywrightTests.GatewayApiTests" name="Chat_SendMessage_ReturnsResponseWithContent" />
    </UnitTest>
    <UnitTest name="OpenClawNet.PlaywrightTests.ChatFlowTests.Chat_NewChatAndSendMessage_ShowsStreamingResponse" storage="c:\src\openclawnet-plan\tests\openclawnet.playwrighttests\bin\release\net10.0\openclawnet.playwrighttests.dll" id="01280ded-0a55-f688-3bc1-cc56c144678f">
      <Execution id="7db8024d-cea1-4a33-a974-f960dc83176e" />
      <TestMethod codeBase="C:\src\openclawnet-plan\tests\OpenClawNet.PlaywrightTests\bin\Release\net10.0\OpenClawNet.PlaywrightTests.dll" adapterTypeName="executor://xunit/VsTestRunner3/netcore/" className="OpenClawNet.PlaywrightTests.ChatFlowTests" name="Chat_NewChatAndSendMessage_ShowsStreamingResponse" />
    </UnitTest>
    <UnitTest name="OpenClawNet.PlaywrightTests.GatewayApiTests.Skills_Reload_ReturnsSuccess" storage="c:\src\openclawnet-plan\tests\openclawnet.playwrighttests\bin\release\net10.0\openclawnet.playwrighttests.dll" id="5afa7c75-6233-6497-9e50-001f4be31e7a">
      <Execution id="498bc368-fe08-4166-a7b4-4e63a8443694" />
      <TestMethod codeBase="C:\src\openclawnet-plan\tests\OpenClawNet.PlaywrightTests\bin\Release\net10.0\OpenClawNet.PlaywrightTests.dll" adapterTypeName="executor://xunit/VsTestRunner3/netcore/" className="OpenClawNet.PlaywrightTests.GatewayApiTests" name="Skills_Reload_ReturnsSuccess" />
    </UnitTest>
    <UnitTest name="OpenClawNet.PlaywrightTests.SettingsAndSkillsTests.SettingsPage_CanSelectDifferentProvider" storage="c:\src\openclawnet-plan\tests\openclawnet.playwrighttests\bin\release\net10.0\openclawnet.playwrighttests.dll" id="75bd1c24-deb6-2652-453a-d145ca60c8d4">
      <Execution id="c60e057d-fdd2-4f8a-bf58-0744e6c6a9b4" />
      <TestMethod codeBase="C:\src\openclawnet-plan\tests\OpenClawNet.PlaywrightTests\bin\Release\net10.0\OpenClawNet.PlaywrightTests.dll" adapterTypeName="executor://xunit/VsTestRunner3/netcore/" className="OpenClawNet.PlaywrightTests.SettingsAndSkillsTests" name="SettingsPage_CanSelectDifferentProvider" />
    </UnitTest>
    <UnitTest name="OpenClawNet.PlaywrightTests.GatewayApiTests.Sessions_GetMessages_ReturnsHistory" storage="c:\src\openclawnet-plan\tests\openclawnet.playwrighttests\bin\release\net10.0\openclawnet.playwrighttests.dll" id="154eb555-3159-9ad9-b4e6-13dc674b4ce8">
      <Execution id="d4edcfef-3c78-4eb8-bb2b-21228a7f337d" />
      <TestMethod codeBase="C:\src\openclawnet-plan\tests\OpenClawNet.PlaywrightTests\bin\Release\net10.0\OpenClawNet.PlaywrightTests.dll" adapterTypeName="executor://xunit/VsTestRunner3/netcore/" className="OpenClawNet.PlaywrightTests.GatewayApiTests" name="Sessions_GetMessages_ReturnsHistory" />
    </UnitTest>
    <UnitTest name="OpenClawNet.PlaywrightTests.BlazorNavigationTests.NavigateTo_Page_RendersWithoutError(path: &quot;/&quot;, expectedTitleFragment: &quot;Chat&quot;)" storage="c:\src\openclawnet-plan\tests\openclawnet.playwrighttests\bin\release\net10.0\openclawnet.playwrighttests.dll" id="252f2a01-35e2-4e6c-4635-fcfae02c275b">
      <Execution id="f59c1572-0d6f-4bb6-8bb8-d08e71d4a071" />
      <TestMethod codeBase="C:\src\openclawnet-plan\tests\OpenClawNet.PlaywrightTests\bin\Release\net10.0\OpenClawNet.PlaywrightTests.dll" adapterTypeName="executor://xunit/VsTestRunner3/netcore/" className="OpenClawNet.PlaywrightTests.BlazorNavigationTests" name="NavigateTo_Page_RendersWithoutError" />
    </UnitTest>
    <UnitTest name="OpenClawNet.PlaywrightTests.BlazorNavigationTests.NavigateTo_Page_RendersWithoutError(path: &quot;/jobs&quot;, expectedTitleFragment: &quot;Jobs&quot;)" storage="c:\src\openclawnet-plan\tests\openclawnet.playwrighttests\bin\release\net10.0\openclawnet.playwrighttests.dll" id="9f767c9e-5205-cd5a-1c1e-b21843843ab8">
      <Execution id="5436a4ca-5fa0-4d31-980f-dc2a10d8a7e6" />
      <TestMethod codeBase="C:\src\openclawnet-plan\tests\OpenClawNet.PlaywrightTests\bin\Release\net10.0\OpenClawNet.PlaywrightTests.dll" adapterTypeName="executor://xunit/VsTestRunner3/netcore/" className="OpenClawNet.PlaywrightTests.BlazorNavigationTests" name="NavigateTo_Page_RendersWithoutError" />
    </UnitTest>
    <UnitTest name="OpenClawNet.PlaywrightTests.GatewayApiTests.Webhooks_GetList_ReturnsWebhookSessions" storage="c:\src\openclawnet-plan\tests\openclawnet.playwrighttests\bin\release\net10.0\openclawnet.playwrighttests.dll" id="6461d291-bbc4-cef1-4fe2-7d3f9fb9f6bd">
      <Execution id="97b81718-d6c5-4c7a-9c07-d8b930d81090" />
      <TestMethod codeBase="C:\src\openclawnet-plan\tests\OpenClawNet.PlaywrightTests\bin\Release\net10.0\OpenClawNet.PlaywrightTests.dll" adapterTypeName="executor://xunit/VsTestRunner3/netcore/" className="OpenClawNet.PlaywrightTests.GatewayApiTests" name="Webhooks_GetList_ReturnsWebhookSessions" />
    </UnitTest>
    <UnitTest name="OpenClawNet.PlaywrightTests.GatewayApiTests.Sessions_ListSessions_ReturnsArray" storage="c:\src\openclawnet-plan\tests\openclawnet.playwrighttests\bin\release\net10.0\openclawnet.playwrighttests.dll" id="9828de21-a8a7-f90e-655e-b817b2abc03c">
      <Execution id="3b5bd69f-fc4b-4bb7-bf7e-d6327fc2e3ef" />
      <TestMethod codeBase="C:\src\openclawnet-plan\tests\OpenClawNet.PlaywrightTests\bin\Release\net10.0\OpenClawNet.PlaywrightTests.dll" adapterTypeName="executor://xunit/VsTestRunner3/netcore/" className="OpenClawNet.PlaywrightTests.GatewayApiTests" name="Sessions_ListSessions_ReturnsArray" />
    </UnitTest>
    <UnitTest name="OpenClawNet.PlaywrightTests.GatewayApiTests.Webhooks_CodeReviewPayload_CreatesSession" storage="c:\src\openclawnet-plan\tests\openclawnet.playwrighttests\bin\release\net10.0\openclawnet.playwrighttests.dll" id="b23b67f0-b3f5-ed98-311f-93592c26328f">
      <Execution id="0977a006-f2c7-445f-a615-4a95abf75571" />
      <TestMethod codeBase="C:\src\openclawnet-plan\tests\OpenClawNet.PlaywrightTests\bin\Release\net10.0\OpenClawNet.PlaywrightTests.dll" adapterTypeName="executor://xunit/VsTestRunner3/netcore/" className="OpenClawNet.PlaywrightTests.GatewayApiTests" name="Webhooks_CodeReviewPayload_CreatesSession" />
    </UnitTest>
    <UnitTest name="OpenClawNet.PlaywrightTests.BlazorNavigationTests.NavigateTo_Page_RendersWithoutError(path: &quot;/sessions&quot;, expectedTitleFragment: &quot;Sessions&quot;)" storage="c:\src\openclawnet-plan\tests\openclawnet.playwrighttests\bin\release\net10.0\openclawnet.playwrighttests.dll" id="0a943528-492b-541d-fbfe-1e86d12c9a53">
      <Execution id="0c8f6e7e-03c4-4dd3-92a7-45d8c7b24bff" />
      <TestMethod codeBase="C:\src\openclawnet-plan\tests\OpenClawNet.PlaywrightTests\bin\Release\net10.0\OpenClawNet.PlaywrightTests.dll" adapterTypeName="executor://xunit/VsTestRunner3/netcore/" className="OpenClawNet.PlaywrightTests.BlazorNavigationTests" name="NavigateTo_Page_RendersWithoutError" />
    </UnitTest>
    <UnitTest name="OpenClawNet.PlaywrightTests.GatewayApiTests.Sessions_GetById_ReturnsFullSession" storage="c:\src\openclawnet-plan\tests\openclawnet.playwrighttests\bin\release\net10.0\openclawnet.playwrighttests.dll" id="bc02abba-7006-e873-c02f-5054f2dfdfb9">
      <Execution id="af788381-d1c6-40d9-abaf-9c30bbf90f6c" />
      <TestMethod codeBase="C:\src\openclawnet-plan\tests\OpenClawNet.PlaywrightTests\bin\Release\net10.0\OpenClawNet.PlaywrightTests.dll" adapterTypeName="executor://xunit/VsTestRunner3/netcore/" className="OpenClawNet.PlaywrightTests.GatewayApiTests" name="Sessions_GetById_ReturnsFullSession" />
    </UnitTest>
    <UnitTest name="OpenClawNet.PlaywrightTests.BlazorNavigationTests.ClickNavLink_NavigatesToCorrectPage(menuLabel: &quot;Settings&quot;, expectedPath: &quot;/settings&quot;)" storage="c:\src\openclawnet-plan\tests\openclawnet.playwrighttests\bin\release\net10.0\openclawnet.playwrighttests.dll" id="656d65c0-1f8b-be04-2462-02c403d06a5a">
      <Execution id="863ade44-ce1e-4322-a12f-f85896b5e9b1" />
      <TestMethod codeBase="C:\src\openclawnet-plan\tests\OpenClawNet.PlaywrightTests\bin\Release\net10.0\OpenClawNet.PlaywrightTests.dll" adapterTypeName="executor://xunit/VsTestRunner3/netcore/" className="OpenClawNet.PlaywrightTests.BlazorNavigationTests" name="ClickNavLink_NavigatesToCorrectPage" />
    </UnitTest>
    <UnitTest name="OpenClawNet.PlaywrightTests.GatewayApiTests.Webhooks_GitPushPayload_CreatesSession" storage="c:\src\openclawnet-plan\tests\openclawnet.playwrighttests\bin\release\net10.0\openclawnet.playwrighttests.dll" id="18943b24-1d0e-6702-3b50-f5399419b99c">
      <Execution id="f49977ad-4e52-4bbf-a537-a97665bea073" />
      <TestMethod codeBase="C:\src\openclawnet-plan\tests\OpenClawNet.PlaywrightTests\bin\Release\net10.0\OpenClawNet.PlaywrightTests.dll" adapterTypeName="executor://xunit/VsTestRunner3/netcore/" className="OpenClawNet.PlaywrightTests.GatewayApiTests" name="Webhooks_GitPushPayload_CreatesSession" />
    </UnitTest>
    <UnitTest name="OpenClawNet.PlaywrightTests.GatewayApiTests.Health_GetEndpoint_ReturnsHealthy" storage="c:\src\openclawnet-plan\tests\openclawnet.playwrighttests\bin\release\net10.0\openclawnet.playwrighttests.dll" id="5abd0a46-0b71-abfd-7f2c-6c86a08e3cae">
      <Execution id="62c1ce81-f6aa-4e1c-89e8-c6307316a74c" />
      <TestMethod codeBase="C:\src\openclawnet-plan\tests\OpenClawNet.PlaywrightTests\bin\Release\net10.0\OpenClawNet.PlaywrightTests.dll" adapterTypeName="executor://xunit/VsTestRunner3/netcore/" className="OpenClawNet.PlaywrightTests.GatewayApiTests" name="Health_GetEndpoint_ReturnsHealthy" />
    </UnitTest>
  </TestDefinitions>
  <TestEntries>
    <TestEntry testId="bd2ca6ba-df6f-12dd-067e-274cc39b68b5" executionId="9ed2729b-ae9f-4b4f-b928-8e86e9ddcb1e" testListId="8c84fa94-04c1-424b-9868-57a2d4851a1d" />
    <TestEntry testId="3381394f-cf42-6c32-0b71-7c8182b3a909" executionId="e383dc27-0324-4d18-bcdd-1365b8f20d4a" testListId="8c84fa94-04c1-424b-9868-57a2d4851a1d" />
    <TestEntry testId="6461d291-bbc4-cef1-4fe2-7d3f9fb9f6bd" executionId="97b81718-d6c5-4c7a-9c07-d8b930d81090" testListId="8c84fa94-04c1-424b-9868-57a2d4851a1d" />
    <TestEntry testId="18de8cab-fe8f-8dc4-0e54-06deb643ca13" executionId="a269225c-a60b-413f-b305-08636b74f354" testListId="8c84fa94-04c1-424b-9868-57a2d4851a1d" />
    <TestEntry testId="5abd0a46-0b71-abfd-7f2c-6c86a08e3cae" executionId="62c1ce81-f6aa-4e1c-89e8-c6307316a74c" testListId="8c84fa94-04c1-424b-9868-57a2d4851a1d" />
    <TestEntry testId="dd53ce44-0998-f0de-e1e5-9191f55117da" executionId="0d4e3572-c995-4c82-95bd-632a0afa2a1b" testListId="8c84fa94-04c1-424b-9868-57a2d4851a1d" />
    <TestEntry testId="f517f8b3-d991-6397-85df-ba4fa58e29c1" executionId="821335ba-11b9-496b-919f-9657807ea26f" testListId="8c84fa94-04c1-424b-9868-57a2d4851a1d" />
    <TestEntry testId="08fdb781-0419-301e-94d1-9c4e4539d3c5" executionId="2bdc4382-e2cd-480e-aa22-7737cc70b638" testListId="8c84fa94-04c1-424b-9868-57a2d4851a1d" />
    <TestEntry testId="f0ea856f-95b7-63a5-4f61-36b3f1d89c00" executionId="2370b104-e6e5-4346-b7a5-dec97431041b" testListId="8c84fa94-04c1-424b-9868-57a2d4851a1d" />
    <TestEntry testId="c0efca36-ae7b-32a1-2ee4-021fff69c239" executionId="98c259fe-2ef7-429e-9e6b-a4490757205f" testListId="8c84fa94-04c1-424b-9868-57a2d4851a1d" />
    <TestEntry testId="b8d48ff9-e9d7-780b-7a94-7985006fdabc" executionId="8dad484e-f148-4447-905d-69055efc2584" testListId="8c84fa94-04c1-424b-9868-57a2d4851a1d" />
    <TestEntry testId="18943b24-1d0e-6702-3b50-f5399419b99c" executionId="f49977ad-4e52-4bbf-a537-a97665bea073" testListId="8c84fa94-04c1-424b-9868-57a2d4851a1d" />
    <TestEntry testId="cc2ae56d-a1c9-7f77-345e-3fb5f1f4a3ea" executionId="d70aec05-8384-4887-ac5a-d0337c829a51" testListId="8c84fa94-04c1-424b-9868-57a2d4851a1d" />
    <TestEntry testId="9be6035a-4a0f-d661-e4ae-2d34b0c4edca" executionId="09e74cd6-577d-4fd9-bcae-9c580527f65e" testListId="8c84fa94-04c1-424b-9868-57a2d4851a1d" />
    <TestEntry testId="6307dc3a-2942-b10a-68a3-48ed8f19ae43" executionId="25c3b0f3-0ca6-42a3-8288-7e148819e011" testListId="8c84fa94-04c1-424b-9868-57a2d4851a1d" />
    <TestEntry testId="b3c8c01e-cc78-cd14-6d63-2b9c38eabaa8" executionId="667341c9-4ea2-41e5-8459-c4cdaf9b042d" testListId="8c84fa94-04c1-424b-9868-57a2d4851a1d" />
    <TestEntry testId="9f767c9e-5205-cd5a-1c1e-b21843843ab8" executionId="5436a4ca-5fa0-4d31-980f-dc2a10d8a7e6" testListId="8c84fa94-04c1-424b-9868-57a2d4851a1d" />
    <TestEntry testId="6e9c8c1b-96d9-bff2-efa5-e078635ad8ce" executionId="539597e7-d601-48d3-ba84-f13d979454d8" testListId="8c84fa94-04c1-424b-9868-57a2d4851a1d" />
    <TestEntry testId="01280ded-0a55-f688-3bc1-cc56c144678f" executionId="7db8024d-cea1-4a33-a974-f960dc83176e" testListId="8c84fa94-04c1-424b-9868-57a2d4851a1d" />
    <TestEntry testId="8c6f70ff-5227-be64-c665-3d493a26c6f6" executionId="56bdccee-764d-44c6-b052-4eaa8f70f782" testListId="8c84fa94-04c1-424b-9868-57a2d4851a1d" />
    <TestEntry testId="656d65c0-1f8b-be04-2462-02c403d06a5a" executionId="863ade44-ce1e-4322-a12f-f85896b5e9b1" testListId="8c84fa94-04c1-424b-9868-57a2d4851a1d" />
    <TestEntry testId="1b50bbfc-45c8-5ded-dcb0-b5edc73d614e" executionId="8572f738-b72d-40f3-9db1-765cd389926a" testListId="8c84fa94-04c1-424b-9868-57a2d4851a1d" />
    <TestEntry testId="fde9438d-4d24-400b-cc21-5283e75b5d3e" executionId="63bb9e0b-9b08-40f4-80b9-d006c34328b5" testListId="8c84fa94-04c1-424b-9868-57a2d4851a1d" />
    <TestEntry testId="9828de21-a8a7-f90e-655e-b817b2abc03c" executionId="3b5bd69f-fc4b-4bb7-bf7e-d6327fc2e3ef" testListId="8c84fa94-04c1-424b-9868-57a2d4851a1d" />
    <TestEntry testId="bc02abba-7006-e873-c02f-5054f2dfdfb9" executionId="af788381-d1c6-40d9-abaf-9c30bbf90f6c" testListId="8c84fa94-04c1-424b-9868-57a2d4851a1d" />
    <TestEntry testId="38a90175-22c6-cd27-09b9-6695497b09dc" executionId="3277ae43-f2f0-4fdd-b9e6-48867740bde8" testListId="8c84fa94-04c1-424b-9868-57a2d4851a1d" />
    <TestEntry testId="d58b00fe-36c7-7815-7d30-bf925279aa06" executionId="7a044b50-5022-4556-a1e5-10637d430187" testListId="8c84fa94-04c1-424b-9868-57a2d4851a1d" />
    <TestEntry testId="252f2a01-35e2-4e6c-4635-fcfae02c275b" executionId="f59c1572-0d6f-4bb6-8bb8-d08e71d4a071" testListId="8c84fa94-04c1-424b-9868-57a2d4851a1d" />
    <TestEntry testId="c5aa837b-0f34-0463-b8a6-b03f4d812572" executionId="c0652e08-0c04-42d3-857f-e5c6d6723919" testListId="8c84fa94-04c1-424b-9868-57a2d4851a1d" />
    <TestEntry testId="85ff5096-e103-1623-e366-93f8d0fc6ca2" executionId="6779d7b2-4316-46a9-8ee6-4d0b3caf0424" testListId="8c84fa94-04c1-424b-9868-57a2d4851a1d" />
    <TestEntry testId="154eb555-3159-9ad9-b4e6-13dc674b4ce8" executionId="d4edcfef-3c78-4eb8-bb2b-21228a7f337d" testListId="8c84fa94-04c1-424b-9868-57a2d4851a1d" />
    <TestEntry testId="05850bc9-065b-3e45-3f2c-51f73f4ceaa2" executionId="d91255d6-eb9c-4033-943c-8321962fd3de" testListId="8c84fa94-04c1-424b-9868-57a2d4851a1d" />
    <TestEntry testId="d113af65-325b-050e-bc23-e2a56fd9b3f5" executionId="8a01a7ad-3991-403f-be6a-25fae5480c3a" testListId="8c84fa94-04c1-424b-9868-57a2d4851a1d" />
    <TestEntry testId="266a6069-a9d0-5f8e-2b86-143f33fb400c" executionId="77950277-2f31-40c3-ac2e-399b3bb685ca" testListId="8c84fa94-04c1-424b-9868-57a2d4851a1d" />
    <TestEntry testId="75bd1c24-deb6-2652-453a-d145ca60c8d4" executionId="c60e057d-fdd2-4f8a-bf58-0744e6c6a9b4" testListId="8c84fa94-04c1-424b-9868-57a2d4851a1d" />
    <TestEntry testId="2b26793d-e934-9cf7-df19-cf2e47c3fd7d" executionId="0414754e-d558-4cbf-b4f5-e1823df70eae" testListId="8c84fa94-04c1-424b-9868-57a2d4851a1d" />
    <TestEntry testId="4a009d3c-5d94-e195-7599-091b3e3c49c0" executionId="447106d7-db84-4271-a548-49c9fbdb858f" testListId="8c84fa94-04c1-424b-9868-57a2d4851a1d" />
    <TestEntry testId="f70a4ba7-01b5-6526-299a-783e19c2e787" executionId="64e634ed-fc51-4602-8e53-d0acae0f34f8" testListId="8c84fa94-04c1-424b-9868-57a2d4851a1d" />
    <TestEntry testId="2f23a1ec-bdee-040a-02e0-a090799cafec" executionId="064e9735-8243-427c-b464-e9a6d8f49ddf" testListId="8c84fa94-04c1-424b-9868-57a2d4851a1d" />
    <TestEntry testId="31bb4a38-f158-bac7-2391-9be93eac9d3a" executionId="c12fdbb1-97d2-4161-9cb8-a0a5c7e1d886" testListId="8c84fa94-04c1-424b-9868-57a2d4851a1d" />
    <TestEntry testId="64b3417f-6f61-88ca-0e3f-fdcac7ba7473" executionId="2f729d0d-3f1a-4ed7-b97d-3fd37d5a8a79" testListId="8c84fa94-04c1-424b-9868-57a2d4851a1d" />
    <TestEntry testId="a3caf36e-13ed-c447-9db7-b587cb5794ea" executionId="e7ba9afb-32ac-403d-a04a-5ec28f370ed8" testListId="8c84fa94-04c1-424b-9868-57a2d4851a1d" />
    <TestEntry testId="a4254811-e835-571b-0e8a-a812a54a5f1b" executionId="084063cd-f774-49ea-8622-b16d2708458d" testListId="8c84fa94-04c1-424b-9868-57a2d4851a1d" />
    <TestEntry testId="e70782c1-725f-afa8-c65e-1651bb66d144" executionId="5c35db8c-da65-41d9-b9ed-2812b4dc35b1" testListId="8c84fa94-04c1-424b-9868-57a2d4851a1d" />
    <TestEntry testId="670ea536-28e0-531f-f931-e9e3fc76d913" executionId="351224fb-5699-4aa9-bc24-548afb773397" testListId="8c84fa94-04c1-424b-9868-57a2d4851a1d" />
    <TestEntry testId="7fd1090b-b167-0aaf-3066-daaf9326f3c3" executionId="bbd6197a-daee-40da-a884-0a2af96125bb" testListId="8c84fa94-04c1-424b-9868-57a2d4851a1d" />
    <TestEntry testId="8ec1f603-a043-6857-644e-0e9a765d9598" executionId="900539f5-852a-49b3-a1d6-fa0668a44d8c" testListId="8c84fa94-04c1-424b-9868-57a2d4851a1d" />
    <TestEntry testId="959a67af-80e8-a297-2a75-931a48b66206" executionId="75eb1f08-ad11-491e-8086-aedc40a1e6b7" testListId="8c84fa94-04c1-424b-9868-57a2d4851a1d" />
    <TestEntry testId="b23b67f0-b3f5-ed98-311f-93592c26328f" executionId="0977a006-f2c7-445f-a615-4a95abf75571" testListId="8c84fa94-04c1-424b-9868-57a2d4851a1d" />
    <TestEntry testId="0a943528-492b-541d-fbfe-1e86d12c9a53" executionId="0c8f6e7e-03c4-4dd3-92a7-45d8c7b24bff" testListId="8c84fa94-04c1-424b-9868-57a2d4851a1d" />
    <TestEntry testId="5afa7c75-6233-6497-9e50-001f4be31e7a" executionId="498bc368-fe08-4166-a7b4-4e63a8443694" testListId="8c84fa94-04c1-424b-9868-57a2d4851a1d" />
    <TestEntry testId="97441e1d-857f-ac85-56f3-0882f43a09c2" executionId="87935187-737a-4c3d-a97b-a40776dea079" testListId="8c84fa94-04c1-424b-9868-57a2d4851a1d" />
  </TestEntries>
  <TestLists>
    <TestList name="Results Not in a List" id="8c84fa94-04c1-424b-9868-57a2d4851a1d" />
    <TestList name="All Loaded Results" id="19431567-8539-422a-85d7-44ee4e166bda" />
  </TestLists>
  <ResultSummary outcome="Completed">
    <Counters total="52" executed="52" passed="52" failed="0" error="0" timeout="0" aborted="0" inconclusive="0" passedButRunAborted="0" notRunnable="0" notExecuted="0" disconnected="0" warning="0" completed="0" inProgress="0" pending="0" />
    <Output>
      <StdOut>[xUnit.net 00:00:00.00] xUnit.net VSTest Adapter v3.1.5+1b188a7b0a (64-bit .NET 10.0.5)&#xD;
[xUnit.net 00:00:00.11]   Discovering: OpenClawNet.PlaywrightTests&#xD;
[xUnit.net 00:00:00.18]   Discovered:  OpenClawNet.PlaywrightTests&#xD;
[xUnit.net 00:00:00.21]   Starting:    OpenClawNet.PlaywrightTests&#xD;
info: Aspire.Hosting.DistributedApplication[0]&#xD;
      Aspire version: 13.2.2+25961cf7043e413abaf8ad84348988f2904b90d5&#xD;
info: Aspire.Hosting.DistributedApplication[0]&#xD;
      Distributed application starting.&#xD;
info: Aspire.Hosting.DistributedApplication[0]&#xD;
      Application host directory is: C:\src\openclawnet-plan\src\OpenClawNet.AppHost&#xD;
info: OpenClawNet.AppHost.Resources.channels[0]&#xD;
      1: 2026-04-14T15:55:55.5671937Z Waiting for resource 'gateway' to enter the 'Running' state.&#xD;
info: OpenClawNet.AppHost.Resources.web[0]&#xD;
      1: 2026-04-14T15:55:55.5672857Z Waiting for resource 'gateway' to enter the 'Running' state.&#xD;
info: OpenClawNet.AppHost.Resources.scheduler[0]&#xD;
      1: 2026-04-14T15:55:55.5672659Z Waiting for resource 'gateway' to enter the 'Running' state.&#xD;
info: OpenClawNet.AppHost.Resources.openclawnet-db-sqliteweb[0]&#xD;
      1: 2026-04-14T15:55:55.5765549Z Waiting for resource 'openclawnet-db' to enter the 'Running' state.&#xD;
info: OpenClawNet.AppHost.Resources.openclawnet-db-sqliteweb[0]&#xD;
      2: 2026-04-14T15:55:55.5802745Z Waiting for resource ready to execute for 'openclawnet-db'.&#xD;
info: OpenClawNet.AppHost.Resources.openclawnet-db-sqliteweb[0]&#xD;
      3: 2026-04-14T15:55:55.5812825Z Finished waiting for resource 'openclawnet-db'.&#xD;
info: OpenClawNet.AppHost.Resources.web[0]&#xD;
      2: 2026-04-14T15:55:55.5825450Z Waiting for resource 'scheduler' to enter the 'Running' state.&#xD;
info: OpenClawNet.AppHost.Resources.openclawnet-db-sqliteweb[0]&#xD;
      4: 2026-04-14T15:55:55.9040000Z 942d0cfbd2b7c2a4020f920670783059910dfb77463e4422505a09fa50637355&#xD;
info: OpenClawNet.AppHost.Resources.scheduler[0]&#xD;
      2: 2026-04-14T15:55:56.0534340Z Waiting for resource 'gateway' to become healthy.&#xD;
info: OpenClawNet.AppHost.Resources.channels[0]&#xD;
      2: 2026-04-14T15:55:56.0534507Z Waiting for resource 'gateway' to become healthy.&#xD;
info: OpenClawNet.AppHost.Resources.web[0]&#xD;
      3: 2026-04-14T15:55:56.0534483Z Waiting for resource 'gateway' to become healthy.&#xD;
info: OpenClawNet.AppHost.Resources.shell-service[0]&#xD;
      1: 2026-04-14T15:55:57.7970000Z info: Microsoft.Hosting.Lifetime[14]&#xD;
info: OpenClawNet.AppHost.Resources.shell-service[0]&#xD;
      2: 2026-04-14T15:55:57.7970000Z       Now listening on: http://localhost:53982&#xD;
info: OpenClawNet.AppHost.Resources.shell-service[0]&#xD;
      3: 2026-04-14T15:55:57.8040000Z info: Microsoft.Hosting.Lifetime[0]&#xD;
info: OpenClawNet.AppHost.Resources.shell-service[0]&#xD;
      4: 2026-04-14T15:55:57.8040000Z       Application started. Press Ctrl+C to shut down.&#xD;
info: OpenClawNet.AppHost.Resources.shell-service[0]&#xD;
      5: 2026-04-14T15:55:57.8050000Z info: Microsoft.Hosting.Lifetime[0]&#xD;
info: OpenClawNet.AppHost.Resources.shell-service[0]&#xD;
      6: 2026-04-14T15:55:57.8050000Z       Hosting environment: Development&#xD;
info: OpenClawNet.AppHost.Resources.shell-service[0]&#xD;
      7: 2026-04-14T15:55:57.8050000Z info: Microsoft.Hosting.Lifetime[0]&#xD;
info: OpenClawNet.AppHost.Resources.shell-service[0]&#xD;
      8: 2026-04-14T15:55:57.8050000Z       Content root path: C:\src\openclawnet-plan\src\OpenClawNet.Services.Shell&#xD;
info: OpenClawNet.AppHost.Resources.browser-service[0]&#xD;
      1: 2026-04-14T15:55:57.8810000Z info: Microsoft.Hosting.Lifetime[14]&#xD;
info: OpenClawNet.AppHost.Resources.browser-service[0]&#xD;
      2: 2026-04-14T15:55:57.8810000Z       Now listening on: http://localhost:53983&#xD;
info: OpenClawNet.AppHost.Resources.browser-service[0]&#xD;
      3: 2026-04-14T15:55:57.8880000Z info: Microsoft.Hosting.Lifetime[0]&#xD;
info: OpenClawNet.AppHost.Resources.browser-service[0]&#xD;
      4: 2026-04-14T15:55:57.8880000Z       Application started. Press Ctrl+C to shut down.&#xD;
info: OpenClawNet.AppHost.Resources.browser-service[0]&#xD;
      5: 2026-04-14T15:55:57.8900000Z info: Microsoft.Hosting.Lifetime[0]&#xD;
info: OpenClawNet.AppHost.Resources.browser-service[0]&#xD;
      6: 2026-04-14T15:55:57.8900000Z       Hosting environment: Development&#xD;
info: OpenClawNet.AppHost.Resources.memory-service[0]&#xD;
      1: 2026-04-14T15:55:57.9810000Z info: Microsoft.Hosting.Lifetime[14]&#xD;
info: OpenClawNet.AppHost.Resources.browser-service[0]&#xD;
      7: 2026-04-14T15:55:57.8900000Z info: Microsoft.Hosting.Lifetime[0]&#xD;
info: OpenClawNet.AppHost.Resources.browser-service[0]&#xD;
      8: 2026-04-14T15:55:57.8900000Z       Content root path: C:\src\openclawnet-plan\src\OpenClawNet.Services.Browser&#xD;
info: OpenClawNet.AppHost.Resources.memory-service[0]&#xD;
      2: 2026-04-14T15:55:57.9810000Z       Now listening on: http://localhost:53984&#xD;
info: OpenClawNet.AppHost.Resources.browser-service[0]&#xD;
      9: 2026-04-14T15:55:57.9830000Z info: Microsoft.AspNetCore.Hosting.Diagnostics[1]&#xD;
info: OpenClawNet.AppHost.Resources.memory-service[0]&#xD;
      3: 2026-04-14T15:55:57.9870000Z info: Microsoft.Hosting.Lifetime[0]&#xD;
info: OpenClawNet.AppHost.Resources.memory-service[0]&#xD;
      4: 2026-04-14T15:55:57.9870000Z       Application started. Press Ctrl+C to shut down.&#xD;
info: OpenClawNet.AppHost.Resources.browser-service[0]&#xD;
      10: 2026-04-14T15:55:57.9830000Z       Request starting HTTP/1.1 GET http://localhost:53975/health - - -&#xD;
info: OpenClawNet.AppHost.Resources.memory-service[0]&#xD;
[...]
info: OpenClawNet.AppHost.Resources.gateway[0]&#xD;
      646: 2026-04-14T16:00:37.4630000Z       OnConnectedAsync started.&#xD;
info: OpenClawNet.AppHost.Resources.gateway[0]&#xD;
      647: 2026-04-14T16:00:37.4630000Z dbug: Microsoft.AspNetCore.SignalR.Internal.DefaultHubProtocolResolver[2]&#xD;
info: OpenClawNet.AppHost.Resources.gateway[0]&#xD;
      648: 2026-04-14T16:00:37.4630000Z       Found protocol implementation for requested protocol: json.&#xD;
info: OpenClawNet.AppHost.Resources.gateway[0]&#xD;
      649: 2026-04-14T16:00:37.4630000Z dbug: Microsoft.AspNetCore.SignalR.HubConnectionContext[1]&#xD;
info: OpenClawNet.AppHost.Resources.gateway[0]&#xD;
      650: 2026-04-14T16:00:37.4630000Z       Completed connection handshake. Using HubProtocol 'json'.&#xD;
info: OpenClawNet.AppHost.Resources.web[0]&#xD;
      769: 2026-04-14T16:00:37.3210000Z info: System.Net.Http.HttpClient.gateway.LogicalHandler[100]&#xD;
info: OpenClawNet.AppHost.Resources.web[0]&#xD;
      770: 2026-04-14T16:00:37.3210000Z       Start processing HTTP request GET https://localhost:53976/api/sessions&#xD;
info: OpenClawNet.AppHost.Resources.web[0]&#xD;
      771: 2026-04-14T16:00:37.3210000Z info: System.Net.Http.HttpClient.gateway.ClientHandler[100]&#xD;
info: OpenClawNet.AppHost.Resources.web[0]&#xD;
      772: 2026-04-14T16:00:37.3210000Z       Sending HTTP request GET https://localhost:53976/api/sessions&#xD;
info: OpenClawNet.AppHost.Resources.web[0]&#xD;
      773: 2026-04-14T16:00:37.3230000Z info: System.Net.Http.HttpClient.gateway.ClientHandler[101]&#xD;
info: OpenClawNet.AppHost.Resources.web[0]&#xD;
      774: 2026-04-14T16:00:37.3230000Z       Received HTTP response headers after 1.7787ms - 200&#xD;
info: OpenClawNet.AppHost.Resources.web[0]&#xD;
      775: 2026-04-14T16:00:37.3230000Z info: Polly[3]&#xD;
info: OpenClawNet.AppHost.Resources.web[0]&#xD;
      776: 2026-04-14T16:00:37.3230000Z       Execution attempt. Source: '-standard//Standard-Retry', Operation Key: '', Result: '200', Handled: 'False', Attempt: '0', Execution Time: 1.8635ms&#xD;
info: OpenClawNet.AppHost.Resources.web[0]&#xD;
      777: 2026-04-14T16:00:37.3230000Z info: System.Net.Http.HttpClient.gateway.LogicalHandler[101]&#xD;
info: OpenClawNet.AppHost.Resources.web[0]&#xD;
      778: 2026-04-14T16:00:37.3230000Z       End processing HTTP request after 1.9892ms - 200&#xD;
info: OpenClawNet.AppHost.Resources.web[0]&#xD;
      779: 2026-04-14T16:00:37.3230000Z info: System.Net.Http.HttpClient.gateway.LogicalHandler[100]&#xD;
info: OpenClawNet.AppHost.Resources.web[0]&#xD;
      780: 2026-04-14T16:00:37.3230000Z       Start processing HTTP request GET https://localhost:53976/api/sessions/09e1f9ef-0205-4173-a321-7f18b6611138/messages&#xD;
info: OpenClawNet.AppHost.Resources.web[0]&#xD;
      781: 2026-04-14T16:00:37.3230000Z info: System.Net.Http.HttpClient.gateway.ClientHandler[100]&#xD;
info: OpenClawNet.AppHost.Resources.web[0]&#xD;
      782: 2026-04-14T16:00:37.3230000Z       Sending HTTP request GET https://localhost:53976/api/sessions/09e1f9ef-0205-4173-a321-7f18b6611138/messages&#xD;
info: OpenClawNet.AppHost.Resources.web[0]&#xD;
      783: 2026-04-14T16:00:37.3240000Z info: System.Net.Http.HttpClient.gateway.ClientHandler[101]&#xD;
info: OpenClawNet.AppHost.Resources.web[0]&#xD;
      784: 2026-04-14T16:00:37.3240000Z       Received HTTP response headers after 1.2886ms - 200&#xD;
info: OpenClawNet.AppHost.Resources.web[0]&#xD;
      785: 2026-04-14T16:00:37.3240000Z info: Polly[3]&#xD;
info: OpenClawNet.AppHost.Resources.web[0]&#xD;
      786: 2026-04-14T16:00:37.3240000Z       Execution attempt. Source: '-standard//Standard-Retry', Operation Key: '', Result: '200', Handled: 'False', Attempt: '0', Execution Time: 1.3626ms&#xD;
info: OpenClawNet.AppHost.Resources.web[0]&#xD;
      787: 2026-04-14T16:00:37.3240000Z info: System.Net.Http.HttpClient.gateway.LogicalHandler[101]&#xD;
info: OpenClawNet.AppHost.Resources.web[0]&#xD;
      788: 2026-04-14T16:00:37.3240000Z       End processing HTTP request after 1.4514ms - 200&#xD;
info: OpenClawNet.AppHost.Resources.web[0]&#xD;
      789: 2026-04-14T16:00:37.4460000Z info: System.Net.Http.HttpClient.gateway.LogicalHandler[100]&#xD;
info: OpenClawNet.AppHost.Resources.web[0]&#xD;
      790: 2026-04-14T16:00:37.4460000Z       Start processing HTTP request GET https://localhost:53976/api/sessions&#xD;
info: OpenClawNet.AppHost.Resources.web[0]&#xD;
      791: 2026-04-14T16:00:37.4470000Z info: System.Net.Http.HttpClient.gateway.ClientHandler[100]&#xD;
info: OpenClawNet.AppHost.Resources.web[0]&#xD;
      792: 2026-04-14T16:00:37.4470000Z       Sending HTTP request GET https://localhost:53976/api/sessions&#xD;
info: OpenClawNet.AppHost.Resources.web[0]&#xD;
      793: 2026-04-14T16:00:37.4490000Z info: System.Net.Http.HttpClient.gateway.ClientHandler[101]&#xD;
info: OpenClawNet.AppHost.Resources.web[0]&#xD;
      794: 2026-04-14T16:00:37.4490000Z       Received HTTP response headers after 1.8248ms - 200&#xD;
info: OpenClawNet.AppHost.Resources.web[0]&#xD;
      795: 2026-04-14T16:00:37.4490000Z info: Polly[3]&#xD;
info: OpenClawNet.AppHost.Resources.web[0]&#xD;
      796: 2026-04-14T16:00:37.4490000Z       Execution attempt. Source: '-standard//Standard-Retry', Operation Key: '', Result: '200', Handled: 'False', Attempt: '0', Execution Time: 1.9046ms&#xD;
info: OpenClawNet.AppHost.Resources.web[0]&#xD;
      797: 2026-04-14T16:00:37.4490000Z info: System.Net.Http.HttpClient.gateway.LogicalHandler[101]&#xD;
info: OpenClawNet.AppHost.Resources.web[0]&#xD;
      798: 2026-04-14T16:00:37.4490000Z       End processing HTTP request after 2.0172ms - 200&#xD;
info: OpenClawNet.AppHost.Resources.web[0]&#xD;
      799: 2026-04-14T16:00:37.4490000Z info: System.Net.Http.HttpClient.gateway.LogicalHandler[100]&#xD;
info: OpenClawNet.AppHost.Resources.web[0]&#xD;
      800: 2026-04-14T16:00:37.4490000Z       Start processing HTTP request GET https://localhost:53976/api/sessions/09e1f9ef-0205-4173-a321-7f18b6611138/messages&#xD;
info: OpenClawNet.AppHost.Resources.web[0]&#xD;
      801: 2026-04-14T16:00:37.4490000Z info: System.Net.Http.HttpClient.gateway.ClientHandler[100]&#xD;
info: OpenClawNet.AppHost.Resources.web[0]&#xD;
      802: 2026-04-14T16:00:37.4490000Z       Sending HTTP request GET https://localhost:53976/api/sessions/09e1f9ef-0205-4173-a321-7f18b6611138/messages&#xD;
info: OpenClawNet.AppHost.Resources.web[0]&#xD;
      803: 2026-04-14T16:00:37.4510000Z info: System.Net.Http.HttpClient.gateway.ClientHandler[101]&#xD;
info: OpenClawNet.AppHost.Resources.web[0]&#xD;
      804: 2026-04-14T16:00:37.4510000Z       Received HTTP response headers after 1.3484ms - 200&#xD;
info: OpenClawNet.AppHost.Resources.web[0]&#xD;
      805: 2026-04-14T16:00:37.4510000Z info: Polly[3]&#xD;
info: OpenClawNet.AppHost.Resources.web[0]&#xD;
      806: 2026-04-14T16:00:37.4510000Z       Execution attempt. Source: '-standard//Standard-Retry', Operation Key: '', Result: '200', Handled: 'False', Attempt: '0', Execution Time: 1.4575ms&#xD;
info: OpenClawNet.AppHost.Resources.web[0]&#xD;
      807: 2026-04-14T16:00:37.4510000Z info: System.Net.Http.HttpClient.gateway.LogicalHandler[101]&#xD;
info: OpenClawNet.AppHost.Resources.web[0]&#xD;
      808: 2026-04-14T16:00:37.4510000Z       End processing HTTP request after 1.6337ms - 200&#xD;
info: OpenClawNet.AppHost.Resources.gateway[0]&#xD;
      651: 2026-04-14T16:00:37.9530000Z dbug: Microsoft.AspNetCore.SignalR.HubConnectionHandler[6]&#xD;
info: OpenClawNet.AppHost.Resources.gateway[0]&#xD;
      652: 2026-04-14T16:00:37.9530000Z       OnConnectedAsync ending.&#xD;
info: OpenClawNet.AppHost.Resources.web[0]&#xD;
      809: 2026-04-14T16:00:38.0330000Z info: System.Net.Http.HttpClient.gateway.LogicalHandler[100]&#xD;
info: OpenClawNet.AppHost.Resources.web[0]&#xD;
      810: 2026-04-14T16:00:38.0330000Z       Start processing HTTP request GET https://localhost:53976/api/sessions&#xD;
info: OpenClawNet.AppHost.Resources.web[0]&#xD;
      811: 2026-04-14T16:00:38.0330000Z info: System.Net.Http.HttpClient.gateway.ClientHandler[100]&#xD;
info: OpenClawNet.AppHost.Resources.web[0]&#xD;
      812: 2026-04-14T16:00:38.0330000Z       Sending HTTP request GET https://localhost:53976/api/sessions&#xD;
info: OpenClawNet.AppHost.Resources.web[0]&#xD;
      813: 2026-04-14T16:00:38.0350000Z info: System.Net.Http.HttpClient.gateway.ClientHandler[101]&#xD;
info: OpenClawNet.AppHost.Resources.web[0]&#xD;
      814: 2026-04-14T16:00:38.0350000Z       Received HTTP response headers after 1.887ms - 200&#xD;
info: OpenClawNet.AppHost.Resources.web[0]&#xD;
      815: 2026-04-14T16:00:38.0350000Z info: Polly[3]&#xD;
info: OpenClawNet.AppHost.Resources.web[0]&#xD;
      816: 2026-04-14T16:00:38.0350000Z       Execution attempt. Source: '-standard//Standard-Retry', Operation Key: '', Result: '200', Handled: 'False', Attempt: '0', Execution Time: 1.9631ms&#xD;
info: OpenClawNet.AppHost.Resources.web[0]&#xD;
      817: 2026-04-14T16:00:38.0350000Z info: System.Net.Http.HttpClient.gateway.LogicalHandler[101]&#xD;
info: OpenClawNet.AppHost.Resources.web[0]&#xD;
      818: 2026-04-14T16:00:38.0350000Z       End processing HTTP request after 2.0639ms - 200&#xD;
info: OpenClawNet.AppHost.Resources.web[0]&#xD;
      819: 2026-04-14T16:00:38.1310000Z info: System.Net.Http.HttpClient.gateway.LogicalHandler[100]&#xD;
info: OpenClawNet.AppHost.Resources.web[0]&#xD;
      820: 2026-04-14T16:00:38.1310000Z       Start processing HTTP request GET https://localhost:53976/api/sessions&#xD;
info: OpenClawNet.AppHost.Resources.web[0]&#xD;
      821: 2026-04-14T16:00:38.1310000Z info: System.Net.Http.HttpClient.gateway.ClientHandler[100]&#xD;
info: OpenClawNet.AppHost.Resources.web[0]&#xD;
      822: 2026-04-14T16:00:38.1310000Z       Sending HTTP request GET https://localhost:53976/api/sessions&#xD;
info: OpenClawNet.AppHost.Resources.web[0]&#xD;
      823: 2026-04-14T16:00:38.1330000Z info: System.Net.Http.HttpClient.gateway.ClientHandler[101]&#xD;
info: OpenClawNet.AppHost.Resources.web[0]&#xD;
      824: 2026-04-14T16:00:38.1330000Z       Received HTTP response headers after 1.8333ms - 200&#xD;
info: OpenClawNet.AppHost.Resources.web[0]&#xD;
      825: 2026-04-14T16:00:38.1330000Z info: Polly[3]&#xD;
info: OpenClawNet.AppHost.Resources.web[0]&#xD;
      826: 2026-04-14T16:00:38.1330000Z       Execution attempt. Source: '-standard//Standard-Retry', Operation Key: '', Result: '200', Handled: 'False', Attempt: '0', Execution Time: 1.9175ms&#xD;
info: OpenClawNet.AppHost.Resources.web[0]&#xD;
      827: 2026-04-14T16:00:38.1330000Z info: System.Net.Http.HttpClient.gateway.LogicalHandler[101]&#xD;
info: OpenClawNet.AppHost.Resources.web[0]&#xD;
      828: 2026-04-14T16:00:38.1330000Z       End processing HTTP request after 2.014ms - 200&#xD;
info: OpenClawNet.AppHost.Resources.gateway[0]&#xD;
      653: 2026-04-14T16:00:38.8410000Z dbug: Microsoft.AspNetCore.SignalR.HubConnectionHandler[5]&#xD;
info: OpenClawNet.AppHost.Resources.gateway[0]&#xD;
      654: 2026-04-14T16:00:38.8410000Z       OnConnectedAsync started.&#xD;
info: OpenClawNet.AppHost.Resources.gateway[0]&#xD;
      655: 2026-04-14T16:00:38.8410000Z dbug: Microsoft.AspNetCore.SignalR.Internal.DefaultHubProtocolResolver[2]&#xD;
info: OpenClawNet.AppHost.Resources.gateway[0]&#xD;
      656: 2026-04-14T16:00:38.8410000Z       Found protocol implementation for requested protocol: json.&#xD;
info: OpenClawNet.AppHost.Resources.gateway[0]&#xD;
      657: 2026-04-14T16:00:38.8410000Z dbug: Microsoft.AspNetCore.SignalR.HubConnectionContext[1]&#xD;
info: OpenClawNet.AppHost.Resources.gateway[0]&#xD;
      658: 2026-04-14T16:00:38.8410000Z       Completed connection handshake. Using HubProtocol 'json'.&#xD;
info: OpenClawNet.AppHost.Resources.gateway[0]&#xD;
      659: 2026-04-14T16:00:38.8440000Z dbug: Microsoft.AspNetCore.SignalR.HubConnectionHandler[6]&#xD;
info: OpenClawNet.AppHost.Resources.gateway[0]&#xD;
      660: 2026-04-14T16:00:38.8440000Z       OnConnectedAsync ending.&#xD;
info: OpenClawNet.AppHost.Resources.web[0]&#xD;
      829: 2026-04-14T16:00:38.8220000Z info: System.Net.Http.HttpClient.gateway.LogicalHandler[100]&#xD;
info: OpenClawNet.AppHost.Resources.web[0]&#xD;
      830: 2026-04-14T16:00:38.8220000Z       Start processing HTTP request GET https://localhost:53976/api/sessions&#xD;
info: OpenClawNet.AppHost.Resources.web[0]&#xD;
      831: 2026-04-14T16:00:38.8220000Z info: System.Net.Http.HttpClient.gateway.ClientHandler[100]&#xD;
info: OpenClawNet.AppHost.Resources.web[0]&#xD;
      832: 2026-04-14T16:00:38.8220000Z       Sending HTTP request GET https://localhost:53976/api/sessions&#xD;
info: OpenClawNet.AppHost.Resources.web[0]&#xD;
      833: 2026-04-14T16:00:38.8230000Z info: System.Net.Http.HttpClient.gateway.ClientHandler[101]&#xD;
info: OpenClawNet.AppHost.Resources.web[0]&#xD;
      834: 2026-04-14T16:00:38.8230000Z       Received HTTP response headers after 1.8346ms - 200&#xD;
info: OpenClawNet.AppHost.Resources.web[0]&#xD;
      835: 2026-04-14T16:00:38.8230000Z info: Polly[3]&#xD;
info: OpenClawNet.AppHost.Resources.web[0]&#xD;
      836: 2026-04-14T16:00:38.8230000Z       Execution attempt. Source: '-standard//Standard-Retry', Operation Key: '', Result: '200', Handled: 'False', Attempt: '0', Execution Time: 1.907ms&#xD;
info: OpenClawNet.AppHost.Resources.web[0]&#xD;
      837: 2026-04-14T16:00:38.8230000Z info: System.Net.Http.HttpClient.gateway.LogicalHandler[101]&#xD;
info: OpenClawNet.AppHost.Resources.web[0]&#xD;
      838: 2026-04-14T16:00:38.8230000Z       End processing HTTP request after 1.9903ms - 200&#xD;
info: OpenClawNet.AppHost.Resources.web[0]&#xD;
      839: 2026-04-14T16:00:38.8240000Z info: System.Net.Http.HttpClient.gateway.LogicalHandler[100]&#xD;
info: OpenClawNet.AppHost.Resources.web[0]&#xD;
      840: 2026-04-14T16:00:38.8240000Z       Start processing HTTP request GET https://localhost:53976/api/sessions/ccd6027b-8715-4036-837c-0e64b4f12f79/messages&#xD;
info: OpenClawNet.AppHost.Resources.web[0]&#xD;
      841: 2026-04-14T16:00:38.8240000Z info: System.Net.Http.HttpClient.gateway.ClientHandler[100]&#xD;
info: OpenClawNet.AppHost.Resources.web[0]&#xD;
      842: 2026-04-14T16:00:38.8240000Z       Sending HTTP request GET https://localhost:53976/api/sessions/ccd6027b-8715-4036-837c-0e64b4f12f79/messages&#xD;
info: OpenClawNet.AppHost.Resources.web[0]&#xD;
      843: 2026-04-14T16:00:38.8250000Z info: System.Net.Http.HttpClient.gateway.ClientHandler[101]&#xD;
info: OpenClawNet.AppHost.Resources.web[0]&#xD;
      844: 2026-04-14T16:00:38.8250000Z       Received HTTP response headers after 1.2217ms - 200&#xD;
info: OpenClawNet.AppHost.Resources.web[0]&#xD;
      845: 2026-04-14T16:00:38.8250000Z info: Polly[3]&#xD;
info: OpenClawNet.AppHost.Resources.web[0]&#xD;
      846: 2026-04-14T16:00:38.8250000Z       Execution attempt. Source: '-standard//Standard-Retry', Operation Key: '', Result: '200', Handled: 'False', Attempt: '0', Execution Time: 1.3012ms&#xD;
info: OpenClawNet.AppHost.Resources.web[0]&#xD;
      847: 2026-04-14T16:00:38.8250000Z info: System.Net.Http.HttpClient.gateway.LogicalHandler[101]&#xD;
info: OpenClawNet.AppHost.Resources.web[0]&#xD;
      848: 2026-04-14T16:00:38.8250000Z       End processing HTTP request after 1.3788ms - 200&#xD;
info: OpenClawNet.AppHost.Resources.gateway[0]&#xD;
      661: 2026-04-14T16:00:38.9770000Z dbug: Microsoft.AspNetCore.SignalR.HubConnectionHandler[5]&#xD;
info: OpenClawNet.AppHost.Resources.gateway[0]&#xD;
      662: 2026-04-14T16:00:38.9770000Z       OnConnectedAsync started.&#xD;
info: OpenClawNet.AppHost.Resources.gateway[0]&#xD;
      663: 2026-04-14T16:00:38.9780000Z dbug: Microsoft.AspNetCore.SignalR.Internal.DefaultHubProtocolResolver[2]&#xD;
info: OpenClawNet.AppHost.Resources.gateway[0]&#xD;
      664: 2026-04-14T16:00:38.9780000Z       Found protocol implementation for requested protocol: json.&#xD;
info: OpenClawNet.AppHost.Resources.gateway[0]&#xD;
      665: 2026-04-14T16:00:38.9780000Z dbug: Microsoft.AspNetCore.SignalR.HubConnectionContext[1]&#xD;
info: OpenClawNet.AppHost.Resources.gateway[0]&#xD;
      666: 2026-04-14T16:00:38.9780000Z       Completed connection handshake. Using HubProtocol 'json'.&#xD;
info: OpenClawNet.AppHost.Resources.web[0]&#xD;
      849: 2026-04-14T16:00:38.9620000Z info: System.Net.Http.HttpClient.gateway.LogicalHandler[100]&#xD;
info: OpenClawNet.AppHost.Resources.web[0]&#xD;
      850: 2026-04-14T16:00:38.9620000Z       Start processing HTTP request GET https://localhost:53976/api/sessions&#xD;
info: OpenClawNet.AppHost.Resources.web[0]&#xD;
      851: 2026-04-14T16:00:38.9620000Z info: System.Net.Http.HttpClient.gateway.ClientHandler[100]&#xD;
info: OpenClawNet.AppHost.Resources.web[0]&#xD;
      852: 2026-04-14T16:00:38.9620000Z       Sending HTTP request GET https://localhost:53976/api/sessions&#xD;
info: OpenClawNet.AppHost.Resources.web[0]&#xD;
      853: 2026-04-14T16:00:38.9640000Z info: System.Net.Http.HttpClient.gateway.ClientHandler[101]&#xD;
info: OpenClawNet.AppHost.Resources.web[0]&#xD;
      854: 2026-04-14T16:00:38.9640000Z       Received HTTP response headers after 1.8614ms - 200&#xD;
info: OpenClawNet.AppHost.Resources.web[0]&#xD;
      855: 2026-04-14T16:00:38.9640000Z info: Polly[3]&#xD;
info: OpenClawNet.AppHost.Resources.web[0]&#xD;
      856: 2026-04-14T16:00:38.9640000Z       Execution attempt. Source: '-standard//Standard-Retry', Operation Key: '', Result: '200', Handled: 'False', Attempt: '0', Execution Time: 1.9268ms&#xD;
info: OpenClawNet.AppHost.Resources.web[0]&#xD;
      857: 2026-04-14T16:00:38.9640000Z info: System.Net.Http.HttpClient.gateway.LogicalHandler[101]&#xD;
info: OpenClawNet.AppHost.Resources.web[0]&#xD;
      858: 2026-04-14T16:00:38.9640000Z       End processing HTTP request after 2.0124ms - 200&#xD;
info: OpenClawNet.AppHost.Resources.web[0]&#xD;
      859: 2026-04-14T16:00:38.9640000Z info: System.Net.Http.HttpClient.gateway.LogicalHandler[100]&#xD;
info: OpenClawNet.AppHost.Resources.web[0]&#xD;
      860: 2026-04-14T16:00:38.9640000Z       Start processing HTTP request GET https://localhost:53976/api/sessions/ccd6027b-8715-4036-837c-0e64b4f12f79/messages&#xD;
info: OpenClawNet.AppHost.Resources.web[0]&#xD;
      861: 2026-04-14T16:00:38.9640000Z info: System.Net.Http.HttpClient.gateway.ClientHandler[100]&#xD;
info: OpenClawNet.AppHost.Resources.web[0]&#xD;
      862: 2026-04-14T16:00:38.9640000Z       Sending HTTP request GET https://localhost:53976/api/sessions/ccd6027b-8715-4036-837c-0e64b4f12f79/messages&#xD;
info: OpenClawNet.AppHost.Resources.web[0]&#xD;
      863: 2026-04-14T16:00:38.9650000Z info: System.Net.Http.HttpClient.gateway.ClientHandler[101]&#xD;
info: OpenClawNet.AppHost.Resources.web[0]&#xD;
      864: 2026-04-14T16:00:38.9650000Z       Received HTTP response headers after 1.2341ms - 200&#xD;
info: OpenClawNet.AppHost.Resources.web[0]&#xD;
      865: 2026-04-14T16:00:38.9650000Z info: Polly[3]&#xD;
info: OpenClawNet.AppHost.Resources.web[0]&#xD;
      866: 2026-04-14T16:00:38.9650000Z       Execution attempt. Source: '-standard//Standard-Retry', Operation Key: '', Result: '200', Handled: 'False', Attempt: '0', Execution Time: 1.2924ms&#xD;
info: OpenClawNet.AppHost.Resources.web[0]&#xD;
      867: 2026-04-14T16:00:38.9650000Z info: System.Net.Http.HttpClient.gateway.LogicalHandler[101]&#xD;
info: OpenClawNet.AppHost.Resources.web[0]&#xD;
      868: 2026-04-14T16:00:38.9650000Z       End processing HTTP request after 1.3652ms - 200&#xD;
info: OpenClawNet.AppHost.Resources.gateway[0]&#xD;
      667: 2026-04-14T16:00:39.4640000Z dbug: Microsoft.AspNetCore.SignalR.HubConnectionHandler[6]&#xD;
info: OpenClawNet.AppHost.Resources.gateway[0]&#xD;
      668: 2026-04-14T16:00:39.4640000Z       OnConnectedAsync ending.&#xD;
[xUnit.net 00:04:59.84]   Finished:    OpenClawNet.PlaywrightTests&#xD;
</StdOut>
    </Output>
  </ResultSummary>
</TestRun>