<?xml version="1.0" encoding="utf-8"?>
<TestRun id="d4bd9105-f2ac-450d-b6bd-dd451a322024" name="brunocapuano@CPC-bruno-U7R9O 2026-04-14 13:33:16" runUser="NORTHAMERICA\brunocapuano" xmlns="http://microsoft.com/schemas/VisualStudio/TeamTest/2010">
  <Times creation="2026-04-14T13:33:16.3151846-04:00" queuing="2026-04-14T13:33:16.3151849-04:00" start="2026-04-14T13:33:15.4329648-04:00" finish="2026-04-14T13:33:17.1142956-04:00" />
  <TestSettings name="default" id="95f1c204-03c9-46db-a5e5-0a8084f27477">
    <Deployment runDeploymentRoot="brunocapuano_CPC-bruno-U7R9O_2026-04-14_13_33_16" />
  </TestSettings>
  <Results>
    <UnitTestResult executionId="d6fc5548-bd9f-421b-b715-387fe15e48b7" testId="63c48078-afc0-d523-2dc2-332815f41b3b" testName="OpenClawNet.UnitTests.Storage.ConversationStoreTests.AddMessage_AutoCreatedSession_HasDefaultTitle" computerName="CPC-bruno-U7R9O" duration="00:00:00.0491628" startTime="2026-04-14T13:33:16.9540509-04:00" endTime="2026-04-14T13:33:17.0030694-04:00" testType="13cdc9d9-ddb5-4fa4-a97d-d965ccfc6d4b" outcome="Passed" testListId="8c84fa94-04c1-424b-9868-57a2d4851a1d" relativeResultsDirectory="d6fc5548-bd9f-421b-b715-387fe15e48b7" />
    <UnitTestResult executionId="dc7d5277-f29f-48bf-a893-a842158622ee" testId="dea1035b-e4ea-f627-8534-bdb00a818e27" testName="OpenClawNet.UnitTests.Models.AzureOpenAIModelClientTests.Constructor_HandlesIntegratedAuthMode_CaseInsensitively(authMode: &quot;INTEGRATED&quot;)" computerName="CPC-bruno-U7R9O" duration="00:00:00.0007092" startTime="2026-04-14T13:33:16.3577357-04:00" endTime="2026-04-14T13:33:16.3585046-04:00" testType="13cdc9d9-ddb5-4fa4-a97d-d965ccfc6d4b" outcome="Passed" testListId="8c84fa94-04c1-424b-9868-57a2d4851a1d" relativeResultsDirectory="dc7d5277-f29f-48bf-a893-a842158622ee" />
    <UnitTestResult executionId="8691ce44-fd19-44b4-8160-235c990b1e10" testId="399edbb7-2e5f-2a5c-1b12-b6b010dd8206" testName="OpenClawNet.UnitTests.Models.OllamaModelClientTests.StreamAsync_SendsStreamTrue_InRequest" computerName="CPC-bruno-U7R9O" duration="00:00:00.0017325" startTime="2026-04-14T13:33:16.3526271-04:00" endTime="2026-04-14T13:33:16.3543091-04:00" testType="13cdc9d9-ddb5-4fa4-a97d-d965ccfc6d4b" outcome="Passed" testListId="8c84fa94-04c1-424b-9868-57a2d4851a1d" relativeResultsDirectory="8691ce44-fd19-44b4-8160-235c990b1e10" />
    <UnitTestResult executionId="5a942cd2-ccb9-41b4-87df-5f314d67f5c8" testId="3f2d8fc8-18b6-0882-3367-0abd3b92f98d" testName="OpenClawNet.UnitTests.Skills.FileSkillLoaderTests.BuiltInSkills_HaveSourceBuiltIn" computerName="CPC-bruno-U7R9O" duration="00:00:00.0303906" startTime="2026-04-14T13:33:16.2965238-04:00" endTime="2026-04-14T13:33:16.3109741-04:00" testType="13cdc9d9-ddb5-4fa4-a97d-d965ccfc6d4b" outcome="Passed" testListId="8c84fa94-04c1-424b-9868-57a2d4851a1d" relativeResultsDirectory="5a942cd2-ccb9-41b4-87df-5f314d67f5c8" />
    <UnitTestResult executionId="88783766-80b1-4c21-b3c9-a28d999ac303" testId="90927d24-1a39-e1d6-2845-09bcd17eb047" testName="OpenClawNet.UnitTests.Agent.PromptComposerTests.ComposeAsync_IncludesSystemPrompt" computerName="CPC-bruno-U7R9O" duration="00:00:00.0165805" startTime="2026-04-14T13:33:16.3019309-04:00" endTime="2026-04-14T13:33:16.3089365-04:00" testType="13cdc9d9-ddb5-4fa4-a97d-d965ccfc6d4b" outcome="Passed" testListId="8c84fa94-04c1-424b-9868-57a2d4851a1d" relativeResultsDirectory="88783766-80b1-4c21-b3c9-a28d999ac303" />
    <UnitTestResult executionId="5eb6acc4-6154-4c90-94b3-73774d6af874" testId="1af8874a-0950-4a5e-9587-0d2e19b384bb" testName="OpenClawNet.UnitTests.Scheduler.SchedulerRunStateTests.IsThreadSafe_UnderConcurrentIncrementDecrement" computerName="CPC-bruno-U7R9O" duration="00:00:00.0376842" startTime="2026-04-14T13:33:16.2422738-04:00" endTime="2026-04-14T13:33:16.2982609-04:00" testType="13cdc9d9-ddb5-4fa4-a97d-d965ccfc6d4b" outcome="Passed" testListId="8c84fa94-04c1-424b-9868-57a2d4851a1d" relativeResultsDirectory="5eb6acc4-6154-4c90-94b3-73774d6af874" />
    <UnitTestResult executionId="6c909d2f-fe66-403c-bb9f-7dfa1a05a5ac" testId="490c24ba-c760-a85f-5bc3-6eeb7890365b" testName="OpenClawNet.UnitTests.Models.AzureOpenAIModelClientTests.StreamAsync_Throws_WhenNotConfigured" computerName="CPC-bruno-U7R9O" duration="00:00:00.0055735" startTime="2026-04-14T13:33:16.3752533-04:00" endTime="2026-04-14T13:33:16.3806111-04:00" testType="13cdc9d9-ddb5-4fa4-a97d-d965ccfc6d4b" outcome="Passed" testListId="8c84fa94-04c1-424b-9868-57a2d4851a1d" relativeResultsDirectory="6c909d2f-fe66-403c-bb9f-7dfa1a05a5ac" />
    <UnitTestResult executionId="2ef0aa0f-a212-46c6-bc97-186ad059eb84" testId="480f93a9-5aef-aea4-6679-e2d724273a4c" testName="OpenClawNet.UnitTests.Scheduler.SchedulerSettingsServiceTests.GetSettings_ReturnsDefaults_WhenNoFileOrConfig" computerName="CPC-bruno-U7R9O" duration="00:00:00.0023053" startTime="2026-04-14T13:33:16.3093601-04:00" endTime="2026-04-14T13:33:16.3107498-04:00" testType="13cdc9d9-ddb5-4fa4-a97d-d965ccfc6d4b" outcome="Passed" testListId="8c84fa94-04c1-424b-9868-57a2d4851a1d" relativeResultsDirectory="2ef0aa0f-a212-46c6-bc97-186ad059eb84" />
    <UnitTestResult executionId="50f166b2-d2bd-4657-bfa3-9df3f4e43d09" testId="b8e97c70-31bb-d004-62f7-142b982277cd" testName="OpenClawNet.UnitTests.Agent.PromptComposerTests.ComposeAsync_UsesAgentsMd_WhenWorkspaceProvides" computerName="CPC-bruno-U7R9O" duration="00:00:00.0027884" startTime="2026-04-14T13:33:16.2968866-04:00" endTime="2026-04-14T13:33:16.2977466-04:00" testType="13cdc9d9-ddb5-4fa4-a97d-d965ccfc6d4b" outcome="Passed" testListId="8c84fa94-04c1-424b-9868-57a2d4851a1d" relativeResultsDirectory="50f166b2-d2bd-4657-bfa3-9df3f4e43d09" />
    <UnitTestResult executionId="81f3ce99-466c-4ceb-a092-5860248d60ed" testId="f5830bc3-7a37-9577-f62a-7384d69cd5e7" testName="OpenClawNet.UnitTests.Models.OllamaModelClientTests.CompleteAsync_MapsToolCallsFromResponse" computerName="CPC-bruno-U7R9O" duration="00:00:00.0018495" startTime="2026-04-14T13:33:16.3544847-04:00" endTime="2026-04-14T13:33:16.3562237-04:00" testType="13cdc9d9-ddb5-4fa4-a97d-d965ccfc6d4b" outcome="Passed" testListId="8c84fa94-04c1-424b-9868-57a2d4851a1d" relativeResultsDirectory="81f3ce99-466c-4ceb-a092-5860248d60ed" />
    <UnitTestResult executionId="0385da53-596c-423c-88ab-b6f6810dce3d" testId="4c777fe8-5ab1-b155-3cbf-45dd7fa1f8e5" testName="OpenClawNet.UnitTests.Agent.PromptComposerTests.ComposeAsync_FallbackPrompt_ContainsWorkspacePath" computerName="CPC-bruno-U7R9O" duration="00:00:00.0025848" startTime="2026-04-14T13:33:16.3091575-04:00" endTime="2026-04-14T13:33:16.3094055-04:00" testType="13cdc9d9-ddb5-4fa4-a97d-d965ccfc6d4b" outcome="Passed" testListId="8c84fa94-04c1-424b-9868-57a2d4851a1d" relativeResultsDirectory="0385da53-596c-423c-88ab-b6f6810dce3d" />
    <UnitTestResult executionId="68f1606a-5fda-415b-913f-817bddef2234" testId="1f93e1e2-6490-fcb6-f221-315fb23c5905" testName="OpenClawNet.UnitTests.Models.OllamaModelClientTests.CompleteAsync_SendsStreamFalse_ForNonStreaming" computerName="CPC-bruno-U7R9O" duration="00:00:00.0175471" startTime="2026-04-14T13:33:16.3270148-04:00" endTime="2026-04-14T13:33:16.3442701-04:00" testType="13cdc9d9-ddb5-4fa4-a97d-d965ccfc6d4b" outcome="Passed" testListId="8c84fa94-04c1-424b-9868-57a2d4851a1d" relativeResultsDirectory="68f1606a-5fda-415b-913f-817bddef2234" />
    <UnitTestResult executionId="4ac39793-402d-4e36-8aa5-1353bdf52758" testId="14e47f9b-10aa-7314-69d2-05a768093351" testName="OpenClawNet.UnitTests.Agent.PromptComposerTests.ComposeAsync_FallbackPrompt_InstructsFileSystemToolUsage" computerName="CPC-bruno-U7R9O" duration="00:00:00.0032817" startTime="2026-04-14T13:33:16.2984998-04:00" endTime="2026-04-14T13:33:16.3017905-04:00" testType="13cdc9d9-ddb5-4fa4-a97d-d965ccfc6d4b" outcome="Passed" testListId="8c84fa94-04c1-424b-9868-57a2d4851a1d" relativeResultsDirectory="4ac39793-402d-4e36-8aa5-1353bdf52758" />
    <UnitTestResult executionId="7cf046e3-b717-482a-8d02-14651590563d" testId="5fec1456-830e-4825-a4be-a6019ddd0ab4" testName="OpenClawNet.UnitTests.Skills.FileSkillLoaderTests.UninstallSkillAsync_RemovesSkillFromList" computerName="CPC-bruno-U7R9O" duration="00:00:00.0069434" startTime="2026-04-14T13:33:16.3520361-04:00" endTime="2026-04-14T13:33:16.3594107-04:00" testType="13cdc9d9-ddb5-4fa4-a97d-d965ccfc6d4b" outcome="Passed" testListId="8c84fa94-04c1-424b-9868-57a2d4851a1d" relativeResultsDirectory="7cf046e3-b717-482a-8d02-14651590563d" />
    <UnitTestResult executionId="5cc64416-9567-4d3a-a62c-359203a03c0b" testId="b6159835-5829-a9d3-b225-360e61458367" testName="OpenClawNet.UnitTests.Models.AzureOpenAIModelClientTests.Constructor_HandlesIntegratedAuthMode_CaseInsensitively(authMode: &quot;Integrated&quot;)" computerName="CPC-bruno-U7R9O" duration="00:00:00.0009695" startTime="2026-04-14T13:33:16.3572800-04:00" endTime="2026-04-14T13:33:16.3576303-04:00" testType="13cdc9d9-ddb5-4fa4-a97d-d965ccfc6d4b" outcome="Passed" testListId="8c84fa94-04c1-424b-9868-57a2d4851a1d" relativeResultsDirectory="5cc64416-9567-4d3a-a62c-359203a03c0b" />
    <UnitTestResult executionId="2c587c5c-fc9a-4cd4-bbff-540803f4802c" testId="7f4ccbac-4c41-76ec-3301-767892e691b9" testName="OpenClawNet.UnitTests.Storage.ConversationStoreTests.ListSessions_ReturnsOrderedByUpdatedAt" computerName="CPC-bruno-U7R9O" duration="00:00:00.7577554" startTime="2026-04-14T13:33:16.2420116-04:00" endTime="2026-04-14T13:33:16.9537279-04:00" testType="13cdc9d9-ddb5-4fa4-a97d-d965ccfc6d4b" outcome="Passed" testListId="8c84fa94-04c1-424b-9868-57a2d4851a1d" relativeResultsDirectory="2c587c5c-fc9a-4cd4-bbff-540803f4802c" />
    <UnitTestResult executionId="6f8776ca-0659-4416-9908-9bc673d74b20" testId="c9043516-8f81-f510-1d83-b57d888669e7" testName="OpenClawNet.UnitTests.Skills.FileSkillLoaderTests.ReloadAsync_LoadsSubdirectorySkillMd" computerName="CPC-bruno-U7R9O" duration="00:00:00.0077412" startTime="2026-04-14T13:33:16.3135880-04:00" endTime="2026-04-14T13:33:16.3139247-04:00" testType="13cdc9d9-ddb5-4fa4-a97d-d965ccfc6d4b" outcome="Passed" testListId="8c84fa94-04c1-424b-9868-57a2d4851a1d" relativeResultsDirectory="6f8776ca-0659-4416-9908-9bc673d74b20" />
    <UnitTestResult executionId="cd0d1cfa-b0f3-4923-af73-24b89baebe41" testId="c3f639aa-7527-4462-2d08-5ae28b85e8cc" testName="OpenClawNet.UnitTests.Tools.FileSystemToolTests.FindProjects_ExcludesBinAndObjDirectories" computerName="CPC-bruno-U7R9O" duration="00:00:00.0111435" startTime="2026-04-14T13:33:16.3116592-04:00" endTime="2026-04-14T13:33:16.3124167-04:00" testType="13cdc9d9-ddb5-4fa4-a97d-d965ccfc6d4b" outcome="Passed" testListId="8c84fa94-04c1-424b-9868-57a2d4851a1d" relativeResultsDirectory="cd0d1cfa-b0f3-4923-af73-24b89baebe41" />
    <UnitTestResult executionId="0339df37-e4bf-4070-ad0b-f7c57f75778d" testId="ae0855f4-6169-254e-eafb-2af8f14aa0ec" testName="OpenClawNet.UnitTests.Models.AzureOpenAIModelClientTests.Constructor_LeavesClientNull_WhenApiKeyMissingInApiKeyMode" computerName="CPC-bruno-U7R9O" duration="00:00:00.0011993" startTime="2026-04-14T13:33:16.3705739-04:00" endTime="2026-04-14T13:33:16.3716477-04:00" testType="13cdc9d9-ddb5-4fa4-a97d-d965ccfc6d4b" outcome="Passed" testListId="8c84fa94-04c1-424b-9868-57a2d4851a1d" relativeResultsDirectory="0339df37-e4bf-4070-ad0b-f7c57f75778d" />
    <UnitTestResult executionId="85d64bf9-f0c0-4f20-9d24-053d8d452237" testId="86395317-0cca-af2f-03a4-8909d57420f8" testName="OpenClawNet.UnitTests.Agent.AgentRuntimeStreamTests.ExecuteStreamAsync_YieldsError_WhenPromptComposeThrows" computerName="CPC-bruno-U7R9O" duration="00:00:00.0049872" startTime="2026-04-14T13:33:17.0288310-04:00" endTime="2026-04-14T13:33:17.0337230-04:00" testType="13cdc9d9-ddb5-4fa4-a97d-d965ccfc6d4b" outcome="Passed" testListId="8c84fa94-04c1-424b-9868-57a2d4851a1d" relativeResultsDirectory="85d64bf9-f0c0-4f20-9d24-053d8d452237" />
    <UnitTestResult executionId="88c5da44-766d-46d9-89b9-ac1bec1cbdfe" testId="85878b30-6f51-3dff-13af-1e4ffc6ace82" testName="OpenClawNet.UnitTests.Scheduler.SchedulerRunStateTests.Decrement_DecreasesCount" computerName="CPC-bruno-U7R9O" duration="00:00:00.0003763" startTime="2026-04-14T13:33:16.3041765-04:00" endTime="2026-04-14T13:33:16.3042686-04:00" testType="13cdc9d9-ddb5-4fa4-a97d-d965ccfc6d4b" outcome="Passed" testListId="8c84fa94-04c1-424b-9868-57a2d4851a1d" relativeResultsDirectory="88c5da44-766d-46d9-89b9-ac1bec1cbdfe" />
    <UnitTestResult executionId="3a8e327c-b4c4-4cb5-9edc-8273fab44497" testId="4eda5f04-e51d-b20b-f1d0-45cc7dd310c9" testName="OpenClawNet.UnitTests.Tools.ToolExecutorTests.ExecuteAsync_ReturnsFail_WhenToolNotFound" computerName="CPC-bruno-U7R9O" duration="00:00:00.0027435" startTime="2026-04-14T13:33:16.2970393-04:00" endTime="2026-04-14T13:33:16.2975907-04:00" testType="13cdc9d9-ddb5-4fa4-a97d-d965ccfc6d4b" outcome="Passed" testListId="8c84fa94-04c1-424b-9868-57a2d4851a1d" relativeResultsDirectory="3a8e327c-b4c4-4cb5-9edc-8273fab44497" />
    <UnitTestResult executionId="2bc63184-d7fd-4d4f-a38d-68b51fc6fd8b" testId="1d1e7bfa-2658-79ed-671f-a74e48d77cf4" testName="OpenClawNet.UnitTests.Skills.SkillParserTests.Parse_WithEmptyContent_ReturnsEmptyBody" computerName="CPC-bruno-U7R9O" duration="00:00:00.0359515" startTime="2026-04-14T13:33:16.2422338-04:00" endTime="2026-04-14T13:33:16.2631791-04:00" testType="13cdc9d9-ddb5-4fa4-a97d-d965ccfc6d4b" outcome="Passed" testListId="8c84fa94-04c1-424b-9868-57a2d4851a1d" relativeResultsDirectory="2bc63184-d7fd-4d4f-a38d-68b51fc6fd8b" />
    <UnitTestResult executionId="6978c1e2-8479-4a27-9537-2e229aef4560" testId="b9afa542-4cbc-b961-5e1c-d641f81863d2" testName="OpenClawNet.UnitTests.Agent.AgentRuntimeStreamTests.ExecuteStreamAsync_EmitsToolApprovalRequest_BeforeToolCallStart_ForApprovalRequiredTools" computerName="CPC-bruno-U7R9O" duration="00:00:00.0093868" startTime="2026-04-14T13:33:17.0181834-04:00" endTime="2026-04-14T13:33:17.0278598-04:00" testType="13cdc9d9-ddb5-4fa4-a97d-d965ccfc6d4b" outcome="Passed" testListId="8c84fa94-04c1-424b-9868-57a2d4851a1d" relativeResultsDirectory="6978c1e2-8479-4a27-9537-2e229aef4560" />
    <UnitTestResult executionId="c1a60679-f5bf-4dde-ad2e-c468ed2b0d69" testId="9974c8b3-d243-8af5-f435-ca783b362a99" testName="OpenClawNet.UnitTests.Skills.FileSkillLoaderTests.DisableSkill_ExcludesItFromActiveSkills" computerName="CPC-bruno-U7R9O" duration="00:00:00.0080765" startTime="2026-04-14T13:33:16.3248944-04:00" endTime="2026-04-14T13:33:16.3333076-04:00" testType="13cdc9d9-ddb5-4fa4-a97d-d965ccfc6d4b" outcome="Passed" testListId="8c84fa94-04c1-424b-9868-57a2d4851a1d" relativeResultsDirectory="c1a60679-f5bf-4dde-ad2e-c468ed2b0d69" />
    <UnitTestResult executionId="7627ba30-5083-416d-8eca-363fcc6143ab" testId="32275570-5379-b6cb-2c09-4d52793ea9a7" testName="OpenClawNet.UnitTests.Tools.ToolExecutorTests.ExecuteBatchAsync_ExecutesAllTools" computerName="CPC-bruno-U7R9O" duration="00:00:00.0255915" startTime="2026-04-14T13:33:16.2980217-04:00" endTime="2026-04-14T13:33:16.3095180-04:00" testType="13cdc9d9-ddb5-4fa4-a97d-d965ccfc6d4b" outcome="Passed" testListId="8c84fa94-04c1-424b-9868-57a2d4851a1d" relativeResultsDirectory="7627ba30-5083-416d-8eca-363fcc6143ab" />
    <UnitTestResult executionId="77d6c744-41a3-45a0-9d12-250c2a81b8a9" testId="500621b7-9d5b-caf4-ca84-f3101ae8fe03" testName="OpenClawNet.UnitTests.Models.OllamaModelClientTests.CompleteAsync_SerializesTools_WhenProvided" computerName="CPC-bruno-U7R9O" duration="00:00:00.0055673" startTime="2026-04-14T13:33:16.3469826-04:00" endTime="2026-04-14T13:33:16.3524830-04:00" testType="13cdc9d9-ddb5-4fa4-a97d-d965ccfc6d4b" outcome="Passed" testListId="8c84fa94-04c1-424b-9868-57a2d4851a1d" relativeResultsDirectory="77d6c744-41a3-45a0-9d12-250c2a81b8a9" />
    <UnitTestResult executionId="7d26c865-02ca-4539-a9e9-3eb54f3141b2" testId="343d66e3-9131-bc03-53f6-bb4a7e565e21" testName="OpenClawNet.UnitTests.Models.OllamaModelClientTests.StreamAsync_PreservesToolCallIds_FromOllama" computerName="CPC-bruno-U7R9O" duration="00:00:00.0011327" startTime="2026-04-14T13:33:16.3444596-04:00" endTime="2026-04-14T13:33:16.3454609-04:00" testType="13cdc9d9-ddb5-4fa4-a97d-d965ccfc6d4b" outcome="Passed" testListId="8c84fa94-04c1-424b-9868-57a2d4851a1d" relativeResultsDirectory="7d26c865-02ca-4539-a9e9-3eb54f3141b2" />
    <UnitTestResult executionId="01fa2f0d-c53b-421e-bad4-2362fb60a8e1" testId="43369b60-671f-d279-56b7-3542a3af4353" testName="OpenClawNet.UnitTests.Tools.ToolRegistryTests.GetTool_ReturnsNull_WhenNotFound" computerName="CPC-bruno-U7R9O" duration="00:00:00.0011272" startTime="2026-04-14T13:33:16.3017388-04:00" endTime="2026-04-14T13:33:16.3020141-04:00" testType="13cdc9d9-ddb5-4fa4-a97d-d965ccfc6d4b" outcome="Passed" testListId="8c84fa94-04c1-424b-9868-57a2d4851a1d" relativeResultsDirectory="01fa2f0d-c53b-421e-bad4-2362fb60a8e1" />
    <UnitTestResult executionId="75a41030-a8ed-4d5d-850b-38dc51d0d0d1" testId="5271e262-f246-9834-be78-2e7f6ac01dd0" testName="OpenClawNet.UnitTests.Tools.FileSystemToolTests.List_RelativePath_ListsWorkspaceDirectory" computerName="CPC-bruno-U7R9O" duration="00:00:00.0050609" startTime="2026-04-14T13:33:16.3142263-04:00" endTime="2026-04-14T13:33:16.3143002-04:00" testType="13cdc9d9-ddb5-4fa4-a97d-d965ccfc6d4b" outcome="Passed" testListId="8c84fa94-04c1-424b-9868-57a2d4851a1d" relativeResultsDirectory="75a41030-a8ed-4d5d-850b-38dc51d0d0d1" />
    <UnitTestResult executionId="b4ae0404-a8c5-40dd-b3f1-a5af02bde22d" testId="0b6b4ac7-5e3b-1b06-9b52-604edfdfa722" testName="OpenClawNet.UnitTests.Skills.FileSkillLoaderTests.InstallSkillAsync_SkillAppearsInListAfterInstall" computerName="CPC-bruno-U7R9O" duration="00:00:00.0062111" startTime="2026-04-14T13:33:16.3452511-04:00" endTime="2026-04-14T13:33:16.3518570-04:00" testType="13cdc9d9-ddb5-4fa4-a97d-d965ccfc6d4b" outcome="Passed" testListId="8c84fa94-04c1-424b-9868-57a2d4851a1d" relativeResultsDirectory="b4ae0404-a8c5-40dd-b3f1-a5af02bde22d" />
    <UnitTestResult executionId="4cbe539c-3028-4d6b-b21b-e30801aea133" testId="c829b81e-82b2-51e1-da0d-7fddcf5cb35f" testName="OpenClawNet.UnitTests.Tools.ToolRegistryTests.Register_AddsToolToRegistry" computerName="CPC-bruno-U7R9O" duration="00:00:00.0015045" startTime="2026-04-14T13:33:16.3013033-04:00" endTime="2026-04-14T13:33:16.3014154-04:00" testType="13cdc9d9-ddb5-4fa4-a97d-d965ccfc6d4b" outcome="Passed" testListId="8c84fa94-04c1-424b-9868-57a2d4851a1d" relativeResultsDirectory="4cbe539c-3028-4d6b-b21b-e30801aea133" />
    <UnitTestResult executionId="99903191-03e7-42d1-9c1f-ff3185ebb68c" testId="8101c329-f816-1b77-6dff-b489ffd749c4" testName="OpenClawNet.UnitTests.Skills.FileSkillLoaderTests.InstallSkillAsync_SetsSourceToInstalled" computerName="CPC-bruno-U7R9O" duration="00:00:00.0108451" startTime="2026-04-14T13:33:16.3113163-04:00" endTime="2026-04-14T13:33:16.3120144-04:00" testType="13cdc9d9-ddb5-4fa4-a97d-d965ccfc6d4b" outcome="Passed" testListId="8c84fa94-04c1-424b-9868-57a2d4851a1d" relativeResultsDirectory="99903191-03e7-42d1-9c1f-ff3185ebb68c" />
    <UnitTestResult executionId="13bf18bd-277b-4161-be0d-c9efc5615ad2" testId="c7d85018-b695-5228-b365-26e608cf62b0" testName="OpenClawNet.UnitTests.Models.AzureOpenAIModelClientTests.AddAzureOpenAI_DefaultDeploymentName_IsGpt5Mini" computerName="CPC-bruno-U7R9O" duration="00:00:00.0003665" startTime="2026-04-14T13:33:16.3719536-04:00" endTime="2026-04-14T13:33:16.3722704-04:00" testType="13cdc9d9-ddb5-4fa4-a97d-d965ccfc6d4b" outcome="Passed" testListId="8c84fa94-04c1-424b-9868-57a2d4851a1d" relativeResultsDirectory="13bf18bd-277b-4161-be0d-c9efc5615ad2" />
    <UnitTestResult executionId="f117a799-9e36-42bd-bc13-442c5804d1d7" testId="1471139a-d1bb-3178-5f55-f3e00265a58e" testName="OpenClawNet.UnitTests.Tools.FileSystemToolTests.Read_WithAbsolutePath_ReadsFile" computerName="CPC-bruno-U7R9O" duration="00:00:00.0082430" startTime="2026-04-14T13:33:16.3138466-04:00" endTime="2026-04-14T13:33:16.3141133-04:00" testType="13cdc9d9-ddb5-4fa4-a97d-d965ccfc6d4b" outcome="Passed" testListId="8c84fa94-04c1-424b-9868-57a2d4851a1d" relativeResultsDirectory="f117a799-9e36-42bd-bc13-442c5804d1d7" />
    <UnitTestResult executionId="b5901bac-2430-4c52-afb7-647e0066b6e5" testId="165b6536-3550-f546-274b-fbafc6d3cc16" testName="OpenClawNet.UnitTests.Agent.PromptComposerTests.ComposeAsync_IncludesHistory" computerName="CPC-bruno-U7R9O" duration="00:00:00.0319959" startTime="2026-04-14T13:33:16.2423197-04:00" endTime="2026-04-14T13:33:16.2466821-04:00" testType="13cdc9d9-ddb5-4fa4-a97d-d965ccfc6d4b" outcome="Passed" testListId="8c84fa94-04c1-424b-9868-57a2d4851a1d" relativeResultsDirectory="b5901bac-2430-4c52-afb7-647e0066b6e5" />
    <UnitTestResult executionId="d88a477d-e962-4247-9999-9dbf4fbc5a2e" testId="f5ba8a65-8640-e4c6-1267-039eea8e5e24" testName="OpenClawNet.UnitTests.Agent.AgentRuntimeStreamTests.AgentStreamEventType_ContainsToolApprovalRequest" computerName="CPC-bruno-U7R9O" duration="00:00:00.0007184" startTime="2026-04-14T13:33:17.0281207-04:00" endTime="2026-04-14T13:33:17.0286648-04:00" testType="13cdc9d9-ddb5-4fa4-a97d-d965ccfc6d4b" outcome="Passed" testListId="8c84fa94-04c1-424b-9868-57a2d4851a1d" relativeResultsDirectory="d88a477d-e962-4247-9999-9dbf4fbc5a2e" />
    <UnitTestResult executionId="6c20d00b-518f-4e40-a8fa-379381573349" testId="f108cbae-633d-eaa3-44df-a30f69082d96" testName="OpenClawNet.UnitTests.Tools.FileSystemToolTests.Write_ThenRead_RoundTrips" computerName="CPC-bruno-U7R9O" duration="00:00:00.0070676" startTime="2026-04-14T13:33:16.3254486-04:00" endTime="2026-04-14T13:33:16.3331233-04:00" testType="13cdc9d9-ddb5-4fa4-a97d-d965ccfc6d4b" outcome="Passed" testListId="8c84fa94-04c1-424b-9868-57a2d4851a1d" relativeResultsDirectory="6c20d00b-518f-4e40-a8fa-379381573349" />
    <UnitTestResult executionId="0356eefc-3faa-4354-9f20-2980d1506588" testId="a08c1a2f-099f-7872-d133-b8a224624c46" testName="OpenClawNet.UnitTests.Skills.SkillParserTests.Parse_WithDisabledFlag_SetsEnabled" computerName="CPC-bruno-U7R9O" duration="00:00:00.0006027" startTime="2026-04-14T13:33:16.2964863-04:00" endTime="2026-04-14T13:33:16.2971151-04:00" testType="13cdc9d9-ddb5-4fa4-a97d-d965ccfc6d4b" outcome="Passed" testListId="8c84fa94-04c1-424b-9868-57a2d4851a1d" relativeResultsDirectory="0356eefc-3faa-4354-9f20-2980d1506588" />
    <UnitTestResult executionId="260c10d2-42c2-44a5-9eeb-e7d14a344681" testId="717d024a-f89d-e9b7-1643-2891a166046f" testName="OpenClawNet.UnitTests.Models.OllamaModelClientTests.StreamAsync_ToolCallsInDoneTrueChunk_StillExtracted" computerName="CPC-bruno-U7R9O" duration="00:00:00.1220023" startTime="2026-04-14T13:33:16.2346000-04:00" endTime="2026-04-14T13:33:16.3219822-04:00" testType="13cdc9d9-ddb5-4fa4-a97d-d965ccfc6d4b" outcome="Passed" testListId="8c84fa94-04c1-424b-9868-57a2d4851a1d" relativeResultsDirectory="260c10d2-42c2-44a5-9eeb-e7d14a344681" />
    <UnitTestResult executionId="e7a2d18f-1b45-458c-967f-6fb39ee402b8" testId="3c79690b-73f3-60f0-d5ff-7fa938872e8c" testName="OpenClawNet.UnitTests.Models.AzureOpenAIModelClientTests.Options_EmptyDeploymentKeepsDefault_WhenNotSetInConfig" computerName="CPC-bruno-U7R9O" duration="00:00:00.0003872" startTime="2026-04-14T13:33:16.3747517-04:00" endTime="2026-04-14T13:33:16.3748077-04:00" testType="13cdc9d9-ddb5-4fa4-a97d-d965ccfc6d4b" outcome="Passed" testListId="8c84fa94-04c1-424b-9868-57a2d4851a1d" relativeResultsDirectory="e7a2d18f-1b45-458c-967f-6fb39ee402b8" />
    <UnitTestResult executionId="84c74030-bee6-44a3-91c3-b5cd3555188b" testId="231c9955-c1e3-ca62-639c-ef04dc710ab1" testName="OpenClawNet.UnitTests.Models.AzureOpenAIModelClientTests.Constructor_DoesNotThrow_WhenApiKeyModeFullyConfigured" computerName="CPC-bruno-U7R9O" duration="00:00:00.0011583" startTime="2026-04-14T13:33:16.3723945-04:00" endTime="2026-04-14T13:33:16.3735251-04:00" testType="13cdc9d9-ddb5-4fa4-a97d-d965ccfc6d4b" outcome="Passed" testListId="8c84fa94-04c1-424b-9868-57a2d4851a1d" relativeResultsDirectory="84c74030-bee6-44a3-91c3-b5cd3555188b" />
    <UnitTestResult executionId="49a31bb4-75d8-4e4a-a39c-ed66161b479b" testId="05e6364c-06de-5fc1-b59f-1ee255c13984" testName="OpenClawNet.UnitTests.Tools.ToolRegistryTests.GetTool_IsCaseInsensitive" computerName="CPC-bruno-U7R9O" duration="00:00:00.0005987" startTime="2026-04-14T13:33:16.3015588-04:00" endTime="2026-04-14T13:33:16.3016135-04:00" testType="13cdc9d9-ddb5-4fa4-a97d-d965ccfc6d4b" outcome="Passed" testListId="8c84fa94-04c1-424b-9868-57a2d4851a1d" relativeResultsDirectory="49a31bb4-75d8-4e4a-a39c-ed66161b479b" />
    <UnitTestResult executionId="450fb8d3-cb9e-4b40-9193-af62eba52798" testId="0e5fd5aa-d822-d931-f324-55c722c537ec" testName="OpenClawNet.UnitTests.Models.AzureOpenAIModelClientTests.Constructor_HandlesIntegratedAuthMode_CaseInsensitively(authMode: &quot;integrated&quot;)" computerName="CPC-bruno-U7R9O" duration="00:00:00.0845887" startTime="2026-04-14T13:33:16.3106587-04:00" endTime="2026-04-14T13:33:16.3571582-04:00" testType="13cdc9d9-ddb5-4fa4-a97d-d965ccfc6d4b" outcome="Passed" testListId="8c84fa94-04c1-424b-9868-57a2d4851a1d" relativeResultsDirectory="450fb8d3-cb9e-4b40-9193-af62eba52798" />
    <UnitTestResult executionId="51dc44c9-b847-4005-8594-bebdeeabe0ba" testId="63dd56b5-7830-034c-0d04-4f7908f6699b" testName="OpenClawNet.UnitTests.Models.AzureOpenAIModelClientTests.DefaultOptions_HaveGpt5MiniDeployment" computerName="CPC-bruno-U7R9O" duration="00:00:00.0001421" startTime="2026-04-14T13:33:16.3718006-04:00" endTime="2026-04-14T13:33:16.3718438-04:00" testType="13cdc9d9-ddb5-4fa4-a97d-d965ccfc6d4b" outcome="Passed" testListId="8c84fa94-04c1-424b-9868-57a2d4851a1d" relativeResultsDirectory="51dc44c9-b847-4005-8594-bebdeeabe0ba" />
    <UnitTestResult executionId="6e3af71a-e9ab-4ab4-8058-f60940a5c391" testId="86312309-f9be-deb2-1d8d-26cead13f9ed" testName="OpenClawNet.UnitTests.Scheduler.SchedulerRunStateTests.InitialCount_IsZero" computerName="CPC-bruno-U7R9O" duration="00:00:00.0001936" startTime="2026-04-14T13:33:16.3025605-04:00" endTime="2026-04-14T13:33:16.3026766-04:00" testType="13cdc9d9-ddb5-4fa4-a97d-d965ccfc6d4b" outcome="Passed" testListId="8c84fa94-04c1-424b-9868-57a2d4851a1d" relativeResultsDirectory="6e3af71a-e9ab-4ab4-8058-f60940a5c391" />
    <UnitTestResult executionId="c2ed8263-1240-4bff-a049-5fecc626f35d" testId="31591d78-5244-1585-656d-52693c42a67e" testName="OpenClawNet.UnitTests.Models.OllamaModelClientTests.CompleteAsync_MapsChatMessageRoles_Correctly" computerName="CPC-bruno-U7R9O" duration="00:00:00.0018730" startTime="2026-04-14T13:33:16.3570829-04:00" endTime="2026-04-14T13:33:16.3581837-04:00" testType="13cdc9d9-ddb5-4fa4-a97d-d965ccfc6d4b" outcome="Passed" testListId="8c84fa94-04c1-424b-9868-57a2d4851a1d" relativeResultsDirectory="c2ed8263-1240-4bff-a049-5fecc626f35d" />
    <UnitTestResult executionId="9f44ce83-624f-4ac3-a960-663d829b449a" testId="2955d837-2d44-9c67-24c2-c795f2d28cf6" testName="OpenClawNet.UnitTests.Models.OllamaModelClientTests.CompleteAsync_ReturnsUsageInfo" computerName="CPC-bruno-U7R9O" duration="00:00:00.0012493" startTime="2026-04-14T13:33:16.3584273-04:00" endTime="2026-04-14T13:33:16.3595923-04:00" testType="13cdc9d9-ddb5-4fa4-a97d-d965ccfc6d4b" outcome="Passed" testListId="8c84fa94-04c1-424b-9868-57a2d4851a1d" relativeResultsDirectory="9f44ce83-624f-4ac3-a960-663d829b449a" />
    <UnitTestResult executionId="f900eb4b-6c5a-4d96-a982-2451553045bc" testId="213b1533-7798-95cd-3125-9e72d916d53a" testName="OpenClawNet.UnitTests.Storage.ConversationStoreTests.CreateSession_ReturnsNewSession" computerName="CPC-bruno-U7R9O" duration="00:00:00.0010941" startTime="2026-04-14T13:33:17.0229985-04:00" endTime="2026-04-14T13:33:17.0240328-04:00" testType="13cdc9d9-ddb5-4fa4-a97d-d965ccfc6d4b" outcome="Passed" testListId="8c84fa94-04c1-424b-9868-57a2d4851a1d" relativeResultsDirectory="f900eb4b-6c5a-4d96-a982-2451553045bc" />
    <UnitTestResult executionId="2849256d-b54a-44da-88dd-90e905bb32e6" testId="8257835a-6c5f-6cba-1a86-edf8e6a207db" testName="OpenClawNet.UnitTests.Scheduler.SchedulerSettingsServiceTests.Update_ClampsValues_WhenOutOfRange" computerName="CPC-bruno-U7R9O" duration="00:00:00.0262712" startTime="2026-04-14T13:33:16.2964373-04:00" endTime="2026-04-14T13:33:16.3092277-04:00" testType="13cdc9d9-ddb5-4fa4-a97d-d965ccfc6d4b" outcome="Passed" testListId="8c84fa94-04c1-424b-9868-57a2d4851a1d" relativeResultsDirectory="2849256d-b54a-44da-88dd-90e905bb32e6" />
    <UnitTestResult executionId="939ae768-615f-4a77-af1b-00fdd2717833" testId="108566ed-134e-a3ff-231c-5160f7054931" testName="OpenClawNet.UnitTests.Scheduler.SchedulerRunStateTests.Increment_IncreasesCount" computerName="CPC-bruno-U7R9O" duration="00:00:00.0004321" startTime="2026-04-14T13:33:16.3038950-04:00" endTime="2026-04-14T13:33:16.3039720-04:00" testType="13cdc9d9-ddb5-4fa4-a97d-d965ccfc6d4b" outcome="Passed" testListId="8c84fa94-04c1-424b-9868-57a2d4851a1d" relativeResultsDirectory="939ae768-615f-4a77-af1b-00fdd2717833" />
    <UnitTestResult executionId="e911804a-6e8b-490c-883f-390095d887b2" testId="8f468c91-78da-306d-1908-98f1ff142000" testName="OpenClawNet.UnitTests.Storage.ConversationStoreTests.AddMessage_AutoCreatesSession_WhenSessionNotFound" computerName="CPC-bruno-U7R9O" duration="00:00:00.0019090" startTime="2026-04-14T13:33:17.0077471-04:00" endTime="2026-04-14T13:33:17.0095521-04:00" testType="13cdc9d9-ddb5-4fa4-a97d-d965ccfc6d4b" outcome="Passed" testListId="8c84fa94-04c1-424b-9868-57a2d4851a1d" relativeResultsDirectory="e911804a-6e8b-490c-883f-390095d887b2" />
    <UnitTestResult executionId="0af177b7-5f96-4989-943d-b80524d74997" testId="3c16b416-2c11-51a2-ab8a-7d289443f93a" testName="OpenClawNet.UnitTests.Scheduler.SchedulerSettingsServiceTests.GetSettings_ReadsFromConfiguration" computerName="CPC-bruno-U7R9O" duration="00:00:00.0025260" startTime="2026-04-14T13:33:16.3123495-04:00" endTime="2026-04-14T13:33:16.3132985-04:00" testType="13cdc9d9-ddb5-4fa4-a97d-d965ccfc6d4b" outcome="Passed" testListId="8c84fa94-04c1-424b-9868-57a2d4851a1d" relativeResultsDirectory="0af177b7-5f96-4989-943d-b80524d74997" />
    <UnitTestResult executionId="1efd1c2b-b22c-41bc-9041-62af68075c0f" testId="1878b8f5-e8b2-2eb7-20dc-330485843247" testName="OpenClawNet.UnitTests.Models.OllamaModelClientTests.StreamAsync_GeneratesSyntheticId_WhenOllamaOmitsId" computerName="CPC-bruno-U7R9O" duration="00:00:00.0030114" startTime="2026-04-14T13:33:16.3234142-04:00" endTime="2026-04-14T13:33:16.3250257-04:00" testType="13cdc9d9-ddb5-4fa4-a97d-d965ccfc6d4b" outcome="Passed" testListId="8c84fa94-04c1-424b-9868-57a2d4851a1d" relativeResultsDirectory="1efd1c2b-b22c-41bc-9041-62af68075c0f" />
    <UnitTestResult executionId="1d7ed847-03de-4010-b878-17ce23db1346" testId="cce98007-2b67-1f18-b299-7857aef49dd8" testName="OpenClawNet.UnitTests.Scheduler.SchedulerSettingsServiceTests.Update_LoadedFileOverridesConfig_OnRestart" computerName="CPC-bruno-U7R9O" duration="00:00:00.0039309" startTime="2026-04-14T13:33:16.3119163-04:00" endTime="2026-04-14T13:33:16.3122339-04:00" testType="13cdc9d9-ddb5-4fa4-a97d-d965ccfc6d4b" outcome="Passed" testListId="8c84fa94-04c1-424b-9868-57a2d4851a1d" relativeResultsDirectory="1d7ed847-03de-4010-b878-17ce23db1346" />
    <UnitTestResult executionId="92388a45-ae55-40b3-acb7-0784b7d76a39" testId="cdd534e2-e2e2-5f8c-86bc-5469c5e2cfc7" testName="OpenClawNet.UnitTests.Models.OllamaModelClientTests.CompleteAsync_SendsModelAndMessages" computerName="CPC-bruno-U7R9O" duration="00:00:00.0014127" startTime="2026-04-14T13:33:16.3597578-04:00" endTime="2026-04-14T13:33:16.3609682-04:00" testType="13cdc9d9-ddb5-4fa4-a97d-d965ccfc6d4b" outcome="Passed" testListId="8c84fa94-04c1-424b-9868-57a2d4851a1d" relativeResultsDirectory="92388a45-ae55-40b3-acb7-0784b7d76a39" />
    <UnitTestResult executionId="4ecbd12e-9007-4180-8046-14fbb09e5eb1" testId="d9289b3e-30b3-b428-47a8-f80dd930c267" testName="OpenClawNet.UnitTests.Skills.FileSkillLoaderTests.EnableSkill_RestoresItToActiveSkills" computerName="CPC-bruno-U7R9O" duration="00:00:00.0129465" startTime="2026-04-14T13:33:16.3140411-04:00" endTime="2026-04-14T13:33:16.3168992-04:00" testType="13cdc9d9-ddb5-4fa4-a97d-d965ccfc6d4b" outcome="Passed" testListId="8c84fa94-04c1-424b-9868-57a2d4851a1d" relativeResultsDirectory="4ecbd12e-9007-4180-8046-14fbb09e5eb1" />
    <UnitTestResult executionId="f0403b67-fbf7-45fa-b15a-8ef3859f7af6" testId="c3bc089d-e034-5b3f-b118-0d44419d4f8a" testName="OpenClawNet.UnitTests.Tools.FileSystemToolTests.FindProjects_ReturnsFailure_WhenDirectoryNotFound" computerName="CPC-bruno-U7R9O" duration="00:00:00.0025818" startTime="2026-04-14T13:33:16.3238101-04:00" endTime="2026-04-14T13:33:16.3252988-04:00" testType="13cdc9d9-ddb5-4fa4-a97d-d965ccfc6d4b" outcome="Passed" testListId="8c84fa94-04c1-424b-9868-57a2d4851a1d" relativeResultsDirectory="f0403b67-fbf7-45fa-b15a-8ef3859f7af6" />
    <UnitTestResult executionId="1edcee8a-af95-472a-b7ec-42824a20c517" testId="2b22e5e6-5b56-6787-3c5a-248486677a22" testName="OpenClawNet.UnitTests.Models.AzureOpenAIModelClientTests.AddAzureOpenAI_RegistersIModelClient" computerName="CPC-bruno-U7R9O" duration="00:00:00.0058308" startTime="2026-04-14T13:33:16.3636325-04:00" endTime="2026-04-14T13:33:16.3683394-04:00" testType="13cdc9d9-ddb5-4fa4-a97d-d965ccfc6d4b" outcome="Passed" testListId="8c84fa94-04c1-424b-9868-57a2d4851a1d" relativeResultsDirectory="1edcee8a-af95-472a-b7ec-42824a20c517" />
    <UnitTestResult executionId="accd5ee2-3720-4183-a908-21bc4fe978ef" testId="61b7fe3b-84cb-36ec-b834-01f0cb94f791" testName="OpenClawNet.UnitTests.Agent.PromptComposerTests.ComposeAsync_IncludesSessionSummary" computerName="CPC-bruno-U7R9O" duration="00:00:00.0020764" startTime="2026-04-14T13:33:16.2981061-04:00" endTime="2026-04-14T13:33:16.2983164-04:00" testType="13cdc9d9-ddb5-4fa4-a97d-d965ccfc6d4b" outcome="Passed" testListId="8c84fa94-04c1-424b-9868-57a2d4851a1d" relativeResultsDirectory="accd5ee2-3720-4183-a908-21bc4fe978ef" />
    <UnitTestResult executionId="d7a785ab-5075-4752-984d-35f851c13a92" testId="44c38ae1-e745-0b1e-c388-bae5ef9f22f9" testName="OpenClawNet.UnitTests.Models.AzureOpenAIModelClientTests.CompleteAsync_Throws_WhenNotConfigured" computerName="CPC-bruno-U7R9O" duration="00:00:00.0717539" startTime="2026-04-14T13:33:16.2424515-04:00" endTime="2026-04-14T13:33:16.3096052-04:00" testType="13cdc9d9-ddb5-4fa4-a97d-d965ccfc6d4b" outcome="Passed" testListId="8c84fa94-04c1-424b-9868-57a2d4851a1d" relativeResultsDirectory="d7a785ab-5075-4752-984d-35f851c13a92" />
    <UnitTestResult executionId="16d11073-ddb1-4c88-9c44-4dcabf6de035" testId="c13b62d4-f769-342d-787f-07efb58a3f89" testName="OpenClawNet.UnitTests.Models.AzureOpenAIModelClientTests.ProviderName_IsAzureOpenAI" computerName="CPC-bruno-U7R9O" duration="00:00:00.0002023" startTime="2026-04-14T13:33:16.3685343-04:00" endTime="2026-04-14T13:33:16.3685964-04:00" testType="13cdc9d9-ddb5-4fa4-a97d-d965ccfc6d4b" outcome="Passed" testListId="8c84fa94-04c1-424b-9868-57a2d4851a1d" relativeResultsDirectory="16d11073-ddb1-4c88-9c44-4dcabf6de035" />
    <UnitTestResult executionId="f7898387-771b-413e-98ae-c92090997ebb" testId="20d19faa-40d2-0341-ec1b-f6472ec71204" testName="OpenClawNet.UnitTests.Skills.FileSkillLoaderTests.InstallSkillAsync_CreatesSkillMdInInstalledDirectory" computerName="CPC-bruno-U7R9O" duration="00:00:00.0072519" startTime="2026-04-14T13:33:16.3121380-04:00" endTime="2026-04-14T13:33:16.3134648-04:00" testType="13cdc9d9-ddb5-4fa4-a97d-d965ccfc6d4b" outcome="Passed" testListId="8c84fa94-04c1-424b-9868-57a2d4851a1d" relativeResultsDirectory="f7898387-771b-413e-98ae-c92090997ebb" />
    <UnitTestResult executionId="871a7e5d-cd43-42fe-8b7d-d89130fa3d10" testId="3c7bef25-7167-f04b-f5dc-6dd51ff7a167" testName="OpenClawNet.UnitTests.Scheduler.SchedulerSettingsServiceTests.Update_PersistsToFile" computerName="CPC-bruno-U7R9O" duration="00:00:00.0125400" startTime="2026-04-14T13:33:16.3108947-04:00" endTime="2026-04-14T13:33:16.3117718-04:00" testType="13cdc9d9-ddb5-4fa4-a97d-d965ccfc6d4b" outcome="Passed" testListId="8c84fa94-04c1-424b-9868-57a2d4851a1d" relativeResultsDirectory="871a7e5d-cd43-42fe-8b7d-d89130fa3d10" />
    <UnitTestResult executionId="3762e438-d837-4754-9a22-29ab7dc57d0d" testId="22d148ee-676c-d57f-6de6-03d32a31182b" testName="OpenClawNet.UnitTests.Skills.FileSkillLoaderTests.ReloadAsync_IgnoresSubdirectoriesWithoutSkillMd" computerName="CPC-bruno-U7R9O" duration="00:00:00.0052410" startTime="2026-04-14T13:33:16.3334598-04:00" endTime="2026-04-14T13:33:16.3387289-04:00" testType="13cdc9d9-ddb5-4fa4-a97d-d965ccfc6d4b" outcome="Passed" testListId="8c84fa94-04c1-424b-9868-57a2d4851a1d" relativeResultsDirectory="3762e438-d837-4754-9a22-29ab7dc57d0d" />
    <UnitTestResult executionId="661d499e-0344-4187-9357-11415ea38201" testId="f07557fc-15c4-b7c4-1e89-3205c77d3cb6" testName="OpenClawNet.UnitTests.Scheduler.SchedulerSettingsServiceTests.Update_IsThreadSafe_UnderConcurrentWrites" computerName="CPC-bruno-U7R9O" duration="00:00:00.0422164" startTime="2026-04-14T13:33:16.2421959-04:00" endTime="2026-04-14T13:33:16.2642548-04:00" testType="13cdc9d9-ddb5-4fa4-a97d-d965ccfc6d4b" outcome="Passed" testListId="8c84fa94-04c1-424b-9868-57a2d4851a1d" relativeResultsDirectory="661d499e-0344-4187-9357-11415ea38201" />
    <UnitTestResult executionId="0d38d40e-e85f-4ad6-becb-eb71c3635d0c" testId="0aeea800-2c6f-2da6-19ba-d2fad9bce49d" testName="OpenClawNet.UnitTests.Models.AzureOpenAIModelClientTests.AddAzureOpenAI_ReadsEndpointFromAzureOpenAISection_TakingPrecedence" computerName="CPC-bruno-U7R9O" duration="00:00:00.0039549" startTime="2026-04-14T13:33:16.3587219-04:00" endTime="2026-04-14T13:33:16.3624502-04:00" testType="13cdc9d9-ddb5-4fa4-a97d-d965ccfc6d4b" outcome="Passed" testListId="8c84fa94-04c1-424b-9868-57a2d4851a1d" relativeResultsDirectory="0d38d40e-e85f-4ad6-becb-eb71c3635d0c" />
    <UnitTestResult executionId="01af595a-985e-41df-a40d-36b8486429a3" testId="b32cceb2-1ff5-8544-3aeb-a5adad999e7d" testName="OpenClawNet.UnitTests.Skills.FileSkillLoaderTests.UninstallSkillAsync_DoesNotThrow_WhenSkillNotFound" computerName="CPC-bruno-U7R9O" duration="00:00:00.0419016" startTime="2026-04-14T13:33:16.2423695-04:00" endTime="2026-04-14T13:33:16.2641836-04:00" testType="13cdc9d9-ddb5-4fa4-a97d-d965ccfc6d4b" outcome="Passed" testListId="8c84fa94-04c1-424b-9868-57a2d4851a1d" relativeResultsDirectory="01af595a-985e-41df-a40d-36b8486429a3" />
    <UnitTestResult executionId="8cd5efcb-99d0-4dd0-b978-b274ee51c8db" testId="cc89ff91-c38a-b30c-2cbc-e4cbc097b80d" testName="OpenClawNet.UnitTests.Skills.SkillParserTests.Parse_WithValidFrontmatter_ExtractsMetadata" computerName="CPC-bruno-U7R9O" duration="00:00:00.0080860" startTime="2026-04-14T13:33:16.3023825-04:00" endTime="2026-04-14T13:33:16.3086959-04:00" testType="13cdc9d9-ddb5-4fa4-a97d-d965ccfc6d4b" outcome="Passed" testListId="8c84fa94-04c1-424b-9868-57a2d4851a1d" relativeResultsDirectory="8cd5efcb-99d0-4dd0-b978-b274ee51c8db" />
    <UnitTestResult executionId="6baa859b-cd1f-4ee4-8ed7-35e791a7af64" testId="5707192c-af11-466d-de2e-a9a49151eb97" testName="OpenClawNet.UnitTests.Skills.FileSkillLoaderTests.ReloadAsync_LoadsFlatMdFiles" computerName="CPC-bruno-U7R9O" duration="00:00:00.0058462" startTime="2026-04-14T13:33:16.3396285-04:00" endTime="2026-04-14T13:33:16.3450903-04:00" testType="13cdc9d9-ddb5-4fa4-a97d-d965ccfc6d4b" outcome="Passed" testListId="8c84fa94-04c1-424b-9868-57a2d4851a1d" relativeResultsDirectory="6baa859b-cd1f-4ee4-8ed7-35e791a7af64" />
    <UnitTestResult executionId="4997d982-3c50-4ece-9bb7-7c9947df37fc" testId="99fa6024-cda9-5655-11c1-b3480a8af763" testName="OpenClawNet.UnitTests.Tools.FileSystemToolTests.List_WithAbsolutePath_ListsDirectory" computerName="CPC-bruno-U7R9O" duration="00:00:00.0085153" startTime="2026-04-14T13:33:16.3131916-04:00" endTime="2026-04-14T13:33:16.3136981-04:00" testType="13cdc9d9-ddb5-4fa4-a97d-d965ccfc6d4b" outcome="Passed" testListId="8c84fa94-04c1-424b-9868-57a2d4851a1d" relativeResultsDirectory="4997d982-3c50-4ece-9bb7-7c9947df37fc" />
    <UnitTestResult executionId="527328f2-0895-465d-9949-cb74097475ed" testId="7f31ab2a-c9ec-725d-0966-e158ccb8ab16" testName="OpenClawNet.UnitTests.Tools.FileSystemToolTests.Read_BlockedPath_ReturnsFailure" computerName="CPC-bruno-U7R9O" duration="00:00:00.0077823" startTime="2026-04-14T13:33:16.3144086-04:00" endTime="2026-04-14T13:33:16.3235267-04:00" testType="13cdc9d9-ddb5-4fa4-a97d-d965ccfc6d4b" outcome="Passed" testListId="8c84fa94-04c1-424b-9868-57a2d4851a1d" relativeResultsDirectory="527328f2-0895-465d-9949-cb74097475ed" />
    <UnitTestResult executionId="7a5ec295-44c7-48a5-9de7-67fa249342b6" testId="8f70ed76-57c1-204e-8bbd-b4f97ca4cef7" testName="OpenClawNet.UnitTests.Agent.AgentRuntimeStreamTests.ExecuteStreamAsync_YieldsError_WhenStorageFailsOnUserMessage" computerName="CPC-bruno-U7R9O" duration="00:00:00.0083705" startTime="2026-04-14T13:33:17.0105455-04:00" endTime="2026-04-14T13:33:17.0180157-04:00" testType="13cdc9d9-ddb5-4fa4-a97d-d965ccfc6d4b" outcome="Passed" testListId="8c84fa94-04c1-424b-9868-57a2d4851a1d" relativeResultsDirectory="7a5ec295-44c7-48a5-9de7-67fa249342b6" />
    <UnitTestResult executionId="d948a2d6-9302-48bc-a67e-6456270ed071" testId="b1ae9ea1-911d-c728-3f34-a2d5531049dd" testName="OpenClawNet.UnitTests.Models.AzureOpenAIModelClientTests.Constructor_LeavesClientNull_WhenIntegratedModeButNoEndpoint" computerName="CPC-bruno-U7R9O" duration="00:00:00.0002057" startTime="2026-04-14T13:33:16.3736927-04:00" endTime="2026-04-14T13:33:16.3737522-04:00" testType="13cdc9d9-ddb5-4fa4-a97d-d965ccfc6d4b" outcome="Passed" testListId="8c84fa94-04c1-424b-9868-57a2d4851a1d" relativeResultsDirectory="d948a2d6-9302-48bc-a67e-6456270ed071" />
    <UnitTestResult executionId="9e1bbcf9-c48a-41e1-a1c5-0065f3f81a82" testId="f4c8dc88-c616-1d9e-8077-68503f9a8bb0" testName="OpenClawNet.UnitTests.Storage.ConversationStoreTests.GetSession_ReturnsNullWhenNotFound" computerName="CPC-bruno-U7R9O" duration="00:00:00.0008966" startTime="2026-04-14T13:33:17.0241600-04:00" endTime="2026-04-14T13:33:17.0249960-04:00" testType="13cdc9d9-ddb5-4fa4-a97d-d965ccfc6d4b" outcome="Passed" testListId="8c84fa94-04c1-424b-9868-57a2d4851a1d" relativeResultsDirectory="9e1bbcf9-c48a-41e1-a1c5-0065f3f81a82" />
    <UnitTestResult executionId="4d7c82be-2365-4e3a-8f48-fa8cd2683f2c" testId="86ed6b2b-9e40-9590-45e9-65989bd82314" testName="OpenClawNet.UnitTests.Storage.ConversationStoreTests.AddMessage_IncrementsOrderIndex" computerName="CPC-bruno-U7R9O" duration="00:00:00.0028222" startTime="2026-04-14T13:33:17.0251129-04:00" endTime="2026-04-14T13:33:17.0280263-04:00" testType="13cdc9d9-ddb5-4fa4-a97d-d965ccfc6d4b" outcome="Passed" testListId="8c84fa94-04c1-424b-9868-57a2d4851a1d" relativeResultsDirectory="4d7c82be-2365-4e3a-8f48-fa8cd2683f2c" />
    <UnitTestResult executionId="9f3e3d58-5b4d-4181-a656-337794d0e405" testId="bc4317f2-aa55-990b-6e33-021dd027217c" testName="OpenClawNet.UnitTests.Tools.ToolRegistryTests.GetToolManifest_ReturnsMetadata" computerName="CPC-bruno-U7R9O" duration="00:00:00.0051826" startTime="2026-04-14T13:33:16.2966847-04:00" endTime="2026-04-14T13:33:16.2985586-04:00" testType="13cdc9d9-ddb5-4fa4-a97d-d965ccfc6d4b" outcome="Passed" testListId="8c84fa94-04c1-424b-9868-57a2d4851a1d" relativeResultsDirectory="9f3e3d58-5b4d-4181-a656-337794d0e405" />
    <UnitTestResult executionId="a1a49e57-e22a-4dda-8a67-612f831e203c" testId="caeb629f-da31-44a8-890c-ddbf33c84195" testName="OpenClawNet.UnitTests.Models.AzureOpenAIModelClientTests.AddAzureOpenAI_ReadsEndpointFromModelSection" computerName="CPC-bruno-U7R9O" duration="00:00:00.0006325" startTime="2026-04-14T13:33:16.3687191-04:00" endTime="2026-04-14T13:33:16.3692818-04:00" testType="13cdc9d9-ddb5-4fa4-a97d-d965ccfc6d4b" outcome="Passed" testListId="8c84fa94-04c1-424b-9868-57a2d4851a1d" relativeResultsDirectory="a1a49e57-e22a-4dda-8a67-612f831e203c" />
    <UnitTestResult executionId="41de3d89-6fc8-47fe-b165-b39548f830db" testId="da1b5f33-3f34-9d6b-fcbc-4d5b80dc4a01" testName="OpenClawNet.UnitTests.Models.AzureOpenAIModelClientTests.IsAvailableAsync_ReturnsFalse_WhenEndpointNotConfigured" computerName="CPC-bruno-U7R9O" duration="00:00:00.0005731" startTime="2026-04-14T13:33:16.3751081-04:00" endTime="2026-04-14T13:33:16.3751453-04:00" testType="13cdc9d9-ddb5-4fa4-a97d-d965ccfc6d4b" outcome="Passed" testListId="8c84fa94-04c1-424b-9868-57a2d4851a1d" relativeResultsDirectory="41de3d89-6fc8-47fe-b165-b39548f830db" />
    <UnitTestResult executionId="b8be11c2-7ae9-4875-80ae-2b16e5c62384" testId="60dbfdfc-5601-ed0a-4935-ae2f1e86ff33" testName="OpenClawNet.UnitTests.Models.OllamaModelClientTests.StreamAsync_MultipleToolCalls_InSingleChunk" computerName="CPC-bruno-U7R9O" duration="00:00:00.0013054" startTime="2026-04-14T13:33:16.3456153-04:00" endTime="2026-04-14T13:33:16.3468339-04:00" testType="13cdc9d9-ddb5-4fa4-a97d-d965ccfc6d4b" outcome="Passed" testListId="8c84fa94-04c1-424b-9868-57a2d4851a1d" relativeResultsDirectory="b8be11c2-7ae9-4875-80ae-2b16e5c62384" />
    <UnitTestResult executionId="8c3eeac5-3fc8-4301-b1c5-2d72fd55b1a7" testId="8b12fb7b-5784-422f-e707-408cca88103e" testName="OpenClawNet.UnitTests.Tools.FileSystemToolTests.Read_BlockedPath_AlsoBlocksAbsoluteVariants" computerName="CPC-bruno-U7R9O" duration="00:00:00.0410739" startTime="2026-04-14T13:33:16.2421567-04:00" endTime="2026-04-14T13:33:16.2981790-04:00" testType="13cdc9d9-ddb5-4fa4-a97d-d965ccfc6d4b" outcome="Passed" testListId="8c84fa94-04c1-424b-9868-57a2d4851a1d" relativeResultsDirectory="8c3eeac5-3fc8-4301-b1c5-2d72fd55b1a7" />
    <UnitTestResult executionId="9a6b44c3-5dfa-4b6b-a796-c58c056b5984" testId="0c46f93b-30c8-c1e0-368d-b65f4a5aa3f7" testName="OpenClawNet.UnitTests.Storage.ConversationStoreTests.DeleteSession_RemovesSession" computerName="CPC-bruno-U7R9O" duration="00:00:00.0112398" startTime="2026-04-14T13:33:17.0117623-04:00" endTime="2026-04-14T13:33:17.0228731-04:00" testType="13cdc9d9-ddb5-4fa4-a97d-d965ccfc6d4b" outcome="Passed" testListId="8c84fa94-04c1-424b-9868-57a2d4851a1d" relativeResultsDirectory="9a6b44c3-5dfa-4b6b-a796-c58c056b5984" />
    <UnitTestResult executionId="d124a71d-e3bc-4bd4-b4d1-3e93d6bb684b" testId="354e8a85-24f7-3da7-4b8c-b9d8edf4b9dd" testName="OpenClawNet.UnitTests.Agent.AgentRuntimeStreamTests.ExecuteStreamAsync_DoesNotEmitToolApprovalRequest_ForNonApprovalTools" computerName="CPC-bruno-U7R9O" duration="00:00:00.8136376" startTime="2026-04-14T13:33:16.2421144-04:00" endTime="2026-04-14T13:33:17.0096628-04:00" testType="13cdc9d9-ddb5-4fa4-a97d-d965ccfc6d4b" outcome="Passed" testListId="8c84fa94-04c1-424b-9868-57a2d4851a1d" relativeResultsDirectory="d124a71d-e3bc-4bd4-b4d1-3e93d6bb684b" />
    <UnitTestResult executionId="febd00f8-f11f-44e5-969d-82a775b7136d" testId="09dfc599-7d60-1da2-85ae-3fbd22d6aaa9" testName="OpenClawNet.UnitTests.Tools.ToolRegistryTests.GetAllTools_ReturnsRegisteredTools" computerName="CPC-bruno-U7R9O" duration="00:00:00.0344234" startTime="2026-04-14T13:33:16.2424869-04:00" endTime="2026-04-14T13:33:16.2629794-04:00" testType="13cdc9d9-ddb5-4fa4-a97d-d965ccfc6d4b" outcome="Passed" testListId="8c84fa94-04c1-424b-9868-57a2d4851a1d" relativeResultsDirectory="febd00f8-f11f-44e5-969d-82a775b7136d" />
    <UnitTestResult executionId="284ede7d-7df8-42c2-a7e9-d2f8a1d158dd" testId="6b5c6338-1c9b-5128-887c-aa33513ed4b1" testName="OpenClawNet.UnitTests.Models.AzureOpenAIModelClientTests.Constructor_DoesNotThrow_WhenIntegratedModeWithEndpointOnly" computerName="CPC-bruno-U7R9O" duration="00:00:00.0010384" startTime="2026-04-14T13:33:16.3694099-04:00" endTime="2026-04-14T13:33:16.3703929-04:00" testType="13cdc9d9-ddb5-4fa4-a97d-d965ccfc6d4b" outcome="Passed" testListId="8c84fa94-04c1-424b-9868-57a2d4851a1d" relativeResultsDirectory="284ede7d-7df8-42c2-a7e9-d2f8a1d158dd" />
    <UnitTestResult executionId="2391c5c6-b39a-4a2f-9ba7-16ba64b59dcf" testId="f0e3f1a1-1581-a0fa-05e0-7e34524cdd62" testName="OpenClawNet.UnitTests.Storage.ConversationStoreTests.AddMessage_StoresMessage" computerName="CPC-bruno-U7R9O" duration="00:00:00.0019790" startTime="2026-04-14T13:33:17.0104506-04:00" endTime="2026-04-14T13:33:17.0116118-04:00" testType="13cdc9d9-ddb5-4fa4-a97d-d965ccfc6d4b" outcome="Passed" testListId="8c84fa94-04c1-424b-9868-57a2d4851a1d" relativeResultsDirectory="2391c5c6-b39a-4a2f-9ba7-16ba64b59dcf" />
    <UnitTestResult executionId="0ea37417-0624-4cba-8b40-551a8b8f4272" testId="d9fd0b28-f8e2-7f5a-bf6e-42bd2005a1e5" testName="OpenClawNet.UnitTests.Models.OllamaModelClientTests.StreamAsync_ToolCallsThenContent_BothPreserved" computerName="CPC-bruno-U7R9O" duration="00:00:00.0015556" startTime="2026-04-14T13:33:16.3251694-04:00" endTime="2026-04-14T13:33:16.3266853-04:00" testType="13cdc9d9-ddb5-4fa4-a97d-d965ccfc6d4b" outcome="Passed" testListId="8c84fa94-04c1-424b-9868-57a2d4851a1d" relativeResultsDirectory="0ea37417-0624-4cba-8b40-551a8b8f4272" />
    <UnitTestResult executionId="67721a10-5302-4605-890f-82c5906bc742" testId="b6c0cf2e-961f-2153-5e6a-d0cbf1ecffbc" testName="OpenClawNet.UnitTests.Tools.FileSystemToolTests.FindProjects_ReturnsProjectFiles_WhenCsprojExists" computerName="CPC-bruno-U7R9O" duration="00:00:00.0231635" startTime="2026-04-14T13:33:16.3026037-04:00" endTime="2026-04-14T13:33:16.3114485-04:00" testType="13cdc9d9-ddb5-4fa4-a97d-d965ccfc6d4b" outcome="Passed" testListId="8c84fa94-04c1-424b-9868-57a2d4851a1d" relativeResultsDirectory="67721a10-5302-4605-890f-82c5906bc742" />
    <UnitTestResult executionId="096e4cec-86e5-4704-8a8c-7f82836d2e33" testId="f588e208-dd99-d855-2c75-9e6137d3df86" testName="OpenClawNet.UnitTests.Storage.ConversationStoreTests.UpdateSessionTitle_ChangesTitle" computerName="CPC-bruno-U7R9O" duration="00:00:00.0044188" startTime="2026-04-14T13:33:17.0032743-04:00" endTime="2026-04-14T13:33:17.0075829-04:00" testType="13cdc9d9-ddb5-4fa4-a97d-d965ccfc6d4b" outcome="Passed" testListId="8c84fa94-04c1-424b-9868-57a2d4851a1d" relativeResultsDirectory="096e4cec-86e5-4704-8a8c-7f82836d2e33" />
    <UnitTestResult executionId="538e1477-54a3-4bd7-88bb-66dc3007c9f8" testId="ae6e04aa-32cf-17ed-76ff-307d5ecdd96c" testName="OpenClawNet.UnitTests.Models.OllamaModelClientTests.StreamAsync_ExtractsToolCalls_FromDoneFalseChunk" computerName="CPC-bruno-U7R9O" duration="00:00:00.0014257" startTime="2026-04-14T13:33:16.3611474-04:00" endTime="2026-04-14T13:33:16.3625543-04:00" testType="13cdc9d9-ddb5-4fa4-a97d-d965ccfc6d4b" outcome="Passed" testListId="8c84fa94-04c1-424b-9868-57a2d4851a1d" relativeResultsDirectory="538e1477-54a3-4bd7-88bb-66dc3007c9f8" />
    <UnitTestResult executionId="2a8956ca-fafe-4aa6-abc9-c26d8f6d868b" testId="a5393ffa-9126-a4ab-39be-516adbc87e3b" testName="OpenClawNet.UnitTests.Tools.ToolExecutorTests.ExecuteAsync_CallsTool_WhenFound" computerName="CPC-bruno-U7R9O" duration="00:00:00.0348892" startTime="2026-04-14T13:33:16.2424154-04:00" endTime="2026-04-14T13:33:16.2632753-04:00" testType="13cdc9d9-ddb5-4fa4-a97d-d965ccfc6d4b" outcome="Passed" testListId="8c84fa94-04c1-424b-9868-57a2d4851a1d" relativeResultsDirectory="2a8956ca-fafe-4aa6-abc9-c26d8f6d868b" />
    <UnitTestResult executionId="ba370e40-dc75-45a2-b172-97f574167111" testId="e63e1739-8dee-bdec-a7cb-4f9c4f9133ba" testName="OpenClawNet.UnitTests.Skills.FileSkillLoaderTests.UninstallSkillAsync_DeletesDirectory" computerName="CPC-bruno-U7R9O" duration="00:00:00.0072138" startTime="2026-04-14T13:33:16.3170935-04:00" endTime="2026-04-14T13:33:16.3246982-04:00" testType="13cdc9d9-ddb5-4fa4-a97d-d965ccfc6d4b" outcome="Passed" testListId="8c84fa94-04c1-424b-9868-57a2d4851a1d" relativeResultsDirectory="ba370e40-dc75-45a2-b172-97f574167111" />
    <UnitTestResult executionId="de2e78f5-f219-49ed-b759-7cf84eb3304c" testId="ea11aebd-d039-ddf2-38d4-3274342c5210" testName="OpenClawNet.UnitTests.Models.AzureOpenAIModelClientTests.DefaultOptions_UseApiKeyAuthMode" computerName="CPC-bruno-U7R9O" duration="00:00:00.0001281" startTime="2026-04-14T13:33:16.3749527-04:00" endTime="2026-04-14T13:33:16.3749955-04:00" testType="13cdc9d9-ddb5-4fa4-a97d-d965ccfc6d4b" outcome="Passed" testListId="8c84fa94-04c1-424b-9868-57a2d4851a1d" relativeResultsDirectory="de2e78f5-f219-49ed-b759-7cf84eb3304c" />
    <UnitTestResult executionId="fec3f816-0179-4a83-9ac7-619570091936" testId="9a4cf852-9017-8e96-ea19-e491c50c0dc9" testName="OpenClawNet.UnitTests.Skills.SkillParserTests.Parse_WithoutFrontmatter_UsesFileName" computerName="CPC-bruno-U7R9O" duration="00:00:00.0098119" startTime="2026-04-14T13:33:16.2974646-04:00" endTime="2026-04-14T13:33:16.3022006-04:00" testType="13cdc9d9-ddb5-4fa4-a97d-d965ccfc6d4b" outcome="Passed" testListId="8c84fa94-04c1-424b-9868-57a2d4851a1d" relativeResultsDirectory="fec3f816-0179-4a83-9ac7-619570091936" />
  </Results>
  <TestDefinitions>
    <UnitTest name="OpenClawNet.UnitTests.Scheduler.SchedulerSettingsServiceTests.GetSettings_ReturnsDefaults_WhenNoFileOrConfig" storage="c:\src\openclawnet-plan\tests\openclawnet.unittests\bin\debug\net10.0\openclawnet.unittests.dll" id="480f93a9-5aef-aea4-6679-e2d724273a4c">
      <Execution id="2ef0aa0f-a212-46c6-bc97-186ad059eb84" />
      <TestMethod codeBase="C:\src\openclawnet-plan\tests\OpenClawNet.UnitTests\bin\Debug\net10.0\OpenClawNet.UnitTests.dll" adapterTypeName="executor://xunit/VsTestRunner3/netcore/" className="OpenClawNet.UnitTests.Scheduler.SchedulerSettingsServiceTests" name="GetSettings_ReturnsDefaults_WhenNoFileOrConfig" />
    </UnitTest>
    <UnitTest name="OpenClawNet.UnitTests.Agent.AgentRuntimeStreamTests.AgentStreamEventType_ContainsToolApprovalRequest" storage="c:\src\openclawnet-plan\tests\openclawnet.unittests\bin\debug\net10.0\openclawnet.unittests.dll" id="f5ba8a65-8640-e4c6-1267-039eea8e5e24">
      <Execution id="d88a477d-e962-4247-9999-9dbf4fbc5a2e" />
      <TestMethod codeBase="C:\src\openclawnet-plan\tests\OpenClawNet.UnitTests\bin\Debug\net10.0\OpenClawNet.UnitTests.dll" adapterTypeName="executor://xunit/VsTestRunner3/netcore/" className="OpenClawNet.UnitTests.Agent.AgentRuntimeStreamTests" name="AgentStreamEventType_ContainsToolApprovalRequest" />
    </UnitTest>
    <UnitTest name="OpenClawNet.UnitTests.Models.OllamaModelClientTests.CompleteAsync_MapsToolCallsFromResponse" storage="c:\src\openclawnet-plan\tests\openclawnet.unittests\bin\debug\net10.0\openclawnet.unittests.dll" id="f5830bc3-7a37-9577-f62a-7384d69cd5e7">
      <Execution id="81f3ce99-466c-4ceb-a092-5860248d60ed" />
      <TestMethod codeBase="C:\src\openclawnet-plan\tests\OpenClawNet.UnitTests\bin\Debug\net10.0\OpenClawNet.UnitTests.dll" adapterTypeName="executor://xunit/VsTestRunner3/netcore/" className="OpenClawNet.UnitTests.Models.OllamaModelClientTests" name="CompleteAsync_MapsToolCallsFromResponse" />
    </UnitTest>
    <UnitTest name="OpenClawNet.UnitTests.Models.AzureOpenAIModelClientTests.Constructor_DoesNotThrow_WhenIntegratedModeWithEndpointOnly" storage="c:\src\openclawnet-plan\tests\openclawnet.unittests\bin\debug\net10.0\openclawnet.unittests.dll" id="6b5c6338-1c9b-5128-887c-aa33513ed4b1">
      <Execution id="284ede7d-7df8-42c2-a7e9-d2f8a1d158dd" />
      <TestMethod codeBase="C:\src\openclawnet-plan\tests\OpenClawNet.UnitTests\bin\Debug\net10.0\OpenClawNet.UnitTests.dll" adapterTypeName="executor://xunit/VsTestRunner3/netcore/" className="OpenClawNet.UnitTests.Models.AzureOpenAIModelClientTests" name="Constructor_DoesNotThrow_WhenIntegratedModeWithEndpointOnly" />
    </UnitTest>
    <UnitTest name="OpenClawNet.UnitTests.Models.AzureOpenAIModelClientTests.Constructor_HandlesIntegratedAuthMode_CaseInsensitively(authMode: &quot;Integrated&quot;)" storage="c:\src\openclawnet-plan\tests\openclawnet.unittests\bin\debug\net10.0\openclawnet.unittests.dll" id="b6159835-5829-a9d3-b225-360e61458367">
      <Execution id="5cc64416-9567-4d3a-a62c-359203a03c0b" />
      <TestMethod codeBase="C:\src\openclawnet-plan\tests\OpenClawNet.UnitTests\bin\Debug\net10.0\OpenClawNet.UnitTests.dll" adapterTypeName="executor://xunit/VsTestRunner3/netcore/" className="OpenClawNet.UnitTests.Models.AzureOpenAIModelClientTests" name="Constructor_HandlesIntegratedAuthMode_CaseInsensitively" />
    </UnitTest>
    <UnitTest name="OpenClawNet.UnitTests.Models.OllamaModelClientTests.CompleteAsync_SendsModelAndMessages" storage="c:\src\openclawnet-plan\tests\openclawnet.unittests\bin\debug\net10.0\openclawnet.unittests.dll" id="cdd534e2-e2e2-5f8c-86bc-5469c5e2cfc7">
      <Execution id="92388a45-ae55-40b3-acb7-0784b7d76a39" />
      <TestMethod codeBase="C:\src\openclawnet-plan\tests\OpenClawNet.UnitTests\bin\Debug\net10.0\OpenClawNet.UnitTests.dll" adapterTypeName="executor://xunit/VsTestRunner3/netcore/" className="OpenClawNet.UnitTests.Models.OllamaModelClientTests" name="CompleteAsync_SendsModelAndMessages" />
    </UnitTest>
    <UnitTest name="OpenClawNet.UnitTests.Models.AzureOpenAIModelClientTests.AddAzureOpenAI_DefaultDeploymentName_IsGpt5Mini" storage="c:\src\openclawnet-plan\tests\openclawnet.unittests\bin\debug\net10.0\openclawnet.unittests.dll" id="c7d85018-b695-5228-b365-26e608cf62b0">
      <Execution id="13bf18bd-277b-4161-be0d-c9efc5615ad2" />
      <TestMethod codeBase="C:\src\openclawnet-plan\tests\OpenClawNet.UnitTests\bin\Debug\net10.0\OpenClawNet.UnitTests.dll" adapterTypeName="executor://xunit/VsTestRunner3/netcore/" className="OpenClawNet.UnitTests.Models.AzureOpenAIModelClientTests" name="AddAzureOpenAI_DefaultDeploymentName_IsGpt5Mini" />
    </UnitTest>
    <UnitTest name="OpenClawNet.UnitTests.Agent.PromptComposerTests.ComposeAsync_FallbackPrompt_InstructsFileSystemToolUsage" storage="c:\src\openclawnet-plan\tests\openclawnet.unittests\bin\debug\net10.0\openclawnet.unittests.dll" id="14e47f9b-10aa-7314-69d2-05a768093351">
      <Execution id="4ac39793-402d-4e36-8aa5-1353bdf52758" />
      <TestMethod codeBase="C:\src\openclawnet-plan\tests\OpenClawNet.UnitTests\bin\Debug\net10.0\OpenClawNet.UnitTests.dll" adapterTypeName="executor://xunit/VsTestRunner3/netcore/" className="OpenClawNet.UnitTests.Agent.PromptComposerTests" name="ComposeAsync_FallbackPrompt_InstructsFileSystemToolUsage" />
    </UnitTest>
    <UnitTest name="OpenClawNet.UnitTests.Scheduler.SchedulerSettingsServiceTests.Update_PersistsToFile" storage="c:\src\openclawnet-plan\tests\openclawnet.unittests\bin\debug\net10.0\openclawnet.unittests.dll" id="3c7bef25-7167-f04b-f5dc-6dd51ff7a167">
      <Execution id="871a7e5d-cd43-42fe-8b7d-d89130fa3d10" />
      <TestMethod codeBase="C:\src\openclawnet-plan\tests\OpenClawNet.UnitTests\bin\Debug\net10.0\OpenClawNet.UnitTests.dll" adapterTypeName="executor://xunit/VsTestRunner3/netcore/" className="OpenClawNet.UnitTests.Scheduler.SchedulerSettingsServiceTests" name="Update_PersistsToFile" />
    </UnitTest>
    <UnitTest name="OpenClawNet.UnitTests.Models.OllamaModelClientTests.StreamAsync_ToolCallsThenContent_BothPreserved" storage="c:\src\openclawnet-plan\tests\openclawnet.unittests\bin\debug\net10.0\openclawnet.unittests.dll" id="d9fd0b28-f8e2-7f5a-bf6e-42bd2005a1e5">
      <Execution id="0ea37417-0624-4cba-8b40-551a8b8f4272" />
      <TestMethod codeBase="C:\src\openclawnet-plan\tests\OpenClawNet.UnitTests\bin\Debug\net10.0\OpenClawNet.UnitTests.dll" adapterTypeName="executor://xunit/VsTestRunner3/netcore/" className="OpenClawNet.UnitTests.Models.OllamaModelClientTests" name="StreamAsync_ToolCallsThenContent_BothPreserved" />
    </UnitTest>
    <UnitTest name="OpenClawNet.UnitTests.Tools.ToolRegistryTests.Register_AddsToolToRegistry" storage="c:\src\openclawnet-plan\tests\openclawnet.unittests\bin\debug\net10.0\openclawnet.unittests.dll" id="c829b81e-82b2-51e1-da0d-7fddcf5cb35f">
      <Execution id="4cbe539c-3028-4d6b-b21b-e30801aea133" />
      <TestMethod codeBase="C:\src\openclawnet-plan\tests\OpenClawNet.UnitTests\bin\Debug\net10.0\OpenClawNet.UnitTests.dll" adapterTypeName="executor://xunit/VsTestRunner3/netcore/" className="OpenClawNet.UnitTests.Tools.ToolRegistryTests" name="Register_AddsToolToRegistry" />
    </UnitTest>
    <UnitTest name="OpenClawNet.UnitTests.Storage.ConversationStoreTests.CreateSession_ReturnsNewSession" storage="c:\src\openclawnet-plan\tests\openclawnet.unittests\bin\debug\net10.0\openclawnet.unittests.dll" id="213b1533-7798-95cd-3125-9e72d916d53a">
      <Execution id="f900eb4b-6c5a-4d96-a982-2451553045bc" />
      <TestMethod codeBase="C:\src\openclawnet-plan\tests\OpenClawNet.UnitTests\bin\Debug\net10.0\OpenClawNet.UnitTests.dll" adapterTypeName="executor://xunit/VsTestRunner3/netcore/" className="OpenClawNet.UnitTests.Storage.ConversationStoreTests" name="CreateSession_ReturnsNewSession" />
    </UnitTest>
    <UnitTest name="OpenClawNet.UnitTests.Tools.FileSystemToolTests.Write_ThenRead_RoundTrips" storage="c:\src\openclawnet-plan\tests\openclawnet.unittests\bin\debug\net10.0\openclawnet.unittests.dll" id="f108cbae-633d-eaa3-44df-a30f69082d96">
      <Execution id="6c20d00b-518f-4e40-a8fa-379381573349" />
      <TestMethod codeBase="C:\src\openclawnet-plan\tests\OpenClawNet.UnitTests\bin\Debug\net10.0\OpenClawNet.UnitTests.dll" adapterTypeName="executor://xunit/VsTestRunner3/netcore/" className="OpenClawNet.UnitTests.Tools.FileSystemToolTests" name="Write_ThenRead_RoundTrips" />
    </UnitTest>
    <UnitTest name="OpenClawNet.UnitTests.Skills.FileSkillLoaderTests.UninstallSkillAsync_RemovesSkillFromList" storage="c:\src\openclawnet-plan\tests\openclawnet.unittests\bin\debug\net10.0\openclawnet.unittests.dll" id="5fec1456-830e-4825-a4be-a6019ddd0ab4">
      <Execution id="7cf046e3-b717-482a-8d02-14651590563d" />
      <TestMethod codeBase="C:\src\openclawnet-plan\tests\OpenClawNet.UnitTests\bin\Debug\net10.0\OpenClawNet.UnitTests.dll" adapterTypeName="executor://xunit/VsTestRunner3/netcore/" className="OpenClawNet.UnitTests.Skills.FileSkillLoaderTests" name="UninstallSkillAsync_RemovesSkillFromList" />
    </UnitTest>
    <UnitTest name="OpenClawNet.UnitTests.Tools.ToolExecutorTests.ExecuteAsync_ReturnsFail_WhenToolNotFound" storage="c:\src\openclawnet-plan\tests\openclawnet.unittests\bin\debug\net10.0\openclawnet.unittests.dll" id="4eda5f04-e51d-b20b-f1d0-45cc7dd310c9">
      <Execution id="3a8e327c-b4c4-4cb5-9edc-8273fab44497" />
      <TestMethod codeBase="C:\src\openclawnet-plan\tests\OpenClawNet.UnitTests\bin\Debug\net10.0\OpenClawNet.UnitTests.dll" adapterTypeName="executor://xunit/VsTestRunner3/netcore/" className="OpenClawNet.UnitTests.Tools.ToolExecutorTests" name="ExecuteAsync_ReturnsFail_WhenToolNotFound" />
    </UnitTest>
    <UnitTest name="OpenClawNet.UnitTests.Scheduler.SchedulerRunStateTests.Decrement_DecreasesCount" storage="c:\src\openclawnet-plan\tests\openclawnet.unittests\bin\debug\net10.0\openclawnet.unittests.dll" id="85878b30-6f51-3dff-13af-1e4ffc6ace82">
      <Execution id="88c5da44-766d-46d9-89b9-ac1bec1cbdfe" />
      <TestMethod codeBase="C:\src\openclawnet-plan\tests\OpenClawNet.UnitTests\bin\Debug\net10.0\OpenClawNet.UnitTests.dll" adapterTypeName="executor://xunit/VsTestRunner3/netcore/" className="OpenClawNet.UnitTests.Scheduler.SchedulerRunStateTests" name="Decrement_DecreasesCount" />
    </UnitTest>
    <UnitTest name="OpenClawNet.UnitTests.Skills.FileSkillLoaderTests.DisableSkill_ExcludesItFromActiveSkills" storage="c:\src\openclawnet-plan\tests\openclawnet.unittests\bin\debug\net10.0\openclawnet.unittests.dll" id="9974c8b3-d243-8af5-f435-ca783b362a99">
      <Execution id="c1a60679-f5bf-4dde-ad2e-c468ed2b0d69" />
      <TestMethod codeBase="C:\src\openclawnet-plan\tests\OpenClawNet.UnitTests\bin\Debug\net10.0\OpenClawNet.UnitTests.dll" adapterTypeName="executor://xunit/VsTestRunner3/netcore/" className="OpenClawNet.UnitTests.Skills.FileSkillLoaderTests" name="DisableSkill_ExcludesItFromActiveSkills" />
    </UnitTest>
    <UnitTest name="OpenClawNet.UnitTests.Storage.ConversationStoreTests.GetSession_ReturnsNullWhenNotFound" storage="c:\src\openclawnet-plan\tests\openclawnet.unittests\bin\debug\net10.0\openclawnet.unittests.dll" id="f4c8dc88-c616-1d9e-8077-68503f9a8bb0">
      <Execution id="9e1bbcf9-c48a-41e1-a1c5-0065f3f81a82" />
      <TestMethod codeBase="C:\src\openclawnet-plan\tests\OpenClawNet.UnitTests\bin\Debug\net10.0\OpenClawNet.UnitTests.dll" adapterTypeName="executor://xunit/VsTestRunner3/netcore/" className="OpenClawNet.UnitTests.Storage.ConversationStoreTests" name="GetSession_ReturnsNullWhenNotFound" />
    </UnitTest>
    <UnitTest name="OpenClawNet.UnitTests.Models.AzureOpenAIModelClientTests.Options_EmptyDeploymentKeepsDefault_WhenNotSetInConfig" storage="c:\src\openclawnet-plan\tests\openclawnet.unittests\bin\debug\net10.0\openclawnet.unittests.dll" id="3c79690b-73f3-60f0-d5ff-7fa938872e8c">
      <Execution id="e7a2d18f-1b45-458c-967f-6fb39ee402b8" />
      <TestMethod codeBase="C:\src\openclawnet-plan\tests\OpenClawNet.UnitTests\bin\Debug\net10.0\OpenClawNet.UnitTests.dll" adapterTypeName="executor://xunit/VsTestRunner3/netcore/" className="OpenClawNet.UnitTests.Models.AzureOpenAIModelClientTests" name="Options_EmptyDeploymentKeepsDefault_WhenNotSetInConfig" />
    </UnitTest>
    <UnitTest name="OpenClawNet.UnitTests.Skills.FileSkillLoaderTests.InstallSkillAsync_CreatesSkillMdInInstalledDirectory" storage="c:\src\openclawnet-plan\tests\openclawnet.unittests\bin\debug\net10.0\openclawnet.unittests.dll" id="20d19faa-40d2-0341-ec1b-f6472ec71204">
      <Execution id="f7898387-771b-413e-98ae-c92090997ebb" />
      <TestMethod codeBase="C:\src\openclawnet-plan\tests\OpenClawNet.UnitTests\bin\Debug\net10.0\OpenClawNet.UnitTests.dll" adapterTypeName="executor://xunit/VsTestRunner3/netcore/" className="OpenClawNet.UnitTests.Skills.FileSkillLoaderTests" name="InstallSkillAsync_CreatesSkillMdInInstalledDirectory" />
    </UnitTest>
    <UnitTest name="OpenClawNet.UnitTests.Tools.ToolRegistryTests.GetAllTools_ReturnsRegisteredTools" storage="c:\src\openclawnet-plan\tests\openclawnet.unittests\bin\debug\net10.0\openclawnet.unittests.dll" id="09dfc599-7d60-1da2-85ae-3fbd22d6aaa9">
      <Execution id="febd00f8-f11f-44e5-969d-82a775b7136d" />
      <TestMethod codeBase="C:\src\openclawnet-plan\tests\OpenClawNet.UnitTests\bin\Debug\net10.0\OpenClawNet.UnitTests.dll" adapterTypeName="executor://xunit/VsTestRunner3/netcore/" className="OpenClawNet.UnitTests.Tools.ToolRegistryTests" name="GetAllTools_ReturnsRegisteredTools" />
    </UnitTest>
    <UnitTest name="OpenClawNet.UnitTests.Storage.ConversationStoreTests.ListSessions_ReturnsOrderedByUpdatedAt" storage="c:\src\openclawnet-plan\tests\openclawnet.unittests\bin\debug\net10.0\openclawnet.unittests.dll" id="7f4ccbac-4c41-76ec-3301-767892e691b9">
      <Execution id="2c587c5c-fc9a-4cd4-bbff-540803f4802c" />
      <TestMethod codeBase="C:\src\openclawnet-plan\tests\OpenClawNet.UnitTests\bin\Debug\net10.0\OpenClawNet.UnitTests.dll" adapterTypeName="executor://xunit/VsTestRunner3/netcore/" className="OpenClawNet.UnitTests.Storage.ConversationStoreTests" name="ListSessions_ReturnsOrderedByUpdatedAt" />
    </UnitTest>
    <UnitTest name="OpenClawNet.UnitTests.Agent.PromptComposerTests.ComposeAsync_IncludesSessionSummary" storage="c:\src\openclawnet-plan\tests\openclawnet.unittests\bin\debug\net10.0\openclawnet.unittests.dll" id="61b7fe3b-84cb-36ec-b834-01f0cb94f791">
      <Execution id="accd5ee2-3720-4183-a908-21bc4fe978ef" />
      <TestMethod codeBase="C:\src\openclawnet-plan\tests\OpenClawNet.UnitTests\bin\Debug\net10.0\OpenClawNet.UnitTests.dll" adapterTypeName="executor://xunit/VsTestRunner3/netcore/" className="OpenClawNet.UnitTests.Agent.PromptComposerTests" name="ComposeAsync_IncludesSessionSummary" />
    </UnitTest>
    <UnitTest name="OpenClawNet.UnitTests.Skills.SkillParserTests.Parse_WithDisabledFlag_SetsEnabled" storage="c:\src\openclawnet-plan\tests\openclawnet.unittests\bin\debug\net10.0\openclawnet.unittests.dll" id="a08c1a2f-099f-7872-d133-b8a224624c46">
      <Execution id="0356eefc-3faa-4354-9f20-2980d1506588" />
      <TestMethod codeBase="C:\src\openclawnet-plan\tests\OpenClawNet.UnitTests\bin\Debug\net10.0\OpenClawNet.UnitTests.dll" adapterTypeName="executor://xunit/VsTestRunner3/netcore/" className="OpenClawNet.UnitTests.Skills.SkillParserTests" name="Parse_WithDisabledFlag_SetsEnabled" />
    </UnitTest>
    <UnitTest name="OpenClawNet.UnitTests.Tools.FileSystemToolTests.List_WithAbsolutePath_ListsDirectory" storage="c:\src\openclawnet-plan\tests\openclawnet.unittests\bin\debug\net10.0\openclawnet.unittests.dll" id="99fa6024-cda9-5655-11c1-b3480a8af763">
      <Execution id="4997d982-3c50-4ece-9bb7-7c9947df37fc" />
      <TestMethod codeBase="C:\src\openclawnet-plan\tests\OpenClawNet.UnitTests\bin\Debug\net10.0\OpenClawNet.UnitTests.dll" adapterTypeName="executor://xunit/VsTestRunner3/netcore/" className="OpenClawNet.UnitTests.Tools.FileSystemToolTests" name="List_WithAbsolutePath_ListsDirectory" />
    </UnitTest>
    <UnitTest name="OpenClawNet.UnitTests.Agent.PromptComposerTests.ComposeAsync_FallbackPrompt_ContainsWorkspacePath" storage="c:\src\openclawnet-plan\tests\openclawnet.unittests\bin\debug\net10.0\openclawnet.unittests.dll" id="4c777fe8-5ab1-b155-3cbf-45dd7fa1f8e5">
      <Execution id="0385da53-596c-423c-88ab-b6f6810dce3d" />
      <TestMethod codeBase="C:\src\openclawnet-plan\tests\OpenClawNet.UnitTests\bin\Debug\net10.0\OpenClawNet.UnitTests.dll" adapterTypeName="executor://xunit/VsTestRunner3/netcore/" className="OpenClawNet.UnitTests.Agent.PromptComposerTests" name="ComposeAsync_FallbackPrompt_ContainsWorkspacePath" />
    </UnitTest>
    <UnitTest name="OpenClawNet.UnitTests.Models.AzureOpenAIModelClientTests.Constructor_LeavesClientNull_WhenApiKeyMissingInApiKeyMode" storage="c:\src\openclawnet-plan\tests\openclawnet.unittests\bin\debug\net10.0\openclawnet.unittests.dll" id="ae0855f4-6169-254e-eafb-2af8f14aa0ec">
      <Execution id="0339df37-e4bf-4070-ad0b-f7c57f75778d" />
      <TestMethod codeBase="C:\src\openclawnet-plan\tests\OpenClawNet.UnitTests\bin\Debug\net10.0\OpenClawNet.UnitTests.dll" adapterTypeName="executor://xunit/VsTestRunner3/netcore/" className="OpenClawNet.UnitTests.Models.AzureOpenAIModelClientTests" name="Constructor_LeavesClientNull_WhenApiKeyMissingInApiKeyMode" />
    </UnitTest>
    <UnitTest name="OpenClawNet.UnitTests.Models.AzureOpenAIModelClientTests.Constructor_LeavesClientNull_WhenIntegratedModeButNoEndpoint" storage="c:\src\openclawnet-plan\tests\openclawnet.unittests\bin\debug\net10.0\openclawnet.unittests.dll" id="b1ae9ea1-911d-c728-3f34-a2d5531049dd">
      <Execution id="d948a2d6-9302-48bc-a67e-6456270ed071" />
      <TestMethod codeBase="C:\src\openclawnet-plan\tests\OpenClawNet.UnitTests\bin\Debug\net10.0\OpenClawNet.UnitTests.dll" adapterTypeName="executor://xunit/VsTestRunner3/netcore/" className="OpenClawNet.UnitTests.Models.AzureOpenAIModelClientTests" name="Constructor_LeavesClientNull_WhenIntegratedModeButNoEndpoint" />
    </UnitTest>
    <UnitTest name="OpenClawNet.UnitTests.Storage.ConversationStoreTests.AddMessage_AutoCreatesSession_WhenSessionNotFound" storage="c:\src\openclawnet-plan\tests\openclawnet.unittests\bin\debug\net10.0\openclawnet.unittests.dll" id="8f468c91-78da-306d-1908-98f1ff142000">
      <Execution id="e911804a-6e8b-490c-883f-390095d887b2" />
      <TestMethod codeBase="C:\src\openclawnet-plan\tests\OpenClawNet.UnitTests\bin\Debug\net10.0\OpenClawNet.UnitTests.dll" adapterTypeName="executor://xunit/VsTestRunner3/netcore/" className="OpenClawNet.UnitTests.Storage.ConversationStoreTests" name="AddMessage_AutoCreatesSession_WhenSessionNotFound" />
    </UnitTest>
    <UnitTest name="OpenClawNet.UnitTests.Skills.FileSkillLoaderTests.InstallSkillAsync_SetsSourceToInstalled" storage="c:\src\openclawnet-plan\tests\openclawnet.unittests\bin\debug\net10.0\openclawnet.unittests.dll" id="8101c329-f816-1b77-6dff-b489ffd749c4">
      <Execution id="99903191-03e7-42d1-9c1f-ff3185ebb68c" />
      <TestMethod codeBase="C:\src\openclawnet-plan\tests\OpenClawNet.UnitTests\bin\Debug\net10.0\OpenClawNet.UnitTests.dll" adapterTypeName="executor://xunit/VsTestRunner3/netcore/" className="OpenClawNet.UnitTests.Skills.FileSkillLoaderTests" name="InstallSkillAsync_SetsSourceToInstalled" />
    </UnitTest>
    <UnitTest name="OpenClawNet.UnitTests.Models.AzureOpenAIModelClientTests.IsAvailableAsync_ReturnsFalse_WhenEndpointNotConfigured" storage="c:\src\openclawnet-plan\tests\openclawnet.unittests\bin\debug\net10.0\openclawnet.unittests.dll" id="da1b5f33-3f34-9d6b-fcbc-4d5b80dc4a01">
      <Execution id="41de3d89-6fc8-47fe-b165-b39548f830db" />
      <TestMethod codeBase="C:\src\openclawnet-plan\tests\OpenClawNet.UnitTests\bin\Debug\net10.0\OpenClawNet.UnitTests.dll" adapterTypeName="executor://xunit/VsTestRunner3/netcore/" className="OpenClawNet.UnitTests.Models.AzureOpenAIModelClientTests" name="IsAvailableAsync_ReturnsFalse_WhenEndpointNotConfigured" />
    </UnitTest>
    <UnitTest name="OpenClawNet.UnitTests.Scheduler.SchedulerSettingsServiceTests.GetSettings_ReadsFromConfiguration" storage="c:\src\openclawnet-plan\tests\openclawnet.unittests\bin\debug\net10.0\openclawnet.unittests.dll" id="3c16b416-2c11-51a2-ab8a-7d289443f93a">
      <Execution id="0af177b7-5f96-4989-943d-b80524d74997" />
      <TestMethod codeBase="C:\src\openclawnet-plan\tests\OpenClawNet.UnitTests\bin\Debug\net10.0\OpenClawNet.UnitTests.dll" adapterTypeName="executor://xunit/VsTestRunner3/netcore/" className="OpenClawNet.UnitTests.Scheduler.SchedulerSettingsServiceTests" name="GetSettings_ReadsFromConfiguration" />
    </UnitTest>
    <UnitTest name="OpenClawNet.UnitTests.Models.OllamaModelClientTests.StreamAsync_ExtractsToolCalls_FromDoneFalseChunk" storage="c:\src\openclawnet-plan\tests\openclawnet.unittests\bin\debug\net10.0\openclawnet.unittests.dll" id="ae6e04aa-32cf-17ed-76ff-307d5ecdd96c">
      <Execution id="538e1477-54a3-4bd7-88bb-66dc3007c9f8" />
      <TestMethod codeBase="C:\src\openclawnet-plan\tests\OpenClawNet.UnitTests\bin\Debug\net10.0\OpenClawNet.UnitTests.dll" adapterTypeName="executor://xunit/VsTestRunner3/netcore/" className="OpenClawNet.UnitTests.Models.OllamaModelClientTests" name="StreamAsync_ExtractsToolCalls_FromDoneFalseChunk" />
    </UnitTest>
    <UnitTest name="OpenClawNet.UnitTests.Models.AzureOpenAIModelClientTests.DefaultOptions_HaveGpt5MiniDeployment" storage="c:\src\openclawnet-plan\tests\openclawnet.unittests\bin\debug\net10.0\openclawnet.unittests.dll" id="63dd56b5-7830-034c-0d04-4f7908f6699b">
      <Execution id="51dc44c9-b847-4005-8594-bebdeeabe0ba" />
      <TestMethod codeBase="C:\src\openclawnet-plan\tests\OpenClawNet.UnitTests\bin\Debug\net10.0\OpenClawNet.UnitTests.dll" adapterTypeName="executor://xunit/VsTestRunner3/netcore/" className="OpenClawNet.UnitTests.Models.AzureOpenAIModelClientTests" name="DefaultOptions_HaveGpt5MiniDeployment" />
    </UnitTest>
    <UnitTest name="OpenClawNet.UnitTests.Agent.AgentRuntimeStreamTests.ExecuteStreamAsync_EmitsToolApprovalRequest_BeforeToolCallStart_ForApprovalRequiredTools" storage="c:\src\openclawnet-plan\tests\openclawnet.unittests\bin\debug\net10.0\openclawnet.unittests.dll" id="b9afa542-4cbc-b961-5e1c-d641f81863d2">
      <Execution id="6978c1e2-8479-4a27-9537-2e229aef4560" />
      <TestMethod codeBase="C:\src\openclawnet-plan\tests\OpenClawNet.UnitTests\bin\Debug\net10.0\OpenClawNet.UnitTests.dll" adapterTypeName="executor://xunit/VsTestRunner3/netcore/" className="OpenClawNet.UnitTests.Agent.AgentRuntimeStreamTests" name="ExecuteStreamAsync_EmitsToolApprovalRequest_BeforeToolCallStart_ForApprovalRequiredTools" />
    </UnitTest>
    <UnitTest name="OpenClawNet.UnitTests.Skills.FileSkillLoaderTests.EnableSkill_RestoresItToActiveSkills" storage="c:\src\openclawnet-plan\tests\openclawnet.unittests\bin\debug\net10.0\openclawnet.unittests.dll" id="d9289b3e-30b3-b428-47a8-f80dd930c267">
      <Execution id="4ecbd12e-9007-4180-8046-14fbb09e5eb1" />
      <TestMethod codeBase="C:\src\openclawnet-plan\tests\OpenClawNet.UnitTests\bin\Debug\net10.0\OpenClawNet.UnitTests.dll" adapterTypeName="executor://xunit/VsTestRunner3/netcore/" className="OpenClawNet.UnitTests.Skills.FileSkillLoaderTests" name="EnableSkill_RestoresItToActiveSkills" />
    </UnitTest>
    <UnitTest name="OpenClawNet.UnitTests.Models.AzureOpenAIModelClientTests.ProviderName_IsAzureOpenAI" storage="c:\src\openclawnet-plan\tests\openclawnet.unittests\bin\debug\net10.0\openclawnet.unittests.dll" id="c13b62d4-f769-342d-787f-07efb58a3f89">
      <Execution id="16d11073-ddb1-4c88-9c44-4dcabf6de035" />
      <TestMethod codeBase="C:\src\openclawnet-plan\tests\OpenClawNet.UnitTests\bin\Debug\net10.0\OpenClawNet.UnitTests.dll" adapterTypeName="executor://xunit/VsTestRunner3/netcore/" className="OpenClawNet.UnitTests.Models.AzureOpenAIModelClientTests" name="ProviderName_IsAzureOpenAI" />
    </UnitTest>
    <UnitTest name="OpenClawNet.UnitTests.Models.AzureOpenAIModelClientTests.Constructor_HandlesIntegratedAuthMode_CaseInsensitively(authMode: &quot;integrated&quot;)" storage="c:\src\openclawnet-plan\tests\openclawnet.unittests\bin\debug\net10.0\openclawnet.unittests.dll" id="0e5fd5aa-d822-d931-f324-55c722c537ec">
      <Execution id="450fb8d3-cb9e-4b40-9193-af62eba52798" />
      <TestMethod codeBase="C:\src\openclawnet-plan\tests\OpenClawNet.UnitTests\bin\Debug\net10.0\OpenClawNet.UnitTests.dll" adapterTypeName="executor://xunit/VsTestRunner3/netcore/" className="OpenClawNet.UnitTests.Models.AzureOpenAIModelClientTests" name="Constructor_HandlesIntegratedAuthMode_CaseInsensitively" />
    </UnitTest>
    <UnitTest name="OpenClawNet.UnitTests.Tools.ToolExecutorTests.ExecuteAsync_CallsTool_WhenFound" storage="c:\src\openclawnet-plan\tests\openclawnet.unittests\bin\debug\net10.0\openclawnet.unittests.dll" id="a5393ffa-9126-a4ab-39be-516adbc87e3b">
      <Execution id="2a8956ca-fafe-4aa6-abc9-c26d8f6d868b" />
      <TestMethod codeBase="C:\src\openclawnet-plan\tests\OpenClawNet.UnitTests\bin\Debug\net10.0\OpenClawNet.UnitTests.dll" adapterTypeName="executor://xunit/VsTestRunner3/netcore/" className="OpenClawNet.UnitTests.Tools.ToolExecutorTests" name="ExecuteAsync_CallsTool_WhenFound" />
    </UnitTest>
    <UnitTest name="OpenClawNet.UnitTests.Models.AzureOpenAIModelClientTests.DefaultOptions_UseApiKeyAuthMode" storage="c:\src\openclawnet-plan\tests\openclawnet.unittests\bin\debug\net10.0\openclawnet.unittests.dll" id="ea11aebd-d039-ddf2-38d4-3274342c5210">
      <Execution id="de2e78f5-f219-49ed-b759-7cf84eb3304c" />
      <TestMethod codeBase="C:\src\openclawnet-plan\tests\OpenClawNet.UnitTests\bin\Debug\net10.0\OpenClawNet.UnitTests.dll" adapterTypeName="executor://xunit/VsTestRunner3/netcore/" className="OpenClawNet.UnitTests.Models.AzureOpenAIModelClientTests" name="DefaultOptions_UseApiKeyAuthMode" />
    </UnitTest>
    <UnitTest name="OpenClawNet.UnitTests.Skills.FileSkillLoaderTests.BuiltInSkills_HaveSourceBuiltIn" storage="c:\src\openclawnet-plan\tests\openclawnet.unittests\bin\debug\net10.0\openclawnet.unittests.dll" id="3f2d8fc8-18b6-0882-3367-0abd3b92f98d">
      <Execution id="5a942cd2-ccb9-41b4-87df-5f314d67f5c8" />
      <TestMethod codeBase="C:\src\openclawnet-plan\tests\OpenClawNet.UnitTests\bin\Debug\net10.0\OpenClawNet.UnitTests.dll" adapterTypeName="executor://xunit/VsTestRunner3/netcore/" className="OpenClawNet.UnitTests.Skills.FileSkillLoaderTests" name="BuiltInSkills_HaveSourceBuiltIn" />
    </UnitTest>
    <UnitTest name="OpenClawNet.UnitTests.Models.OllamaModelClientTests.StreamAsync_PreservesToolCallIds_FromOllama" storage="c:\src\openclawnet-plan\tests\openclawnet.unittests\bin\debug\net10.0\openclawnet.unittests.dll" id="343d66e3-9131-bc03-53f6-bb4a7e565e21">
      <Execution id="7d26c865-02ca-4539-a9e9-3eb54f3141b2" />
      <TestMethod codeBase="C:\src\openclawnet-plan\tests\OpenClawNet.UnitTests\bin\Debug\net10.0\OpenClawNet.UnitTests.dll" adapterTypeName="executor://xunit/VsTestRunner3/netcore/" className="OpenClawNet.UnitTests.Models.OllamaModelClientTests" name="StreamAsync_PreservesToolCallIds_FromOllama" />
    </UnitTest>
[...]
    </UnitTest>
    <UnitTest name="OpenClawNet.UnitTests.Skills.FileSkillLoaderTests.ReloadAsync_LoadsSubdirectorySkillMd" storage="c:\src\openclawnet-plan\tests\openclawnet.unittests\bin\debug\net10.0\openclawnet.unittests.dll" id="c9043516-8f81-f510-1d83-b57d888669e7">
      <Execution id="6f8776ca-0659-4416-9908-9bc673d74b20" />
      <TestMethod codeBase="C:\src\openclawnet-plan\tests\OpenClawNet.UnitTests\bin\Debug\net10.0\OpenClawNet.UnitTests.dll" adapterTypeName="executor://xunit/VsTestRunner3/netcore/" className="OpenClawNet.UnitTests.Skills.FileSkillLoaderTests" name="ReloadAsync_LoadsSubdirectorySkillMd" />
    </UnitTest>
    <UnitTest name="OpenClawNet.UnitTests.Models.AzureOpenAIModelClientTests.AddAzureOpenAI_ReadsEndpointFromModelSection" storage="c:\src\openclawnet-plan\tests\openclawnet.unittests\bin\debug\net10.0\openclawnet.unittests.dll" id="caeb629f-da31-44a8-890c-ddbf33c84195">
      <Execution id="a1a49e57-e22a-4dda-8a67-612f831e203c" />
      <TestMethod codeBase="C:\src\openclawnet-plan\tests\OpenClawNet.UnitTests\bin\Debug\net10.0\OpenClawNet.UnitTests.dll" adapterTypeName="executor://xunit/VsTestRunner3/netcore/" className="OpenClawNet.UnitTests.Models.AzureOpenAIModelClientTests" name="AddAzureOpenAI_ReadsEndpointFromModelSection" />
    </UnitTest>
    <UnitTest name="OpenClawNet.UnitTests.Models.AzureOpenAIModelClientTests.AddAzureOpenAI_ReadsEndpointFromAzureOpenAISection_TakingPrecedence" storage="c:\src\openclawnet-plan\tests\openclawnet.unittests\bin\debug\net10.0\openclawnet.unittests.dll" id="0aeea800-2c6f-2da6-19ba-d2fad9bce49d">
      <Execution id="0d38d40e-e85f-4ad6-becb-eb71c3635d0c" />
      <TestMethod codeBase="C:\src\openclawnet-plan\tests\OpenClawNet.UnitTests\bin\Debug\net10.0\OpenClawNet.UnitTests.dll" adapterTypeName="executor://xunit/VsTestRunner3/netcore/" className="OpenClawNet.UnitTests.Models.AzureOpenAIModelClientTests" name="AddAzureOpenAI_ReadsEndpointFromAzureOpenAISection_TakingPrecedence" />
    </UnitTest>
    <UnitTest name="OpenClawNet.UnitTests.Tools.FileSystemToolTests.FindProjects_ExcludesBinAndObjDirectories" storage="c:\src\openclawnet-plan\tests\openclawnet.unittests\bin\debug\net10.0\openclawnet.unittests.dll" id="c3f639aa-7527-4462-2d08-5ae28b85e8cc">
      <Execution id="cd0d1cfa-b0f3-4923-af73-24b89baebe41" />
      <TestMethod codeBase="C:\src\openclawnet-plan\tests\OpenClawNet.UnitTests\bin\Debug\net10.0\OpenClawNet.UnitTests.dll" adapterTypeName="executor://xunit/VsTestRunner3/netcore/" className="OpenClawNet.UnitTests.Tools.FileSystemToolTests" name="FindProjects_ExcludesBinAndObjDirectories" />
    </UnitTest>
  </TestDefinitions>
  <TestEntries>
    <TestEntry testId="63c48078-afc0-d523-2dc2-332815f41b3b" executionId="d6fc5548-bd9f-421b-b715-387fe15e48b7" testListId="8c84fa94-04c1-424b-9868-57a2d4851a1d" />
    <TestEntry testId="dea1035b-e4ea-f627-8534-bdb00a818e27" executionId="dc7d5277-f29f-48bf-a893-a842158622ee" testListId="8c84fa94-04c1-424b-9868-57a2d4851a1d" />
    <TestEntry testId="399edbb7-2e5f-2a5c-1b12-b6b010dd8206" executionId="8691ce44-fd19-44b4-8160-235c990b1e10" testListId="8c84fa94-04c1-424b-9868-57a2d4851a1d" />
    <TestEntry testId="3f2d8fc8-18b6-0882-3367-0abd3b92f98d" executionId="5a942cd2-ccb9-41b4-87df-5f314d67f5c8" testListId="8c84fa94-04c1-424b-9868-57a2d4851a1d" />
    <TestEntry testId="90927d24-1a39-e1d6-2845-09bcd17eb047" executionId="88783766-80b1-4c21-b3c9-a28d999ac303" testListId="8c84fa94-04c1-424b-9868-57a2d4851a1d" />
    <TestEntry testId="1af8874a-0950-4a5e-9587-0d2e19b384bb" executionId="5eb6acc4-6154-4c90-94b3-73774d6af874" testListId="8c84fa94-04c1-424b-9868-57a2d4851a1d" />
    <TestEntry testId="490c24ba-c760-a85f-5bc3-6eeb7890365b" executionId="6c909d2f-fe66-403c-bb9f-7dfa1a05a5ac" testListId="8c84fa94-04c1-424b-9868-57a2d4851a1d" />
    <TestEntry testId="480f93a9-5aef-aea4-6679-e2d724273a4c" executionId="2ef0aa0f-a212-46c6-bc97-186ad059eb84" testListId="8c84fa94-04c1-424b-9868-57a2d4851a1d" />
    <TestEntry testId="b8e97c70-31bb-d004-62f7-142b982277cd" executionId="50f166b2-d2bd-4657-bfa3-9df3f4e43d09" testListId="8c84fa94-04c1-424b-9868-57a2d4851a1d" />
    <TestEntry testId="f5830bc3-7a37-9577-f62a-7384d69cd5e7" executionId="81f3ce99-466c-4ceb-a092-5860248d60ed" testListId="8c84fa94-04c1-424b-9868-57a2d4851a1d" />
    <TestEntry testId="4c777fe8-5ab1-b155-3cbf-45dd7fa1f8e5" executionId="0385da53-596c-423c-88ab-b6f6810dce3d" testListId="8c84fa94-04c1-424b-9868-57a2d4851a1d" />
    <TestEntry testId="1f93e1e2-6490-fcb6-f221-315fb23c5905" executionId="68f1606a-5fda-415b-913f-817bddef2234" testListId="8c84fa94-04c1-424b-9868-57a2d4851a1d" />
    <TestEntry testId="14e47f9b-10aa-7314-69d2-05a768093351" executionId="4ac39793-402d-4e36-8aa5-1353bdf52758" testListId="8c84fa94-04c1-424b-9868-57a2d4851a1d" />
    <TestEntry testId="5fec1456-830e-4825-a4be-a6019ddd0ab4" executionId="7cf046e3-b717-482a-8d02-14651590563d" testListId="8c84fa94-04c1-424b-9868-57a2d4851a1d" />
    <TestEntry testId="b6159835-5829-a9d3-b225-360e61458367" executionId="5cc64416-9567-4d3a-a62c-359203a03c0b" testListId="8c84fa94-04c1-424b-9868-57a2d4851a1d" />
    <TestEntry testId="7f4ccbac-4c41-76ec-3301-767892e691b9" executionId="2c587c5c-fc9a-4cd4-bbff-540803f4802c" testListId="8c84fa94-04c1-424b-9868-57a2d4851a1d" />
    <TestEntry testId="c9043516-8f81-f510-1d83-b57d888669e7" executionId="6f8776ca-0659-4416-9908-9bc673d74b20" testListId="8c84fa94-04c1-424b-9868-57a2d4851a1d" />
    <TestEntry testId="c3f639aa-7527-4462-2d08-5ae28b85e8cc" executionId="cd0d1cfa-b0f3-4923-af73-24b89baebe41" testListId="8c84fa94-04c1-424b-9868-57a2d4851a1d" />
    <TestEntry testId="ae0855f4-6169-254e-eafb-2af8f14aa0ec" executionId="0339df37-e4bf-4070-ad0b-f7c57f75778d" testListId="8c84fa94-04c1-424b-9868-57a2d4851a1d" />
    <TestEntry testId="86395317-0cca-af2f-03a4-8909d57420f8" executionId="85d64bf9-f0c0-4f20-9d24-053d8d452237" testListId="8c84fa94-04c1-424b-9868-57a2d4851a1d" />
    <TestEntry testId="85878b30-6f51-3dff-13af-1e4ffc6ace82" executionId="88c5da44-766d-46d9-89b9-ac1bec1cbdfe" testListId="8c84fa94-04c1-424b-9868-57a2d4851a1d" />
    <TestEntry testId="4eda5f04-e51d-b20b-f1d0-45cc7dd310c9" executionId="3a8e327c-b4c4-4cb5-9edc-8273fab44497" testListId="8c84fa94-04c1-424b-9868-57a2d4851a1d" />
    <TestEntry testId="1d1e7bfa-2658-79ed-671f-a74e48d77cf4" executionId="2bc63184-d7fd-4d4f-a38d-68b51fc6fd8b" testListId="8c84fa94-04c1-424b-9868-57a2d4851a1d" />
    <TestEntry testId="b9afa542-4cbc-b961-5e1c-d641f81863d2" executionId="6978c1e2-8479-4a27-9537-2e229aef4560" testListId="8c84fa94-04c1-424b-9868-57a2d4851a1d" />
    <TestEntry testId="9974c8b3-d243-8af5-f435-ca783b362a99" executionId="c1a60679-f5bf-4dde-ad2e-c468ed2b0d69" testListId="8c84fa94-04c1-424b-9868-57a2d4851a1d" />
    <TestEntry testId="32275570-5379-b6cb-2c09-4d52793ea9a7" executionId="7627ba30-5083-416d-8eca-363fcc6143ab" testListId="8c84fa94-04c1-424b-9868-57a2d4851a1d" />
    <TestEntry testId="500621b7-9d5b-caf4-ca84-f3101ae8fe03" executionId="77d6c744-41a3-45a0-9d12-250c2a81b8a9" testListId="8c84fa94-04c1-424b-9868-57a2d4851a1d" />
    <TestEntry testId="343d66e3-9131-bc03-53f6-bb4a7e565e21" executionId="7d26c865-02ca-4539-a9e9-3eb54f3141b2" testListId="8c84fa94-04c1-424b-9868-57a2d4851a1d" />
    <TestEntry testId="43369b60-671f-d279-56b7-3542a3af4353" executionId="01fa2f0d-c53b-421e-bad4-2362fb60a8e1" testListId="8c84fa94-04c1-424b-9868-57a2d4851a1d" />
    <TestEntry testId="5271e262-f246-9834-be78-2e7f6ac01dd0" executionId="75a41030-a8ed-4d5d-850b-38dc51d0d0d1" testListId="8c84fa94-04c1-424b-9868-57a2d4851a1d" />
    <TestEntry testId="0b6b4ac7-5e3b-1b06-9b52-604edfdfa722" executionId="b4ae0404-a8c5-40dd-b3f1-a5af02bde22d" testListId="8c84fa94-04c1-424b-9868-57a2d4851a1d" />
    <TestEntry testId="c829b81e-82b2-51e1-da0d-7fddcf5cb35f" executionId="4cbe539c-3028-4d6b-b21b-e30801aea133" testListId="8c84fa94-04c1-424b-9868-57a2d4851a1d" />
    <TestEntry testId="8101c329-f816-1b77-6dff-b489ffd749c4" executionId="99903191-03e7-42d1-9c1f-ff3185ebb68c" testListId="8c84fa94-04c1-424b-9868-57a2d4851a1d" />
    <TestEntry testId="c7d85018-b695-5228-b365-26e608cf62b0" executionId="13bf18bd-277b-4161-be0d-c9efc5615ad2" testListId="8c84fa94-04c1-424b-9868-57a2d4851a1d" />
    <TestEntry testId="1471139a-d1bb-3178-5f55-f3e00265a58e" executionId="f117a799-9e36-42bd-bc13-442c5804d1d7" testListId="8c84fa94-04c1-424b-9868-57a2d4851a1d" />
    <TestEntry testId="165b6536-3550-f546-274b-fbafc6d3cc16" executionId="b5901bac-2430-4c52-afb7-647e0066b6e5" testListId="8c84fa94-04c1-424b-9868-57a2d4851a1d" />
    <TestEntry testId="f5ba8a65-8640-e4c6-1267-039eea8e5e24" executionId="d88a477d-e962-4247-9999-9dbf4fbc5a2e" testListId="8c84fa94-04c1-424b-9868-57a2d4851a1d" />
    <TestEntry testId="f108cbae-633d-eaa3-44df-a30f69082d96" executionId="6c20d00b-518f-4e40-a8fa-379381573349" testListId="8c84fa94-04c1-424b-9868-57a2d4851a1d" />
    <TestEntry testId="a08c1a2f-099f-7872-d133-b8a224624c46" executionId="0356eefc-3faa-4354-9f20-2980d1506588" testListId="8c84fa94-04c1-424b-9868-57a2d4851a1d" />
    <TestEntry testId="717d024a-f89d-e9b7-1643-2891a166046f" executionId="260c10d2-42c2-44a5-9eeb-e7d14a344681" testListId="8c84fa94-04c1-424b-9868-57a2d4851a1d" />
    <TestEntry testId="3c79690b-73f3-60f0-d5ff-7fa938872e8c" executionId="e7a2d18f-1b45-458c-967f-6fb39ee402b8" testListId="8c84fa94-04c1-424b-9868-57a2d4851a1d" />
    <TestEntry testId="231c9955-c1e3-ca62-639c-ef04dc710ab1" executionId="84c74030-bee6-44a3-91c3-b5cd3555188b" testListId="8c84fa94-04c1-424b-9868-57a2d4851a1d" />
    <TestEntry testId="05e6364c-06de-5fc1-b59f-1ee255c13984" executionId="49a31bb4-75d8-4e4a-a39c-ed66161b479b" testListId="8c84fa94-04c1-424b-9868-57a2d4851a1d" />
    <TestEntry testId="0e5fd5aa-d822-d931-f324-55c722c537ec" executionId="450fb8d3-cb9e-4b40-9193-af62eba52798" testListId="8c84fa94-04c1-424b-9868-57a2d4851a1d" />
    <TestEntry testId="63dd56b5-7830-034c-0d04-4f7908f6699b" executionId="51dc44c9-b847-4005-8594-bebdeeabe0ba" testListId="8c84fa94-04c1-424b-9868-57a2d4851a1d" />
    <TestEntry testId="86312309-f9be-deb2-1d8d-26cead13f9ed" executionId="6e3af71a-e9ab-4ab4-8058-f60940a5c391" testListId="8c84fa94-04c1-424b-9868-57a2d4851a1d" />
    <TestEntry testId="31591d78-5244-1585-656d-52693c42a67e" executionId="c2ed8263-1240-4bff-a049-5fecc626f35d" testListId="8c84fa94-04c1-424b-9868-57a2d4851a1d" />
    <TestEntry testId="2955d837-2d44-9c67-24c2-c795f2d28cf6" executionId="9f44ce83-624f-4ac3-a960-663d829b449a" testListId="8c84fa94-04c1-424b-9868-57a2d4851a1d" />
    <TestEntry testId="213b1533-7798-95cd-3125-9e72d916d53a" executionId="f900eb4b-6c5a-4d96-a982-2451553045bc" testListId="8c84fa94-04c1-424b-9868-57a2d4851a1d" />
    <TestEntry testId="8257835a-6c5f-6cba-1a86-edf8e6a207db" executionId="2849256d-b54a-44da-88dd-90e905bb32e6" testListId="8c84fa94-04c1-424b-9868-57a2d4851a1d" />
    <TestEntry testId="108566ed-134e-a3ff-231c-5160f7054931" executionId="939ae768-615f-4a77-af1b-00fdd2717833" testListId="8c84fa94-04c1-424b-9868-57a2d4851a1d" />
    <TestEntry testId="8f468c91-78da-306d-1908-98f1ff142000" executionId="e911804a-6e8b-490c-883f-390095d887b2" testListId="8c84fa94-04c1-424b-9868-57a2d4851a1d" />
    <TestEntry testId="3c16b416-2c11-51a2-ab8a-7d289443f93a" executionId="0af177b7-5f96-4989-943d-b80524d74997" testListId="8c84fa94-04c1-424b-9868-57a2d4851a1d" />
    <TestEntry testId="1878b8f5-e8b2-2eb7-20dc-330485843247" executionId="1efd1c2b-b22c-41bc-9041-62af68075c0f" testListId="8c84fa94-04c1-424b-9868-57a2d4851a1d" />
    <TestEntry testId="cce98007-2b67-1f18-b299-7857aef49dd8" executionId="1d7ed847-03de-4010-b878-17ce23db1346" testListId="8c84fa94-04c1-424b-9868-57a2d4851a1d" />
    <TestEntry testId="cdd534e2-e2e2-5f8c-86bc-5469c5e2cfc7" executionId="92388a45-ae55-40b3-acb7-0784b7d76a39" testListId="8c84fa94-04c1-424b-9868-57a2d4851a1d" />
    <TestEntry testId="d9289b3e-30b3-b428-47a8-f80dd930c267" executionId="4ecbd12e-9007-4180-8046-14fbb09e5eb1" testListId="8c84fa94-04c1-424b-9868-57a2d4851a1d" />
    <TestEntry testId="c3bc089d-e034-5b3f-b118-0d44419d4f8a" executionId="f0403b67-fbf7-45fa-b15a-8ef3859f7af6" testListId="8c84fa94-04c1-424b-9868-57a2d4851a1d" />
    <TestEntry testId="2b22e5e6-5b56-6787-3c5a-248486677a22" executionId="1edcee8a-af95-472a-b7ec-42824a20c517" testListId="8c84fa94-04c1-424b-9868-57a2d4851a1d" />
    <TestEntry testId="61b7fe3b-84cb-36ec-b834-01f0cb94f791" executionId="accd5ee2-3720-4183-a908-21bc4fe978ef" testListId="8c84fa94-04c1-424b-9868-57a2d4851a1d" />
    <TestEntry testId="44c38ae1-e745-0b1e-c388-bae5ef9f22f9" executionId="d7a785ab-5075-4752-984d-35f851c13a92" testListId="8c84fa94-04c1-424b-9868-57a2d4851a1d" />
    <TestEntry testId="c13b62d4-f769-342d-787f-07efb58a3f89" executionId="16d11073-ddb1-4c88-9c44-4dcabf6de035" testListId="8c84fa94-04c1-424b-9868-57a2d4851a1d" />
    <TestEntry testId="20d19faa-40d2-0341-ec1b-f6472ec71204" executionId="f7898387-771b-413e-98ae-c92090997ebb" testListId="8c84fa94-04c1-424b-9868-57a2d4851a1d" />
    <TestEntry testId="3c7bef25-7167-f04b-f5dc-6dd51ff7a167" executionId="871a7e5d-cd43-42fe-8b7d-d89130fa3d10" testListId="8c84fa94-04c1-424b-9868-57a2d4851a1d" />
    <TestEntry testId="22d148ee-676c-d57f-6de6-03d32a31182b" executionId="3762e438-d837-4754-9a22-29ab7dc57d0d" testListId="8c84fa94-04c1-424b-9868-57a2d4851a1d" />
    <TestEntry testId="f07557fc-15c4-b7c4-1e89-3205c77d3cb6" executionId="661d499e-0344-4187-9357-11415ea38201" testListId="8c84fa94-04c1-424b-9868-57a2d4851a1d" />
    <TestEntry testId="0aeea800-2c6f-2da6-19ba-d2fad9bce49d" executionId="0d38d40e-e85f-4ad6-becb-eb71c3635d0c" testListId="8c84fa94-04c1-424b-9868-57a2d4851a1d" />
    <TestEntry testId="b32cceb2-1ff5-8544-3aeb-a5adad999e7d" executionId="01af595a-985e-41df-a40d-36b8486429a3" testListId="8c84fa94-04c1-424b-9868-57a2d4851a1d" />
    <TestEntry testId="cc89ff91-c38a-b30c-2cbc-e4cbc097b80d" executionId="8cd5efcb-99d0-4dd0-b978-b274ee51c8db" testListId="8c84fa94-04c1-424b-9868-57a2d4851a1d" />
    <TestEntry testId="5707192c-af11-466d-de2e-a9a49151eb97" executionId="6baa859b-cd1f-4ee4-8ed7-35e791a7af64" testListId="8c84fa94-04c1-424b-9868-57a2d4851a1d" />
    <TestEntry testId="99fa6024-cda9-5655-11c1-b3480a8af763" executionId="4997d982-3c50-4ece-9bb7-7c9947df37fc" testListId="8c84fa94-04c1-424b-9868-57a2d4851a1d" />
    <TestEntry testId="7f31ab2a-c9ec-725d-0966-e158ccb8ab16" executionId="527328f2-0895-465d-9949-cb74097475ed" testListId="8c84fa94-04c1-424b-9868-57a2d4851a1d" />
    <TestEntry testId="8f70ed76-57c1-204e-8bbd-b4f97ca4cef7" executionId="7a5ec295-44c7-48a5-9de7-67fa249342b6" testListId="8c84fa94-04c1-424b-9868-57a2d4851a1d" />
    <TestEntry testId="b1ae9ea1-911d-c728-3f34-a2d5531049dd" executionId="d948a2d6-9302-48bc-a67e-6456270ed071" testListId="8c84fa94-04c1-424b-9868-57a2d4851a1d" />
    <TestEntry testId="f4c8dc88-c616-1d9e-8077-68503f9a8bb0" executionId="9e1bbcf9-c48a-41e1-a1c5-0065f3f81a82" testListId="8c84fa94-04c1-424b-9868-57a2d4851a1d" />
    <TestEntry testId="86ed6b2b-9e40-9590-45e9-65989bd82314" executionId="4d7c82be-2365-4e3a-8f48-fa8cd2683f2c" testListId="8c84fa94-04c1-424b-9868-57a2d4851a1d" />
    <TestEntry testId="bc4317f2-aa55-990b-6e33-021dd027217c" executionId="9f3e3d58-5b4d-4181-a656-337794d0e405" testListId="8c84fa94-04c1-424b-9868-57a2d4851a1d" />
    <TestEntry testId="caeb629f-da31-44a8-890c-ddbf33c84195" executionId="a1a49e57-e22a-4dda-8a67-612f831e203c" testListId="8c84fa94-04c1-424b-9868-57a2d4851a1d" />
    <TestEntry testId="da1b5f33-3f34-9d6b-fcbc-4d5b80dc4a01" executionId="41de3d89-6fc8-47fe-b165-b39548f830db" testListId="8c84fa94-04c1-424b-9868-57a2d4851a1d" />
    <TestEntry testId="60dbfdfc-5601-ed0a-4935-ae2f1e86ff33" executionId="b8be11c2-7ae9-4875-80ae-2b16e5c62384" testListId="8c84fa94-04c1-424b-9868-57a2d4851a1d" />
    <TestEntry testId="8b12fb7b-5784-422f-e707-408cca88103e" executionId="8c3eeac5-3fc8-4301-b1c5-2d72fd55b1a7" testListId="8c84fa94-04c1-424b-9868-57a2d4851a1d" />
    <TestEntry testId="0c46f93b-30c8-c1e0-368d-b65f4a5aa3f7" executionId="9a6b44c3-5dfa-4b6b-a796-c58c056b5984" testListId="8c84fa94-04c1-424b-9868-57a2d4851a1d" />
    <TestEntry testId="354e8a85-24f7-3da7-4b8c-b9d8edf4b9dd" executionId="d124a71d-e3bc-4bd4-b4d1-3e93d6bb684b" testListId="8c84fa94-04c1-424b-9868-57a2d4851a1d" />
    <TestEntry testId="09dfc599-7d60-1da2-85ae-3fbd22d6aaa9" executionId="febd00f8-f11f-44e5-969d-82a775b7136d" testListId="8c84fa94-04c1-424b-9868-57a2d4851a1d" />
    <TestEntry testId="6b5c6338-1c9b-5128-887c-aa33513ed4b1" executionId="284ede7d-7df8-42c2-a7e9-d2f8a1d158dd" testListId="8c84fa94-04c1-424b-9868-57a2d4851a1d" />
    <TestEntry testId="f0e3f1a1-1581-a0fa-05e0-7e34524cdd62" executionId="2391c5c6-b39a-4a2f-9ba7-16ba64b59dcf" testListId="8c84fa94-04c1-424b-9868-57a2d4851a1d" />
    <TestEntry testId="d9fd0b28-f8e2-7f5a-bf6e-42bd2005a1e5" executionId="0ea37417-0624-4cba-8b40-551a8b8f4272" testListId="8c84fa94-04c1-424b-9868-57a2d4851a1d" />
    <TestEntry testId="b6c0cf2e-961f-2153-5e6a-d0cbf1ecffbc" executionId="67721a10-5302-4605-890f-82c5906bc742" testListId="8c84fa94-04c1-424b-9868-57a2d4851a1d" />
    <TestEntry testId="f588e208-dd99-d855-2c75-9e6137d3df86" executionId="096e4cec-86e5-4704-8a8c-7f82836d2e33" testListId="8c84fa94-04c1-424b-9868-57a2d4851a1d" />
    <TestEntry testId="ae6e04aa-32cf-17ed-76ff-307d5ecdd96c" executionId="538e1477-54a3-4bd7-88bb-66dc3007c9f8" testListId="8c84fa94-04c1-424b-9868-57a2d4851a1d" />
    <TestEntry testId="a5393ffa-9126-a4ab-39be-516adbc87e3b" executionId="2a8956ca-fafe-4aa6-abc9-c26d8f6d868b" testListId="8c84fa94-04c1-424b-9868-57a2d4851a1d" />
    <TestEntry testId="e63e1739-8dee-bdec-a7cb-4f9c4f9133ba" executionId="ba370e40-dc75-45a2-b172-97f574167111" testListId="8c84fa94-04c1-424b-9868-57a2d4851a1d" />
    <TestEntry testId="ea11aebd-d039-ddf2-38d4-3274342c5210" executionId="de2e78f5-f219-49ed-b759-7cf84eb3304c" testListId="8c84fa94-04c1-424b-9868-57a2d4851a1d" />
    <TestEntry testId="9a4cf852-9017-8e96-ea19-e491c50c0dc9" executionId="fec3f816-0179-4a83-9ac7-619570091936" testListId="8c84fa94-04c1-424b-9868-57a2d4851a1d" />
  </TestEntries>
  <TestLists>
    <TestList name="Results Not in a List" id="8c84fa94-04c1-424b-9868-57a2d4851a1d" />
    <TestList name="All Loaded Results" id="19431567-8539-422a-85d7-44ee4e166bda" />
  </TestLists>
  <ResultSummary outcome="Completed">
    <Counters total="94" executed="94" passed="94" failed="0" error="0" timeout="0" aborted="0" inconclusive="0" passedButRunAborted="0" notRunnable="0" notExecuted="0" disconnected="0" warning="0" completed="0" inProgress="0" pending="0" />
    <Output>
      <StdOut>[xUnit.net 00:00:00.00] xUnit.net VSTest Adapter v3.1.5+1b188a7b0a (64-bit .NET 10.0.5)&#xD;
[xUnit.net 00:00:00.10]   Discovering: OpenClawNet.UnitTests&#xD;
[xUnit.net 00:00:00.17]   Discovered:  OpenClawNet.UnitTests&#xD;
[xUnit.net 00:00:00.21]   Starting:    OpenClawNet.UnitTests&#xD;
     Warning:&#xD;
     The component "Fluent Assertions" is governed by the rules defined in the Xceed License Agreement and&#xD;
     the Xceed Fluent Assertions Community License. You may use Fluent Assertions free of charge for&#xD;
     non-commercial use only. An active subscription is required to use Fluent Assertions for commercial use.&#xD;
     Please contact Xceed Sales mailto:sales@xceed.com to acquire a subscription at a very low cost.&#xD;
     A paid commercial license supports the development and continued increasing support of&#xD;
     Fluent Assertions users under both commercial and community licenses. Help us&#xD;
     keep Fluent Assertions at the forefront of unit testing.&#xD;
     For more information, visit https://xceed.com/products/unit-testing/fluent-assertions/&#xD;
[xUnit.net 00:00:01.09]   Finished:    OpenClawNet.UnitTests&#xD;
</StdOut>
    </Output>
  </ResultSummary>
</TestRun>