<?xml version="1.0" encoding="utf-8"?>
<TestRun id="22387d48-baa5-4900-930e-0554ac015ed3" name="brunocapuano@CPC-bruno-U7R9O 2026-04-14 14:59:34" runUser="NORTHAMERICA\brunocapuano" xmlns="http://microsoft.com/schemas/VisualStudio/TeamTest/2010">
  <Times creation="2026-04-14T14:59:34.3409926-04:00" queuing="2026-04-14T14:59:34.3409930-04:00" start="2026-04-14T14:59:33.4170172-04:00" finish="2026-04-14T14:59:54.6330350-04:00" />
  <TestSettings name="default" id="79f4e24a-b396-41a6-8e9c-1e2d059ee4e5">
    <Deployment runDeploymentRoot="brunocapuano_CPC-bruno-U7R9O_2026-04-14_14_59_34" />
  </TestSettings>
  <Results>
    <UnitTestResult executionId="d03eab01-f9dc-4303-b6f2-8beb449deee1" testId="399edbb7-2e5f-2a5c-1b12-b6b010dd8206" testName="OpenClawNet.UnitTests.Models.OllamaModelClientTests.StreamAsync_SendsStreamTrue_InRequest" computerName="CPC-bruno-U7R9O" duration="00:00:00.0023951" startTime="2026-04-14T14:59:34.4066299-04:00" endTime="2026-04-14T14:59:34.4077087-04:00" testType="13cdc9d9-ddb5-4fa4-a97d-d965ccfc6d4b" outcome="Passed" testListId="8c84fa94-04c1-424b-9868-57a2d4851a1d" relativeResultsDirectory="d03eab01-f9dc-4303-b6f2-8beb449deee1" />
    <UnitTestResult executionId="4779d1aa-5a87-4666-bc6d-30a9c8184dcd" testId="61b7fe3b-84cb-36ec-b834-01f0cb94f791" testName="OpenClawNet.UnitTests.Agent.PromptComposerTests.ComposeAsync_IncludesSessionSummary" computerName="CPC-bruno-U7R9O" duration="00:00:00.0028831" startTime="2026-04-14T14:59:34.3398326-04:00" endTime="2026-04-14T14:59:34.3426962-04:00" testType="13cdc9d9-ddb5-4fa4-a97d-d965ccfc6d4b" outcome="Passed" testListId="8c84fa94-04c1-424b-9868-57a2d4851a1d" relativeResultsDirectory="4779d1aa-5a87-4666-bc6d-30a9c8184dcd" />
    <UnitTestResult executionId="ce13ab2b-a2b5-4870-aa09-e645010de549" testId="c829b81e-82b2-51e1-da0d-7fddcf5cb35f" testName="OpenClawNet.UnitTests.Tools.ToolRegistryTests.Register_AddsToolToRegistry" computerName="CPC-bruno-U7R9O" duration="00:00:00.0052981" startTime="2026-04-14T14:59:34.3431905-04:00" endTime="2026-04-14T14:59:34.3435205-04:00" testType="13cdc9d9-ddb5-4fa4-a97d-d965ccfc6d4b" outcome="Passed" testListId="8c84fa94-04c1-424b-9868-57a2d4851a1d" relativeResultsDirectory="ce13ab2b-a2b5-4870-aa09-e645010de549" />
    <UnitTestResult executionId="06f5bfed-b3b2-4c29-9126-c09f3e988da0" testId="7f4ccbac-4c41-76ec-3301-767892e691b9" testName="OpenClawNet.UnitTests.Storage.ConversationStoreTests.ListSessions_ReturnsOrderedByUpdatedAt" computerName="CPC-bruno-U7R9O" duration="00:00:00.8353815" startTime="2026-04-14T14:59:34.2319780-04:00" endTime="2026-04-14T14:59:35.0304038-04:00" testType="13cdc9d9-ddb5-4fa4-a97d-d965ccfc6d4b" outcome="Passed" testListId="8c84fa94-04c1-424b-9868-57a2d4851a1d" relativeResultsDirectory="06f5bfed-b3b2-4c29-9126-c09f3e988da0" />
    <UnitTestResult executionId="ba8e8d9e-e03b-49ef-b897-72a4810b6731" testId="5707192c-af11-466d-de2e-a9a49151eb97" testName="OpenClawNet.UnitTests.Skills.FileSkillLoaderTests.ReloadAsync_LoadsFlatMdFiles" computerName="CPC-bruno-U7R9O" duration="00:00:00.0069261" startTime="2026-04-14T14:59:34.3821630-04:00" endTime="2026-04-14T14:59:34.3894707-04:00" testType="13cdc9d9-ddb5-4fa4-a97d-d965ccfc6d4b" outcome="Passed" testListId="8c84fa94-04c1-424b-9868-57a2d4851a1d" relativeResultsDirectory="ba8e8d9e-e03b-49ef-b897-72a4810b6731" />
    <UnitTestResult executionId="d9a011a2-338b-4ce0-ae44-bdf7bc61c6fe" testId="dea1035b-e4ea-f627-8534-bdb00a818e27" testName="OpenClawNet.UnitTests.Models.AzureOpenAIModelClientTests.Constructor_HandlesIntegratedAuthMode_CaseInsensitively(authMode: &quot;INTEGRATED&quot;)" computerName="CPC-bruno-U7R9O" duration="00:00:00.0006061" startTime="2026-04-14T14:59:34.4173619-04:00" endTime="2026-04-14T14:59:34.4175663-04:00" testType="13cdc9d9-ddb5-4fa4-a97d-d965ccfc6d4b" outcome="Passed" testListId="8c84fa94-04c1-424b-9868-57a2d4851a1d" relativeResultsDirectory="d9a011a2-338b-4ce0-ae44-bdf7bc61c6fe" />
    <UnitTestResult executionId="d47c7042-1517-4dfb-a9fb-6b29325bd48d" testId="80ee89f1-cbe0-a718-cf1a-c148fe7e681e" testName="OpenClawNet.UnitTests.Demos.DocumentPipelineTests.FileSystemTool_ReadFile_BlocksSensitivePaths(sensitiveRelPath: &quot;appsettings.Production.json&quot;)" computerName="CPC-bruno-U7R9O" duration="00:00:00.0018872" startTime="2026-04-14T14:59:34.3302202-04:00" endTime="2026-04-14T14:59:34.3418947-04:00" testType="13cdc9d9-ddb5-4fa4-a97d-d965ccfc6d4b" outcome="Passed" testListId="8c84fa94-04c1-424b-9868-57a2d4851a1d" relativeResultsDirectory="d47c7042-1517-4dfb-a9fb-6b29325bd48d" />
    <UnitTestResult executionId="992878d5-93bf-4444-a7e9-e2f90c46e078" testId="76dc2353-aa44-2f5c-744b-e481416bc2ab" testName="OpenClawNet.UnitTests.Models.AzureOpenAILiveTests.IsAvailableAsync_ReturnsTrueWhenConfigured" computerName="CPC-bruno-U7R9O" duration="00:00:04.1840627" startTime="2026-04-14T14:59:47.1026101-04:00" endTime="2026-04-14T14:59:51.2867544-04:00" testType="13cdc9d9-ddb5-4fa4-a97d-d965ccfc6d4b" outcome="Passed" testListId="8c84fa94-04c1-424b-9868-57a2d4851a1d" relativeResultsDirectory="992878d5-93bf-4444-a7e9-e2f90c46e078" />
    <UnitTestResult executionId="bc7280d6-e8e1-4a20-a1d2-d045d6d12d51" testId="1471139a-d1bb-3178-5f55-f3e00265a58e" testName="OpenClawNet.UnitTests.Tools.FileSystemToolTests.Read_WithAbsolutePath_ReadsFile" computerName="CPC-bruno-U7R9O" duration="00:00:00.0089172" startTime="2026-04-14T14:59:34.3676046-04:00" endTime="2026-04-14T14:59:34.3680861-04:00" testType="13cdc9d9-ddb5-4fa4-a97d-d965ccfc6d4b" outcome="Passed" testListId="8c84fa94-04c1-424b-9868-57a2d4851a1d" relativeResultsDirectory="bc7280d6-e8e1-4a20-a1d2-d045d6d12d51" />
    <UnitTestResult executionId="b33a5e38-4847-4bb5-aedf-152b89b5fe9f" testId="2955d837-2d44-9c67-24c2-c795f2d28cf6" testName="OpenClawNet.UnitTests.Models.OllamaModelClientTests.CompleteAsync_ReturnsUsageInfo" computerName="CPC-bruno-U7R9O" duration="00:00:00.0012897" startTime="2026-04-14T14:59:34.4117025-04:00" endTime="2026-04-14T14:59:34.4129143-04:00" testType="13cdc9d9-ddb5-4fa4-a97d-d965ccfc6d4b" outcome="Passed" testListId="8c84fa94-04c1-424b-9868-57a2d4851a1d" relativeResultsDirectory="b33a5e38-4847-4bb5-aedf-152b89b5fe9f" />
    <UnitTestResult executionId="4824bf84-7e6c-4083-8cfb-487e5fe7c3cc" testId="c3bc089d-e034-5b3f-b118-0d44419d4f8a" testName="OpenClawNet.UnitTests.Tools.FileSystemToolTests.FindProjects_ReturnsFailure_WhenDirectoryNotFound" computerName="CPC-bruno-U7R9O" duration="00:00:00.0024233" startTime="2026-04-14T14:59:34.3712311-04:00" endTime="2026-04-14T14:59:34.3722132-04:00" testType="13cdc9d9-ddb5-4fa4-a97d-d965ccfc6d4b" outcome="Passed" testListId="8c84fa94-04c1-424b-9868-57a2d4851a1d" relativeResultsDirectory="4824bf84-7e6c-4083-8cfb-487e5fe7c3cc" />
    <UnitTestResult executionId="73111f12-c684-4549-ab21-3139803fc35f" testId="85878b30-6f51-3dff-13af-1e4ffc6ace82" testName="OpenClawNet.UnitTests.Scheduler.SchedulerRunStateTests.Decrement_DecreasesCount" computerName="CPC-bruno-U7R9O" duration="00:00:00.0004654" startTime="2026-04-14T14:59:34.3552662-04:00" endTime="2026-04-14T14:59:34.3553921-04:00" testType="13cdc9d9-ddb5-4fa4-a97d-d965ccfc6d4b" outcome="Passed" testListId="8c84fa94-04c1-424b-9868-57a2d4851a1d" relativeResultsDirectory="73111f12-c684-4549-ab21-3139803fc35f" />
    <UnitTestResult executionId="6491fbcc-55ed-486b-9493-cf3d54ffbdbf" testId="7f31ab2a-c9ec-725d-0966-e158ccb8ab16" testName="OpenClawNet.UnitTests.Tools.FileSystemToolTests.Read_BlockedPath_ReturnsFailure" computerName="CPC-bruno-U7R9O" duration="00:00:00.0090226" startTime="2026-04-14T14:59:34.3701776-04:00" endTime="2026-04-14T14:59:34.3710202-04:00" testType="13cdc9d9-ddb5-4fa4-a97d-d965ccfc6d4b" outcome="Passed" testListId="8c84fa94-04c1-424b-9868-57a2d4851a1d" relativeResultsDirectory="6491fbcc-55ed-486b-9493-cf3d54ffbdbf" />
    <UnitTestResult executionId="ed88441e-9e48-47d2-b5c6-aaff1e7579b3" testId="108566ed-134e-a3ff-231c-5160f7054931" testName="OpenClawNet.UnitTests.Scheduler.SchedulerRunStateTests.Increment_IncreasesCount" computerName="CPC-bruno-U7R9O" duration="00:00:00.0001753" startTime="2026-04-14T14:59:34.3548456-04:00" endTime="2026-04-14T14:59:34.3549709-04:00" testType="13cdc9d9-ddb5-4fa4-a97d-d965ccfc6d4b" outcome="Passed" testListId="8c84fa94-04c1-424b-9868-57a2d4851a1d" relativeResultsDirectory="ed88441e-9e48-47d2-b5c6-aaff1e7579b3" />
    <UnitTestResult executionId="6a5ba6db-006e-498f-842f-e8173ef1e77c" testId="63c48078-afc0-d523-2dc2-332815f41b3b" testName="OpenClawNet.UnitTests.Storage.ConversationStoreTests.AddMessage_AutoCreatedSession_HasDefaultTitle" computerName="CPC-bruno-U7R9O" duration="00:00:00.0634274" startTime="2026-04-14T14:59:35.0306129-04:00" endTime="2026-04-14T14:59:35.0940842-04:00" testType="13cdc9d9-ddb5-4fa4-a97d-d965ccfc6d4b" outcome="Passed" testListId="8c84fa94-04c1-424b-9868-57a2d4851a1d" relativeResultsDirectory="6a5ba6db-006e-498f-842f-e8173ef1e77c" />
    <UnitTestResult executionId="220bc01f-dfa8-43b1-b4fe-2b31f75d0d41" testId="b32cceb2-1ff5-8544-3aeb-a5adad999e7d" testName="OpenClawNet.UnitTests.Skills.FileSkillLoaderTests.UninstallSkillAsync_DoesNotThrow_WhenSkillNotFound" computerName="CPC-bruno-U7R9O" duration="00:00:00.0518608" startTime="2026-04-14T14:59:34.2323666-04:00" endTime="2026-04-14T14:59:34.2790808-04:00" testType="13cdc9d9-ddb5-4fa4-a97d-d965ccfc6d4b" outcome="Passed" testListId="8c84fa94-04c1-424b-9868-57a2d4851a1d" relativeResultsDirectory="220bc01f-dfa8-43b1-b4fe-2b31f75d0d41" />
    <UnitTestResult executionId="557b6914-cc2b-4088-934a-c4ae963eee46" testId="f0e3f1a1-1581-a0fa-05e0-7e34524cdd62" testName="OpenClawNet.UnitTests.Storage.ConversationStoreTests.AddMessage_StoresMessage" computerName="CPC-bruno-U7R9O" duration="00:00:00.0020761" startTime="2026-04-14T14:59:35.1002703-04:00" endTime="2026-04-14T14:59:35.1022565-04:00" testType="13cdc9d9-ddb5-4fa4-a97d-d965ccfc6d4b" outcome="Passed" testListId="8c84fa94-04c1-424b-9868-57a2d4851a1d" relativeResultsDirectory="557b6914-cc2b-4088-934a-c4ae963eee46" />
    <UnitTestResult executionId="c00d45b6-d1a5-4be8-b5d0-fd021e69df66" testId="e63e1739-8dee-bdec-a7cb-4f9c4f9133ba" testName="OpenClawNet.UnitTests.Skills.FileSkillLoaderTests.UninstallSkillAsync_DeletesDirectory" computerName="CPC-bruno-U7R9O" duration="00:00:00.0079559" startTime="2026-04-14T14:59:34.3687562-04:00" endTime="2026-04-14T14:59:34.3706356-04:00" testType="13cdc9d9-ddb5-4fa4-a97d-d965ccfc6d4b" outcome="Passed" testListId="8c84fa94-04c1-424b-9868-57a2d4851a1d" relativeResultsDirectory="c00d45b6-d1a5-4be8-b5d0-fd021e69df66" />
    <UnitTestResult executionId="e800c9e7-ab4e-4689-8469-5de4c2a8b484" testId="c9043516-8f81-f510-1d83-b57d888669e7" testName="OpenClawNet.UnitTests.Skills.FileSkillLoaderTests.ReloadAsync_LoadsSubdirectorySkillMd" computerName="CPC-bruno-U7R9O" duration="00:00:00.0148695" startTime="2026-04-14T14:59:34.3645052-04:00" endTime="2026-04-14T14:59:34.3669694-04:00" testType="13cdc9d9-ddb5-4fa4-a97d-d965ccfc6d4b" outcome="Passed" testListId="8c84fa94-04c1-424b-9868-57a2d4851a1d" relativeResultsDirectory="e800c9e7-ab4e-4689-8469-5de4c2a8b484" />
    <UnitTestResult executionId="e47a26d0-3b89-41ec-9fa1-912e1276a647" testId="7a878b99-1dc0-a0b0-5f8f-29c0e176b64a" testName="OpenClawNet.UnitTests.Demos.DocumentPipelineTests.CreateJobRequest_WithAllowConcurrentRuns_MapsCorrectly" computerName="CPC-bruno-U7R9O" duration="00:00:00.0096997" startTime="2026-04-14T14:59:34.3664488-04:00" endTime="2026-04-14T14:59:34.3666558-04:00" testType="13cdc9d9-ddb5-4fa4-a97d-d965ccfc6d4b" outcome="Passed" testListId="8c84fa94-04c1-424b-9868-57a2d4851a1d" relativeResultsDirectory="e47a26d0-3b89-41ec-9fa1-912e1276a647" />
    <UnitTestResult executionId="55a9b0a2-aef1-4f94-a374-7d271f5e93a5" testId="cce98007-2b67-1f18-b299-7857aef49dd8" testName="OpenClawNet.UnitTests.Scheduler.SchedulerSettingsServiceTests.Update_LoadedFileOverridesConfig_OnRestart" computerName="CPC-bruno-U7R9O" duration="00:00:00.0047638" startTime="2026-04-14T14:59:34.3633052-04:00" endTime="2026-04-14T14:59:34.3639016-04:00" testType="13cdc9d9-ddb5-4fa4-a97d-d965ccfc6d4b" outcome="Passed" testListId="8c84fa94-04c1-424b-9868-57a2d4851a1d" relativeResultsDirectory="55a9b0a2-aef1-4f94-a374-7d271f5e93a5" />
    <UnitTestResult executionId="0633735c-374d-429e-8a30-524502526078" testId="500621b7-9d5b-caf4-ca84-f3101ae8fe03" testName="OpenClawNet.UnitTests.Models.OllamaModelClientTests.CompleteAsync_SerializesTools_WhenProvided" computerName="CPC-bruno-U7R9O" duration="00:00:00.0066384" startTime="2026-04-14T14:59:34.3987422-04:00" endTime="2026-04-14T14:59:34.4051979-04:00" testType="13cdc9d9-ddb5-4fa4-a97d-d965ccfc6d4b" outcome="Passed" testListId="8c84fa94-04c1-424b-9868-57a2d4851a1d" relativeResultsDirectory="0633735c-374d-429e-8a30-524502526078" />
    <UnitTestResult executionId="e6d9b4f0-8cef-4c2b-8673-776a78fb152e" testId="31591d78-5244-1585-656d-52693c42a67e" testName="OpenClawNet.UnitTests.Models.OllamaModelClientTests.CompleteAsync_MapsChatMessageRoles_Correctly" computerName="CPC-bruno-U7R9O" duration="00:00:00.0019104" startTime="2026-04-14T14:59:34.4096913-04:00" endTime="2026-04-14T14:59:34.4115294-04:00" testType="13cdc9d9-ddb5-4fa4-a97d-d965ccfc6d4b" outcome="Passed" testListId="8c84fa94-04c1-424b-9868-57a2d4851a1d" relativeResultsDirectory="e6d9b4f0-8cef-4c2b-8673-776a78fb152e" />
    <UnitTestResult executionId="e66aa2ca-c5dc-4a63-a87a-35f88806f931" testId="bc4317f2-aa55-990b-6e33-021dd027217c" testName="OpenClawNet.UnitTests.Tools.ToolRegistryTests.GetToolManifest_ReturnsMetadata" computerName="CPC-bruno-U7R9O" duration="00:00:00.0055149" startTime="2026-04-14T14:59:34.3353309-04:00" endTime="2026-04-14T14:59:34.3430330-04:00" testType="13cdc9d9-ddb5-4fa4-a97d-d965ccfc6d4b" outcome="Passed" testListId="8c84fa94-04c1-424b-9868-57a2d4851a1d" relativeResultsDirectory="e66aa2ca-c5dc-4a63-a87a-35f88806f931" />
    <UnitTestResult executionId="2e6bb106-65d0-4a43-a796-9706b196f6f0" testId="8593e7ed-d8bf-04ef-d1f8-16fa050507e8" testName="OpenClawNet.UnitTests.Demos.DocumentPipelineTests.FileSystemTool_ListDirectory_ReturnsSampleDocs" computerName="CPC-bruno-U7R9O" duration="00:00:00.0099881" startTime="2026-04-14T14:59:34.3637120-04:00" endTime="2026-04-14T14:59:34.3662108-04:00" testType="13cdc9d9-ddb5-4fa4-a97d-d965ccfc6d4b" outcome="Passed" testListId="8c84fa94-04c1-424b-9868-57a2d4851a1d" relativeResultsDirectory="2e6bb106-65d0-4a43-a796-9706b196f6f0" />
    <UnitTestResult executionId="5985e6d8-93e3-47c9-b57f-ce962a2ee245" testId="ea11aebd-d039-ddf2-38d4-3274342c5210" testName="OpenClawNet.UnitTests.Models.AzureOpenAIModelClientTests.DefaultOptions_UseApiKeyAuthMode" computerName="CPC-bruno-U7R9O" duration="00:00:00.0001399" startTime="2026-04-14T14:59:34.4459346-04:00" endTime="2026-04-14T14:59:34.4460001-04:00" testType="13cdc9d9-ddb5-4fa4-a97d-d965ccfc6d4b" outcome="Passed" testListId="8c84fa94-04c1-424b-9868-57a2d4851a1d" relativeResultsDirectory="5985e6d8-93e3-47c9-b57f-ce962a2ee245" />
    <UnitTestResult executionId="8689381c-755e-481b-acf8-b11afb376c90" testId="b9afa542-4cbc-b961-5e1c-d641f81863d2" testName="OpenClawNet.UnitTests.Agent.AgentRuntimeStreamTests.ExecuteStreamAsync_EmitsToolApprovalRequest_BeforeToolCallStart_ForApprovalRequiredTools" computerName="CPC-bruno-U7R9O" duration="00:00:00.0096296" startTime="2026-04-14T14:59:35.1089475-04:00" endTime="2026-04-14T14:59:35.1189210-04:00" testType="13cdc9d9-ddb5-4fa4-a97d-d965ccfc6d4b" outcome="Passed" testListId="8c84fa94-04c1-424b-9868-57a2d4851a1d" relativeResultsDirectory="8689381c-755e-481b-acf8-b11afb376c90" />
    <UnitTestResult executionId="92d426a6-37bf-40e7-abcf-70cd2aafb941" testId="0e5fd5aa-d822-d931-f324-55c722c537ec" testName="OpenClawNet.UnitTests.Models.AzureOpenAIModelClientTests.Constructor_HandlesIntegratedAuthMode_CaseInsensitively(authMode: &quot;integrated&quot;)" computerName="CPC-bruno-U7R9O" duration="00:00:00.1026526" startTime="2026-04-14T14:59:34.3622680-04:00" endTime="2026-04-14T14:59:34.4147315-04:00" testType="13cdc9d9-ddb5-4fa4-a97d-d965ccfc6d4b" outcome="Passed" testListId="8c84fa94-04c1-424b-9868-57a2d4851a1d" relativeResultsDirectory="92d426a6-37bf-40e7-abcf-70cd2aafb941" />
    <UnitTestResult executionId="c3610608-8c64-4161-bc55-4ee04d3f0a54" testId="1d1e7bfa-2658-79ed-671f-a74e48d77cf4" testName="OpenClawNet.UnitTests.Skills.SkillParserTests.Parse_WithEmptyContent_ReturnsEmptyBody" computerName="CPC-bruno-U7R9O" duration="00:00:00.0474737" startTime="2026-04-14T14:59:34.2326348-04:00" endTime="2026-04-14T14:59:34.2788033-04:00" testType="13cdc9d9-ddb5-4fa4-a97d-d965ccfc6d4b" outcome="Passed" testListId="8c84fa94-04c1-424b-9868-57a2d4851a1d" relativeResultsDirectory="c3610608-8c64-4161-bc55-4ee04d3f0a54" />
    <UnitTestResult executionId="9578053b-dfe7-4271-b287-ef452d501782" testId="60dbfdfc-5601-ed0a-4935-ae2f1e86ff33" testName="OpenClawNet.UnitTests.Models.OllamaModelClientTests.StreamAsync_MultipleToolCalls_InSingleChunk" computerName="CPC-bruno-U7R9O" duration="00:00:00.0015994" startTime="2026-04-14T14:59:34.3971102-04:00" endTime="2026-04-14T14:59:34.3984795-04:00" testType="13cdc9d9-ddb5-4fa4-a97d-d965ccfc6d4b" outcome="Passed" testListId="8c84fa94-04c1-424b-9868-57a2d4851a1d" relativeResultsDirectory="9578053b-dfe7-4271-b287-ef452d501782" />
    <UnitTestResult executionId="04e8f6e9-2cb5-452a-a7b3-03cb4c11595f" testId="717d024a-f89d-e9b7-1643-2891a166046f" testName="OpenClawNet.UnitTests.Models.OllamaModelClientTests.StreamAsync_ToolCallsInDoneTrueChunk_StillExtracted" computerName="CPC-bruno-U7R9O" duration="00:00:00.1662283" startTime="2026-04-14T14:59:34.2321731-04:00" endTime="2026-04-14T14:59:34.3703066-04:00" testType="13cdc9d9-ddb5-4fa4-a97d-d965ccfc6d4b" outcome="Passed" testListId="8c84fa94-04c1-424b-9868-57a2d4851a1d" relativeResultsDirectory="04e8f6e9-2cb5-452a-a7b3-03cb4c11595f" />
    <UnitTestResult executionId="f643b3a7-94b7-4352-b044-5e764b49b5aa" testId="0b6b4ac7-5e3b-1b06-9b52-604edfdfa722" testName="OpenClawNet.UnitTests.Skills.FileSkillLoaderTests.InstallSkillAsync_SkillAppearsInListAfterInstall" computerName="CPC-bruno-U7R9O" duration="00:00:00.0070570" startTime="2026-04-14T14:59:34.3896776-04:00" endTime="2026-04-14T14:59:34.3972336-04:00" testType="13cdc9d9-ddb5-4fa4-a97d-d965ccfc6d4b" outcome="Passed" testListId="8c84fa94-04c1-424b-9868-57a2d4851a1d" relativeResultsDirectory="f643b3a7-94b7-4352-b044-5e764b49b5aa" />
    <UnitTestResult executionId="d1af4330-2d25-41b7-bb26-8256a601841a" testId="71b34f25-1628-96ff-b438-83f3575021ef" testName="OpenClawNet.UnitTests.Demos.DocumentPipelineTests.FileSystemTool_ReadFile_BlocksSensitivePaths(sensitiveRelPath: &quot;.git/config&quot;)" computerName="CPC-bruno-U7R9O" duration="00:00:00.0020468" startTime="2026-04-14T14:59:34.3298413-04:00" endTime="2026-04-14T14:59:34.3299995-04:00" testType="13cdc9d9-ddb5-4fa4-a97d-d965ccfc6d4b" outcome="Passed" testListId="8c84fa94-04c1-424b-9868-57a2d4851a1d" relativeResultsDirectory="d1af4330-2d25-41b7-bb26-8256a601841a" />
    <UnitTestResult executionId="c837dbfa-87bc-4c19-a438-df2d7c0dd830" testId="1f26c548-c25c-b1ae-a87b-5ddc53b757e9" testName="OpenClawNet.UnitTests.Models.AzureOpenAILiveTests.StreamAsync_YieldsChunksAndCompletesSuccessfully" computerName="CPC-bruno-U7R9O" duration="00:00:03.2522262" startTime="2026-04-14T14:59:39.2260008-04:00" endTime="2026-04-14T14:59:42.4781023-04:00" testType="13cdc9d9-ddb5-4fa4-a97d-d965ccfc6d4b" outcome="Passed" testListId="8c84fa94-04c1-424b-9868-57a2d4851a1d" relativeResultsDirectory="c837dbfa-87bc-4c19-a438-df2d7c0dd830" />
    <UnitTestResult executionId="a73e80a0-93ed-4879-bd07-204cbc2cc5fe" testId="cdd534e2-e2e2-5f8c-86bc-5469c5e2cfc7" testName="OpenClawNet.UnitTests.Models.OllamaModelClientTests.CompleteAsync_SendsModelAndMessages" computerName="CPC-bruno-U7R9O" duration="00:00:00.0017619" startTime="2026-04-14T14:59:34.4131659-04:00" endTime="2026-04-14T14:59:34.4148840-04:00" testType="13cdc9d9-ddb5-4fa4-a97d-d965ccfc6d4b" outcome="Passed" testListId="8c84fa94-04c1-424b-9868-57a2d4851a1d" relativeResultsDirectory="a73e80a0-93ed-4879-bd07-204cbc2cc5fe" />
    <UnitTestResult executionId="76bf530a-a9ff-41e2-b0f8-61ca1cba15f5" testId="22d148ee-676c-d57f-6de6-03d32a31182b" testName="OpenClawNet.UnitTests.Skills.FileSkillLoaderTests.ReloadAsync_IgnoresSubdirectoriesWithoutSkillMd" computerName="CPC-bruno-U7R9O" duration="00:00:00.0063375" startTime="2026-04-14T14:59:34.3764491-04:00" endTime="2026-04-14T14:59:34.3819708-04:00" testType="13cdc9d9-ddb5-4fa4-a97d-d965ccfc6d4b" outcome="Passed" testListId="8c84fa94-04c1-424b-9868-57a2d4851a1d" relativeResultsDirectory="76bf530a-a9ff-41e2-b0f8-61ca1cba15f5" />
    <UnitTestResult executionId="c91fcbc0-deee-45f0-bead-8841e36ad265" testId="5fec1456-830e-4825-a4be-a6019ddd0ab4" testName="OpenClawNet.UnitTests.Skills.FileSkillLoaderTests.UninstallSkillAsync_RemovesSkillFromList" computerName="CPC-bruno-U7R9O" duration="00:00:00.0088742" startTime="2026-04-14T14:59:34.3974756-04:00" endTime="2026-04-14T14:59:34.4067819-04:00" testType="13cdc9d9-ddb5-4fa4-a97d-d965ccfc6d4b" outcome="Passed" testListId="8c84fa94-04c1-424b-9868-57a2d4851a1d" relativeResultsDirectory="c91fcbc0-deee-45f0-bead-8841e36ad265" />
    <UnitTestResult executionId="8c1aa210-f279-4420-b7c6-eee1b2ad90cd" testId="3c79690b-73f3-60f0-d5ff-7fa938872e8c" testName="OpenClawNet.UnitTests.Models.AzureOpenAIModelClientTests.Options_EmptyDeploymentKeepsDefault_WhenNotSetInConfig" computerName="CPC-bruno-U7R9O" duration="00:00:00.0004227" startTime="2026-04-14T14:59:34.4456320-04:00" endTime="2026-04-14T14:59:34.4457367-04:00" testType="13cdc9d9-ddb5-4fa4-a97d-d965ccfc6d4b" outcome="Passed" testListId="8c84fa94-04c1-424b-9868-57a2d4851a1d" relativeResultsDirectory="8c1aa210-f279-4420-b7c6-eee1b2ad90cd" />
    <UnitTestResult executionId="88faa8c6-70bf-45cc-9071-dd524fc885cd" testId="b1ae9ea1-911d-c728-3f34-a2d5531049dd" testName="OpenClawNet.UnitTests.Models.AzureOpenAIModelClientTests.Constructor_LeavesClientNull_WhenIntegratedModeButNoEndpoint" computerName="CPC-bruno-U7R9O" duration="00:00:00.0003141" startTime="2026-04-14T14:59:34.4453400-04:00" endTime="2026-04-14T14:59:34.4454112-04:00" testType="13cdc9d9-ddb5-4fa4-a97d-d965ccfc6d4b" outcome="Passed" testListId="8c84fa94-04c1-424b-9868-57a2d4851a1d" relativeResultsDirectory="88faa8c6-70bf-45cc-9071-dd524fc885cd" />
    <UnitTestResult executionId="ea0dcd34-91d2-47f7-b1bf-5fd9561e03aa" testId="b8e97c70-31bb-d004-62f7-142b982277cd" testName="OpenClawNet.UnitTests.Agent.PromptComposerTests.ComposeAsync_UsesAgentsMd_WhenWorkspaceProvides" computerName="CPC-bruno-U7R9O" duration="00:00:00.0015414" startTime="2026-04-14T14:59:34.3351613-04:00" endTime="2026-04-14T14:59:34.3362110-04:00" testType="13cdc9d9-ddb5-4fa4-a97d-d965ccfc6d4b" outcome="Passed" testListId="8c84fa94-04c1-424b-9868-57a2d4851a1d" relativeResultsDirectory="ea0dcd34-91d2-47f7-b1bf-5fd9561e03aa" />
    <UnitTestResult executionId="cd03b106-a5c0-42df-a171-215ee63a3763" testId="32275570-5379-b6cb-2c09-4d52793ea9a7" testName="OpenClawNet.UnitTests.Tools.ToolExecutorTests.ExecuteBatchAsync_ExecutesAllTools" computerName="CPC-bruno-U7R9O" duration="00:00:00.0272017" startTime="2026-04-14T14:59:34.3426210-04:00" endTime="2026-04-14T14:59:34.3524111-04:00" testType="13cdc9d9-ddb5-4fa4-a97d-d965ccfc6d4b" outcome="Passed" testListId="8c84fa94-04c1-424b-9868-57a2d4851a1d" relativeResultsDirectory="cd03b106-a5c0-42df-a171-215ee63a3763" />
    <UnitTestResult executionId="45f2104e-03e6-4c3f-9295-6daad2c89dbd" testId="86ed6b2b-9e40-9590-45e9-65989bd82314" testName="OpenClawNet.UnitTests.Storage.ConversationStoreTests.AddMessage_IncrementsOrderIndex" computerName="CPC-bruno-U7R9O" duration="00:00:00.0029518" startTime="2026-04-14T14:59:35.1170841-04:00" endTime="2026-04-14T14:59:35.1192787-04:00" testType="13cdc9d9-ddb5-4fa4-a97d-d965ccfc6d4b" outcome="Passed" testListId="8c84fa94-04c1-424b-9868-57a2d4851a1d" relativeResultsDirectory="45f2104e-03e6-4c3f-9295-6daad2c89dbd" />
    <UnitTestResult executionId="d2de35c0-2831-45f5-8658-82e57babe6aa" testId="63dd56b5-7830-034c-0d04-4f7908f6699b" testName="OpenClawNet.UnitTests.Models.AzureOpenAIModelClientTests.DefaultOptions_HaveGpt5MiniDeployment" computerName="CPC-bruno-U7R9O" duration="00:00:00.0001581" startTime="2026-04-14T14:59:34.4437311-04:00" endTime="2026-04-14T14:59:34.4437858-04:00" testType="13cdc9d9-ddb5-4fa4-a97d-d965ccfc6d4b" outcome="Passed" testListId="8c84fa94-04c1-424b-9868-57a2d4851a1d" relativeResultsDirectory="d2de35c0-2831-45f5-8658-82e57babe6aa" />
    <UnitTestResult executionId="e201d5fc-7abe-4c71-a702-0154de52c801" testId="354e8a85-24f7-3da7-4b8c-b9d8edf4b9dd" testName="OpenClawNet.UnitTests.Agent.AgentRuntimeStreamTests.ExecuteStreamAsync_DoesNotEmitToolApprovalRequest_ForNonApprovalTools" computerName="CPC-bruno-U7R9O" duration="00:00:00.9049873" startTime="2026-04-14T14:59:34.2321218-04:00" endTime="2026-04-14T14:59:35.0999542-04:00" testType="13cdc9d9-ddb5-4fa4-a97d-d965ccfc6d4b" outcome="Passed" testListId="8c84fa94-04c1-424b-9868-57a2d4851a1d" relativeResultsDirectory="e201d5fc-7abe-4c71-a702-0154de52c801" />
    <UnitTestResult executionId="abda9ed1-3ccd-40b5-a7ae-367766426021" testId="28c31f3b-de6a-6f8c-16bb-60f795ef6478" testName="OpenClawNet.UnitTests.Demos.DocumentPipelineTests.FileSystemTool_FindProjects_FindsCsproj" computerName="CPC-bruno-U7R9O" duration="00:00:00.0078663" startTime="2026-04-14T14:59:34.3668850-04:00" endTime="2026-04-14T14:59:34.3678050-04:00" testType="13cdc9d9-ddb5-4fa4-a97d-d965ccfc6d4b" outcome="Passed" testListId="8c84fa94-04c1-424b-9868-57a2d4851a1d" relativeResultsDirectory="abda9ed1-3ccd-40b5-a7ae-367766426021" />
    <UnitTestResult executionId="03f325b5-2f18-4fab-9128-6cec39d61666" testId="a5393ffa-9126-a4ab-39be-516adbc87e3b" testName="OpenClawNet.UnitTests.Tools.ToolExecutorTests.ExecuteAsync_CallsTool_WhenFound" computerName="CPC-bruno-U7R9O" duration="00:00:00.0461203" startTime="2026-04-14T14:59:34.2325446-04:00" endTime="2026-04-14T14:59:34.2791288-04:00" testType="13cdc9d9-ddb5-4fa4-a97d-d965ccfc6d4b" outcome="Passed" testListId="8c84fa94-04c1-424b-9868-57a2d4851a1d" relativeResultsDirectory="03f325b5-2f18-4fab-9128-6cec39d61666" />
    <UnitTestResult executionId="3c1e1800-39ca-4038-b59a-732454660dbd" testId="5271e262-f246-9834-be78-2e7f6ac01dd0" testName="OpenClawNet.UnitTests.Tools.FileSystemToolTests.List_RelativePath_ListsWorkspaceDirectory" computerName="CPC-bruno-U7R9O" duration="00:00:00.0049062" startTime="2026-04-14T14:59:34.3683469-04:00" endTime="2026-04-14T14:59:34.3689077-04:00" testType="13cdc9d9-ddb5-4fa4-a97d-d965ccfc6d4b" outcome="Passed" testListId="8c84fa94-04c1-424b-9868-57a2d4851a1d" relativeResultsDirectory="3c1e1800-39ca-4038-b59a-732454660dbd" />
    <UnitTestResult executionId="7658c91e-d279-4077-a833-57b8d1d2545c" testId="213b1533-7798-95cd-3125-9e72d916d53a" testName="OpenClawNet.UnitTests.Storage.ConversationStoreTests.CreateSession_ReturnsNewSession" computerName="CPC-bruno-U7R9O" duration="00:00:00.0011582" startTime="2026-04-14T14:59:35.1141074-04:00" endTime="2026-04-14T14:59:35.1152001-04:00" testType="13cdc9d9-ddb5-4fa4-a97d-d965ccfc6d4b" outcome="Passed" testListId="8c84fa94-04c1-424b-9868-57a2d4851a1d" relativeResultsDirectory="7658c91e-d279-4077-a833-57b8d1d2545c" />
    <UnitTestResult executionId="2b6d9315-233f-4975-84db-55b532cdbee6" testId="8101c329-f816-1b77-6dff-b489ffd749c4" testName="OpenClawNet.UnitTests.Skills.FileSkillLoaderTests.InstallSkillAsync_SetsSourceToInstalled" computerName="CPC-bruno-U7R9O" duration="00:00:00.0141470" startTime="2026-04-14T14:59:34.3566670-04:00" endTime="2026-04-14T14:59:34.3603635-04:00" testType="13cdc9d9-ddb5-4fa4-a97d-d965ccfc6d4b" outcome="Passed" testListId="8c84fa94-04c1-424b-9868-57a2d4851a1d" relativeResultsDirectory="2b6d9315-233f-4975-84db-55b532cdbee6" />
    <UnitTestResult executionId="6cbe935e-7ff8-434c-8ca3-8e61ced7b42d" testId="d9fd0b28-f8e2-7f5a-bf6e-42bd2005a1e5" testName="OpenClawNet.UnitTests.Models.OllamaModelClientTests.StreamAsync_ToolCallsThenContent_BothPreserved" computerName="CPC-bruno-U7R9O" duration="00:00:00.0025146" startTime="2026-04-14T14:59:34.3715389-04:00" endTime="2026-04-14T14:59:34.3724215-04:00" testType="13cdc9d9-ddb5-4fa4-a97d-d965ccfc6d4b" outcome="Passed" testListId="8c84fa94-04c1-424b-9868-57a2d4851a1d" relativeResultsDirectory="6cbe935e-7ff8-434c-8ca3-8e61ced7b42d" />
    <UnitTestResult executionId="b75f747c-0171-428f-a978-86af666dbecb" testId="6cdf7718-01c2-06de-e27a-dbf1d80d276c" testName="OpenClawNet.UnitTests.Demos.DocumentPipelineTests.FileSystemTool_ReadFile_BlocksSensitivePaths(sensitiveRelPath: &quot;.env&quot;)" computerName="CPC-bruno-U7R9O" duration="00:00:00.0500440" startTime="2026-04-14T14:59:34.2250373-04:00" endTime="2026-04-14T14:59:34.2790590-04:00" testType="13cdc9d9-ddb5-4fa4-a97d-d965ccfc6d4b" outcome="Passed" testListId="8c84fa94-04c1-424b-9868-57a2d4851a1d" relativeResultsDirectory="b75f747c-0171-428f-a978-86af666dbecb" />
    <UnitTestResult executionId="a7de4012-1044-4f02-9cb6-990525a0c0de" testId="2b22e5e6-5b56-6787-3c5a-248486677a22" testName="OpenClawNet.UnitTests.Models.AzureOpenAIModelClientTests.AddAzureOpenAI_RegistersIModelClient" computerName="CPC-bruno-U7R9O" duration="00:00:00.0102994" startTime="2026-04-14T14:59:34.4302799-04:00" endTime="2026-04-14T14:59:34.4404735-04:00" testType="13cdc9d9-ddb5-4fa4-a97d-d965ccfc6d4b" outcome="Passed" testListId="8c84fa94-04c1-424b-9868-57a2d4851a1d" relativeResultsDirectory="a7de4012-1044-4f02-9cb6-990525a0c0de" />
    <UnitTestResult executionId="af06e94b-b083-4327-8bdb-dabb0f4fda76" testId="1552e680-2a54-f2da-8bde-a7cb3084b1da" testName="OpenClawNet.UnitTests.Models.AzureOpenAILiveTests.CompleteAsync_ReturnsNonEmptyResponse" computerName="CPC-bruno-U7R9O" duration="00:00:04.6231785" startTime="2026-04-14T14:59:42.4789067-04:00" endTime="2026-04-14T14:59:47.1018869-04:00" testType="13cdc9d9-ddb5-4fa4-a97d-d965ccfc6d4b" outcome="Passed" testListId="8c84fa94-04c1-424b-9868-57a2d4851a1d" relativeResultsDirectory="af06e94b-b083-4327-8bdb-dabb0f4fda76" />
    <UnitTestResult executionId="a5579566-b225-4ccc-ae4d-f330c75d71f6" testId="455c434b-954c-cf2c-db2a-703d0a72e4e3" testName="OpenClawNet.UnitTests.Models.OllamaStreamingToolCallLiveTests.StreamAsync_WithTools_YieldsToolCallChunk" computerName="CPC-bruno-U7R9O" duration="00:00:20.3382443" startTime="2026-04-14T14:59:34.2320675-04:00" endTime="2026-04-14T14:59:54.5380064-04:00" testType="13cdc9d9-ddb5-4fa4-a97d-d965ccfc6d4b" outcome="Passed" testListId="8c84fa94-04c1-424b-9868-57a2d4851a1d" relativeResultsDirectory="a5579566-b225-4ccc-ae4d-f330c75d71f6" />
    <UnitTestResult executionId="ea4cb457-2871-4b9f-a080-84472cc10689" testId="ae6e04aa-32cf-17ed-76ff-307d5ecdd96c" testName="OpenClawNet.UnitTests.Models.OllamaModelClientTests.StreamAsync_ExtractsToolCalls_FromDoneFalseChunk" computerName="CPC-bruno-U7R9O" duration="00:00:00.0017860" startTime="2026-04-14T14:59:34.4151991-04:00" endTime="2026-04-14T14:59:34.4174229-04:00" testType="13cdc9d9-ddb5-4fa4-a97d-d965ccfc6d4b" outcome="Passed" testListId="8c84fa94-04c1-424b-9868-57a2d4851a1d" relativeResultsDirectory="ea4cb457-2871-4b9f-a080-84472cc10689" />
    <UnitTestResult executionId="a447afe6-a35d-44ce-8e3a-36786bcfd53c" testId="7947d578-4749-901d-c483-81caefde8397" testName="OpenClawNet.UnitTests.Demos.DocumentPipelineTests.ScheduledJob_DefaultAllowConcurrentRuns_IsFalse" computerName="CPC-bruno-U7R9O" duration="00:00:00.0030905" startTime="2026-04-14T14:59:34.3563158-04:00" endTime="2026-04-14T14:59:34.3568757-04:00" testType="13cdc9d9-ddb5-4fa4-a97d-d965ccfc6d4b" outcome="Passed" testListId="8c84fa94-04c1-424b-9868-57a2d4851a1d" relativeResultsDirectory="a447afe6-a35d-44ce-8e3a-36786bcfd53c" />
    <UnitTestResult executionId="5010c6b6-220b-4c6d-8032-d36cf16b95b0" testId="4eda5f04-e51d-b20b-f1d0-45cc7dd310c9" testName="OpenClawNet.UnitTests.Tools.ToolExecutorTests.ExecuteAsync_ReturnsFail_WhenToolNotFound" computerName="CPC-bruno-U7R9O" duration="00:00:00.0033760" startTime="2026-04-14T14:59:34.3355300-04:00" endTime="2026-04-14T14:59:34.3423695-04:00" testType="13cdc9d9-ddb5-4fa4-a97d-d965ccfc6d4b" outcome="Passed" testListId="8c84fa94-04c1-424b-9868-57a2d4851a1d" relativeResultsDirectory="5010c6b6-220b-4c6d-8032-d36cf16b95b0" />
    <UnitTestResult executionId="b922013d-1d38-496e-a0ce-012368ced1bf" testId="99fa6024-cda9-5655-11c1-b3480a8af763" testName="OpenClawNet.UnitTests.Tools.FileSystemToolTests.List_WithAbsolutePath_ListsDirectory" computerName="CPC-bruno-U7R9O" duration="00:00:00.0105641" startTime="2026-04-14T14:59:34.3661048-04:00" endTime="2026-04-14T14:59:34.3673488-04:00" testType="13cdc9d9-ddb5-4fa4-a97d-d965ccfc6d4b" outcome="Passed" testListId="8c84fa94-04c1-424b-9868-57a2d4851a1d" relativeResultsDirectory="b922013d-1d38-496e-a0ce-012368ced1bf" />
    <UnitTestResult executionId="1feb0ace-dae1-48cb-9fd2-c6b6f2128752" testId="86395317-0cca-af2f-03a4-8909d57420f8" testName="OpenClawNet.UnitTests.Agent.AgentRuntimeStreamTests.ExecuteStreamAsync_YieldsError_WhenPromptComposeThrows" computerName="CPC-bruno-U7R9O" duration="00:00:00.0050530" startTime="2026-04-14T14:59:35.1198290-04:00" endTime="2026-04-14T14:59:35.1248445-04:00" testType="13cdc9d9-ddb5-4fa4-a97d-d965ccfc6d4b" outcome="Passed" testListId="8c84fa94-04c1-424b-9868-57a2d4851a1d" relativeResultsDirectory="1feb0ace-dae1-48cb-9fd2-c6b6f2128752" />
    <UnitTestResult executionId="28c82111-4a57-4d5f-a034-6e3346461c71" testId="d9289b3e-30b3-b428-47a8-f80dd930c267" testName="OpenClawNet.UnitTests.Skills.FileSkillLoaderTests.EnableSkill_RestoresItToActiveSkills" computerName="CPC-bruno-U7R9O" duration="00:00:00.0125390" startTime="2026-04-14T14:59:34.3672209-04:00" endTime="2026-04-14T14:59:34.3684913-04:00" testType="13cdc9d9-ddb5-4fa4-a97d-d965ccfc6d4b" outcome="Passed" testListId="8c84fa94-04c1-424b-9868-57a2d4851a1d" relativeResultsDirectory="28c82111-4a57-4d5f-a034-6e3346461c71" />
    <UnitTestResult executionId="b40a0647-79f9-4c88-82b5-558528db59c1" testId="e54699cd-9090-7ce7-3370-1b95d7d47846" testName="OpenClawNet.UnitTests.Demos.DocumentPipelineTests.FileSystemTool_ListDirectory_ReturnsDirectoriesAndFiles" computerName="CPC-bruno-U7R9O" duration="00:00:00.0124227" startTime="2026-04-14T14:59:34.3601888-04:00" endTime="2026-04-14T14:59:34.3634264-04:00" testType="13cdc9d9-ddb5-4fa4-a97d-d965ccfc6d4b" outcome="Passed" testListId="8c84fa94-04c1-424b-9868-57a2d4851a1d" relativeResultsDirectory="b40a0647-79f9-4c88-82b5-558528db59c1" />
    <UnitTestResult executionId="6f45c0c6-e713-44ba-b2f0-eabd504b19ab" testId="343d66e3-9131-bc03-53f6-bb4a7e565e21" testName="OpenClawNet.UnitTests.Models.OllamaModelClientTests.StreamAsync_PreservesToolCallIds_FromOllama" computerName="CPC-bruno-U7R9O" duration="00:00:00.0014555" startTime="2026-04-14T14:59:34.3954307-04:00" endTime="2026-04-14T14:59:34.3967840-04:00" testType="13cdc9d9-ddb5-4fa4-a97d-d965ccfc6d4b" outcome="Passed" testListId="8c84fa94-04c1-424b-9868-57a2d4851a1d" relativeResultsDirectory="6f45c0c6-e713-44ba-b2f0-eabd504b19ab" />
    <UnitTestResult executionId="d16c320e-1b69-4e12-b960-f0412242aea5" testId="8f468c91-78da-306d-1908-98f1ff142000" testName="OpenClawNet.UnitTests.Storage.ConversationStoreTests.AddMessage_AutoCreatesSession_WhenSessionNotFound" computerName="CPC-bruno-U7R9O" duration="00:00:00.0019247" startTime="2026-04-14T14:59:35.0982374-04:00" endTime="2026-04-14T14:59:35.1001615-04:00" testType="13cdc9d9-ddb5-4fa4-a97d-d965ccfc6d4b" outcome="Passed" testListId="8c84fa94-04c1-424b-9868-57a2d4851a1d" relativeResultsDirectory="d16c320e-1b69-4e12-b960-f0412242aea5" />
    <UnitTestResult executionId="05532fae-c520-42d3-aa36-c6e6f0f5fc76" testId="43369b60-671f-d279-56b7-3542a3af4353" testName="OpenClawNet.UnitTests.Tools.ToolRegistryTests.GetTool_ReturnsNull_WhenNotFound" computerName="CPC-bruno-U7R9O" duration="00:00:00.0014578" startTime="2026-04-14T14:59:34.3448753-04:00" endTime="2026-04-14T14:59:34.3449413-04:00" testType="13cdc9d9-ddb5-4fa4-a97d-d965ccfc6d4b" outcome="Passed" testListId="8c84fa94-04c1-424b-9868-57a2d4851a1d" relativeResultsDirectory="05532fae-c520-42d3-aa36-c6e6f0f5fc76" />
    <UnitTestResult executionId="81c48ee1-e869-4ac4-ab68-04e4de54c544" testId="8b12fb7b-5784-422f-e707-408cca88103e" testName="OpenClawNet.UnitTests.Tools.FileSystemToolTests.Read_BlockedPath_AlsoBlocksAbsoluteVariants" computerName="CPC-bruno-U7R9O" duration="00:00:00.0622204" startTime="2026-04-14T14:59:34.2324522-04:00" endTime="2026-04-14T14:59:34.3486985-04:00" testType="13cdc9d9-ddb5-4fa4-a97d-d965ccfc6d4b" outcome="Passed" testListId="8c84fa94-04c1-424b-9868-57a2d4851a1d" relativeResultsDirectory="81c48ee1-e869-4ac4-ab68-04e4de54c544" />
    <UnitTestResult executionId="67b81f00-fda2-41e4-aee8-7d7dd36d9b76" testId="d8dc3a21-c391-1bc2-6abe-636294245d59" testName="OpenClawNet.UnitTests.Demos.DocumentPipelineTests.SchedulerPollingService_CalculateNextRun_RespectsEndAt" computerName="CPC-bruno-U7R9O" duration="00:00:00.0026384" startTime="2026-04-14T14:59:34.3593384-04:00" endTime="2026-04-14T14:59:34.3599366-04:00" testType="13cdc9d9-ddb5-4fa4-a97d-d965ccfc6d4b" outcome="Passed" testListId="8c84fa94-04c1-424b-9868-57a2d4851a1d" relativeResultsDirectory="67b81f00-fda2-41e4-aee8-7d7dd36d9b76" />
    <UnitTestResult executionId="d5f3b982-f509-4e5f-ba96-6f3505d92ab7" testId="1878b8f5-e8b2-2eb7-20dc-330485843247" testName="OpenClawNet.UnitTests.Models.OllamaModelClientTests.StreamAsync_GeneratesSyntheticId_WhenOllamaOmitsId" computerName="CPC-bruno-U7R9O" duration="00:00:00.0038187" startTime="2026-04-14T14:59:34.3705320-04:00" endTime="2026-04-14T14:59:34.3712967-04:00" testType="13cdc9d9-ddb5-4fa4-a97d-d965ccfc6d4b" outcome="Passed" testListId="8c84fa94-04c1-424b-9868-57a2d4851a1d" relativeResultsDirectory="d5f3b982-f509-4e5f-ba96-6f3505d92ab7" />
    <UnitTestResult executionId="73088685-e26c-4a99-8432-148c3d85d0a4" testId="f5ba8a65-8640-e4c6-1267-039eea8e5e24" testName="OpenClawNet.UnitTests.Agent.AgentRuntimeStreamTests.AgentStreamEventType_ContainsToolApprovalRequest" computerName="CPC-bruno-U7R9O" duration="00:00:00.0007602" startTime="2026-04-14T14:59:35.1190696-04:00" endTime="2026-04-14T14:59:35.1197133-04:00" testType="13cdc9d9-ddb5-4fa4-a97d-d965ccfc6d4b" outcome="Passed" testListId="8c84fa94-04c1-424b-9868-57a2d4851a1d" relativeResultsDirectory="73088685-e26c-4a99-8432-148c3d85d0a4" />
    <UnitTestResult executionId="2cf0e2d5-abed-4f44-9b46-227d4eff5280" testId="480f93a9-5aef-aea4-6679-e2d724273a4c" testName="OpenClawNet.UnitTests.Scheduler.SchedulerSettingsServiceTests.GetSettings_ReturnsDefaults_WhenNoFileOrConfig" computerName="CPC-bruno-U7R9O" duration="00:00:00.0024056" startTime="2026-04-14T14:59:34.3589551-04:00" endTime="2026-04-14T14:59:34.3595402-04:00" testType="13cdc9d9-ddb5-4fa4-a97d-d965ccfc6d4b" outcome="Passed" testListId="8c84fa94-04c1-424b-9868-57a2d4851a1d" relativeResultsDirectory="2cf0e2d5-abed-4f44-9b46-227d4eff5280" />
    <UnitTestResult executionId="c487898f-5b88-45a2-b245-b82bb8bb01cd" testId="0c46f93b-30c8-c1e0-368d-b65f4a5aa3f7" testName="OpenClawNet.UnitTests.Storage.ConversationStoreTests.DeleteSession_RemovesSession" computerName="CPC-bruno-U7R9O" duration="00:00:00.0116620" startTime="2026-04-14T14:59:35.1024055-04:00" endTime="2026-04-14T14:59:35.1139764-04:00" testType="13cdc9d9-ddb5-4fa4-a97d-d965ccfc6d4b" outcome="Passed" testListId="8c84fa94-04c1-424b-9868-57a2d4851a1d" relativeResultsDirectory="c487898f-5b88-45a2-b245-b82bb8bb01cd" />
    <UnitTestResult executionId="9f24abd9-624d-40cd-ac53-c2be344e9bbb" testId="3c7bef25-7167-f04b-f5dc-6dd51ff7a167" testName="OpenClawNet.UnitTests.Scheduler.SchedulerSettingsServiceTests.Update_PersistsToFile" computerName="CPC-bruno-U7R9O" duration="00:00:00.0163125" startTime="2026-04-14T14:59:34.3598092-04:00" endTime="2026-04-14T14:59:34.3629294-04:00" testType="13cdc9d9-ddb5-4fa4-a97d-d965ccfc6d4b" outcome="Passed" testListId="8c84fa94-04c1-424b-9868-57a2d4851a1d" relativeResultsDirectory="9f24abd9-624d-40cd-ac53-c2be344e9bbb" />
    <UnitTestResult executionId="d4bda0aa-cca8-49d1-8fd1-934ab4121339" testId="490c24ba-c760-a85f-5bc3-6eeb7890365b" testName="OpenClawNet.UnitTests.Models.AzureOpenAIModelClientTests.StreamAsync_Throws_WhenNotConfigured" computerName="CPC-bruno-U7R9O" duration="00:00:00.0026376" startTime="2026-04-14T14:59:34.4467262-04:00" endTime="2026-04-14T14:59:34.4492567-04:00" testType="13cdc9d9-ddb5-4fa4-a97d-d965ccfc6d4b" outcome="Passed" testListId="8c84fa94-04c1-424b-9868-57a2d4851a1d" relativeResultsDirectory="d4bda0aa-cca8-49d1-8fd1-934ab4121339" />
    <UnitTestResult executionId="9ded4015-8340-4b46-b585-f84d08f70f81" testId="09dfc599-7d60-1da2-85ae-3fbd22d6aaa9" testName="OpenClawNet.UnitTests.Tools.ToolRegistryTests.GetAllTools_ReturnsRegisteredTools" computerName="CPC-bruno-U7R9O" duration="00:00:00.0470946" startTime="2026-04-14T14:59:34.2318583-04:00" endTime="2026-04-14T14:59:34.2790209-04:00" testType="13cdc9d9-ddb5-4fa4-a97d-d965ccfc6d4b" outcome="Passed" testListId="8c84fa94-04c1-424b-9868-57a2d4851a1d" relativeResultsDirectory="9ded4015-8340-4b46-b585-f84d08f70f81" />
    <UnitTestResult executionId="ef356917-dfc1-4731-9b3b-fd728db74845" testId="4c777fe8-5ab1-b155-3cbf-45dd7fa1f8e5" testName="OpenClawNet.UnitTests.Agent.PromptComposerTests.ComposeAsync_FallbackPrompt_ContainsWorkspacePath" computerName="CPC-bruno-U7R9O" duration="00:00:00.0026138" startTime="2026-04-14T14:59:34.3490183-04:00" endTime="2026-04-14T14:59:34.3521557-04:00" testType="13cdc9d9-ddb5-4fa4-a97d-d965ccfc6d4b" outcome="Passed" testListId="8c84fa94-04c1-424b-9868-57a2d4851a1d" relativeResultsDirectory="ef356917-dfc1-4731-9b3b-fd728db74845" />
    <UnitTestResult executionId="c18c3265-4d52-4359-9972-a77038f33200" testId="20d19faa-40d2-0341-ec1b-f6472ec71204" testName="OpenClawNet.UnitTests.Skills.FileSkillLoaderTests.InstallSkillAsync_CreatesSkillMdInInstalledDirectory" computerName="CPC-bruno-U7R9O" duration="00:00:00.0151326" startTime="2026-04-14T14:59:34.3605854-04:00" endTime="2026-04-14T14:59:34.3642729-04:00" testType="13cdc9d9-ddb5-4fa4-a97d-d965ccfc6d4b" outcome="Passed" testListId="8c84fa94-04c1-424b-9868-57a2d4851a1d" relativeResultsDirectory="c18c3265-4d52-4359-9972-a77038f33200" />
    <UnitTestResult executionId="4898909e-959a-4b3c-a4d9-a54a4003c3e8" testId="231c9955-c1e3-ca62-639c-ef04dc710ab1" testName="OpenClawNet.UnitTests.Models.AzureOpenAIModelClientTests.Constructor_DoesNotThrow_WhenApiKeyModeFullyConfigured" computerName="CPC-bruno-U7R9O" duration="00:00:00.0003267" startTime="2026-04-14T14:59:34.4450638-04:00" endTime="2026-04-14T14:59:34.4451289-04:00" testType="13cdc9d9-ddb5-4fa4-a97d-d965ccfc6d4b" outcome="Passed" testListId="8c84fa94-04c1-424b-9868-57a2d4851a1d" relativeResultsDirectory="4898909e-959a-4b3c-a4d9-a54a4003c3e8" />
    <UnitTestResult executionId="202c3c94-e25e-4eb0-8c94-1faad56bd3ae" testId="f108cbae-633d-eaa3-44df-a30f69082d96" testName="OpenClawNet.UnitTests.Tools.FileSystemToolTests.Write_ThenRead_RoundTrips" computerName="CPC-bruno-U7R9O" duration="00:00:00.0077361" startTime="2026-04-14T14:59:34.3723812-04:00" endTime="2026-04-14T14:59:34.3805766-04:00" testType="13cdc9d9-ddb5-4fa4-a97d-d965ccfc6d4b" outcome="Passed" testListId="8c84fa94-04c1-424b-9868-57a2d4851a1d" relativeResultsDirectory="202c3c94-e25e-4eb0-8c94-1faad56bd3ae" />
    <UnitTestResult executionId="7fb5a1a5-4ed1-4b7b-83ae-2a5f1869960b" testId="c3f639aa-7527-4462-2d08-5ae28b85e8cc" testName="OpenClawNet.UnitTests.Tools.FileSystemToolTests.FindProjects_ExcludesBinAndObjDirectories" computerName="CPC-bruno-U7R9O" duration="00:00:00.0156322" startTime="2026-04-14T14:59:34.3627590-04:00" endTime="2026-04-14T14:59:34.3649528-04:00" testType="13cdc9d9-ddb5-4fa4-a97d-d965ccfc6d4b" outcome="Passed" testListId="8c84fa94-04c1-424b-9868-57a2d4851a1d" relativeResultsDirectory="7fb5a1a5-4ed1-4b7b-83ae-2a5f1869960b" />
    <UnitTestResult executionId="e3c03034-cb46-41e2-b798-b469c7d2d146" testId="44c38ae1-e745-0b1e-c388-bae5ef9f22f9" testName="OpenClawNet.UnitTests.Models.AzureOpenAIModelClientTests.CompleteAsync_Throws_WhenNotConfigured" computerName="CPC-bruno-U7R9O" duration="00:00:00.0602979" startTime="2026-04-14T14:59:34.3189873-04:00" endTime="2026-04-14T14:59:34.3606514-04:00" testType="13cdc9d9-ddb5-4fa4-a97d-d965ccfc6d4b" outcome="Passed" testListId="8c84fa94-04c1-424b-9868-57a2d4851a1d" relativeResultsDirectory="e3c03034-cb46-41e2-b798-b469c7d2d146" />
    <UnitTestResult executionId="9ff605f9-b595-4d04-8aa5-a63184d9a029" testId="da1b5f33-3f34-9d6b-fcbc-4d5b80dc4a01" testName="OpenClawNet.UnitTests.Models.AzureOpenAIModelClientTests.IsAvailableAsync_ReturnsFalse_WhenEndpointNotConfigured" computerName="CPC-bruno-U7R9O" duration="00:00:00.0005522" startTime="2026-04-14T14:59:34.4462025-04:00" endTime="2026-04-14T14:59:34.4465505-04:00" testType="13cdc9d9-ddb5-4fa4-a97d-d965ccfc6d4b" outcome="Passed" testListId="8c84fa94-04c1-424b-9868-57a2d4851a1d" relativeResultsDirectory="9ff605f9-b595-4d04-8aa5-a63184d9a029" />
    <UnitTestResult executionId="48755e44-8fdc-40f1-8e95-0cef8ae99020" testId="3c16b416-2c11-51a2-ab8a-7d289443f93a" testName="OpenClawNet.UnitTests.Scheduler.SchedulerSettingsServiceTests.GetSettings_ReadsFromConfiguration" computerName="CPC-bruno-U7R9O" duration="00:00:00.0032442" startTime="2026-04-14T14:59:34.3641484-04:00" endTime="2026-04-14T14:59:34.3646595-04:00" testType="13cdc9d9-ddb5-4fa4-a97d-d965ccfc6d4b" outcome="Passed" testListId="8c84fa94-04c1-424b-9868-57a2d4851a1d" relativeResultsDirectory="48755e44-8fdc-40f1-8e95-0cef8ae99020" />
    <UnitTestResult executionId="72d4a994-44c4-4f47-9f55-2c52a3667fd7" testId="165b6536-3550-f546-274b-fbafc6d3cc16" testName="OpenClawNet.UnitTests.Agent.PromptComposerTests.ComposeAsync_IncludesHistory" computerName="CPC-bruno-U7R9O" duration="00:00:00.0439857" startTime="2026-04-14T14:59:34.2325007-04:00" endTime="2026-04-14T14:59:34.2791068-04:00" testType="13cdc9d9-ddb5-4fa4-a97d-d965ccfc6d4b" outcome="Passed" testListId="8c84fa94-04c1-424b-9868-57a2d4851a1d" relativeResultsDirectory="72d4a994-44c4-4f47-9f55-2c52a3667fd7" />
    <UnitTestResult executionId="17c95cf3-bd15-4c4a-bb41-beabb5d97edc" testId="caeb629f-da31-44a8-890c-ddbf33c84195" testName="OpenClawNet.UnitTests.Models.AzureOpenAIModelClientTests.AddAzureOpenAI_ReadsEndpointFromModelSection" computerName="CPC-bruno-U7R9O" duration="00:00:00.0004613" startTime="2026-04-14T14:59:34.4408384-04:00" endTime="2026-04-14T14:59:34.4412597-04:00" testType="13cdc9d9-ddb5-4fa4-a97d-d965ccfc6d4b" outcome="Passed" testListId="8c84fa94-04c1-424b-9868-57a2d4851a1d" relativeResultsDirectory="17c95cf3-bd15-4c4a-bb41-beabb5d97edc" />
    <UnitTestResult executionId="f714348b-4588-49d0-b760-1617e49ed680" testId="b6c0cf2e-961f-2153-5e6a-d0cbf1ecffbc" testName="OpenClawNet.UnitTests.Tools.FileSystemToolTests.FindProjects_ReturnsProjectFiles_WhenCsprojExists" computerName="CPC-bruno-U7R9O" duration="00:00:00.0247114" startTime="2026-04-14T14:59:34.3544065-04:00" endTime="2026-04-14T14:59:34.3624890-04:00" testType="13cdc9d9-ddb5-4fa4-a97d-d965ccfc6d4b" outcome="Passed" testListId="8c84fa94-04c1-424b-9868-57a2d4851a1d" relativeResultsDirectory="f714348b-4588-49d0-b760-1617e49ed680" />
    <UnitTestResult executionId="dc375042-364d-42e0-bb62-3d42cd4daf0a" testId="9974c8b3-d243-8af5-f435-ca783b362a99" testName="OpenClawNet.UnitTests.Skills.FileSkillLoaderTests.DisableSkill_ExcludesItFromActiveSkills" computerName="CPC-bruno-U7R9O" duration="00:00:00.0084619" startTime="2026-04-14T14:59:34.3708743-04:00" endTime="2026-04-14T14:59:34.3755016-04:00" testType="13cdc9d9-ddb5-4fa4-a97d-d965ccfc6d4b" outcome="Passed" testListId="8c84fa94-04c1-424b-9868-57a2d4851a1d" relativeResultsDirectory="dc375042-364d-42e0-bb62-3d42cd4daf0a" />
    <UnitTestResult executionId="b3c286c2-4b55-42cd-8062-b39ffe7e25c8" testId="8257835a-6c5f-6cba-1a86-edf8e6a207db" testName="OpenClawNet.UnitTests.Scheduler.SchedulerSettingsServiceTests.Update_ClampsValues_WhenOutOfRange" computerName="CPC-bruno-U7R9O" duration="00:00:00.0474942" startTime="2026-04-14T14:59:34.3358326-04:00" endTime="2026-04-14T14:59:34.3587139-04:00" testType="13cdc9d9-ddb5-4fa4-a97d-d965ccfc6d4b" outcome="Passed" testListId="8c84fa94-04c1-424b-9868-57a2d4851a1d" relativeResultsDirectory="b3c286c2-4b55-42cd-8062-b39ffe7e25c8" />
    <UnitTestResult executionId="41249c3e-f53c-4e73-bb42-0400fa4643b7" testId="b6159835-5829-a9d3-b225-360e61458367" testName="OpenClawNet.UnitTests.Models.AzureOpenAIModelClientTests.Constructor_HandlesIntegratedAuthMode_CaseInsensitively(authMode: &quot;Integrated&quot;)" computerName="CPC-bruno-U7R9O" duration="00:00:00.0015424" startTime="2026-04-14T14:59:34.4151394-04:00" endTime="2026-04-14T14:59:34.4163356-04:00" testType="13cdc9d9-ddb5-4fa4-a97d-d965ccfc6d4b" outcome="Passed" testListId="8c84fa94-04c1-424b-9868-57a2d4851a1d" relativeResultsDirectory="41249c3e-f53c-4e73-bb42-0400fa4643b7" />
    <UnitTestResult executionId="5a64b8de-d807-42d6-bef9-40271ded6337" testId="f588e208-dd99-d855-2c75-9e6137d3df86" testName="OpenClawNet.UnitTests.Storage.ConversationStoreTests.UpdateSessionTitle_ChangesTitle" computerName="CPC-bruno-U7R9O" duration="00:00:00.0039665" startTime="2026-04-14T14:59:35.0949849-04:00" endTime="2026-04-14T14:59:35.0980777-04:00" testType="13cdc9d9-ddb5-4fa4-a97d-d965ccfc6d4b" outcome="Passed" testListId="8c84fa94-04c1-424b-9868-57a2d4851a1d" relativeResultsDirectory="5a64b8de-d807-42d6-bef9-40271ded6337" />
    <UnitTestResult executionId="1ff55678-23a4-48b5-8b89-9311513e2523" testId="14e47f9b-10aa-7314-69d2-05a768093351" testName="OpenClawNet.UnitTests.Agent.PromptComposerTests.ComposeAsync_FallbackPrompt_InstructsFileSystemToolUsage" computerName="CPC-bruno-U7R9O" duration="00:00:00.0051900" startTime="2026-04-14T14:59:34.3429626-04:00" endTime="2026-04-14T14:59:34.3432672-04:00" testType="13cdc9d9-ddb5-4fa4-a97d-d965ccfc6d4b" outcome="Passed" testListId="8c84fa94-04c1-424b-9868-57a2d4851a1d" relativeResultsDirectory="1ff55678-23a4-48b5-8b89-9311513e2523" />
    <UnitTestResult executionId="c27fc387-b69e-4fbc-a949-e6c536cc45b8" testId="3f2d8fc8-18b6-0882-3367-0abd3b92f98d" testName="OpenClawNet.UnitTests.Skills.FileSkillLoaderTests.BuiltInSkills_HaveSourceBuiltIn" computerName="CPC-bruno-U7R9O" duration="00:00:00.0397871" startTime="2026-04-14T14:59:34.3357245-04:00" endTime="2026-04-14T14:59:34.3564053-04:00" testType="13cdc9d9-ddb5-4fa4-a97d-d965ccfc6d4b" outcome="Passed" testListId="8c84fa94-04c1-424b-9868-57a2d4851a1d" relativeResultsDirectory="c27fc387-b69e-4fbc-a949-e6c536cc45b8" />
    <UnitTestResult executionId="d595b2e5-3adf-4d1c-addc-ee1b1f1b4e46" testId="ae0855f4-6169-254e-eafb-2af8f14aa0ec" testName="OpenClawNet.UnitTests.Models.AzureOpenAIModelClientTests.Constructor_LeavesClientNull_WhenApiKeyMissingInApiKeyMode" computerName="CPC-bruno-U7R9O" duration="00:00:00.0009503" startTime="2026-04-14T14:59:34.4427042-04:00" endTime="2026-04-14T14:59:34.4435755-04:00" testType="13cdc9d9-ddb5-4fa4-a97d-d965ccfc6d4b" outcome="Passed" testListId="8c84fa94-04c1-424b-9868-57a2d4851a1d" relativeResultsDirectory="d595b2e5-3adf-4d1c-addc-ee1b1f1b4e46" />
    <UnitTestResult executionId="c071c3a4-6acb-4d46-bb92-9d0bacee180b" testId="9a4cf852-9017-8e96-ea19-e491c50c0dc9" testName="OpenClawNet.UnitTests.Skills.SkillParserTests.Parse_WithoutFrontmatter_UsesFileName" computerName="CPC-bruno-U7R9O" duration="00:00:00.0166908" startTime="2026-04-14T14:59:34.3361485-04:00" endTime="2026-04-14T14:59:34.3451554-04:00" testType="13cdc9d9-ddb5-4fa4-a97d-d965ccfc6d4b" outcome="Passed" testListId="8c84fa94-04c1-424b-9868-57a2d4851a1d" relativeResultsDirectory="c071c3a4-6acb-4d46-bb92-9d0bacee180b" />
    <UnitTestResult executionId="4ad408b5-e79e-4b32-b026-af389a218414" testId="cc89ff91-c38a-b30c-2cbc-e4cbc097b80d" testName="OpenClawNet.UnitTests.Skills.SkillParserTests.Parse_WithValidFrontmatter_ExtractsMetadata" computerName="CPC-bruno-U7R9O" duration="00:00:00.0063343" startTime="2026-04-14T14:59:34.3453574-04:00" endTime="2026-04-14T14:59:34.3484439-04:00" testType="13cdc9d9-ddb5-4fa4-a97d-d965ccfc6d4b" outcome="Passed" testListId="8c84fa94-04c1-424b-9868-57a2d4851a1d" relativeResultsDirectory="4ad408b5-e79e-4b32-b026-af389a218414" />
    <UnitTestResult executionId="80df496d-1471-4e23-9778-cb3a54c114bf" testId="05e6364c-06de-5fc1-b59f-1ee255c13984" testName="OpenClawNet.UnitTests.Tools.ToolRegistryTests.GetTool_IsCaseInsensitive" computerName="CPC-bruno-U7R9O" duration="00:00:00.0002222" startTime="2026-04-14T14:59:34.3445672-04:00" endTime="2026-04-14T14:59:34.3446455-04:00" testType="13cdc9d9-ddb5-4fa4-a97d-d965ccfc6d4b" outcome="Passed" testListId="8c84fa94-04c1-424b-9868-57a2d4851a1d" relativeResultsDirectory="80df496d-1471-4e23-9778-cb3a54c114bf" />
    <UnitTestResult executionId="169c1866-2168-4c73-8a9a-0a6b9fa92b4e" testId="6b5c6338-1c9b-5128-887c-aa33513ed4b1" testName="OpenClawNet.UnitTests.Models.AzureOpenAIModelClientTests.Constructor_DoesNotThrow_WhenIntegratedModeWithEndpointOnly" computerName="CPC-bruno-U7R9O" duration="00:00:00.0012271" startTime="2026-04-14T14:59:34.4413813-04:00" endTime="2026-04-14T14:59:34.4425495-04:00" testType="13cdc9d9-ddb5-4fa4-a97d-d965ccfc6d4b" outcome="Passed" testListId="8c84fa94-04c1-424b-9868-57a2d4851a1d" relativeResultsDirectory="169c1866-2168-4c73-8a9a-0a6b9fa92b4e" />
    <UnitTestResult executionId="4ff96f5e-4623-43b3-970b-65303a17cfc1" testId="c13b62d4-f769-342d-787f-07efb58a3f89" testName="OpenClawNet.UnitTests.Models.AzureOpenAIModelClientTests.ProviderName_IsAzureOpenAI" computerName="CPC-bruno-U7R9O" duration="00:00:00.0002277" startTime="2026-04-14T14:59:34.4406782-04:00" endTime="2026-04-14T14:59:34.4407347-04:00" testType="13cdc9d9-ddb5-4fa4-a97d-d965ccfc6d4b" outcome="Passed" testListId="8c84fa94-04c1-424b-9868-57a2d4851a1d" relativeResultsDirectory="4ff96f5e-4623-43b3-970b-65303a17cfc1" />
    <UnitTestResult executionId="ea5d408c-22ca-4b25-b97f-aa9b7aad9095" testId="8f70ed76-57c1-204e-8bbd-b4f97ca4cef7" testName="OpenClawNet.UnitTests.Agent.AgentRuntimeStreamTests.ExecuteStreamAsync_YieldsError_WhenStorageFailsOnUserMessage" computerName="CPC-bruno-U7R9O" duration="00:00:00.0087407" startTime="2026-04-14T14:59:35.1001072-04:00" endTime="2026-04-14T14:59:35.1087879-04:00" testType="13cdc9d9-ddb5-4fa4-a97d-d965ccfc6d4b" outcome="Passed" testListId="8c84fa94-04c1-424b-9868-57a2d4851a1d" relativeResultsDirectory="ea5d408c-22ca-4b25-b97f-aa9b7aad9095" />
    <UnitTestResult executionId="3e94e622-8989-48dc-82b1-7653e4a16573" testId="c7d85018-b695-5228-b365-26e608cf62b0" testName="OpenClawNet.UnitTests.Models.AzureOpenAIModelClientTests.AddAzureOpenAI_DefaultDeploymentName_IsGpt5Mini" computerName="CPC-bruno-U7R9O" duration="00:00:00.0006252" startTime="2026-04-14T14:59:34.4447776-04:00" endTime="2026-04-14T14:59:34.4448724-04:00" testType="13cdc9d9-ddb5-4fa4-a97d-d965ccfc6d4b" outcome="Passed" testListId="8c84fa94-04c1-424b-9868-57a2d4851a1d" relativeResultsDirectory="3e94e622-8989-48dc-82b1-7653e4a16573" />
    <UnitTestResult executionId="45fca7ea-20a9-403c-94b7-bcd20e5083c2" testId="7e2c74b4-0192-3692-cca9-e91ebd6595d5" testName="OpenClawNet.UnitTests.Models.AzureOpenAILiveTests.StreamAsync_WithTools_YieldsToolCallChunk" computerName="CPC-bruno-U7R9O" duration="00:00:05.0292616" startTime="2026-04-14T14:59:34.2325864-04:00" endTime="2026-04-14T14:59:39.2245086-04:00" testType="13cdc9d9-ddb5-4fa4-a97d-d965ccfc6d4b" outcome="Passed" testListId="8c84fa94-04c1-424b-9868-57a2d4851a1d" relativeResultsDirectory="45fca7ea-20a9-403c-94b7-bcd20e5083c2" />
    <UnitTestResult executionId="1cd18ae5-bfef-49f9-971f-a3c0e448f040" testId="4b6dcde4-e3f2-af38-4208-c520bfa1215c" testName="OpenClawNet.UnitTests.Demos.DocumentPipelineTests.SchedulerPollingService_ProcessDueJobs_WithConcurrencyDisabled_SkipsRunningJob" computerName="CPC-bruno-U7R9O" duration="00:00:00.0056390" startTime="2026-04-14T14:59:34.3584971-04:00" endTime="2026-04-14T14:59:34.3590514-04:00" testType="13cdc9d9-ddb5-4fa4-a97d-d965ccfc6d4b" outcome="Passed" testListId="8c84fa94-04c1-424b-9868-57a2d4851a1d" relativeResultsDirectory="1cd18ae5-bfef-49f9-971f-a3c0e448f040" />
    <UnitTestResult executionId="62a7fd8e-1029-47a2-94c7-099ea1bbfbe8" testId="f07557fc-15c4-b7c4-1e89-3205c77d3cb6" testName="OpenClawNet.UnitTests.Scheduler.SchedulerSettingsServiceTests.Update_IsThreadSafe_UnderConcurrentWrites" computerName="CPC-bruno-U7R9O" duration="00:00:00.0530076" startTime="2026-04-14T14:59:34.2324101-04:00" endTime="2026-04-14T14:59:34.2522748-04:00" testType="13cdc9d9-ddb5-4fa4-a97d-d965ccfc6d4b" outcome="Passed" testListId="8c84fa94-04c1-424b-9868-57a2d4851a1d" relativeResultsDirectory="62a7fd8e-1029-47a2-94c7-099ea1bbfbe8" />
    <UnitTestResult executionId="84d92736-89eb-4c0f-9324-e151caef2d6c" testId="0aeea800-2c6f-2da6-19ba-d2fad9bce49d" testName="OpenClawNet.UnitTests.Models.AzureOpenAIModelClientTests.AddAzureOpenAI_ReadsEndpointFromAzureOpenAISection_TakingPrecedence" computerName="CPC-bruno-U7R9O" duration="00:00:00.0129733" startTime="2026-04-14T14:59:34.4176908-04:00" endTime="2026-04-14T14:59:34.4300593-04:00" testType="13cdc9d9-ddb5-4fa4-a97d-d965ccfc6d4b" outcome="Passed" testListId="8c84fa94-04c1-424b-9868-57a2d4851a1d" relativeResultsDirectory="84d92736-89eb-4c0f-9324-e151caef2d6c" />
    <UnitTestResult executionId="7efb98cf-a58d-4071-81da-66d107163766" testId="1af8874a-0950-4a5e-9587-0d2e19b384bb" testName="OpenClawNet.UnitTests.Scheduler.SchedulerRunStateTests.IsThreadSafe_UnderConcurrentIncrementDecrement" computerName="CPC-bruno-U7R9O" duration="00:00:00.0589945" startTime="2026-04-14T14:59:34.2323076-04:00" endTime="2026-04-14T14:59:34.3486490-04:00" testType="13cdc9d9-ddb5-4fa4-a97d-d965ccfc6d4b" outcome="Passed" testListId="8c84fa94-04c1-424b-9868-57a2d4851a1d" relativeResultsDirectory="7efb98cf-a58d-4071-81da-66d107163766" />
    <UnitTestResult executionId="cf06d3d4-4a18-4704-946d-d178fa50dc66" testId="90927d24-1a39-e1d6-2845-09bcd17eb047" testName="OpenClawNet.UnitTests.Agent.PromptComposerTests.ComposeAsync_IncludesSystemPrompt" computerName="CPC-bruno-U7R9O" duration="00:00:00.0176709" startTime="2026-04-14T14:59:34.3434565-04:00" endTime="2026-04-14T14:59:34.3488057-04:00" testType="13cdc9d9-ddb5-4fa4-a97d-d965ccfc6d4b" outcome="Passed" testListId="8c84fa94-04c1-424b-9868-57a2d4851a1d" relativeResultsDirectory="cf06d3d4-4a18-4704-946d-d178fa50dc66" />
    <UnitTestResult executionId="5a8b0117-79b3-4365-9072-f1cba7d9f957" testId="a08c1a2f-099f-7872-d133-b8a224624c46" testName="OpenClawNet.UnitTests.Skills.SkillParserTests.Parse_WithDisabledFlag_SetsEnabled" computerName="CPC-bruno-U7R9O" duration="00:00:00.0009042" startTime="2026-04-14T14:59:34.3357035-04:00" endTime="2026-04-14T14:59:34.3358827-04:00" testType="13cdc9d9-ddb5-4fa4-a97d-d965ccfc6d4b" outcome="Passed" testListId="8c84fa94-04c1-424b-9868-57a2d4851a1d" relativeResultsDirectory="5a8b0117-79b3-4365-9072-f1cba7d9f957" />
    <UnitTestResult executionId="92b4e845-a4af-4015-99ef-097dd3eacf44" testId="dae55759-ebce-bb8a-cb70-1305966ece70" testName="OpenClawNet.UnitTests.Demos.DocumentPipelineTests.SchedulerPollingService_CalculateNextRun_WithSeconds" computerName="CPC-bruno-U7R9O" duration="00:00:00.0357379" startTime="2026-04-14T14:59:34.3421930-04:00" endTime="2026-04-14T14:59:34.3555708-04:00" testType="13cdc9d9-ddb5-4fa4-a97d-d965ccfc6d4b" outcome="Passed" testListId="8c84fa94-04c1-424b-9868-57a2d4851a1d" relativeResultsDirectory="92b4e845-a4af-4015-99ef-097dd3eacf44" />
    <UnitTestResult executionId="7896508e-ba48-4f04-9660-2b6a21a2d536" testId="f4c8dc88-c616-1d9e-8077-68503f9a8bb0" testName="OpenClawNet.UnitTests.Storage.ConversationStoreTests.GetSession_ReturnsNullWhenNotFound" computerName="CPC-bruno-U7R9O" duration="00:00:00.0009865" startTime="2026-04-14T14:59:35.1153226-04:00" endTime="2026-04-14T14:59:35.1162620-04:00" testType="13cdc9d9-ddb5-4fa4-a97d-d965ccfc6d4b" outcome="Passed" testListId="8c84fa94-04c1-424b-9868-57a2d4851a1d" relativeResultsDirectory="7896508e-ba48-4f04-9660-2b6a21a2d536" />
    <UnitTestResult executionId="51d4eaab-1b8a-41e9-a867-0ad527a59ba9" testId="ec78030d-3c74-b579-ed62-10c09373414b" testName="OpenClawNet.UnitTests.Demos.DocumentPipelineTests.SchedulerPollingService_CalculateNextRun_StandardCron" computerName="CPC-bruno-U7R9O" duration="00:00:00.0019841" startTime="2026-04-14T14:59:34.3558073-04:00" endTime="2026-04-14T14:59:34.3560393-04:00" testType="13cdc9d9-ddb5-4fa4-a97d-d965ccfc6d4b" outcome="Passed" testListId="8c84fa94-04c1-424b-9868-57a2d4851a1d" relativeResultsDirectory="51d4eaab-1b8a-41e9-a867-0ad527a59ba9" />
    <UnitTestResult executionId="0c870ce8-a68c-4b6e-8fd9-62582c7c16b0" testId="1f93e1e2-6490-fcb6-f221-315fb23c5905" testName="OpenClawNet.UnitTests.Models.OllamaModelClientTests.CompleteAsync_SendsStreamFalse_ForNonStreaming" computerName="CPC-bruno-U7R9O" duration="00:00:00.0227419" startTime="2026-04-14T14:59:34.3725398-04:00" endTime="2026-04-14T14:59:34.3952311-04:00" testType="13cdc9d9-ddb5-4fa4-a97d-d965ccfc6d4b" outcome="Passed" testListId="8c84fa94-04c1-424b-9868-57a2d4851a1d" relativeResultsDirectory="0c870ce8-a68c-4b6e-8fd9-62582c7c16b0" />
    <UnitTestResult executionId="298e57c6-8fc9-48d7-bcda-a59e6f6b1d17" testId="f5830bc3-7a37-9577-f62a-7384d69cd5e7" testName="OpenClawNet.UnitTests.Models.OllamaModelClientTests.CompleteAsync_MapsToolCallsFromResponse" computerName="CPC-bruno-U7R9O" duration="00:00:00.0017504" startTime="2026-04-14T14:59:34.4079631-04:00" endTime="2026-04-14T14:59:34.4095306-04:00" testType="13cdc9d9-ddb5-4fa4-a97d-d965ccfc6d4b" outcome="Passed" testListId="8c84fa94-04c1-424b-9868-57a2d4851a1d" relativeResultsDirectory="298e57c6-8fc9-48d7-bcda-a59e6f6b1d17" />
    <UnitTestResult executionId="1ee51a82-6afd-4e7b-88bb-2a341db52aaf" testId="86312309-f9be-deb2-1d8d-26cead13f9ed" testName="OpenClawNet.UnitTests.Scheduler.SchedulerRunStateTests.InitialCount_IsZero" computerName="CPC-bruno-U7R9O" duration="00:00:00.0004754" startTime="2026-04-14T14:59:34.3544588-04:00" endTime="2026-04-14T14:59:34.3545823-04:00" testType="13cdc9d9-ddb5-4fa4-a97d-d965ccfc6d4b" outcome="Passed" testListId="8c84fa94-04c1-424b-9868-57a2d4851a1d" relativeResultsDirectory="1ee51a82-6afd-4e7b-88bb-2a341db52aaf" />
  </Results>
  <TestDefinitions>
    <UnitTest name="OpenClawNet.UnitTests.Scheduler.SchedulerSettingsServiceTests.GetSettings_ReturnsDefaults_WhenNoFileOrConfig" storage="c:\src\openclawnet-plan\tests\openclawnet.unittests\bin\debug\net10.0\openclawnet.unittests.dll" id="480f93a9-5aef-aea4-6679-e2d724273a4c">
      <Execution id="2cf0e2d5-abed-4f44-9b46-227d4eff5280" />
      <TestMethod codeBase="C:\src\openclawnet-plan\tests\OpenClawNet.UnitTests\bin\Debug\net10.0\OpenClawNet.UnitTests.dll" adapterTypeName="executor://xunit/VsTestRunner3/netcore/" className="OpenClawNet.UnitTests.Scheduler.SchedulerSettingsServiceTests" name="GetSettings_ReturnsDefaults_WhenNoFileOrConfig" />
    </UnitTest>
    <UnitTest name="OpenClawNet.UnitTests.Agent.AgentRuntimeStreamTests.AgentStreamEventType_ContainsToolApprovalRequest" storage="c:\src\openclawnet-plan\tests\openclawnet.unittests\bin\debug\net10.0\openclawnet.unittests.dll" id="f5ba8a65-8640-e4c6-1267-039eea8e5e24">
      <Execution id="73088685-e26c-4a99-8432-148c3d85d0a4" />
      <TestMethod codeBase="C:\src\openclawnet-plan\tests\OpenClawNet.UnitTests\bin\Debug\net10.0\OpenClawNet.UnitTests.dll" adapterTypeName="executor://xunit/VsTestRunner3/netcore/" className="OpenClawNet.UnitTests.Agent.AgentRuntimeStreamTests" name="AgentStreamEventType_ContainsToolApprovalRequest" />
    </UnitTest>
    <UnitTest name="OpenClawNet.UnitTests.Models.OllamaModelClientTests.CompleteAsync_MapsToolCallsFromResponse" storage="c:\src\openclawnet-plan\tests\openclawnet.unittests\bin\debug\net10.0\openclawnet.unittests.dll" id="f5830bc3-7a37-9577-f62a-7384d69cd5e7">
      <Execution id="298e57c6-8fc9-48d7-bcda-a59e6f6b1d17" />
      <TestMethod codeBase="C:\src\openclawnet-plan\tests\OpenClawNet.UnitTests\bin\Debug\net10.0\OpenClawNet.UnitTests.dll" adapterTypeName="executor://xunit/VsTestRunner3/netcore/" className="OpenClawNet.UnitTests.Models.OllamaModelClientTests" name="CompleteAsync_MapsToolCallsFromResponse" />
    </UnitTest>
    <UnitTest name="OpenClawNet.UnitTests.Models.AzureOpenAIModelClientTests.Constructor_DoesNotThrow_WhenIntegratedModeWithEndpointOnly" storage="c:\src\openclawnet-plan\tests\openclawnet.unittests\bin\debug\net10.0\openclawnet.unittests.dll" id="6b5c6338-1c9b-5128-887c-aa33513ed4b1">
      <Execution id="169c1866-2168-4c73-8a9a-0a6b9fa92b4e" />
      <TestMethod codeBase="C:\src\openclawnet-plan\tests\OpenClawNet.UnitTests\bin\Debug\net10.0\OpenClawNet.UnitTests.dll" adapterTypeName="executor://xunit/VsTestRunner3/netcore/" className="OpenClawNet.UnitTests.Models.AzureOpenAIModelClientTests" name="Constructor_DoesNotThrow_WhenIntegratedModeWithEndpointOnly" />
    </UnitTest>
    <UnitTest name="OpenClawNet.UnitTests.Models.AzureOpenAIModelClientTests.Constructor_HandlesIntegratedAuthMode_CaseInsensitively(authMode: &quot;Integrated&quot;)" storage="c:\src\openclawnet-plan\tests\openclawnet.unittests\bin\debug\net10.0\openclawnet.unittests.dll" id="b6159835-5829-a9d3-b225-360e61458367">
      <Execution id="41249c3e-f53c-4e73-bb42-0400fa4643b7" />
      <TestMethod codeBase="C:\src\openclawnet-plan\tests\OpenClawNet.UnitTests\bin\Debug\net10.0\OpenClawNet.UnitTests.dll" adapterTypeName="executor://xunit/VsTestRunner3/netcore/" className="OpenClawNet.UnitTests.Models.AzureOpenAIModelClientTests" name="Constructor_HandlesIntegratedAuthMode_CaseInsensitively" />
    </UnitTest>
    <UnitTest name="OpenClawNet.UnitTests.Models.OllamaModelClientTests.CompleteAsync_SendsModelAndMessages" storage="c:\src\openclawnet-plan\tests\openclawnet.unittests\bin\debug\net10.0\openclawnet.unittests.dll" id="cdd534e2-e2e2-5f8c-86bc-5469c5e2cfc7">
      <Execution id="a73e80a0-93ed-4879-bd07-204cbc2cc5fe" />
      <TestMethod codeBase="C:\src\openclawnet-plan\tests\OpenClawNet.UnitTests\bin\Debug\net10.0\OpenClawNet.UnitTests.dll" adapterTypeName="executor://xunit/VsTestRunner3/netcore/" className="OpenClawNet.UnitTests.Models.OllamaModelClientTests" name="CompleteAsync_SendsModelAndMessages" />
    </UnitTest>
    <UnitTest name="OpenClawNet.UnitTests.Models.AzureOpenAILiveTests.IsAvailableAsync_ReturnsTrueWhenConfigured" storage="c:\src\openclawnet-plan\tests\openclawnet.unittests\bin\debug\net10.0\openclawnet.unittests.dll" id="76dc2353-aa44-2f5c-744b-e481416bc2ab">
      <Execution id="992878d5-93bf-4444-a7e9-e2f90c46e078" />
      <TestMethod codeBase="C:\src\openclawnet-plan\tests\OpenClawNet.UnitTests\bin\Debug\net10.0\OpenClawNet.UnitTests.dll" adapterTypeName="executor://xunit/VsTestRunner3/netcore/" className="OpenClawNet.UnitTests.Models.AzureOpenAILiveTests" name="IsAvailableAsync_ReturnsTrueWhenConfigured" />
    </UnitTest>
    <UnitTest name="OpenClawNet.UnitTests.Models.AzureOpenAIModelClientTests.AddAzureOpenAI_DefaultDeploymentName_IsGpt5Mini" storage="c:\src\openclawnet-plan\tests\openclawnet.unittests\bin\debug\net10.0\openclawnet.unittests.dll" id="c7d85018-b695-5228-b365-26e608cf62b0">
      <Execution id="3e94e622-8989-48dc-82b1-7653e4a16573" />
      <TestMethod codeBase="C:\src\openclawnet-plan\tests\OpenClawNet.UnitTests\bin\Debug\net10.0\OpenClawNet.UnitTests.dll" adapterTypeName="executor://xunit/VsTestRunner3/netcore/" className="OpenClawNet.UnitTests.Models.AzureOpenAIModelClientTests" name="AddAzureOpenAI_DefaultDeploymentName_IsGpt5Mini" />
    </UnitTest>
    <UnitTest name="OpenClawNet.UnitTests.Agent.PromptComposerTests.ComposeAsync_FallbackPrompt_InstructsFileSystemToolUsage" storage="c:\src\openclawnet-plan\tests\openclawnet.unittests\bin\debug\net10.0\openclawnet.unittests.dll" id="14e47f9b-10aa-7314-69d2-05a768093351">
      <Execution id="1ff55678-23a4-48b5-8b89-9311513e2523" />
      <TestMethod codeBase="C:\src\openclawnet-plan\tests\OpenClawNet.UnitTests\bin\Debug\net10.0\OpenClawNet.UnitTests.dll" adapterTypeName="executor://xunit/VsTestRunner3/netcore/" className="OpenClawNet.UnitTests.Agent.PromptComposerTests" name="ComposeAsync_FallbackPrompt_InstructsFileSystemToolUsage" />
    </UnitTest>
    <UnitTest name="OpenClawNet.UnitTests.Demos.DocumentPipelineTests.SchedulerPollingService_CalculateNextRun_RespectsEndAt" storage="c:\src\openclawnet-plan\tests\openclawnet.unittests\bin\debug\net10.0\openclawnet.unittests.dll" id="d8dc3a21-c391-1bc2-6abe-636294245d59">
      <Execution id="67b81f00-fda2-41e4-aee8-7d7dd36d9b76" />
      <TestMethod codeBase="C:\src\openclawnet-plan\tests\OpenClawNet.UnitTests\bin\Debug\net10.0\OpenClawNet.UnitTests.dll" adapterTypeName="executor://xunit/VsTestRunner3/netcore/" className="OpenClawNet.UnitTests.Demos.DocumentPipelineTests" name="SchedulerPollingService_CalculateNextRun_RespectsEndAt" />
    </UnitTest>
    <UnitTest name="OpenClawNet.UnitTests.Scheduler.SchedulerSettingsServiceTests.Update_PersistsToFile" storage="c:\src\openclawnet-plan\tests\openclawnet.unittests\bin\debug\net10.0\openclawnet.unittests.dll" id="3c7bef25-7167-f04b-f5dc-6dd51ff7a167">
      <Execution id="9f24abd9-624d-40cd-ac53-c2be344e9bbb" />
      <TestMethod codeBase="C:\src\openclawnet-plan\tests\OpenClawNet.UnitTests\bin\Debug\net10.0\OpenClawNet.UnitTests.dll" adapterTypeName="executor://xunit/VsTestRunner3/netcore/" className="OpenClawNet.UnitTests.Scheduler.SchedulerSettingsServiceTests" name="Update_PersistsToFile" />
    </UnitTest>
    <UnitTest name="OpenClawNet.UnitTests.Models.OllamaModelClientTests.StreamAsync_ToolCallsThenContent_BothPreserved" storage="c:\src\openclawnet-plan\tests\openclawnet.unittests\bin\debug\net10.0\openclawnet.unittests.dll" id="d9fd0b28-f8e2-7f5a-bf6e-42bd2005a1e5">
      <Execution id="6cbe935e-7ff8-434c-8ca3-8e61ced7b42d" />
      <TestMethod codeBase="C:\src\openclawnet-plan\tests\OpenClawNet.UnitTests\bin\Debug\net10.0\OpenClawNet.UnitTests.dll" adapterTypeName="executor://xunit/VsTestRunner3/netcore/" className="OpenClawNet.UnitTests.Models.OllamaModelClientTests" name="StreamAsync_ToolCallsThenContent_BothPreserved" />
    </UnitTest>
    <UnitTest name="OpenClawNet.UnitTests.Tools.ToolRegistryTests.Register_AddsToolToRegistry" storage="c:\src\openclawnet-plan\tests\openclawnet.unittests\bin\debug\net10.0\openclawnet.unittests.dll" id="c829b81e-82b2-51e1-da0d-7fddcf5cb35f">
      <Execution id="ce13ab2b-a2b5-4870-aa09-e645010de549" />
      <TestMethod codeBase="C:\src\openclawnet-plan\tests\OpenClawNet.UnitTests\bin\Debug\net10.0\OpenClawNet.UnitTests.dll" adapterTypeName="executor://xunit/VsTestRunner3/netcore/" className="OpenClawNet.UnitTests.Tools.ToolRegistryTests" name="Register_AddsToolToRegistry" />
    </UnitTest>
    <UnitTest name="OpenClawNet.UnitTests.Storage.ConversationStoreTests.CreateSession_ReturnsNewSession" storage="c:\src\openclawnet-plan\tests\openclawnet.unittests\bin\debug\net10.0\openclawnet.unittests.dll" id="213b1533-7798-95cd-3125-9e72d916d53a">
      <Execution id="7658c91e-d279-4077-a833-57b8d1d2545c" />
      <TestMethod codeBase="C:\src\openclawnet-plan\tests\OpenClawNet.UnitTests\bin\Debug\net10.0\OpenClawNet.UnitTests.dll" adapterTypeName="executor://xunit/VsTestRunner3/netcore/" className="OpenClawNet.UnitTests.Storage.ConversationStoreTests" name="CreateSession_ReturnsNewSession" />
    </UnitTest>
    <UnitTest name="OpenClawNet.UnitTests.Tools.FileSystemToolTests.Write_ThenRead_RoundTrips" storage="c:\src\openclawnet-plan\tests\openclawnet.unittests\bin\debug\net10.0\openclawnet.unittests.dll" id="f108cbae-633d-eaa3-44df-a30f69082d96">
      <Execution id="202c3c94-e25e-4eb0-8c94-1faad56bd3ae" />
      <TestMethod codeBase="C:\src\openclawnet-plan\tests\OpenClawNet.UnitTests\bin\Debug\net10.0\OpenClawNet.UnitTests.dll" adapterTypeName="executor://xunit/VsTestRunner3/netcore/" className="OpenClawNet.UnitTests.Tools.FileSystemToolTests" name="Write_ThenRead_RoundTrips" />
    </UnitTest>
    <UnitTest name="OpenClawNet.UnitTests.Skills.FileSkillLoaderTests.UninstallSkillAsync_RemovesSkillFromList" storage="c:\src\openclawnet-plan\tests\openclawnet.unittests\bin\debug\net10.0\openclawnet.unittests.dll" id="5fec1456-830e-4825-a4be-a6019ddd0ab4">
      <Execution id="c91fcbc0-deee-45f0-bead-8841e36ad265" />
      <TestMethod codeBase="C:\src\openclawnet-plan\tests\OpenClawNet.UnitTests\bin\Debug\net10.0\OpenClawNet.UnitTests.dll" adapterTypeName="executor://xunit/VsTestRunner3/netcore/" className="OpenClawNet.UnitTests.Skills.FileSkillLoaderTests" name="UninstallSkillAsync_RemovesSkillFromList" />
    </UnitTest>
    <UnitTest name="OpenClawNet.UnitTests.Demos.DocumentPipelineTests.FileSystemTool_ListDirectory_ReturnsSampleDocs" storage="c:\src\openclawnet-plan\tests\openclawnet.unittests\bin\debug\net10.0\openclawnet.unittests.dll" id="8593e7ed-d8bf-04ef-d1f8-16fa050507e8">
      <Execution id="2e6bb106-65d0-4a43-a796-9706b196f6f0" />
      <TestMethod codeBase="C:\src\openclawnet-plan\tests\OpenClawNet.UnitTests\bin\Debug\net10.0\OpenClawNet.UnitTests.dll" adapterTypeName="executor://xunit/VsTestRunner3/netcore/" className="OpenClawNet.UnitTests.Demos.DocumentPipelineTests" name="FileSystemTool_ListDirectory_ReturnsSampleDocs" />
    </UnitTest>
    <UnitTest name="OpenClawNet.UnitTests.Tools.ToolExecutorTests.ExecuteAsync_ReturnsFail_WhenToolNotFound" storage="c:\src\openclawnet-plan\tests\openclawnet.unittests\bin\debug\net10.0\openclawnet.unittests.dll" id="4eda5f04-e51d-b20b-f1d0-45cc7dd310c9">
      <Execution id="5010c6b6-220b-4c6d-8032-d36cf16b95b0" />
      <TestMethod codeBase="C:\src\openclawnet-plan\tests\OpenClawNet.UnitTests\bin\Debug\net10.0\OpenClawNet.UnitTests.dll" adapterTypeName="executor://xunit/VsTestRunner3/netcore/" className="OpenClawNet.UnitTests.Tools.ToolExecutorTests" name="ExecuteAsync_ReturnsFail_WhenToolNotFound" />
    </UnitTest>
    <UnitTest name="OpenClawNet.UnitTests.Scheduler.SchedulerRunStateTests.Decrement_DecreasesCount" storage="c:\src\openclawnet-plan\tests\openclawnet.unittests\bin\debug\net10.0\openclawnet.unittests.dll" id="85878b30-6f51-3dff-13af-1e4ffc6ace82">
      <Execution id="73111f12-c684-4549-ab21-3139803fc35f" />
      <TestMethod codeBase="C:\src\openclawnet-plan\tests\OpenClawNet.UnitTests\bin\Debug\net10.0\OpenClawNet.UnitTests.dll" adapterTypeName="executor://xunit/VsTestRunner3/netcore/" className="OpenClawNet.UnitTests.Scheduler.SchedulerRunStateTests" name="Decrement_DecreasesCount" />
    </UnitTest>
    <UnitTest name="OpenClawNet.UnitTests.Skills.FileSkillLoaderTests.DisableSkill_ExcludesItFromActiveSkills" storage="c:\src\openclawnet-plan\tests\openclawnet.unittests\bin\debug\net10.0\openclawnet.unittests.dll" id="9974c8b3-d243-8af5-f435-ca783b362a99">
      <Execution id="dc375042-364d-42e0-bb62-3d42cd4daf0a" />
      <TestMethod codeBase="C:\src\openclawnet-plan\tests\OpenClawNet.UnitTests\bin\Debug\net10.0\OpenClawNet.UnitTests.dll" adapterTypeName="executor://xunit/VsTestRunner3/netcore/" className="OpenClawNet.UnitTests.Skills.FileSkillLoaderTests" name="DisableSkill_ExcludesItFromActiveSkills" />
    </UnitTest>
    <UnitTest name="OpenClawNet.UnitTests.Storage.ConversationStoreTests.GetSession_ReturnsNullWhenNotFound" storage="c:\src\openclawnet-plan\tests\openclawnet.unittests\bin\debug\net10.0\openclawnet.unittests.dll" id="f4c8dc88-c616-1d9e-8077-68503f9a8bb0">
      <Execution id="7896508e-ba48-4f04-9660-2b6a21a2d536" />
      <TestMethod codeBase="C:\src\openclawnet-plan\tests\OpenClawNet.UnitTests\bin\Debug\net10.0\OpenClawNet.UnitTests.dll" adapterTypeName="executor://xunit/VsTestRunner3/netcore/" className="OpenClawNet.UnitTests.Storage.ConversationStoreTests" name="GetSession_ReturnsNullWhenNotFound" />
    </UnitTest>
    <UnitTest name="OpenClawNet.UnitTests.Models.AzureOpenAIModelClientTests.Options_EmptyDeploymentKeepsDefault_WhenNotSetInConfig" storage="c:\src\openclawnet-plan\tests\openclawnet.unittests\bin\debug\net10.0\openclawnet.unittests.dll" id="3c79690b-73f3-60f0-d5ff-7fa938872e8c">
      <Execution id="8c1aa210-f279-4420-b7c6-eee1b2ad90cd" />
      <TestMethod codeBase="C:\src\openclawnet-plan\tests\OpenClawNet.UnitTests\bin\Debug\net10.0\OpenClawNet.UnitTests.dll" adapterTypeName="executor://xunit/VsTestRunner3/netcore/" className="OpenClawNet.UnitTests.Models.AzureOpenAIModelClientTests" name="Options_EmptyDeploymentKeepsDefault_WhenNotSetInConfig" />
    </UnitTest>
    <UnitTest name="OpenClawNet.UnitTests.Skills.FileSkillLoaderTests.InstallSkillAsync_CreatesSkillMdInInstalledDirectory" storage="c:\src\openclawnet-plan\tests\openclawnet.unittests\bin\debug\net10.0\openclawnet.unittests.dll" id="20d19faa-40d2-0341-ec1b-f6472ec71204">
      <Execution id="c18c3265-4d52-4359-9972-a77038f33200" />
      <TestMethod codeBase="C:\src\openclawnet-plan\tests\OpenClawNet.UnitTests\bin\Debug\net10.0\OpenClawNet.UnitTests.dll" adapterTypeName="executor://xunit/VsTestRunner3/netcore/" className="OpenClawNet.UnitTests.Skills.FileSkillLoaderTests" name="InstallSkillAsync_CreatesSkillMdInInstalledDirectory" />
    </UnitTest>
    <UnitTest name="OpenClawNet.UnitTests.Tools.ToolRegistryTests.GetAllTools_ReturnsRegisteredTools" storage="c:\src\openclawnet-plan\tests\openclawnet.unittests\bin\debug\net10.0\openclawnet.unittests.dll" id="09dfc599-7d60-1da2-85ae-3fbd22d6aaa9">
      <Execution id="9ded4015-8340-4b46-b585-f84d08f70f81" />
      <TestMethod codeBase="C:\src\openclawnet-plan\tests\OpenClawNet.UnitTests\bin\Debug\net10.0\OpenClawNet.UnitTests.dll" adapterTypeName="executor://xunit/VsTestRunner3/netcore/" className="OpenClawNet.UnitTests.Tools.ToolRegistryTests" name="GetAllTools_ReturnsRegisteredTools" />
    </UnitTest>
    <UnitTest name="OpenClawNet.UnitTests.Storage.ConversationStoreTests.ListSessions_ReturnsOrderedByUpdatedAt" storage="c:\src\openclawnet-plan\tests\openclawnet.unittests\bin\debug\net10.0\openclawnet.unittests.dll" id="7f4ccbac-4c41-76ec-3301-767892e691b9">
      <Execution id="06f5bfed-b3b2-4c29-9126-c09f3e988da0" />
      <TestMethod codeBase="C:\src\openclawnet-plan\tests\OpenClawNet.UnitTests\bin\Debug\net10.0\OpenClawNet.UnitTests.dll" adapterTypeName="executor://xunit/VsTestRunner3/netcore/" className="OpenClawNet.UnitTests.Storage.ConversationStoreTests" name="ListSessions_ReturnsOrderedByUpdatedAt" />
    </UnitTest>
    <UnitTest name="OpenClawNet.UnitTests.Agent.PromptComposerTests.ComposeAsync_IncludesSessionSummary" storage="c:\src\openclawnet-plan\tests\openclawnet.unittests\bin\debug\net10.0\openclawnet.unittests.dll" id="61b7fe3b-84cb-36ec-b834-01f0cb94f791">
      <Execution id="4779d1aa-5a87-4666-bc6d-30a9c8184dcd" />
      <TestMethod codeBase="C:\src\openclawnet-plan\tests\OpenClawNet.UnitTests\bin\Debug\net10.0\OpenClawNet.UnitTests.dll" adapterTypeName="executor://xunit/VsTestRunner3/netcore/" className="OpenClawNet.UnitTests.Agent.PromptComposerTests" name="ComposeAsync_IncludesSessionSummary" />
    </UnitTest>
    <UnitTest name="OpenClawNet.UnitTests.Demos.DocumentPipelineTests.FileSystemTool_FindProjects_FindsCsproj" storage="c:\src\openclawnet-plan\tests\openclawnet.unittests\bin\debug\net10.0\openclawnet.unittests.dll" id="28c31f3b-de6a-6f8c-16bb-60f795ef6478">
      <Execution id="abda9ed1-3ccd-40b5-a7ae-367766426021" />
      <TestMethod codeBase="C:\src\openclawnet-plan\tests\OpenClawNet.UnitTests\bin\Debug\net10.0\OpenClawNet.UnitTests.dll" adapterTypeName="executor://xunit/VsTestRunner3/netcore/" className="OpenClawNet.UnitTests.Demos.DocumentPipelineTests" name="FileSystemTool_FindProjects_FindsCsproj" />
    </UnitTest>
[...]
    <TestEntry testId="61b7fe3b-84cb-36ec-b834-01f0cb94f791" executionId="4779d1aa-5a87-4666-bc6d-30a9c8184dcd" testListId="8c84fa94-04c1-424b-9868-57a2d4851a1d" />
    <TestEntry testId="c829b81e-82b2-51e1-da0d-7fddcf5cb35f" executionId="ce13ab2b-a2b5-4870-aa09-e645010de549" testListId="8c84fa94-04c1-424b-9868-57a2d4851a1d" />
    <TestEntry testId="7f4ccbac-4c41-76ec-3301-767892e691b9" executionId="06f5bfed-b3b2-4c29-9126-c09f3e988da0" testListId="8c84fa94-04c1-424b-9868-57a2d4851a1d" />
    <TestEntry testId="5707192c-af11-466d-de2e-a9a49151eb97" executionId="ba8e8d9e-e03b-49ef-b897-72a4810b6731" testListId="8c84fa94-04c1-424b-9868-57a2d4851a1d" />
    <TestEntry testId="dea1035b-e4ea-f627-8534-bdb00a818e27" executionId="d9a011a2-338b-4ce0-ae44-bdf7bc61c6fe" testListId="8c84fa94-04c1-424b-9868-57a2d4851a1d" />
    <TestEntry testId="80ee89f1-cbe0-a718-cf1a-c148fe7e681e" executionId="d47c7042-1517-4dfb-a9fb-6b29325bd48d" testListId="8c84fa94-04c1-424b-9868-57a2d4851a1d" />
    <TestEntry testId="76dc2353-aa44-2f5c-744b-e481416bc2ab" executionId="992878d5-93bf-4444-a7e9-e2f90c46e078" testListId="8c84fa94-04c1-424b-9868-57a2d4851a1d" />
    <TestEntry testId="1471139a-d1bb-3178-5f55-f3e00265a58e" executionId="bc7280d6-e8e1-4a20-a1d2-d045d6d12d51" testListId="8c84fa94-04c1-424b-9868-57a2d4851a1d" />
    <TestEntry testId="2955d837-2d44-9c67-24c2-c795f2d28cf6" executionId="b33a5e38-4847-4bb5-aedf-152b89b5fe9f" testListId="8c84fa94-04c1-424b-9868-57a2d4851a1d" />
    <TestEntry testId="c3bc089d-e034-5b3f-b118-0d44419d4f8a" executionId="4824bf84-7e6c-4083-8cfb-487e5fe7c3cc" testListId="8c84fa94-04c1-424b-9868-57a2d4851a1d" />
    <TestEntry testId="85878b30-6f51-3dff-13af-1e4ffc6ace82" executionId="73111f12-c684-4549-ab21-3139803fc35f" testListId="8c84fa94-04c1-424b-9868-57a2d4851a1d" />
    <TestEntry testId="7f31ab2a-c9ec-725d-0966-e158ccb8ab16" executionId="6491fbcc-55ed-486b-9493-cf3d54ffbdbf" testListId="8c84fa94-04c1-424b-9868-57a2d4851a1d" />
    <TestEntry testId="108566ed-134e-a3ff-231c-5160f7054931" executionId="ed88441e-9e48-47d2-b5c6-aaff1e7579b3" testListId="8c84fa94-04c1-424b-9868-57a2d4851a1d" />
    <TestEntry testId="63c48078-afc0-d523-2dc2-332815f41b3b" executionId="6a5ba6db-006e-498f-842f-e8173ef1e77c" testListId="8c84fa94-04c1-424b-9868-57a2d4851a1d" />
    <TestEntry testId="b32cceb2-1ff5-8544-3aeb-a5adad999e7d" executionId="220bc01f-dfa8-43b1-b4fe-2b31f75d0d41" testListId="8c84fa94-04c1-424b-9868-57a2d4851a1d" />
    <TestEntry testId="f0e3f1a1-1581-a0fa-05e0-7e34524cdd62" executionId="557b6914-cc2b-4088-934a-c4ae963eee46" testListId="8c84fa94-04c1-424b-9868-57a2d4851a1d" />
    <TestEntry testId="e63e1739-8dee-bdec-a7cb-4f9c4f9133ba" executionId="c00d45b6-d1a5-4be8-b5d0-fd021e69df66" testListId="8c84fa94-04c1-424b-9868-57a2d4851a1d" />
    <TestEntry testId="c9043516-8f81-f510-1d83-b57d888669e7" executionId="e800c9e7-ab4e-4689-8469-5de4c2a8b484" testListId="8c84fa94-04c1-424b-9868-57a2d4851a1d" />
    <TestEntry testId="7a878b99-1dc0-a0b0-5f8f-29c0e176b64a" executionId="e47a26d0-3b89-41ec-9fa1-912e1276a647" testListId="8c84fa94-04c1-424b-9868-57a2d4851a1d" />
    <TestEntry testId="cce98007-2b67-1f18-b299-7857aef49dd8" executionId="55a9b0a2-aef1-4f94-a374-7d271f5e93a5" testListId="8c84fa94-04c1-424b-9868-57a2d4851a1d" />
    <TestEntry testId="500621b7-9d5b-caf4-ca84-f3101ae8fe03" executionId="0633735c-374d-429e-8a30-524502526078" testListId="8c84fa94-04c1-424b-9868-57a2d4851a1d" />
    <TestEntry testId="31591d78-5244-1585-656d-52693c42a67e" executionId="e6d9b4f0-8cef-4c2b-8673-776a78fb152e" testListId="8c84fa94-04c1-424b-9868-57a2d4851a1d" />
    <TestEntry testId="bc4317f2-aa55-990b-6e33-021dd027217c" executionId="e66aa2ca-c5dc-4a63-a87a-35f88806f931" testListId="8c84fa94-04c1-424b-9868-57a2d4851a1d" />
    <TestEntry testId="8593e7ed-d8bf-04ef-d1f8-16fa050507e8" executionId="2e6bb106-65d0-4a43-a796-9706b196f6f0" testListId="8c84fa94-04c1-424b-9868-57a2d4851a1d" />
    <TestEntry testId="ea11aebd-d039-ddf2-38d4-3274342c5210" executionId="5985e6d8-93e3-47c9-b57f-ce962a2ee245" testListId="8c84fa94-04c1-424b-9868-57a2d4851a1d" />
    <TestEntry testId="b9afa542-4cbc-b961-5e1c-d641f81863d2" executionId="8689381c-755e-481b-acf8-b11afb376c90" testListId="8c84fa94-04c1-424b-9868-57a2d4851a1d" />
    <TestEntry testId="0e5fd5aa-d822-d931-f324-55c722c537ec" executionId="92d426a6-37bf-40e7-abcf-70cd2aafb941" testListId="8c84fa94-04c1-424b-9868-57a2d4851a1d" />
    <TestEntry testId="1d1e7bfa-2658-79ed-671f-a74e48d77cf4" executionId="c3610608-8c64-4161-bc55-4ee04d3f0a54" testListId="8c84fa94-04c1-424b-9868-57a2d4851a1d" />
    <TestEntry testId="60dbfdfc-5601-ed0a-4935-ae2f1e86ff33" executionId="9578053b-dfe7-4271-b287-ef452d501782" testListId="8c84fa94-04c1-424b-9868-57a2d4851a1d" />
    <TestEntry testId="717d024a-f89d-e9b7-1643-2891a166046f" executionId="04e8f6e9-2cb5-452a-a7b3-03cb4c11595f" testListId="8c84fa94-04c1-424b-9868-57a2d4851a1d" />
    <TestEntry testId="0b6b4ac7-5e3b-1b06-9b52-604edfdfa722" executionId="f643b3a7-94b7-4352-b044-5e764b49b5aa" testListId="8c84fa94-04c1-424b-9868-57a2d4851a1d" />
    <TestEntry testId="71b34f25-1628-96ff-b438-83f3575021ef" executionId="d1af4330-2d25-41b7-bb26-8256a601841a" testListId="8c84fa94-04c1-424b-9868-57a2d4851a1d" />
    <TestEntry testId="1f26c548-c25c-b1ae-a87b-5ddc53b757e9" executionId="c837dbfa-87bc-4c19-a438-df2d7c0dd830" testListId="8c84fa94-04c1-424b-9868-57a2d4851a1d" />
    <TestEntry testId="cdd534e2-e2e2-5f8c-86bc-5469c5e2cfc7" executionId="a73e80a0-93ed-4879-bd07-204cbc2cc5fe" testListId="8c84fa94-04c1-424b-9868-57a2d4851a1d" />
    <TestEntry testId="22d148ee-676c-d57f-6de6-03d32a31182b" executionId="76bf530a-a9ff-41e2-b0f8-61ca1cba15f5" testListId="8c84fa94-04c1-424b-9868-57a2d4851a1d" />
    <TestEntry testId="5fec1456-830e-4825-a4be-a6019ddd0ab4" executionId="c91fcbc0-deee-45f0-bead-8841e36ad265" testListId="8c84fa94-04c1-424b-9868-57a2d4851a1d" />
    <TestEntry testId="3c79690b-73f3-60f0-d5ff-7fa938872e8c" executionId="8c1aa210-f279-4420-b7c6-eee1b2ad90cd" testListId="8c84fa94-04c1-424b-9868-57a2d4851a1d" />
    <TestEntry testId="b1ae9ea1-911d-c728-3f34-a2d5531049dd" executionId="88faa8c6-70bf-45cc-9071-dd524fc885cd" testListId="8c84fa94-04c1-424b-9868-57a2d4851a1d" />
    <TestEntry testId="b8e97c70-31bb-d004-62f7-142b982277cd" executionId="ea0dcd34-91d2-47f7-b1bf-5fd9561e03aa" testListId="8c84fa94-04c1-424b-9868-57a2d4851a1d" />
    <TestEntry testId="32275570-5379-b6cb-2c09-4d52793ea9a7" executionId="cd03b106-a5c0-42df-a171-215ee63a3763" testListId="8c84fa94-04c1-424b-9868-57a2d4851a1d" />
    <TestEntry testId="86ed6b2b-9e40-9590-45e9-65989bd82314" executionId="45f2104e-03e6-4c3f-9295-6daad2c89dbd" testListId="8c84fa94-04c1-424b-9868-57a2d4851a1d" />
    <TestEntry testId="63dd56b5-7830-034c-0d04-4f7908f6699b" executionId="d2de35c0-2831-45f5-8658-82e57babe6aa" testListId="8c84fa94-04c1-424b-9868-57a2d4851a1d" />
    <TestEntry testId="354e8a85-24f7-3da7-4b8c-b9d8edf4b9dd" executionId="e201d5fc-7abe-4c71-a702-0154de52c801" testListId="8c84fa94-04c1-424b-9868-57a2d4851a1d" />
    <TestEntry testId="28c31f3b-de6a-6f8c-16bb-60f795ef6478" executionId="abda9ed1-3ccd-40b5-a7ae-367766426021" testListId="8c84fa94-04c1-424b-9868-57a2d4851a1d" />
    <TestEntry testId="a5393ffa-9126-a4ab-39be-516adbc87e3b" executionId="03f325b5-2f18-4fab-9128-6cec39d61666" testListId="8c84fa94-04c1-424b-9868-57a2d4851a1d" />
    <TestEntry testId="5271e262-f246-9834-be78-2e7f6ac01dd0" executionId="3c1e1800-39ca-4038-b59a-732454660dbd" testListId="8c84fa94-04c1-424b-9868-57a2d4851a1d" />
    <TestEntry testId="213b1533-7798-95cd-3125-9e72d916d53a" executionId="7658c91e-d279-4077-a833-57b8d1d2545c" testListId="8c84fa94-04c1-424b-9868-57a2d4851a1d" />
    <TestEntry testId="8101c329-f816-1b77-6dff-b489ffd749c4" executionId="2b6d9315-233f-4975-84db-55b532cdbee6" testListId="8c84fa94-04c1-424b-9868-57a2d4851a1d" />
    <TestEntry testId="d9fd0b28-f8e2-7f5a-bf6e-42bd2005a1e5" executionId="6cbe935e-7ff8-434c-8ca3-8e61ced7b42d" testListId="8c84fa94-04c1-424b-9868-57a2d4851a1d" />
    <TestEntry testId="6cdf7718-01c2-06de-e27a-dbf1d80d276c" executionId="b75f747c-0171-428f-a978-86af666dbecb" testListId="8c84fa94-04c1-424b-9868-57a2d4851a1d" />
    <TestEntry testId="2b22e5e6-5b56-6787-3c5a-248486677a22" executionId="a7de4012-1044-4f02-9cb6-990525a0c0de" testListId="8c84fa94-04c1-424b-9868-57a2d4851a1d" />
    <TestEntry testId="1552e680-2a54-f2da-8bde-a7cb3084b1da" executionId="af06e94b-b083-4327-8bdb-dabb0f4fda76" testListId="8c84fa94-04c1-424b-9868-57a2d4851a1d" />
    <TestEntry testId="455c434b-954c-cf2c-db2a-703d0a72e4e3" executionId="a5579566-b225-4ccc-ae4d-f330c75d71f6" testListId="8c84fa94-04c1-424b-9868-57a2d4851a1d" />
    <TestEntry testId="ae6e04aa-32cf-17ed-76ff-307d5ecdd96c" executionId="ea4cb457-2871-4b9f-a080-84472cc10689" testListId="8c84fa94-04c1-424b-9868-57a2d4851a1d" />
    <TestEntry testId="7947d578-4749-901d-c483-81caefde8397" executionId="a447afe6-a35d-44ce-8e3a-36786bcfd53c" testListId="8c84fa94-04c1-424b-9868-57a2d4851a1d" />
    <TestEntry testId="4eda5f04-e51d-b20b-f1d0-45cc7dd310c9" executionId="5010c6b6-220b-4c6d-8032-d36cf16b95b0" testListId="8c84fa94-04c1-424b-9868-57a2d4851a1d" />
    <TestEntry testId="99fa6024-cda9-5655-11c1-b3480a8af763" executionId="b922013d-1d38-496e-a0ce-012368ced1bf" testListId="8c84fa94-04c1-424b-9868-57a2d4851a1d" />
    <TestEntry testId="86395317-0cca-af2f-03a4-8909d57420f8" executionId="1feb0ace-dae1-48cb-9fd2-c6b6f2128752" testListId="8c84fa94-04c1-424b-9868-57a2d4851a1d" />
    <TestEntry testId="d9289b3e-30b3-b428-47a8-f80dd930c267" executionId="28c82111-4a57-4d5f-a034-6e3346461c71" testListId="8c84fa94-04c1-424b-9868-57a2d4851a1d" />
    <TestEntry testId="e54699cd-9090-7ce7-3370-1b95d7d47846" executionId="b40a0647-79f9-4c88-82b5-558528db59c1" testListId="8c84fa94-04c1-424b-9868-57a2d4851a1d" />
    <TestEntry testId="343d66e3-9131-bc03-53f6-bb4a7e565e21" executionId="6f45c0c6-e713-44ba-b2f0-eabd504b19ab" testListId="8c84fa94-04c1-424b-9868-57a2d4851a1d" />
    <TestEntry testId="8f468c91-78da-306d-1908-98f1ff142000" executionId="d16c320e-1b69-4e12-b960-f0412242aea5" testListId="8c84fa94-04c1-424b-9868-57a2d4851a1d" />
    <TestEntry testId="43369b60-671f-d279-56b7-3542a3af4353" executionId="05532fae-c520-42d3-aa36-c6e6f0f5fc76" testListId="8c84fa94-04c1-424b-9868-57a2d4851a1d" />
    <TestEntry testId="8b12fb7b-5784-422f-e707-408cca88103e" executionId="81c48ee1-e869-4ac4-ab68-04e4de54c544" testListId="8c84fa94-04c1-424b-9868-57a2d4851a1d" />
    <TestEntry testId="d8dc3a21-c391-1bc2-6abe-636294245d59" executionId="67b81f00-fda2-41e4-aee8-7d7dd36d9b76" testListId="8c84fa94-04c1-424b-9868-57a2d4851a1d" />
    <TestEntry testId="1878b8f5-e8b2-2eb7-20dc-330485843247" executionId="d5f3b982-f509-4e5f-ba96-6f3505d92ab7" testListId="8c84fa94-04c1-424b-9868-57a2d4851a1d" />
    <TestEntry testId="f5ba8a65-8640-e4c6-1267-039eea8e5e24" executionId="73088685-e26c-4a99-8432-148c3d85d0a4" testListId="8c84fa94-04c1-424b-9868-57a2d4851a1d" />
    <TestEntry testId="480f93a9-5aef-aea4-6679-e2d724273a4c" executionId="2cf0e2d5-abed-4f44-9b46-227d4eff5280" testListId="8c84fa94-04c1-424b-9868-57a2d4851a1d" />
    <TestEntry testId="0c46f93b-30c8-c1e0-368d-b65f4a5aa3f7" executionId="c487898f-5b88-45a2-b245-b82bb8bb01cd" testListId="8c84fa94-04c1-424b-9868-57a2d4851a1d" />
    <TestEntry testId="3c7bef25-7167-f04b-f5dc-6dd51ff7a167" executionId="9f24abd9-624d-40cd-ac53-c2be344e9bbb" testListId="8c84fa94-04c1-424b-9868-57a2d4851a1d" />
    <TestEntry testId="490c24ba-c760-a85f-5bc3-6eeb7890365b" executionId="d4bda0aa-cca8-49d1-8fd1-934ab4121339" testListId="8c84fa94-04c1-424b-9868-57a2d4851a1d" />
    <TestEntry testId="09dfc599-7d60-1da2-85ae-3fbd22d6aaa9" executionId="9ded4015-8340-4b46-b585-f84d08f70f81" testListId="8c84fa94-04c1-424b-9868-57a2d4851a1d" />
    <TestEntry testId="4c777fe8-5ab1-b155-3cbf-45dd7fa1f8e5" executionId="ef356917-dfc1-4731-9b3b-fd728db74845" testListId="8c84fa94-04c1-424b-9868-57a2d4851a1d" />
    <TestEntry testId="20d19faa-40d2-0341-ec1b-f6472ec71204" executionId="c18c3265-4d52-4359-9972-a77038f33200" testListId="8c84fa94-04c1-424b-9868-57a2d4851a1d" />
    <TestEntry testId="231c9955-c1e3-ca62-639c-ef04dc710ab1" executionId="4898909e-959a-4b3c-a4d9-a54a4003c3e8" testListId="8c84fa94-04c1-424b-9868-57a2d4851a1d" />
    <TestEntry testId="f108cbae-633d-eaa3-44df-a30f69082d96" executionId="202c3c94-e25e-4eb0-8c94-1faad56bd3ae" testListId="8c84fa94-04c1-424b-9868-57a2d4851a1d" />
    <TestEntry testId="c3f639aa-7527-4462-2d08-5ae28b85e8cc" executionId="7fb5a1a5-4ed1-4b7b-83ae-2a5f1869960b" testListId="8c84fa94-04c1-424b-9868-57a2d4851a1d" />
    <TestEntry testId="44c38ae1-e745-0b1e-c388-bae5ef9f22f9" executionId="e3c03034-cb46-41e2-b798-b469c7d2d146" testListId="8c84fa94-04c1-424b-9868-57a2d4851a1d" />
    <TestEntry testId="da1b5f33-3f34-9d6b-fcbc-4d5b80dc4a01" executionId="9ff605f9-b595-4d04-8aa5-a63184d9a029" testListId="8c84fa94-04c1-424b-9868-57a2d4851a1d" />
    <TestEntry testId="3c16b416-2c11-51a2-ab8a-7d289443f93a" executionId="48755e44-8fdc-40f1-8e95-0cef8ae99020" testListId="8c84fa94-04c1-424b-9868-57a2d4851a1d" />
    <TestEntry testId="165b6536-3550-f546-274b-fbafc6d3cc16" executionId="72d4a994-44c4-4f47-9f55-2c52a3667fd7" testListId="8c84fa94-04c1-424b-9868-57a2d4851a1d" />
    <TestEntry testId="caeb629f-da31-44a8-890c-ddbf33c84195" executionId="17c95cf3-bd15-4c4a-bb41-beabb5d97edc" testListId="8c84fa94-04c1-424b-9868-57a2d4851a1d" />
    <TestEntry testId="b6c0cf2e-961f-2153-5e6a-d0cbf1ecffbc" executionId="f714348b-4588-49d0-b760-1617e49ed680" testListId="8c84fa94-04c1-424b-9868-57a2d4851a1d" />
    <TestEntry testId="9974c8b3-d243-8af5-f435-ca783b362a99" executionId="dc375042-364d-42e0-bb62-3d42cd4daf0a" testListId="8c84fa94-04c1-424b-9868-57a2d4851a1d" />
    <TestEntry testId="8257835a-6c5f-6cba-1a86-edf8e6a207db" executionId="b3c286c2-4b55-42cd-8062-b39ffe7e25c8" testListId="8c84fa94-04c1-424b-9868-57a2d4851a1d" />
    <TestEntry testId="b6159835-5829-a9d3-b225-360e61458367" executionId="41249c3e-f53c-4e73-bb42-0400fa4643b7" testListId="8c84fa94-04c1-424b-9868-57a2d4851a1d" />
    <TestEntry testId="f588e208-dd99-d855-2c75-9e6137d3df86" executionId="5a64b8de-d807-42d6-bef9-40271ded6337" testListId="8c84fa94-04c1-424b-9868-57a2d4851a1d" />
    <TestEntry testId="14e47f9b-10aa-7314-69d2-05a768093351" executionId="1ff55678-23a4-48b5-8b89-9311513e2523" testListId="8c84fa94-04c1-424b-9868-57a2d4851a1d" />
    <TestEntry testId="3f2d8fc8-18b6-0882-3367-0abd3b92f98d" executionId="c27fc387-b69e-4fbc-a949-e6c536cc45b8" testListId="8c84fa94-04c1-424b-9868-57a2d4851a1d" />
    <TestEntry testId="ae0855f4-6169-254e-eafb-2af8f14aa0ec" executionId="d595b2e5-3adf-4d1c-addc-ee1b1f1b4e46" testListId="8c84fa94-04c1-424b-9868-57a2d4851a1d" />
    <TestEntry testId="9a4cf852-9017-8e96-ea19-e491c50c0dc9" executionId="c071c3a4-6acb-4d46-bb92-9d0bacee180b" testListId="8c84fa94-04c1-424b-9868-57a2d4851a1d" />
    <TestEntry testId="cc89ff91-c38a-b30c-2cbc-e4cbc097b80d" executionId="4ad408b5-e79e-4b32-b026-af389a218414" testListId="8c84fa94-04c1-424b-9868-57a2d4851a1d" />
    <TestEntry testId="05e6364c-06de-5fc1-b59f-1ee255c13984" executionId="80df496d-1471-4e23-9778-cb3a54c114bf" testListId="8c84fa94-04c1-424b-9868-57a2d4851a1d" />
    <TestEntry testId="6b5c6338-1c9b-5128-887c-aa33513ed4b1" executionId="169c1866-2168-4c73-8a9a-0a6b9fa92b4e" testListId="8c84fa94-04c1-424b-9868-57a2d4851a1d" />
    <TestEntry testId="c13b62d4-f769-342d-787f-07efb58a3f89" executionId="4ff96f5e-4623-43b3-970b-65303a17cfc1" testListId="8c84fa94-04c1-424b-9868-57a2d4851a1d" />
    <TestEntry testId="8f70ed76-57c1-204e-8bbd-b4f97ca4cef7" executionId="ea5d408c-22ca-4b25-b97f-aa9b7aad9095" testListId="8c84fa94-04c1-424b-9868-57a2d4851a1d" />
    <TestEntry testId="c7d85018-b695-5228-b365-26e608cf62b0" executionId="3e94e622-8989-48dc-82b1-7653e4a16573" testListId="8c84fa94-04c1-424b-9868-57a2d4851a1d" />
    <TestEntry testId="7e2c74b4-0192-3692-cca9-e91ebd6595d5" executionId="45fca7ea-20a9-403c-94b7-bcd20e5083c2" testListId="8c84fa94-04c1-424b-9868-57a2d4851a1d" />
    <TestEntry testId="4b6dcde4-e3f2-af38-4208-c520bfa1215c" executionId="1cd18ae5-bfef-49f9-971f-a3c0e448f040" testListId="8c84fa94-04c1-424b-9868-57a2d4851a1d" />
    <TestEntry testId="f07557fc-15c4-b7c4-1e89-3205c77d3cb6" executionId="62a7fd8e-1029-47a2-94c7-099ea1bbfbe8" testListId="8c84fa94-04c1-424b-9868-57a2d4851a1d" />
    <TestEntry testId="0aeea800-2c6f-2da6-19ba-d2fad9bce49d" executionId="84d92736-89eb-4c0f-9324-e151caef2d6c" testListId="8c84fa94-04c1-424b-9868-57a2d4851a1d" />
    <TestEntry testId="1af8874a-0950-4a5e-9587-0d2e19b384bb" executionId="7efb98cf-a58d-4071-81da-66d107163766" testListId="8c84fa94-04c1-424b-9868-57a2d4851a1d" />
    <TestEntry testId="90927d24-1a39-e1d6-2845-09bcd17eb047" executionId="cf06d3d4-4a18-4704-946d-d178fa50dc66" testListId="8c84fa94-04c1-424b-9868-57a2d4851a1d" />
    <TestEntry testId="a08c1a2f-099f-7872-d133-b8a224624c46" executionId="5a8b0117-79b3-4365-9072-f1cba7d9f957" testListId="8c84fa94-04c1-424b-9868-57a2d4851a1d" />
    <TestEntry testId="dae55759-ebce-bb8a-cb70-1305966ece70" executionId="92b4e845-a4af-4015-99ef-097dd3eacf44" testListId="8c84fa94-04c1-424b-9868-57a2d4851a1d" />
    <TestEntry testId="f4c8dc88-c616-1d9e-8077-68503f9a8bb0" executionId="7896508e-ba48-4f04-9660-2b6a21a2d536" testListId="8c84fa94-04c1-424b-9868-57a2d4851a1d" />
    <TestEntry testId="ec78030d-3c74-b579-ed62-10c09373414b" executionId="51d4eaab-1b8a-41e9-a867-0ad527a59ba9" testListId="8c84fa94-04c1-424b-9868-57a2d4851a1d" />
    <TestEntry testId="1f93e1e2-6490-fcb6-f221-315fb23c5905" executionId="0c870ce8-a68c-4b6e-8fd9-62582c7c16b0" testListId="8c84fa94-04c1-424b-9868-57a2d4851a1d" />
    <TestEntry testId="f5830bc3-7a37-9577-f62a-7384d69cd5e7" executionId="298e57c6-8fc9-48d7-bcda-a59e6f6b1d17" testListId="8c84fa94-04c1-424b-9868-57a2d4851a1d" />
    <TestEntry testId="86312309-f9be-deb2-1d8d-26cead13f9ed" executionId="1ee51a82-6afd-4e7b-88bb-2a341db52aaf" testListId="8c84fa94-04c1-424b-9868-57a2d4851a1d" />
  </TestEntries>
  <TestLists>
    <TestList name="Results Not in a List" id="8c84fa94-04c1-424b-9868-57a2d4851a1d" />
    <TestList name="All Loaded Results" id="19431567-8539-422a-85d7-44ee4e166bda" />
  </TestLists>
  <ResultSummary outcome="Completed">
    <Counters total="111" executed="111" passed="111" failed="0" error="0" timeout="0" aborted="0" inconclusive="0" passedButRunAborted="0" notRunnable="0" notExecuted="0" disconnected="0" warning="0" completed="0" inProgress="0" pending="0" />
    <Output>
      <StdOut>[xUnit.net 00:00:00.00] xUnit.net VSTest Adapter v3.1.5+1b188a7b0a (64-bit .NET 10.0.5)&#xD;
[xUnit.net 00:00:00.12]   Discovering: OpenClawNet.UnitTests&#xD;
[xUnit.net 00:00:00.20]   Discovered:  OpenClawNet.UnitTests&#xD;
[xUnit.net 00:00:00.23]   Starting:    OpenClawNet.UnitTests&#xD;
     Warning:&#xD;
     The component "Fluent Assertions" is governed by the rules defined in the Xceed License Agreement and&#xD;
     the Xceed Fluent Assertions Community License. You may use Fluent Assertions free of charge for&#xD;
     non-commercial use only. An active subscription is required to use Fluent Assertions for commercial use.&#xD;
     Please contact Xceed Sales mailto:sales@xceed.com to acquire a subscription at a very low cost.&#xD;
     A paid commercial license supports the development and continued increasing support of&#xD;
     Fluent Assertions users under both commercial and community licenses. Help us&#xD;
     keep Fluent Assertions at the forefront of unit testing.&#xD;
     For more information, visit https://xceed.com/products/unit-testing/fluent-assertions/&#xD;
[xUnit.net 00:00:20.62]   Finished:    OpenClawNet.UnitTests&#xD;
</StdOut>
    </Output>
  </ResultSummary>
</TestRun>